<?xml version="1.0" encoding="euc-kr"?>
<Events>
<Event xmlns='http://schemas.microsoft.com/win/2004/08/events/event'><System><Provider Name='Microsoft-Windows-Windows Defender' Guid='{11cd958a-c507-4ef3-b3f2-5fd9dfbd2c78}'/><EventID>1116</EventID><Version>0</Version><Level>3</Level><Task>0</Task><Opcode>0</Opcode><Keywords>0x8000000000000000</Keywords><TimeCreated SystemTime='2020-10-24T12:37:37.9247160Z'/><EventRecordID>939</EventRecordID><Correlation ActivityID='{e22f2610-9571-4c3c-89d3-df867caab5b9}'/><Execution ProcessID='3840' ThreadID='4356'/><Channel>Microsoft-Windows-Windows Defender/Operational</Channel><Computer>DESKTOP-OD0Q7OR</Computer><Security UserID='S-1-5-18'/></System><EventData><Data Name='Product Name'>%%827</Data><Data Name='Product Version'>4.18.2009.7</Data><Data Name='Detection ID'>{4383567D-4DE2-40AC-9C04-013C0AE74FFC}</Data><Data Name='Detection Time'>2020-10-24T12:37:37.919Z</Data><Data Name='Unused'></Data><Data Name='Unused2'></Data><Data Name='Threat ID'>2147694217</Data><Data Name='Threat Name'>Virus:Win32/MpTest!amsi</Data><Data Name='Severity ID'>5</Data><Data Name='Severity Name'>심각</Data><Data Name='Category ID'>42</Data><Data Name='Category Name'>바이러스</Data><Data Name='FWLink'>https://go.microsoft.com/fwlink/?linkid=37020&amp;name=Virus:Win32/MpTest!amsi&amp;threatid=2147694217&amp;enterprise=0</Data><Data Name='Status Code'>1</Data><Data Name='Status Description'></Data><Data Name='State'>1</Data><Data Name='Source ID'>10</Data><Data Name='Source Name'>%%897</Data><Data Name='Process Name'>C:\Windows\System32\WindowsPowerShell\v1.0\powershell.exe</Data><Data Name='Detection User'>DESKTOP-OD0Q7OR\dayou</Data><Data Name='Unused3'></Data><Data Name='Path'>amsi:_C:\Windows\System32\WindowsPowerShell\v1.0\powershell.exe</Data><Data Name='Origin ID'>0</Data><Data Name='Origin Name'>%%844</Data><Data Name='Execution ID'>1</Data><Data Name='Execution Name'>%%813</Data><Data Name='Type ID'>0</Data><Data Name='Type Name'>%%822</Data><Data Name='Pre Execution Status'>0</Data><Data Name='Action ID'>9</Data><Data Name='Action Name'>%%887</Data><Data Name='Unused4'></Data><Data Name='Error Code'>0x00000000</Data><Data Name='Error Description'>작업을 완료했습니다. </Data><Data Name='Unused5'></Data><Data Name='Post Clean Status'>0</Data><Data Name='Additional Actions ID'>0</Data><Data Name='Additional Actions String'>No additional actions required</Data><Data Name='Remediation User'></Data><Data Name='Unused6'></Data><Data Name='Security intelligence Version'>AV: 1.325.1324.0, AS: 1.325.1324.0, NIS: 1.325.1324.0</Data><Data Name='Engine Version'>AM: 1.1.17500.4, NIS: 1.1.17500.4</Data></EventData></Event>
<Event xmlns='http://schemas.microsoft.com/win/2004/08/events/event'><System><Provider Name='Microsoft-Windows-Windows Defender' Guid='{11cd958a-c507-4ef3-b3f2-5fd9dfbd2c78}'/><EventID>1116</EventID><Version>0</Version><Level>3</Level><Task>0</Task><Opcode>0</Opcode><Keywords>0x8000000000000000</Keywords><TimeCreated SystemTime='2020-10-24T12:37:42.9451530Z'/><EventRecordID>940</EventRecordID><Correlation/><Execution ProcessID='3840' ThreadID='15656'/><Channel>Microsoft-Windows-Windows Defender/Operational</Channel><Computer>DESKTOP-OD0Q7OR</Computer><Security UserID='S-1-5-18'/></System><EventData><Data Name='Product Name'>%%827</Data><Data Name='Product Version'>4.18.2009.7</Data><Data Name='Detection ID'>{A385FCE5-EF63-4A25-B550-1EBCDCAC61D7}</Data><Data Name='Detection Time'>2020-10-24T12:37:42.942Z</Data><Data Name='Unused'></Data><Data Name='Unused2'></Data><Data Name='Threat ID'>2147694217</Data><Data Name='Threat Name'>Virus:Win32/MpTest!amsi</Data><Data Name='Severity ID'>5</Data><Data Name='Severity Name'>심각</Data><Data Name='Category ID'>42</Data><Data Name='Category Name'>바이러스</Data><Data Name='FWLink'>https://go.microsoft.com/fwlink/?linkid=37020&amp;name=Virus:Win32/MpTest!amsi&amp;threatid=2147694217&amp;enterprise=0</Data><Data Name='Status Code'>1</Data><Data Name='Status Description'></Data><Data Name='State'>1</Data><Data Name='Source ID'>2</Data><Data Name='Source Name'>%%820</Data><Data Name='Process Name'>Unknown</Data><Data Name='Detection User'>DESKTOP-OD0Q7OR\dayou</Data><Data Name='Unused3'></Data><Data Name='Path'></Data><Data Name='Origin ID'>0</Data><Data Name='Origin Name'>%%844</Data><Data Name='Execution ID'>0</Data><Data Name='Execution Name'>%%812</Data><Data Name='Type ID'>0</Data><Data Name='Type Name'>%%822</Data><Data Name='Pre Execution Status'>0</Data><Data Name='Action ID'>9</Data><Data Name='Action Name'>%%887</Data><Data Name='Unused4'></Data><Data Name='Error Code'>0x00000000</Data><Data Name='Error Description'>작업을 완료했습니다. </Data><Data Name='Unused5'></Data><Data Name='Post Clean Status'>0</Data><Data Name='Additional Actions ID'>0</Data><Data Name='Additional Actions String'>No additional actions required</Data><Data Name='Remediation User'></Data><Data Name='Unused6'></Data><Data Name='Security intelligence Version'>AV: 1.325.1324.0, AS: 1.325.1324.0, NIS: 1.325.1324.0</Data><Data Name='Engine Version'>AM: 1.1.17500.4, NIS: 1.1.17500.4</Data></EventData></Event>
<Event xmlns='http://schemas.microsoft.com/win/2004/08/events/event'><System><Provider Name='Microsoft-Windows-Windows Defender' Guid='{11cd958a-c507-4ef3-b3f2-5fd9dfbd2c78}'/><EventID>1116</EventID><Version>0</Version><Level>3</Level><Task>0</Task><Opcode>0</Opcode><Keywords>0x8000000000000000</Keywords><TimeCreated SystemTime='2020-10-24T12:42:26.9930043Z'/><EventRecordID>943</EventRecordID><Correlation ActivityID='{7ddd342f-4785-4317-8fa1-438788c50862}'/><Execution ProcessID='3840' ThreadID='1008'/><Channel>Microsoft-Windows-Windows Defender/Operational</Channel><Computer>DESKTOP-OD0Q7OR</Computer><Security UserID='S-1-5-18'/></System><EventData><Data Name='Product Name'>%%827</Data><Data Name='Product Version'>4.18.2009.7</Data><Data Name='Detection ID'>{12B28E5A-615E-4E7C-81E7-7A11A23DEE98}</Data><Data Name='Detection Time'>2020-10-24T12:42:26.991Z</Data><Data Name='Unused'></Data><Data Name='Unused2'></Data><Data Name='Threat ID'>2147694217</Data><Data Name='Threat Name'>Virus:Win32/MpTest!amsi</Data><Data Name='Severity ID'>5</Data><Data Name='Severity Name'>심각</Data><Data Name='Category ID'>42</Data><Data Name='Category Name'>바이러스</Data><Data Name='FWLink'>https://go.microsoft.com/fwlink/?linkid=37020&amp;name=Virus:Win32/MpTest!amsi&amp;threatid=2147694217&amp;enterprise=0</Data><Data Name='Status Code'>1</Data><Data Name='Status Description'></Data><Data Name='State'>1</Data><Data Name='Source ID'>10</Data><Data Name='Source Name'>%%897</Data><Data Name='Process Name'>C:\Windows\System32\WindowsPowerShell\v1.0\powershell.exe</Data><Data Name='Detection User'>DESKTOP-OD0Q7OR\dayou</Data><Data Name='Unused3'></Data><Data Name='Path'>amsi:_C:\Windows\System32\WindowsPowerShell\v1.0\powershell.exe</Data><Data Name='Origin ID'>0</Data><Data Name='Origin Name'>%%844</Data><Data Name='Execution ID'>1</Data><Data Name='Execution Name'>%%813</Data><Data Name='Type ID'>0</Data><Data Name='Type Name'>%%822</Data><Data Name='Pre Execution Status'>0</Data><Data Name='Action ID'>9</Data><Data Name='Action Name'>%%887</Data><Data Name='Unused4'></Data><Data Name='Error Code'>0x00000000</Data><Data Name='Error Description'>작업을 완료했습니다. </Data><Data Name='Unused5'></Data><Data Name='Post Clean Status'>0</Data><Data Name='Additional Actions ID'>0</Data><Data Name='Additional Actions String'>No additional actions required</Data><Data Name='Remediation User'></Data><Data Name='Unused6'></Data><Data Name='Security intelligence Version'>AV: 1.325.1324.0, AS: 1.325.1324.0, NIS: 1.325.1324.0</Data><Data Name='Engine Version'>AM: 1.1.17500.4, NIS: 1.1.17500.4</Data></EventData></Event>
<Event xmlns='http://schemas.microsoft.com/win/2004/08/events/event'><System><Provider Name='Microsoft-Windows-Windows Defender' Guid='{11cd958a-c507-4ef3-b3f2-5fd9dfbd2c78}'/><EventID>1116</EventID><Version>0</Version><Level>3</Level><Task>0</Task><Opcode>0</Opcode><Keywords>0x8000000000000000</Keywords><TimeCreated SystemTime='2020-10-24T12:42:32.0076369Z'/><EventRecordID>944</EventRecordID><Correlation/><Execution ProcessID='3840' ThreadID='21044'/><Channel>Microsoft-Windows-Windows Defender/Operational</Channel><Computer>DESKTOP-OD0Q7OR</Computer><Security UserID='S-1-5-18'/></System><EventData><Data Name='Product Name'>%%827</Data><Data Name='Product Version'>4.18.2009.7</Data><Data Name='Detection ID'>{E3C279A6-F15B-4992-BE2B-D8F3181655B0}</Data><Data Name='Detection Time'>2020-10-24T12:42:32.004Z</Data><Data Name='Unused'></Data><Data Name='Unused2'></Data><Data Name='Threat ID'>2147694217</Data><Data Name='Threat Name'>Virus:Win32/MpTest!amsi</Data><Data Name='Severity ID'>5</Data><Data Name='Severity Name'>심각</Data><Data Name='Category ID'>42</Data><Data Name='Category Name'>바이러스</Data><Data Name='FWLink'>https://go.microsoft.com/fwlink/?linkid=37020&amp;name=Virus:Win32/MpTest!amsi&amp;threatid=2147694217&amp;enterprise=0</Data><Data Name='Status Code'>1</Data><Data Name='Status Description'></Data><Data Name='State'>1</Data><Data Name='Source ID'>2</Data><Data Name='Source Name'>%%820</Data><Data Name='Process Name'>Unknown</Data><Data Name='Detection User'>DESKTOP-OD0Q7OR\dayou</Data><Data Name='Unused3'></Data><Data Name='Path'></Data><Data Name='Origin ID'>0</Data><Data Name='Origin Name'>%%844</Data><Data Name='Execution ID'>0</Data><Data Name='Execution Name'>%%812</Data><Data Name='Type ID'>0</Data><Data Name='Type Name'>%%822</Data><Data Name='Pre Execution Status'>0</Data><Data Name='Action ID'>9</Data><Data Name='Action Name'>%%887</Data><Data Name='Unused4'></Data><Data Name='Error Code'>0x00000000</Data><Data Name='Error Description'>작업을 완료했습니다. </Data><Data Name='Unused5'></Data><Data Name='Post Clean Status'>0</Data><Data Name='Additional Actions ID'>0</Data><Data Name='Additional Actions String'>No additional actions required</Data><Data Name='Remediation User'></Data><Data Name='Unused6'></Data><Data Name='Security intelligence Version'>AV: 1.325.1324.0, AS: 1.325.1324.0, NIS: 1.325.1324.0</Data><Data Name='Engine Version'>AM: 1.1.17500.4, NIS: 1.1.17500.4</Data></EventData></Event>
<Event xmlns='http://schemas.microsoft.com/win/2004/08/events/event'><System><Provider Name='Microsoft-Windows-Windows Defender' Guid='{11cd958a-c507-4ef3-b3f2-5fd9dfbd2c78}'/><EventID>1116</EventID><Version>0</Version><Level>3</Level><Task>0</Task><Opcode>0</Opcode><Keywords>0x8000000000000000</Keywords><TimeCreated SystemTime='2020-10-24T13:20:29.0273657Z'/><EventRecordID>949</EventRecordID><Correlation ActivityID='{6b26908c-0de9-46e5-874f-664ee23d9fb3}'/><Execution ProcessID='3840' ThreadID='4580'/><Channel>Microsoft-Windows-Windows Defender/Operational</Channel><Computer>DESKTOP-OD0Q7OR</Computer><Security UserID='S-1-5-18'/></System><EventData><Data Name='Product Name'>%%827</Data><Data Name='Product Version'>4.18.2009.7</Data><Data Name='Detection ID'>{4D34A5CC-46C2-44CC-9769-C39341262FD4}</Data><Data Name='Detection Time'>2020-10-24T13:20:29.025Z</Data><Data Name='Unused'></Data><Data Name='Unused2'></Data><Data Name='Threat ID'>2147519003</Data><Data Name='Threat Name'>Virus:DOS/EICAR_Test_File</Data><Data Name='Severity ID'>5</Data><Data Name='Severity Name'>심각</Data><Data Name='Category ID'>42</Data><Data Name='Category Name'>바이러스</Data><Data Name='FWLink'>https://go.microsoft.com/fwlink/?linkid=37020&amp;name=Virus:DOS/EICAR_Test_File&amp;threatid=2147519003&amp;enterprise=0</Data><Data Name='Status Code'>1</Data><Data Name='Status Description'></Data><Data Name='State'>1</Data><Data Name='Source ID'>10</Data><Data Name='Source Name'>%%897</Data><Data Name='Process Name'>C:\Users\dayou\Documents\카카오워크 받은 파일\amsiScan_1024\Debug\amsiScan_1024.exe</Data><Data Name='Detection User'>DESKTOP-OD0Q7OR\dayou</Data><Data Name='Unused3'></Data><Data Name='Path'>amsi:_C:\Users\dayou\Documents\카카오워크 받은 파일\amsiScan_1024\Debug\amsiScan_1024.exe</Data><Data Name='Origin ID'>0</Data><Data Name='Origin Name'>%%844</Data><Data Name='Execution ID'>1</Data><Data Name='Execution Name'>%%813</Data><Data Name='Type ID'>0</Data><Data Name='Type Name'>%%822</Data><Data Name='Pre Execution Status'>0</Data><Data Name='Action ID'>9</Data><Data Name='Action Name'>%%887</Data><Data Name='Unused4'></Data><Data Name='Error Code'>0x00000000</Data><Data Name='Error Description'>작업을 완료했습니다. </Data><Data Name='Unused5'></Data><Data Name='Post Clean Status'>0</Data><Data Name='Additional Actions ID'>0</Data><Data Name='Additional Actions String'>No additional actions required</Data><Data Name='Remediation User'></Data><Data Name='Unused6'></Data><Data Name='Security intelligence Version'>AV: 1.325.1324.0, AS: 1.325.1324.0, NIS: 1.325.1324.0</Data><Data Name='Engine Version'>AM: 1.1.17500.4, NIS: 1.1.17500.4</Data></EventData></Event>
<Event xmlns='http://schemas.microsoft.com/win/2004/08/events/event'><System><Provider Name='Microsoft-Windows-Windows Defender' Guid='{11cd958a-c507-4ef3-b3f2-5fd9dfbd2c78}'/><EventID>1116</EventID><Version>0</Version><Level>3</Level><Task>0</Task><Opcode>0</Opcode><Keywords>0x8000000000000000</Keywords><TimeCreated SystemTime='2020-10-24T13:21:13.4551861Z'/><EventRecordID>951</EventRecordID><Correlation ActivityID='{2b9782a1-4c45-4d09-bc0d-762429223a20}'/><Execution ProcessID='3840' ThreadID='20892'/><Channel>Microsoft-Windows-Windows Defender/Operational</Channel><Computer>DESKTOP-OD0Q7OR</Computer><Security UserID='S-1-5-18'/></System><EventData><Data Name='Product Name'>%%827</Data><Data Name='Product Version'>4.18.2009.7</Data><Data Name='Detection ID'>{F1002FEE-FC4C-410A-9D44-5B0AE4CA5BA1}</Data><Data Name='Detection Time'>2020-10-24T13:21:13.453Z</Data><Data Name='Unused'></Data><Data Name='Unused2'></Data><Data Name='Threat ID'>2147519003</Data><Data Name='Threat Name'>Virus:DOS/EICAR_Test_File</Data><Data Name='Severity ID'>5</Data><Data Name='Severity Name'>심각</Data><Data Name='Category ID'>42</Data><Data Name='Category Name'>바이러스</Data><Data Name='FWLink'>https://go.microsoft.com/fwlink/?linkid=37020&amp;name=Virus:DOS/EICAR_Test_File&amp;threatid=2147519003&amp;enterprise=0</Data><Data Name='Status Code'>1</Data><Data Name='Status Description'></Data><Data Name='State'>1</Data><Data Name='Source ID'>10</Data><Data Name='Source Name'>%%897</Data><Data Name='Process Name'>C:\Users\dayou\Documents\카카오워크 받은 파일\amsiScan_1024\Debug\amsiScan_1024.exe</Data><Data Name='Detection User'>DESKTOP-OD0Q7OR\dayou</Data><Data Name='Unused3'></Data><Data Name='Path'>amsi:_C:\Users\dayou\Documents\카카오워크 받은 파일\amsiScan_1024\Debug\amsiScan_1024.exe</Data><Data Name='Origin ID'>0</Data><Data Name='Origin Name'>%%844</Data><Data Name='Execution ID'>1</Data><Data Name='Execution Name'>%%813</Data><Data Name='Type ID'>0</Data><Data Name='Type Name'>%%822</Data><Data Name='Pre Execution Status'>0</Data><Data Name='Action ID'>9</Data><Data Name='Action Name'>%%887</Data><Data Name='Unused4'></Data><Data Name='Error Code'>0x00000000</Data><Data Name='Error Description'>작업을 완료했습니다. </Data><Data Name='Unused5'></Data><Data Name='Post Clean Status'>0</Data><Data Name='Additional Actions ID'>0</Data><Data Name='Additional Actions String'>No additional actions required</Data><Data Name='Remediation User'></Data><Data Name='Unused6'></Data><Data Name='Security intelligence Version'>AV: 1.325.1324.0, AS: 1.325.1324.0, NIS: 1.325.1324.0</Data><Data Name='Engine Version'>AM: 1.1.17500.4, NIS: 1.1.17500.4</Data></EventData></Event>
<Event xmlns='http://schemas.microsoft.com/win/2004/08/events/event'><System><Provider Name='Microsoft-Windows-Windows Defender' Guid='{11cd958a-c507-4ef3-b3f2-5fd9dfbd2c78}'/><EventID>1116</EventID><Version>0</Version><Level>3</Level><Task>0</Task><Opcode>0</Opcode><Keywords>0x8000000000000000</Keywords><TimeCreated SystemTime='2020-10-24T13:44:48.1984311Z'/><EventRecordID>953</EventRecordID><Correlation ActivityID='{bcb08346-8a77-4f15-b6f8-dd3100ec36c3}'/><Execution ProcessID='3840' ThreadID='4356'/><Channel>Microsoft-Windows-Windows Defender/Operational</Channel><Computer>DESKTOP-OD0Q7OR</Computer><Security UserID='S-1-5-18'/></System><EventData><Data Name='Product Name'>%%827</Data><Data Name='Product Version'>4.18.2009.7</Data><Data Name='Detection ID'>{C5FBB4F7-F78E-4851-9CC6-6D2F5AD8883F}</Data><Data Name='Detection Time'>2020-10-24T13:44:48.196Z</Data><Data Name='Unused'></Data><Data Name='Unused2'></Data><Data Name='Threat ID'>2147519003</Data><Data Name='Threat Name'>Virus:DOS/EICAR_Test_File</Data><Data Name='Severity ID'>5</Data><Data Name='Severity Name'>심각</Data><Data Name='Category ID'>42</Data><Data Name='Category Name'>바이러스</Data><Data Name='FWLink'>https://go.microsoft.com/fwlink/?linkid=37020&amp;name=Virus:DOS/EICAR_Test_File&amp;threatid=2147519003&amp;enterprise=0</Data><Data Name='Status Code'>1</Data><Data Name='Status Description'></Data><Data Name='State'>1</Data><Data Name='Source ID'>10</Data><Data Name='Source Name'>%%897</Data><Data Name='Process Name'>C:\Users\dayou\Documents\카카오워크 받은 파일\amsiScan_1024\Debug\amsiScan_1024.exe</Data><Data Name='Detection User'>DESKTOP-OD0Q7OR\dayou</Data><Data Name='Unused3'></Data><Data Name='Path'>amsi:_C:\Users\dayou\Documents\카카오워크 받은 파일\amsiScan_1024\Debug\amsiScan_1024.exe</Data><Data Name='Origin ID'>0</Data><Data Name='Origin Name'>%%844</Data><Data Name='Execution ID'>1</Data><Data Name='Execution Name'>%%813</Data><Data Name='Type ID'>0</Data><Data Name='Type Name'>%%822</Data><Data Name='Pre Execution Status'>0</Data><Data Name='Action ID'>9</Data><Data Name='Action Name'>%%887</Data><Data Name='Unused4'></Data><Data Name='Error Code'>0x00000000</Data><Data Name='Error Description'>작업을 완료했습니다. </Data><Data Name='Unused5'></Data><Data Name='Post Clean Status'>0</Data><Data Name='Additional Actions ID'>0</Data><Data Name='Additional Actions String'>No additional actions required</Data><Data Name='Remediation User'></Data><Data Name='Unused6'></Data><Data Name='Security intelligence Version'>AV: 1.325.1324.0, AS: 1.325.1324.0, NIS: 1.325.1324.0</Data><Data Name='Engine Version'>AM: 1.1.17500.4, NIS: 1.1.17500.4</Data></EventData></Event>
<Event xmlns='http://schemas.microsoft.com/win/2004/08/events/event'><System><Provider Name='Microsoft-Windows-Windows Defender' Guid='{11cd958a-c507-4ef3-b3f2-5fd9dfbd2c78}'/><EventID>1116</EventID><Version>0</Version><Level>3</Level><Task>0</Task><Opcode>0</Opcode><Keywords>0x8000000000000000</Keywords><TimeCreated SystemTime='2020-10-24T13:48:56.2733962Z'/><EventRecordID>955</EventRecordID><Correlation ActivityID='{6f09a0cb-54d3-4fca-95f0-a0cdc3e9c1a1}'/><Execution ProcessID='3840' ThreadID='1008'/><Channel>Microsoft-Windows-Windows Defender/Operational</Channel><Computer>DESKTOP-OD0Q7OR</Computer><Security UserID='S-1-5-18'/></System><EventData><Data Name='Product Name'>%%827</Data><Data Name='Product Version'>4.18.2009.7</Data><Data Name='Detection ID'>{0255AAA4-2BAE-409F-99FD-E2D858B28BC0}</Data><Data Name='Detection Time'>2020-10-24T13:48:56.271Z</Data><Data Name='Unused'></Data><Data Name='Unused2'></Data><Data Name='Threat ID'>2147694217</Data><Data Name='Threat Name'>Virus:Win32/MpTest!amsi</Data><Data Name='Severity ID'>5</Data><Data Name='Severity Name'>심각</Data><Data Name='Category ID'>42</Data><Data Name='Category Name'>바이러스</Data><Data Name='FWLink'>https://go.microsoft.com/fwlink/?linkid=37020&amp;name=Virus:Win32/MpTest!amsi&amp;threatid=2147694217&amp;enterprise=0</Data><Data Name='Status Code'>1</Data><Data Name='Status Description'></Data><Data Name='State'>1</Data><Data Name='Source ID'>10</Data><Data Name='Source Name'>%%897</Data><Data Name='Process Name'>C:\Windows\System32\WindowsPowerShell\v1.0\powershell.exe</Data><Data Name='Detection User'>DESKTOP-OD0Q7OR\dayou</Data><Data Name='Unused3'></Data><Data Name='Path'>amsi:_C:\Windows\System32\WindowsPowerShell\v1.0\powershell.exe</Data><Data Name='Origin ID'>0</Data><Data Name='Origin Name'>%%844</Data><Data Name='Execution ID'>1</Data><Data Name='Execution Name'>%%813</Data><Data Name='Type ID'>0</Data><Data Name='Type Name'>%%822</Data><Data Name='Pre Execution Status'>0</Data><Data Name='Action ID'>9</Data><Data Name='Action Name'>%%887</Data><Data Name='Unused4'></Data><Data Name='Error Code'>0x00000000</Data><Data Name='Error Description'>작업을 완료했습니다. </Data><Data Name='Unused5'></Data><Data Name='Post Clean Status'>0</Data><Data Name='Additional Actions ID'>0</Data><Data Name='Additional Actions String'>No additional actions required</Data><Data Name='Remediation User'></Data><Data Name='Unused6'></Data><Data Name='Security intelligence Version'>AV: 1.325.1324.0, AS: 1.325.1324.0, NIS: 1.325.1324.0</Data><Data Name='Engine Version'>AM: 1.1.17500.4, NIS: 1.1.17500.4</Data></EventData></Event>
<Event xmlns='http://schemas.microsoft.com/win/2004/08/events/event'><System><Provider Name='Microsoft-Windows-Windows Defender' Guid='{11cd958a-c507-4ef3-b3f2-5fd9dfbd2c78}'/><EventID>1116</EventID><Version>0</Version><Level>3</Level><Task>0</Task><Opcode>0</Opcode><Keywords>0x8000000000000000</Keywords><TimeCreated SystemTime='2020-10-24T13:49:01.2789013Z'/><EventRecordID>956</EventRecordID><Correlation/><Execution ProcessID='3840' ThreadID='17436'/><Channel>Microsoft-Windows-Windows Defender/Operational</Channel><Computer>DESKTOP-OD0Q7OR</Computer><Security UserID='S-1-5-18'/></System><EventData><Data Name='Product Name'>%%827</Data><Data Name='Product Version'>4.18.2009.7</Data><Data Name='Detection ID'>{99938696-801B-416C-86B1-EB97440E4DB6}</Data><Data Name='Detection Time'>2020-10-24T13:49:01.275Z</Data><Data Name='Unused'></Data><Data Name='Unused2'></Data><Data Name='Threat ID'>2147694217</Data><Data Name='Threat Name'>Virus:Win32/MpTest!amsi</Data><Data Name='Severity ID'>5</Data><Data Name='Severity Name'>심각</Data><Data Name='Category ID'>42</Data><Data Name='Category Name'>바이러스</Data><Data Name='FWLink'>https://go.microsoft.com/fwlink/?linkid=37020&amp;name=Virus:Win32/MpTest!amsi&amp;threatid=2147694217&amp;enterprise=0</Data><Data Name='Status Code'>1</Data><Data Name='Status Description'></Data><Data Name='State'>1</Data><Data Name='Source ID'>2</Data><Data Name='Source Name'>%%820</Data><Data Name='Process Name'>Unknown</Data><Data Name='Detection User'>DESKTOP-OD0Q7OR\dayou</Data><Data Name='Unused3'></Data><Data Name='Path'></Data><Data Name='Origin ID'>0</Data><Data Name='Origin Name'>%%844</Data><Data Name='Execution ID'>0</Data><Data Name='Execution Name'>%%812</Data><Data Name='Type ID'>0</Data><Data Name='Type Name'>%%822</Data><Data Name='Pre Execution Status'>0</Data><Data Name='Action ID'>9</Data><Data Name='Action Name'>%%887</Data><Data Name='Unused4'></Data><Data Name='Error Code'>0x00000000</Data><Data Name='Error Description'>작업을 완료했습니다. </Data><Data Name='Unused5'></Data><Data Name='Post Clean Status'>0</Data><Data Name='Additional Actions ID'>0</Data><Data Name='Additional Actions String'>No additional actions required</Data><Data Name='Remediation User'></Data><Data Name='Unused6'></Data><Data Name='Security intelligence Version'>AV: 1.325.1324.0, AS: 1.325.1324.0, NIS: 1.325.1324.0</Data><Data Name='Engine Version'>AM: 1.1.17500.4, NIS: 1.1.17500.4</Data></EventData></Event>
<Event xmlns='http://schemas.microsoft.com/win/2004/08/events/event'><System><Provider Name='Microsoft-Windows-Windows Defender' Guid='{11cd958a-c507-4ef3-b3f2-5fd9dfbd2c78}'/><EventID>1116</EventID><Version>0</Version><Level>3</Level><Task>0</Task><Opcode>0</Opcode><Keywords>0x8000000000000000</Keywords><TimeCreated SystemTime='2020-10-24T13:53:51.4084784Z'/><EventRecordID>959</EventRecordID><Correlation ActivityID='{0e7690af-68ba-4e6b-9eaa-687653427e7f}'/><Execution ProcessID='3840' ThreadID='4356'/><Channel>Microsoft-Windows-Windows Defender/Operational</Channel><Computer>DESKTOP-OD0Q7OR</Computer><Security UserID='S-1-5-18'/></System><EventData><Data Name='Product Name'>%%827</Data><Data Name='Product Version'>4.18.2009.7</Data><Data Name='Detection ID'>{A0EA8E58-ED32-4A05-90A9-32F226C16D47}</Data><Data Name='Detection Time'>2020-10-24T13:53:51.405Z</Data><Data Name='Unused'></Data><Data Name='Unused2'></Data><Data Name='Threat ID'>2147519003</Data><Data Name='Threat Name'>Virus:DOS/EICAR_Test_File</Data><Data Name='Severity ID'>5</Data><Data Name='Severity Name'>심각</Data><Data Name='Category ID'>42</Data><Data Name='Category Name'>바이러스</Data><Data Name='FWLink'>https://go.microsoft.com/fwlink/?linkid=37020&amp;name=Virus:DOS/EICAR_Test_File&amp;threatid=2147519003&amp;enterprise=0</Data><Data Name='Status Code'>1</Data><Data Name='Status Description'></Data><Data Name='State'>1</Data><Data Name='Source ID'>10</Data><Data Name='Source Name'>%%897</Data><Data Name='Process Name'>C:\Users\dayou\Documents\카카오워크 받은 파일\amsiScan_1024\Debug\amsiScan_1024.exe</Data><Data Name='Detection User'>DESKTOP-OD0Q7OR\dayou</Data><Data Name='Unused3'></Data><Data Name='Path'>amsi:_C:\Users\dayou\Documents\카카오워크 받은 파일\amsiScan_1024\Debug\amsiScan_1024.exe</Data><Data Name='Origin ID'>0</Data><Data Name='Origin Name'>%%844</Data><Data Name='Execution ID'>1</Data><Data Name='Execution Name'>%%813</Data><Data Name='Type ID'>0</Data><Data Name='Type Name'>%%822</Data><Data Name='Pre Execution Status'>0</Data><Data Name='Action ID'>9</Data><Data Name='Action Name'>%%887</Data><Data Name='Unused4'></Data><Data Name='Error Code'>0x00000000</Data><Data Name='Error Description'>작업을 완료했습니다. </Data><Data Name='Unused5'></Data><Data Name='Post Clean Status'>0</Data><Data Name='Additional Actions ID'>0</Data><Data Name='Additional Actions String'>No additional actions required</Data><Data Name='Remediation User'></Data><Data Name='Unused6'></Data><Data Name='Security intelligence Version'>AV: 1.325.1324.0, AS: 1.325.1324.0, NIS: 1.325.1324.0</Data><Data Name='Engine Version'>AM: 1.1.17500.4, NIS: 1.1.17500.4</Data></EventData></Event>
<Event xmlns='http://schemas.microsoft.com/win/2004/08/events/event'><System><Provider Name='Microsoft-Windows-Windows Defender' Guid='{11cd958a-c507-4ef3-b3f2-5fd9dfbd2c78}'/><EventID>1116</EventID><Version>0</Version><Level>3</Level><Task>0</Task><Opcode>0</Opcode><Keywords>0x8000000000000000</Keywords><TimeCreated SystemTime='2020-10-25T11:31:06.1737437Z'/><EventRecordID>985</EventRecordID><Correlation ActivityID='{9cc56fe7-6cb4-4c09-bfff-efa49c42d1de}'/><Execution ProcessID='3840' ThreadID='4356'/><Channel>Microsoft-Windows-Windows Defender/Operational</Channel><Computer>DESKTOP-OD0Q7OR</Computer><Security UserID='S-1-5-18'/></System><EventData><Data Name='Product Name'>%%827</Data><Data Name='Product Version'>4.18.2009.7</Data><Data Name='Detection ID'>{F6B9622F-4C9B-4DD4-947D-9623FE509D03}</Data><Data Name='Detection Time'>2020-10-25T11:31:06.172Z</Data><Data Name='Unused'></Data><Data Name='Unused2'></Data><Data Name='Threat ID'>2147519003</Data><Data Name='Threat Name'>Virus:DOS/EICAR_Test_File</Data><Data Name='Severity ID'>5</Data><Data Name='Severity Name'>심각</Data><Data Name='Category ID'>42</Data><Data Name='Category Name'>바이러스</Data><Data Name='FWLink'>https://go.microsoft.com/fwlink/?linkid=37020&amp;name=Virus:DOS/EICAR_Test_File&amp;threatid=2147519003&amp;enterprise=0</Data><Data Name='Status Code'>1</Data><Data Name='Status Description'></Data><Data Name='State'>1</Data><Data Name='Source ID'>10</Data><Data Name='Source Name'>%%897</Data><Data Name='Process Name'>C:\Users\dayou\Downloads\amsiscanner-master\amsiscanner-master\amsiscanner.exe</Data><Data Name='Detection User'>DESKTOP-OD0Q7OR\dayou</Data><Data Name='Unused3'></Data><Data Name='Path'>amsi:_C:\Users\dayou\Downloads\amsiscanner-master\amsiscanner-master\amsiscanner.exe</Data><Data Name='Origin ID'>0</Data><Data Name='Origin Name'>%%844</Data><Data Name='Execution ID'>1</Data><Data Name='Execution Name'>%%813</Data><Data Name='Type ID'>0</Data><Data Name='Type Name'>%%822</Data><Data Name='Pre Execution Status'>0</Data><Data Name='Action ID'>9</Data><Data Name='Action Name'>%%887</Data><Data Name='Unused4'></Data><Data Name='Error Code'>0x00000000</Data><Data Name='Error Description'>작업을 완료했습니다. </Data><Data Name='Unused5'></Data><Data Name='Post Clean Status'>0</Data><Data Name='Additional Actions ID'>0</Data><Data Name='Additional Actions String'>No additional actions required</Data><Data Name='Remediation User'></Data><Data Name='Unused6'></Data><Data Name='Security intelligence Version'>AV: 1.325.1383.0, AS: 1.325.1383.0, NIS: 1.325.1383.0</Data><Data Name='Engine Version'>AM: 1.1.17500.4, NIS: 1.1.17500.4</Data></EventData></Event>
<Event xmlns='http://schemas.microsoft.com/win/2004/08/events/event'><System><Provider Name='Microsoft-Windows-Windows Defender' Guid='{11cd958a-c507-4ef3-b3f2-5fd9dfbd2c78}'/><EventID>1116</EventID><Version>0</Version><Level>3</Level><Task>0</Task><Opcode>0</Opcode><Keywords>0x8000000000000000</Keywords><TimeCreated SystemTime='2020-10-25T11:31:08.2499857Z'/><EventRecordID>986</EventRecordID><Correlation ActivityID='{ad1c432b-ce39-42b0-bcc4-5662f0b7b0fa}'/><Execution ProcessID='3840' ThreadID='6868'/><Channel>Microsoft-Windows-Windows Defender/Operational</Channel><Computer>DESKTOP-OD0Q7OR</Computer><Security UserID='S-1-5-18'/></System><EventData><Data Name='Product Name'>%%827</Data><Data Name='Product Version'>4.18.2009.7</Data><Data Name='Detection ID'>{F6B9622F-4C9B-4DD4-947D-9623FE509D03}</Data><Data Name='Detection Time'>2020-10-25T11:31:06.172Z</Data><Data Name='Unused'></Data><Data Name='Unused2'></Data><Data Name='Threat ID'>2147519003</Data><Data Name='Threat Name'>Virus:DOS/EICAR_Test_File</Data><Data Name='Severity ID'>5</Data><Data Name='Severity Name'>심각</Data><Data Name='Category ID'>42</Data><Data Name='Category Name'>바이러스</Data><Data Name='FWLink'>https://go.microsoft.com/fwlink/?linkid=37020&amp;name=Virus:DOS/EICAR_Test_File&amp;threatid=2147519003&amp;enterprise=0</Data><Data Name='Status Code'>1</Data><Data Name='Status Description'></Data><Data Name='State'>1</Data><Data Name='Source ID'>10</Data><Data Name='Source Name'>%%897</Data><Data Name='Process Name'>C:\Users\dayou\Downloads\amsiscanner-master\amsiscanner-master\amsiscanner.exe</Data><Data Name='Detection User'>DESKTOP-OD0Q7OR\dayou</Data><Data Name='Unused3'></Data><Data Name='Path'>amsi:_C:\Users\dayou\Downloads\amsiscanner-master\amsiscanner-master\amsiscanner.exe</Data><Data Name='Origin ID'>0</Data><Data Name='Origin Name'>%%844</Data><Data Name='Execution ID'>1</Data><Data Name='Execution Name'>%%813</Data><Data Name='Type ID'>0</Data><Data Name='Type Name'>%%822</Data><Data Name='Pre Execution Status'>0</Data><Data Name='Action ID'>9</Data><Data Name='Action Name'>%%887</Data><Data Name='Unused4'></Data><Data Name='Error Code'>0x00000000</Data><Data Name='Error Description'>작업을 완료했습니다. </Data><Data Name='Unused5'></Data><Data Name='Post Clean Status'>0</Data><Data Name='Additional Actions ID'>0</Data><Data Name='Additional Actions String'>No additional actions required</Data><Data Name='Remediation User'></Data><Data Name='Unused6'></Data><Data Name='Security intelligence Version'>AV: 1.325.1383.0, AS: 1.325.1383.0, NIS: 1.325.1383.0</Data><Data Name='Engine Version'>AM: 1.1.17500.4, NIS: 1.1.17500.4</Data></EventData></Event>
<Event xmlns='http://schemas.microsoft.com/win/2004/08/events/event'><System><Provider Name='Microsoft-Windows-Windows Defender' Guid='{11cd958a-c507-4ef3-b3f2-5fd9dfbd2c78}'/><EventID>1116</EventID><Version>0</Version><Level>3</Level><Task>0</Task><Opcode>0</Opcode><Keywords>0x8000000000000000</Keywords><TimeCreated SystemTime='2020-10-29T12:44:22.7014582Z'/><EventRecordID>1131</EventRecordID><Correlation ActivityID='{babe57db-d724-4853-ad0c-a954b52959df}'/><Execution ProcessID='3840' ThreadID='23752'/><Channel>Microsoft-Windows-Windows Defender/Operational</Channel><Computer>DESKTOP-OD0Q7OR</Computer><Security UserID='S-1-5-18'/></System><EventData><Data Name='Product Name'>%%827</Data><Data Name='Product Version'>4.18.2009.7</Data><Data Name='Detection ID'>{E402DE21-5444-46A8-9833-4E1457CD064C}</Data><Data Name='Detection Time'>2020-10-29T12:44:22.697Z</Data><Data Name='Unused'></Data><Data Name='Unused2'></Data><Data Name='Threat ID'>2147694217</Data><Data Name='Threat Name'>Virus:Win32/MpTest!amsi</Data><Data Name='Severity ID'>5</Data><Data Name='Severity Name'>심각</Data><Data Name='Category ID'>42</Data><Data Name='Category Name'>바이러스</Data><Data Name='FWLink'>https://go.microsoft.com/fwlink/?linkid=37020&amp;name=Virus:Win32/MpTest!amsi&amp;threatid=2147694217&amp;enterprise=0</Data><Data Name='Status Code'>1</Data><Data Name='Status Description'></Data><Data Name='State'>1</Data><Data Name='Source ID'>10</Data><Data Name='Source Name'>%%897</Data><Data Name='Process Name'>C:\Windows\System32\WindowsPowerShell\v1.0\powershell.exe</Data><Data Name='Detection User'>DESKTOP-OD0Q7OR\dayou</Data><Data Name='Unused3'></Data><Data Name='Path'>amsi:_C:\Windows\System32\WindowsPowerShell\v1.0\powershell.exe</Data><Data Name='Origin ID'>0</Data><Data Name='Origin Name'>%%844</Data><Data Name='Execution ID'>1</Data><Data Name='Execution Name'>%%813</Data><Data Name='Type ID'>0</Data><Data Name='Type Name'>%%822</Data><Data Name='Pre Execution Status'>0</Data><Data Name='Action ID'>9</Data><Data Name='Action Name'>%%887</Data><Data Name='Unused4'></Data><Data Name='Error Code'>0x00000000</Data><Data Name='Error Description'>작업을 완료했습니다. </Data><Data Name='Unused5'></Data><Data Name='Post Clean Status'>0</Data><Data Name='Additional Actions ID'>0</Data><Data Name='Additional Actions String'>No additional actions required</Data><Data Name='Remediation User'></Data><Data Name='Unused6'></Data><Data Name='Security intelligence Version'>AV: 1.325.1615.0, AS: 1.325.1615.0, NIS: 1.325.1615.0</Data><Data Name='Engine Version'>AM: 1.1.17500.4, NIS: 1.1.17500.4</Data></EventData></Event>
<Event xmlns='http://schemas.microsoft.com/win/2004/08/events/event'><System><Provider Name='Microsoft-Windows-Windows Defender' Guid='{11cd958a-c507-4ef3-b3f2-5fd9dfbd2c78}'/><EventID>1116</EventID><Version>0</Version><Level>3</Level><Task>0</Task><Opcode>0</Opcode><Keywords>0x8000000000000000</Keywords><TimeCreated SystemTime='2020-10-29T12:44:27.7249784Z'/><EventRecordID>1132</EventRecordID><Correlation/><Execution ProcessID='3840' ThreadID='33192'/><Channel>Microsoft-Windows-Windows Defender/Operational</Channel><Computer>DESKTOP-OD0Q7OR</Computer><Security UserID='S-1-5-18'/></System><EventData><Data Name='Product Name'>%%827</Data><Data Name='Product Version'>4.18.2009.7</Data><Data Name='Detection ID'>{45C7817E-DC50-459A-91CB-BA2E75D1D64B}</Data><Data Name='Detection Time'>2020-10-29T12:44:27.720Z</Data><Data Name='Unused'></Data><Data Name='Unused2'></Data><Data Name='Threat ID'>2147694217</Data><Data Name='Threat Name'>Virus:Win32/MpTest!amsi</Data><Data Name='Severity ID'>5</Data><Data Name='Severity Name'>심각</Data><Data Name='Category ID'>42</Data><Data Name='Category Name'>바이러스</Data><Data Name='FWLink'>https://go.microsoft.com/fwlink/?linkid=37020&amp;name=Virus:Win32/MpTest!amsi&amp;threatid=2147694217&amp;enterprise=0</Data><Data Name='Status Code'>1</Data><Data Name='Status Description'></Data><Data Name='State'>1</Data><Data Name='Source ID'>2</Data><Data Name='Source Name'>%%820</Data><Data Name='Process Name'>Unknown</Data><Data Name='Detection User'>DESKTOP-OD0Q7OR\dayou</Data><Data Name='Unused3'></Data><Data Name='Path'></Data><Data Name='Origin ID'>0</Data><Data Name='Origin Name'>%%844</Data><Data Name='Execution ID'>0</Data><Data Name='Execution Name'>%%812</Data><Data Name='Type ID'>0</Data><Data Name='Type Name'>%%822</Data><Data Name='Pre Execution Status'>0</Data><Data Name='Action ID'>9</Data><Data Name='Action Name'>%%887</Data><Data Name='Unused4'></Data><Data Name='Error Code'>0x00000000</Data><Data Name='Error Description'>작업을 완료했습니다. </Data><Data Name='Unused5'></Data><Data Name='Post Clean Status'>0</Data><Data Name='Additional Actions ID'>0</Data><Data Name='Additional Actions String'>No additional actions required</Data><Data Name='Remediation User'></Data><Data Name='Unused6'></Data><Data Name='Security intelligence Version'>AV: 1.325.1615.0, AS: 1.325.1615.0, NIS: 1.325.1615.0</Data><Data Name='Engine Version'>AM: 1.1.17500.4, NIS: 1.1.17500.4</Data></EventData></Event>
</Events>
