<?xml version="1.0" encoding="euc-kr"?>
<Events>
<Event xmlns='http://schemas.microsoft.com/win/2004/08/events/event'><System><Provider Name='Microsoft-Windows-Windows Defender' Guid='{11cd958a-c507-4ef3-b3f2-5fd9dfbd2c78}'/><EventID>1116</EventID><Version>0</Version><Level>3</Level><Task>0</Task><Opcode>0</Opcode><Keywords>0x8000000000000000</Keywords><TimeCreated SystemTime='2020-10-16T08:25:12.714013200Z'/><EventRecordID>2739</EventRecordID><Correlation/><Execution ProcessID='6508' ThreadID='2924'/><Channel>Microsoft-Windows-Windows Defender/Operational</Channel><Computer>JIYEON-LAPTOP</Computer><Security UserID='S-1-5-18'/></System><EventData><Data Name='Product Name'>%%827</Data><Data Name='Product Version'>4.18.2009.7</Data><Data Name='Detection ID'>{7FE22B27-A727-476D-9067-5484C82BC72A}</Data><Data Name='Detection Time'>2020-10-16T08:24:51.028Z</Data><Data Name='Unused'></Data><Data Name='Unused2'></Data><Data Name='Threat ID'>2147694217</Data><Data Name='Threat Name'>Virus:Win32/MpTest!amsi</Data><Data Name='Severity ID'>5</Data><Data Name='Severity Name'>심각</Data><Data Name='Category ID'>42</Data><Data Name='Category Name'>바이러스</Data><Data Name='FWLink'>https://go.microsoft.com/fwlink/?linkid=37020&amp;name=Virus:Win32/MpTest!amsi&amp;threatid=2147694217&amp;enterprise=0</Data><Data Name='Status Code'>1</Data><Data Name='Status Description'></Data><Data Name='State'>1</Data><Data Name='Source ID'>10</Data><Data Name='Source Name'>%%897</Data><Data Name='Process Name'>C:\Windows\System32\WindowsPowerShell\v1.0\powershell.exe</Data><Data Name='Detection User'>JIYEON-LAPTOP\kjy63</Data><Data Name='Unused3'></Data><Data Name='Path'>amsi:_C:\Windows\System32\WindowsPowerShell\v1.0\powershell.exe</Data><Data Name='Origin ID'>0</Data><Data Name='Origin Name'>%%844</Data><Data Name='Execution ID'>1</Data><Data Name='Execution Name'>%%813</Data><Data Name='Type ID'>0</Data><Data Name='Type Name'>%%822</Data><Data Name='Pre Execution Status'>0</Data><Data Name='Action ID'>9</Data><Data Name='Action Name'>%%887</Data><Data Name='Unused4'></Data><Data Name='Error Code'>0x00000000</Data><Data Name='Error Description'>작업을 완료했습니다. </Data><Data Name='Unused5'></Data><Data Name='Post Clean Status'>0</Data><Data Name='Additional Actions ID'>0</Data><Data Name='Additional Actions String'>No additional actions required</Data><Data Name='Remediation User'></Data><Data Name='Unused6'></Data><Data Name='Security intelligence Version'>AV: 1.325.838.0, AS: 1.325.838.0, NIS: 1.325.838.0</Data><Data Name='Engine Version'>AM: 1.1.17500.4, NIS: 1.1.17500.4</Data></EventData></Event>
<Event xmlns='http://schemas.microsoft.com/win/2004/08/events/event'><System><Provider Name='Microsoft-Windows-Windows Defender' Guid='{11cd958a-c507-4ef3-b3f2-5fd9dfbd2c78}'/><EventID>1116</EventID><Version>0</Version><Level>3</Level><Task>0</Task><Opcode>0</Opcode><Keywords>0x8000000000000000</Keywords><TimeCreated SystemTime='2020-10-16T08:25:12.720179800Z'/><EventRecordID>2740</EventRecordID><Correlation/><Execution ProcessID='6508' ThreadID='2924'/><Channel>Microsoft-Windows-Windows Defender/Operational</Channel><Computer>JIYEON-LAPTOP</Computer><Security UserID='S-1-5-18'/></System><EventData><Data Name='Product Name'>%%827</Data><Data Name='Product Version'>4.18.2009.7</Data><Data Name='Detection ID'>{1DF95340-B9D4-4CD0-A017-C49E5C00BA03}</Data><Data Name='Detection Time'>2020-10-16T08:25:12.717Z</Data><Data Name='Unused'></Data><Data Name='Unused2'></Data><Data Name='Threat ID'>2147694217</Data><Data Name='Threat Name'>Virus:Win32/MpTest!amsi</Data><Data Name='Severity ID'>5</Data><Data Name='Severity Name'>심각</Data><Data Name='Category ID'>42</Data><Data Name='Category Name'>바이러스</Data><Data Name='FWLink'>https://go.microsoft.com/fwlink/?linkid=37020&amp;name=Virus:Win32/MpTest!amsi&amp;threatid=2147694217&amp;enterprise=0</Data><Data Name='Status Code'>1</Data><Data Name='Status Description'></Data><Data Name='State'>1</Data><Data Name='Source ID'>2</Data><Data Name='Source Name'>%%820</Data><Data Name='Process Name'>Unknown</Data><Data Name='Detection User'>JIYEON-LAPTOP\kjy63</Data><Data Name='Unused3'></Data><Data Name='Path'></Data><Data Name='Origin ID'>0</Data><Data Name='Origin Name'>%%844</Data><Data Name='Execution ID'>0</Data><Data Name='Execution Name'>%%812</Data><Data Name='Type ID'>0</Data><Data Name='Type Name'>%%822</Data><Data Name='Pre Execution Status'>0</Data><Data Name='Action ID'>9</Data><Data Name='Action Name'>%%887</Data><Data Name='Unused4'></Data><Data Name='Error Code'>0x00000000</Data><Data Name='Error Description'>작업을 완료했습니다. </Data><Data Name='Unused5'></Data><Data Name='Post Clean Status'>0</Data><Data Name='Additional Actions ID'>0</Data><Data Name='Additional Actions String'>No additional actions required</Data><Data Name='Remediation User'></Data><Data Name='Unused6'></Data><Data Name='Security intelligence Version'>AV: 1.325.838.0, AS: 1.325.838.0, NIS: 1.325.838.0</Data><Data Name='Engine Version'>AM: 1.1.17500.4, NIS: 1.1.17500.4</Data></EventData></Event>
<Event xmlns='http://schemas.microsoft.com/win/2004/08/events/event'><System><Provider Name='Microsoft-Windows-Windows Defender' Guid='{11cd958a-c507-4ef3-b3f2-5fd9dfbd2c78}'/><EventID>1116</EventID><Version>0</Version><Level>3</Level><Task>0</Task><Opcode>0</Opcode><Keywords>0x8000000000000000</Keywords><TimeCreated SystemTime='2020-10-16T08:25:25.522950900Z'/><EventRecordID>2741</EventRecordID><Correlation ActivityID='{bea881e7-0efa-4ce4-94ec-526f55d8e678}'/><Execution ProcessID='6508' ThreadID='4208'/><Channel>Microsoft-Windows-Windows Defender/Operational</Channel><Computer>JIYEON-LAPTOP</Computer><Security UserID='S-1-5-18'/></System><EventData><Data Name='Product Name'>%%827</Data><Data Name='Product Version'>4.18.2009.7</Data><Data Name='Detection ID'>{EBE5C67D-7238-4196-B63D-1084F7CECCBD}</Data><Data Name='Detection Time'>2020-10-16T08:25:25.520Z</Data><Data Name='Unused'></Data><Data Name='Unused2'></Data><Data Name='Threat ID'>2147694217</Data><Data Name='Threat Name'>Virus:Win32/MpTest!amsi</Data><Data Name='Severity ID'>5</Data><Data Name='Severity Name'>심각</Data><Data Name='Category ID'>42</Data><Data Name='Category Name'>바이러스</Data><Data Name='FWLink'>https://go.microsoft.com/fwlink/?linkid=37020&amp;name=Virus:Win32/MpTest!amsi&amp;threatid=2147694217&amp;enterprise=0</Data><Data Name='Status Code'>1</Data><Data Name='Status Description'></Data><Data Name='State'>1</Data><Data Name='Source ID'>10</Data><Data Name='Source Name'>%%897</Data><Data Name='Process Name'>C:\Windows\System32\WindowsPowerShell\v1.0\powershell.exe</Data><Data Name='Detection User'>JIYEON-LAPTOP\kjy63</Data><Data Name='Unused3'></Data><Data Name='Path'>amsi:_C:\Windows\System32\WindowsPowerShell\v1.0\powershell.exe</Data><Data Name='Origin ID'>0</Data><Data Name='Origin Name'>%%844</Data><Data Name='Execution ID'>1</Data><Data Name='Execution Name'>%%813</Data><Data Name='Type ID'>0</Data><Data Name='Type Name'>%%822</Data><Data Name='Pre Execution Status'>0</Data><Data Name='Action ID'>9</Data><Data Name='Action Name'>%%887</Data><Data Name='Unused4'></Data><Data Name='Error Code'>0x00000000</Data><Data Name='Error Description'>작업을 완료했습니다. </Data><Data Name='Unused5'></Data><Data Name='Post Clean Status'>0</Data><Data Name='Additional Actions ID'>0</Data><Data Name='Additional Actions String'>No additional actions required</Data><Data Name='Remediation User'></Data><Data Name='Unused6'></Data><Data Name='Security intelligence Version'>AV: 1.325.838.0, AS: 1.325.838.0, NIS: 1.325.838.0</Data><Data Name='Engine Version'>AM: 1.1.17500.4, NIS: 1.1.17500.4</Data></EventData></Event>
<Event xmlns='http://schemas.microsoft.com/win/2004/08/events/event'><System><Provider Name='Microsoft-Windows-Windows Defender' Guid='{11cd958a-c507-4ef3-b3f2-5fd9dfbd2c78}'/><EventID>1116</EventID><Version>0</Version><Level>3</Level><Task>0</Task><Opcode>0</Opcode><Keywords>0x8000000000000000</Keywords><TimeCreated SystemTime='2020-10-16T08:25:38.547126000Z'/><EventRecordID>2744</EventRecordID><Correlation/><Execution ProcessID='6508' ThreadID='2924'/><Channel>Microsoft-Windows-Windows Defender/Operational</Channel><Computer>JIYEON-LAPTOP</Computer><Security UserID='S-1-5-18'/></System><EventData><Data Name='Product Name'>%%827</Data><Data Name='Product Version'>4.18.2009.7</Data><Data Name='Detection ID'>{EBE5C67D-7238-4196-B63D-1084F7CECCBD}</Data><Data Name='Detection Time'>2020-10-16T08:25:25.520Z</Data><Data Name='Unused'></Data><Data Name='Unused2'></Data><Data Name='Threat ID'>2147694217</Data><Data Name='Threat Name'>Virus:Win32/MpTest!amsi</Data><Data Name='Severity ID'>5</Data><Data Name='Severity Name'>심각</Data><Data Name='Category ID'>42</Data><Data Name='Category Name'>바이러스</Data><Data Name='FWLink'>https://go.microsoft.com/fwlink/?linkid=37020&amp;name=Virus:Win32/MpTest!amsi&amp;threatid=2147694217&amp;enterprise=0</Data><Data Name='Status Code'>1</Data><Data Name='Status Description'></Data><Data Name='State'>1</Data><Data Name='Source ID'>10</Data><Data Name='Source Name'>%%897</Data><Data Name='Process Name'>C:\Windows\System32\WindowsPowerShell\v1.0\powershell.exe</Data><Data Name='Detection User'>JIYEON-LAPTOP\kjy63</Data><Data Name='Unused3'></Data><Data Name='Path'>amsi:_C:\Windows\System32\WindowsPowerShell\v1.0\powershell.exe</Data><Data Name='Origin ID'>0</Data><Data Name='Origin Name'>%%844</Data><Data Name='Execution ID'>1</Data><Data Name='Execution Name'>%%813</Data><Data Name='Type ID'>0</Data><Data Name='Type Name'>%%822</Data><Data Name='Pre Execution Status'>0</Data><Data Name='Action ID'>9</Data><Data Name='Action Name'>%%887</Data><Data Name='Unused4'></Data><Data Name='Error Code'>0x00000000</Data><Data Name='Error Description'>작업을 완료했습니다. </Data><Data Name='Unused5'></Data><Data Name='Post Clean Status'>0</Data><Data Name='Additional Actions ID'>0</Data><Data Name='Additional Actions String'>No additional actions required</Data><Data Name='Remediation User'></Data><Data Name='Unused6'></Data><Data Name='Security intelligence Version'>AV: 1.325.838.0, AS: 1.325.838.0, NIS: 1.325.838.0</Data><Data Name='Engine Version'>AM: 1.1.17500.4, NIS: 1.1.17500.4</Data></EventData></Event>
<Event xmlns='http://schemas.microsoft.com/win/2004/08/events/event'><System><Provider Name='Microsoft-Windows-Windows Defender' Guid='{11cd958a-c507-4ef3-b3f2-5fd9dfbd2c78}'/><EventID>1116</EventID><Version>0</Version><Level>3</Level><Task>0</Task><Opcode>0</Opcode><Keywords>0x8000000000000000</Keywords><TimeCreated SystemTime='2020-10-16T08:25:38.553423200Z'/><EventRecordID>2745</EventRecordID><Correlation/><Execution ProcessID='6508' ThreadID='2924'/><Channel>Microsoft-Windows-Windows Defender/Operational</Channel><Computer>JIYEON-LAPTOP</Computer><Security UserID='S-1-5-18'/></System><EventData><Data Name='Product Name'>%%827</Data><Data Name='Product Version'>4.18.2009.7</Data><Data Name='Detection ID'>{A2A79D40-D3DA-4746-8E6B-2F970CBE67FF}</Data><Data Name='Detection Time'>2020-10-16T08:25:38.550Z</Data><Data Name='Unused'></Data><Data Name='Unused2'></Data><Data Name='Threat ID'>2147694217</Data><Data Name='Threat Name'>Virus:Win32/MpTest!amsi</Data><Data Name='Severity ID'>5</Data><Data Name='Severity Name'>심각</Data><Data Name='Category ID'>42</Data><Data Name='Category Name'>바이러스</Data><Data Name='FWLink'>https://go.microsoft.com/fwlink/?linkid=37020&amp;name=Virus:Win32/MpTest!amsi&amp;threatid=2147694217&amp;enterprise=0</Data><Data Name='Status Code'>1</Data><Data Name='Status Description'></Data><Data Name='State'>1</Data><Data Name='Source ID'>2</Data><Data Name='Source Name'>%%820</Data><Data Name='Process Name'>Unknown</Data><Data Name='Detection User'>JIYEON-LAPTOP\kjy63</Data><Data Name='Unused3'></Data><Data Name='Path'></Data><Data Name='Origin ID'>0</Data><Data Name='Origin Name'>%%844</Data><Data Name='Execution ID'>0</Data><Data Name='Execution Name'>%%812</Data><Data Name='Type ID'>0</Data><Data Name='Type Name'>%%822</Data><Data Name='Pre Execution Status'>0</Data><Data Name='Action ID'>9</Data><Data Name='Action Name'>%%887</Data><Data Name='Unused4'></Data><Data Name='Error Code'>0x00000000</Data><Data Name='Error Description'>작업을 완료했습니다. </Data><Data Name='Unused5'></Data><Data Name='Post Clean Status'>0</Data><Data Name='Additional Actions ID'>0</Data><Data Name='Additional Actions String'>No additional actions required</Data><Data Name='Remediation User'></Data><Data Name='Unused6'></Data><Data Name='Security intelligence Version'>AV: 1.325.838.0, AS: 1.325.838.0, NIS: 1.325.838.0</Data><Data Name='Engine Version'>AM: 1.1.17500.4, NIS: 1.1.17500.4</Data></EventData></Event>
<Event xmlns='http://schemas.microsoft.com/win/2004/08/events/event'><System><Provider Name='Microsoft-Windows-Windows Defender' Guid='{11cd958a-c507-4ef3-b3f2-5fd9dfbd2c78}'/><EventID>1116</EventID><Version>0</Version><Level>3</Level><Task>0</Task><Opcode>0</Opcode><Keywords>0x8000000000000000</Keywords><TimeCreated SystemTime='2020-10-16T08:28:28.708056100Z'/><EventRecordID>2750</EventRecordID><Correlation ActivityID='{6598d753-1b14-46ff-8fa9-0882a5eac71a}'/><Execution ProcessID='6508' ThreadID='1092'/><Channel>Microsoft-Windows-Windows Defender/Operational</Channel><Computer>JIYEON-LAPTOP</Computer><Security UserID='S-1-5-18'/></System><EventData><Data Name='Product Name'>%%827</Data><Data Name='Product Version'>4.18.2009.7</Data><Data Name='Detection ID'>{39E961C0-6DDC-48D7-BF9B-4CA08B9B40A0}</Data><Data Name='Detection Time'>2020-10-16T08:28:28.705Z</Data><Data Name='Unused'></Data><Data Name='Unused2'></Data><Data Name='Threat ID'>2147694217</Data><Data Name='Threat Name'>Virus:Win32/MpTest!amsi</Data><Data Name='Severity ID'>5</Data><Data Name='Severity Name'>심각</Data><Data Name='Category ID'>42</Data><Data Name='Category Name'>바이러스</Data><Data Name='FWLink'>https://go.microsoft.com/fwlink/?linkid=37020&amp;name=Virus:Win32/MpTest!amsi&amp;threatid=2147694217&amp;enterprise=0</Data><Data Name='Status Code'>1</Data><Data Name='Status Description'></Data><Data Name='State'>1</Data><Data Name='Source ID'>10</Data><Data Name='Source Name'>%%897</Data><Data Name='Process Name'>C:\Windows\System32\WindowsPowerShell\v1.0\powershell.exe</Data><Data Name='Detection User'>JIYEON-LAPTOP\kjy63</Data><Data Name='Unused3'></Data><Data Name='Path'>amsi:_C:\Windows\System32\WindowsPowerShell\v1.0\powershell.exe</Data><Data Name='Origin ID'>0</Data><Data Name='Origin Name'>%%844</Data><Data Name='Execution ID'>1</Data><Data Name='Execution Name'>%%813</Data><Data Name='Type ID'>0</Data><Data Name='Type Name'>%%822</Data><Data Name='Pre Execution Status'>0</Data><Data Name='Action ID'>9</Data><Data Name='Action Name'>%%887</Data><Data Name='Unused4'></Data><Data Name='Error Code'>0x00000000</Data><Data Name='Error Description'>작업을 완료했습니다. </Data><Data Name='Unused5'></Data><Data Name='Post Clean Status'>0</Data><Data Name='Additional Actions ID'>0</Data><Data Name='Additional Actions String'>No additional actions required</Data><Data Name='Remediation User'></Data><Data Name='Unused6'></Data><Data Name='Security intelligence Version'>AV: 1.325.838.0, AS: 1.325.838.0, NIS: 1.325.838.0</Data><Data Name='Engine Version'>AM: 1.1.17500.4, NIS: 1.1.17500.4</Data></EventData></Event>
<Event xmlns='http://schemas.microsoft.com/win/2004/08/events/event'><System><Provider Name='Microsoft-Windows-Windows Defender' Guid='{11cd958a-c507-4ef3-b3f2-5fd9dfbd2c78}'/><EventID>1116</EventID><Version>0</Version><Level>3</Level><Task>0</Task><Opcode>0</Opcode><Keywords>0x8000000000000000</Keywords><TimeCreated SystemTime='2020-10-16T08:28:33.719802100Z'/><EventRecordID>2751</EventRecordID><Correlation/><Execution ProcessID='6508' ThreadID='14012'/><Channel>Microsoft-Windows-Windows Defender/Operational</Channel><Computer>JIYEON-LAPTOP</Computer><Security UserID='S-1-5-18'/></System><EventData><Data Name='Product Name'>%%827</Data><Data Name='Product Version'>4.18.2009.7</Data><Data Name='Detection ID'>{862226B1-9986-4F63-915E-457DD181C0B7}</Data><Data Name='Detection Time'>2020-10-16T08:28:33.715Z</Data><Data Name='Unused'></Data><Data Name='Unused2'></Data><Data Name='Threat ID'>2147694217</Data><Data Name='Threat Name'>Virus:Win32/MpTest!amsi</Data><Data Name='Severity ID'>5</Data><Data Name='Severity Name'>심각</Data><Data Name='Category ID'>42</Data><Data Name='Category Name'>바이러스</Data><Data Name='FWLink'>https://go.microsoft.com/fwlink/?linkid=37020&amp;name=Virus:Win32/MpTest!amsi&amp;threatid=2147694217&amp;enterprise=0</Data><Data Name='Status Code'>1</Data><Data Name='Status Description'></Data><Data Name='State'>1</Data><Data Name='Source ID'>2</Data><Data Name='Source Name'>%%820</Data><Data Name='Process Name'>Unknown</Data><Data Name='Detection User'>JIYEON-LAPTOP\kjy63</Data><Data Name='Unused3'></Data><Data Name='Path'></Data><Data Name='Origin ID'>0</Data><Data Name='Origin Name'>%%844</Data><Data Name='Execution ID'>0</Data><Data Name='Execution Name'>%%812</Data><Data Name='Type ID'>0</Data><Data Name='Type Name'>%%822</Data><Data Name='Pre Execution Status'>0</Data><Data Name='Action ID'>9</Data><Data Name='Action Name'>%%887</Data><Data Name='Unused4'></Data><Data Name='Error Code'>0x00000000</Data><Data Name='Error Description'>작업을 완료했습니다. </Data><Data Name='Unused5'></Data><Data Name='Post Clean Status'>0</Data><Data Name='Additional Actions ID'>0</Data><Data Name='Additional Actions String'>No additional actions required</Data><Data Name='Remediation User'></Data><Data Name='Unused6'></Data><Data Name='Security intelligence Version'>AV: 1.325.838.0, AS: 1.325.838.0, NIS: 1.325.838.0</Data><Data Name='Engine Version'>AM: 1.1.17500.4, NIS: 1.1.17500.4</Data></EventData></Event>
<Event xmlns='http://schemas.microsoft.com/win/2004/08/events/event'><System><Provider Name='Microsoft-Windows-Windows Defender' Guid='{11cd958a-c507-4ef3-b3f2-5fd9dfbd2c78}'/><EventID>1116</EventID><Version>0</Version><Level>3</Level><Task>0</Task><Opcode>0</Opcode><Keywords>0x8000000000000000</Keywords><TimeCreated SystemTime='2020-10-16T08:28:40.936100600Z'/><EventRecordID>2752</EventRecordID><Correlation ActivityID='{09e99488-d100-4e9d-afe5-82e5388e13e1}'/><Execution ProcessID='6508' ThreadID='8004'/><Channel>Microsoft-Windows-Windows Defender/Operational</Channel><Computer>JIYEON-LAPTOP</Computer><Security UserID='S-1-5-18'/></System><EventData><Data Name='Product Name'>%%827</Data><Data Name='Product Version'>4.18.2009.7</Data><Data Name='Detection ID'>{3F5149C7-EF6F-4553-BB60-7F260241A229}</Data><Data Name='Detection Time'>2020-10-16T08:28:40.934Z</Data><Data Name='Unused'></Data><Data Name='Unused2'></Data><Data Name='Threat ID'>2147694217</Data><Data Name='Threat Name'>Virus:Win32/MpTest!amsi</Data><Data Name='Severity ID'>5</Data><Data Name='Severity Name'>심각</Data><Data Name='Category ID'>42</Data><Data Name='Category Name'>바이러스</Data><Data Name='FWLink'>https://go.microsoft.com/fwlink/?linkid=37020&amp;name=Virus:Win32/MpTest!amsi&amp;threatid=2147694217&amp;enterprise=0</Data><Data Name='Status Code'>1</Data><Data Name='Status Description'></Data><Data Name='State'>1</Data><Data Name='Source ID'>10</Data><Data Name='Source Name'>%%897</Data><Data Name='Process Name'>C:\Windows\System32\WindowsPowerShell\v1.0\powershell.exe</Data><Data Name='Detection User'>JIYEON-LAPTOP\kjy63</Data><Data Name='Unused3'></Data><Data Name='Path'>amsi:_C:\Windows\System32\WindowsPowerShell\v1.0\powershell.exe</Data><Data Name='Origin ID'>0</Data><Data Name='Origin Name'>%%844</Data><Data Name='Execution ID'>1</Data><Data Name='Execution Name'>%%813</Data><Data Name='Type ID'>0</Data><Data Name='Type Name'>%%822</Data><Data Name='Pre Execution Status'>0</Data><Data Name='Action ID'>9</Data><Data Name='Action Name'>%%887</Data><Data Name='Unused4'></Data><Data Name='Error Code'>0x00000000</Data><Data Name='Error Description'>작업을 완료했습니다. </Data><Data Name='Unused5'></Data><Data Name='Post Clean Status'>0</Data><Data Name='Additional Actions ID'>0</Data><Data Name='Additional Actions String'>No additional actions required</Data><Data Name='Remediation User'></Data><Data Name='Unused6'></Data><Data Name='Security intelligence Version'>AV: 1.325.838.0, AS: 1.325.838.0, NIS: 1.325.838.0</Data><Data Name='Engine Version'>AM: 1.1.17500.4, NIS: 1.1.17500.4</Data></EventData></Event>
<Event xmlns='http://schemas.microsoft.com/win/2004/08/events/event'><System><Provider Name='Microsoft-Windows-Windows Defender' Guid='{11cd958a-c507-4ef3-b3f2-5fd9dfbd2c78}'/><EventID>1116</EventID><Version>0</Version><Level>3</Level><Task>0</Task><Opcode>0</Opcode><Keywords>0x8000000000000000</Keywords><TimeCreated SystemTime='2020-10-16T08:29:05.030296400Z'/><EventRecordID>2755</EventRecordID><Correlation/><Execution ProcessID='6508' ThreadID='14012'/><Channel>Microsoft-Windows-Windows Defender/Operational</Channel><Computer>JIYEON-LAPTOP</Computer><Security UserID='S-1-5-18'/></System><EventData><Data Name='Product Name'>%%827</Data><Data Name='Product Version'>4.18.2009.7</Data><Data Name='Detection ID'>{3F5149C7-EF6F-4553-BB60-7F260241A229}</Data><Data Name='Detection Time'>2020-10-16T08:28:40.934Z</Data><Data Name='Unused'></Data><Data Name='Unused2'></Data><Data Name='Threat ID'>2147694217</Data><Data Name='Threat Name'>Virus:Win32/MpTest!amsi</Data><Data Name='Severity ID'>5</Data><Data Name='Severity Name'>심각</Data><Data Name='Category ID'>42</Data><Data Name='Category Name'>바이러스</Data><Data Name='FWLink'>https://go.microsoft.com/fwlink/?linkid=37020&amp;name=Virus:Win32/MpTest!amsi&amp;threatid=2147694217&amp;enterprise=0</Data><Data Name='Status Code'>1</Data><Data Name='Status Description'></Data><Data Name='State'>1</Data><Data Name='Source ID'>10</Data><Data Name='Source Name'>%%897</Data><Data Name='Process Name'>C:\Windows\System32\WindowsPowerShell\v1.0\powershell.exe</Data><Data Name='Detection User'>JIYEON-LAPTOP\kjy63</Data><Data Name='Unused3'></Data><Data Name='Path'>amsi:_C:\Windows\System32\WindowsPowerShell\v1.0\powershell.exe</Data><Data Name='Origin ID'>0</Data><Data Name='Origin Name'>%%844</Data><Data Name='Execution ID'>1</Data><Data Name='Execution Name'>%%813</Data><Data Name='Type ID'>0</Data><Data Name='Type Name'>%%822</Data><Data Name='Pre Execution Status'>0</Data><Data Name='Action ID'>9</Data><Data Name='Action Name'>%%887</Data><Data Name='Unused4'></Data><Data Name='Error Code'>0x00000000</Data><Data Name='Error Description'>작업을 완료했습니다. </Data><Data Name='Unused5'></Data><Data Name='Post Clean Status'>0</Data><Data Name='Additional Actions ID'>0</Data><Data Name='Additional Actions String'>No additional actions required</Data><Data Name='Remediation User'></Data><Data Name='Unused6'></Data><Data Name='Security intelligence Version'>AV: 1.325.838.0, AS: 1.325.838.0, NIS: 1.325.838.0</Data><Data Name='Engine Version'>AM: 1.1.17500.4, NIS: 1.1.17500.4</Data></EventData></Event>
<Event xmlns='http://schemas.microsoft.com/win/2004/08/events/event'><System><Provider Name='Microsoft-Windows-Windows Defender' Guid='{11cd958a-c507-4ef3-b3f2-5fd9dfbd2c78}'/><EventID>1116</EventID><Version>0</Version><Level>3</Level><Task>0</Task><Opcode>0</Opcode><Keywords>0x8000000000000000</Keywords><TimeCreated SystemTime='2020-10-16T08:29:05.035805500Z'/><EventRecordID>2756</EventRecordID><Correlation/><Execution ProcessID='6508' ThreadID='14012'/><Channel>Microsoft-Windows-Windows Defender/Operational</Channel><Computer>JIYEON-LAPTOP</Computer><Security UserID='S-1-5-18'/></System><EventData><Data Name='Product Name'>%%827</Data><Data Name='Product Version'>4.18.2009.7</Data><Data Name='Detection ID'>{F21CDB18-4695-4244-BAEF-08852FB4E1F7}</Data><Data Name='Detection Time'>2020-10-16T08:29:05.032Z</Data><Data Name='Unused'></Data><Data Name='Unused2'></Data><Data Name='Threat ID'>2147694217</Data><Data Name='Threat Name'>Virus:Win32/MpTest!amsi</Data><Data Name='Severity ID'>5</Data><Data Name='Severity Name'>심각</Data><Data Name='Category ID'>42</Data><Data Name='Category Name'>바이러스</Data><Data Name='FWLink'>https://go.microsoft.com/fwlink/?linkid=37020&amp;name=Virus:Win32/MpTest!amsi&amp;threatid=2147694217&amp;enterprise=0</Data><Data Name='Status Code'>1</Data><Data Name='Status Description'></Data><Data Name='State'>1</Data><Data Name='Source ID'>2</Data><Data Name='Source Name'>%%820</Data><Data Name='Process Name'>Unknown</Data><Data Name='Detection User'>JIYEON-LAPTOP\kjy63</Data><Data Name='Unused3'></Data><Data Name='Path'></Data><Data Name='Origin ID'>0</Data><Data Name='Origin Name'>%%844</Data><Data Name='Execution ID'>0</Data><Data Name='Execution Name'>%%812</Data><Data Name='Type ID'>0</Data><Data Name='Type Name'>%%822</Data><Data Name='Pre Execution Status'>0</Data><Data Name='Action ID'>9</Data><Data Name='Action Name'>%%887</Data><Data Name='Unused4'></Data><Data Name='Error Code'>0x00000000</Data><Data Name='Error Description'>작업을 완료했습니다. </Data><Data Name='Unused5'></Data><Data Name='Post Clean Status'>0</Data><Data Name='Additional Actions ID'>0</Data><Data Name='Additional Actions String'>No additional actions required</Data><Data Name='Remediation User'></Data><Data Name='Unused6'></Data><Data Name='Security intelligence Version'>AV: 1.325.838.0, AS: 1.325.838.0, NIS: 1.325.838.0</Data><Data Name='Engine Version'>AM: 1.1.17500.4, NIS: 1.1.17500.4</Data></EventData></Event>
<Event xmlns='http://schemas.microsoft.com/win/2004/08/events/event'><System><Provider Name='Microsoft-Windows-Windows Defender' Guid='{11cd958a-c507-4ef3-b3f2-5fd9dfbd2c78}'/><EventID>1116</EventID><Version>0</Version><Level>3</Level><Task>0</Task><Opcode>0</Opcode><Keywords>0x8000000000000000</Keywords><TimeCreated SystemTime='2020-10-16T08:30:21.593096800Z'/><EventRecordID>2759</EventRecordID><Correlation ActivityID='{b180bf90-4487-4b97-b1bd-6fa9b9f353eb}'/><Execution ProcessID='6508' ThreadID='4208'/><Channel>Microsoft-Windows-Windows Defender/Operational</Channel><Computer>JIYEON-LAPTOP</Computer><Security UserID='S-1-5-18'/></System><EventData><Data Name='Product Name'>%%827</Data><Data Name='Product Version'>4.18.2009.7</Data><Data Name='Detection ID'>{A0888E55-81EA-48DC-9655-4F0591CB79F4}</Data><Data Name='Detection Time'>2020-10-16T08:30:21.591Z</Data><Data Name='Unused'></Data><Data Name='Unused2'></Data><Data Name='Threat ID'>2147694217</Data><Data Name='Threat Name'>Virus:Win32/MpTest!amsi</Data><Data Name='Severity ID'>5</Data><Data Name='Severity Name'>심각</Data><Data Name='Category ID'>42</Data><Data Name='Category Name'>바이러스</Data><Data Name='FWLink'>https://go.microsoft.com/fwlink/?linkid=37020&amp;name=Virus:Win32/MpTest!amsi&amp;threatid=2147694217&amp;enterprise=0</Data><Data Name='Status Code'>1</Data><Data Name='Status Description'></Data><Data Name='State'>1</Data><Data Name='Source ID'>10</Data><Data Name='Source Name'>%%897</Data><Data Name='Process Name'>C:\Windows\System32\WindowsPowerShell\v1.0\powershell.exe</Data><Data Name='Detection User'>JIYEON-LAPTOP\kjy63</Data><Data Name='Unused3'></Data><Data Name='Path'>amsi:_C:\Windows\System32\WindowsPowerShell\v1.0\powershell.exe</Data><Data Name='Origin ID'>0</Data><Data Name='Origin Name'>%%844</Data><Data Name='Execution ID'>1</Data><Data Name='Execution Name'>%%813</Data><Data Name='Type ID'>0</Data><Data Name='Type Name'>%%822</Data><Data Name='Pre Execution Status'>0</Data><Data Name='Action ID'>9</Data><Data Name='Action Name'>%%887</Data><Data Name='Unused4'></Data><Data Name='Error Code'>0x00000000</Data><Data Name='Error Description'>작업을 완료했습니다. </Data><Data Name='Unused5'></Data><Data Name='Post Clean Status'>0</Data><Data Name='Additional Actions ID'>0</Data><Data Name='Additional Actions String'>No additional actions required</Data><Data Name='Remediation User'></Data><Data Name='Unused6'></Data><Data Name='Security intelligence Version'>AV: 1.325.838.0, AS: 1.325.838.0, NIS: 1.325.838.0</Data><Data Name='Engine Version'>AM: 1.1.17500.4, NIS: 1.1.17500.4</Data></EventData></Event>
<Event xmlns='http://schemas.microsoft.com/win/2004/08/events/event'><System><Provider Name='Microsoft-Windows-Windows Defender' Guid='{11cd958a-c507-4ef3-b3f2-5fd9dfbd2c78}'/><EventID>1116</EventID><Version>0</Version><Level>3</Level><Task>0</Task><Opcode>0</Opcode><Keywords>0x8000000000000000</Keywords><TimeCreated SystemTime='2020-10-16T08:30:26.598701700Z'/><EventRecordID>2760</EventRecordID><Correlation/><Execution ProcessID='6508' ThreadID='14012'/><Channel>Microsoft-Windows-Windows Defender/Operational</Channel><Computer>JIYEON-LAPTOP</Computer><Security UserID='S-1-5-18'/></System><EventData><Data Name='Product Name'>%%827</Data><Data Name='Product Version'>4.18.2009.7</Data><Data Name='Detection ID'>{F1B92266-6743-4F23-B79A-00346A5E6EDB}</Data><Data Name='Detection Time'>2020-10-16T08:30:26.594Z</Data><Data Name='Unused'></Data><Data Name='Unused2'></Data><Data Name='Threat ID'>2147694217</Data><Data Name='Threat Name'>Virus:Win32/MpTest!amsi</Data><Data Name='Severity ID'>5</Data><Data Name='Severity Name'>심각</Data><Data Name='Category ID'>42</Data><Data Name='Category Name'>바이러스</Data><Data Name='FWLink'>https://go.microsoft.com/fwlink/?linkid=37020&amp;name=Virus:Win32/MpTest!amsi&amp;threatid=2147694217&amp;enterprise=0</Data><Data Name='Status Code'>1</Data><Data Name='Status Description'></Data><Data Name='State'>1</Data><Data Name='Source ID'>2</Data><Data Name='Source Name'>%%820</Data><Data Name='Process Name'>Unknown</Data><Data Name='Detection User'>JIYEON-LAPTOP\kjy63</Data><Data Name='Unused3'></Data><Data Name='Path'></Data><Data Name='Origin ID'>0</Data><Data Name='Origin Name'>%%844</Data><Data Name='Execution ID'>0</Data><Data Name='Execution Name'>%%812</Data><Data Name='Type ID'>0</Data><Data Name='Type Name'>%%822</Data><Data Name='Pre Execution Status'>0</Data><Data Name='Action ID'>9</Data><Data Name='Action Name'>%%887</Data><Data Name='Unused4'></Data><Data Name='Error Code'>0x00000000</Data><Data Name='Error Description'>작업을 완료했습니다. </Data><Data Name='Unused5'></Data><Data Name='Post Clean Status'>0</Data><Data Name='Additional Actions ID'>0</Data><Data Name='Additional Actions String'>No additional actions required</Data><Data Name='Remediation User'></Data><Data Name='Unused6'></Data><Data Name='Security intelligence Version'>AV: 1.325.838.0, AS: 1.325.838.0, NIS: 1.325.838.0</Data><Data Name='Engine Version'>AM: 1.1.17500.4, NIS: 1.1.17500.4</Data></EventData></Event>
<Event xmlns='http://schemas.microsoft.com/win/2004/08/events/event'><System><Provider Name='Microsoft-Windows-Windows Defender' Guid='{11cd958a-c507-4ef3-b3f2-5fd9dfbd2c78}'/><EventID>1116</EventID><Version>0</Version><Level>3</Level><Task>0</Task><Opcode>0</Opcode><Keywords>0x8000000000000000</Keywords><TimeCreated SystemTime='2020-10-16T08:31:40.284269800Z'/><EventRecordID>2763</EventRecordID><Correlation ActivityID='{9ba89a15-9feb-4df0-bd6d-316516acb620}'/><Execution ProcessID='6508' ThreadID='4136'/><Channel>Microsoft-Windows-Windows Defender/Operational</Channel><Computer>JIYEON-LAPTOP</Computer><Security UserID='S-1-5-18'/></System><EventData><Data Name='Product Name'>%%827</Data><Data Name='Product Version'>4.18.2009.7</Data><Data Name='Detection ID'>{F2F0D856-5071-41AF-B5A5-2A1BEB858912}</Data><Data Name='Detection Time'>2020-10-16T08:31:40.281Z</Data><Data Name='Unused'></Data><Data Name='Unused2'></Data><Data Name='Threat ID'>2147694217</Data><Data Name='Threat Name'>Virus:Win32/MpTest!amsi</Data><Data Name='Severity ID'>5</Data><Data Name='Severity Name'>심각</Data><Data Name='Category ID'>42</Data><Data Name='Category Name'>바이러스</Data><Data Name='FWLink'>https://go.microsoft.com/fwlink/?linkid=37020&amp;name=Virus:Win32/MpTest!amsi&amp;threatid=2147694217&amp;enterprise=0</Data><Data Name='Status Code'>1</Data><Data Name='Status Description'></Data><Data Name='State'>1</Data><Data Name='Source ID'>10</Data><Data Name='Source Name'>%%897</Data><Data Name='Process Name'>C:\Windows\System32\WindowsPowerShell\v1.0\powershell.exe</Data><Data Name='Detection User'>JIYEON-LAPTOP\kjy63</Data><Data Name='Unused3'></Data><Data Name='Path'>amsi:_C:\Windows\System32\WindowsPowerShell\v1.0\powershell.exe</Data><Data Name='Origin ID'>0</Data><Data Name='Origin Name'>%%844</Data><Data Name='Execution ID'>1</Data><Data Name='Execution Name'>%%813</Data><Data Name='Type ID'>0</Data><Data Name='Type Name'>%%822</Data><Data Name='Pre Execution Status'>0</Data><Data Name='Action ID'>9</Data><Data Name='Action Name'>%%887</Data><Data Name='Unused4'></Data><Data Name='Error Code'>0x00000000</Data><Data Name='Error Description'>작업을 완료했습니다. </Data><Data Name='Unused5'></Data><Data Name='Post Clean Status'>0</Data><Data Name='Additional Actions ID'>0</Data><Data Name='Additional Actions String'>No additional actions required</Data><Data Name='Remediation User'></Data><Data Name='Unused6'></Data><Data Name='Security intelligence Version'>AV: 1.325.838.0, AS: 1.325.838.0, NIS: 1.325.838.0</Data><Data Name='Engine Version'>AM: 1.1.17500.4, NIS: 1.1.17500.4</Data></EventData></Event>
<Event xmlns='http://schemas.microsoft.com/win/2004/08/events/event'><System><Provider Name='Microsoft-Windows-Windows Defender' Guid='{11cd958a-c507-4ef3-b3f2-5fd9dfbd2c78}'/><EventID>1116</EventID><Version>0</Version><Level>3</Level><Task>0</Task><Opcode>0</Opcode><Keywords>0x8000000000000000</Keywords><TimeCreated SystemTime='2020-10-16T08:31:45.296812600Z'/><EventRecordID>2764</EventRecordID><Correlation/><Execution ProcessID='6508' ThreadID='14012'/><Channel>Microsoft-Windows-Windows Defender/Operational</Channel><Computer>JIYEON-LAPTOP</Computer><Security UserID='S-1-5-18'/></System><EventData><Data Name='Product Name'>%%827</Data><Data Name='Product Version'>4.18.2009.7</Data><Data Name='Detection ID'>{28FEE6A2-DF18-4F11-9BE5-26B1ADE3B606}</Data><Data Name='Detection Time'>2020-10-16T08:31:45.289Z</Data><Data Name='Unused'></Data><Data Name='Unused2'></Data><Data Name='Threat ID'>2147694217</Data><Data Name='Threat Name'>Virus:Win32/MpTest!amsi</Data><Data Name='Severity ID'>5</Data><Data Name='Severity Name'>심각</Data><Data Name='Category ID'>42</Data><Data Name='Category Name'>바이러스</Data><Data Name='FWLink'>https://go.microsoft.com/fwlink/?linkid=37020&amp;name=Virus:Win32/MpTest!amsi&amp;threatid=2147694217&amp;enterprise=0</Data><Data Name='Status Code'>1</Data><Data Name='Status Description'></Data><Data Name='State'>1</Data><Data Name='Source ID'>2</Data><Data Name='Source Name'>%%820</Data><Data Name='Process Name'>Unknown</Data><Data Name='Detection User'>JIYEON-LAPTOP\kjy63</Data><Data Name='Unused3'></Data><Data Name='Path'></Data><Data Name='Origin ID'>0</Data><Data Name='Origin Name'>%%844</Data><Data Name='Execution ID'>0</Data><Data Name='Execution Name'>%%812</Data><Data Name='Type ID'>0</Data><Data Name='Type Name'>%%822</Data><Data Name='Pre Execution Status'>0</Data><Data Name='Action ID'>9</Data><Data Name='Action Name'>%%887</Data><Data Name='Unused4'></Data><Data Name='Error Code'>0x00000000</Data><Data Name='Error Description'>작업을 완료했습니다. </Data><Data Name='Unused5'></Data><Data Name='Post Clean Status'>0</Data><Data Name='Additional Actions ID'>0</Data><Data Name='Additional Actions String'>No additional actions required</Data><Data Name='Remediation User'></Data><Data Name='Unused6'></Data><Data Name='Security intelligence Version'>AV: 1.325.838.0, AS: 1.325.838.0, NIS: 1.325.838.0</Data><Data Name='Engine Version'>AM: 1.1.17500.4, NIS: 1.1.17500.4</Data></EventData></Event>
<Event xmlns='http://schemas.microsoft.com/win/2004/08/events/event'><System><Provider Name='Microsoft-Windows-Windows Defender' Guid='{11cd958a-c507-4ef3-b3f2-5fd9dfbd2c78}'/><EventID>1116</EventID><Version>0</Version><Level>3</Level><Task>0</Task><Opcode>0</Opcode><Keywords>0x8000000000000000</Keywords><TimeCreated SystemTime='2020-10-16T08:31:56.994176000Z'/><EventRecordID>2765</EventRecordID><Correlation ActivityID='{56498f5d-d53d-48bc-84ca-d0c42c7b520b}'/><Execution ProcessID='6508' ThreadID='7704'/><Channel>Microsoft-Windows-Windows Defender/Operational</Channel><Computer>JIYEON-LAPTOP</Computer><Security UserID='S-1-5-18'/></System><EventData><Data Name='Product Name'>%%827</Data><Data Name='Product Version'>4.18.2009.7</Data><Data Name='Detection ID'>{661ABD2F-D8AB-4CB9-B7F7-307CD518FDB8}</Data><Data Name='Detection Time'>2020-10-16T08:31:56.992Z</Data><Data Name='Unused'></Data><Data Name='Unused2'></Data><Data Name='Threat ID'>2147694217</Data><Data Name='Threat Name'>Virus:Win32/MpTest!amsi</Data><Data Name='Severity ID'>5</Data><Data Name='Severity Name'>심각</Data><Data Name='Category ID'>42</Data><Data Name='Category Name'>바이러스</Data><Data Name='FWLink'>https://go.microsoft.com/fwlink/?linkid=37020&amp;name=Virus:Win32/MpTest!amsi&amp;threatid=2147694217&amp;enterprise=0</Data><Data Name='Status Code'>1</Data><Data Name='Status Description'></Data><Data Name='State'>1</Data><Data Name='Source ID'>10</Data><Data Name='Source Name'>%%897</Data><Data Name='Process Name'>C:\Windows\System32\WindowsPowerShell\v1.0\powershell.exe</Data><Data Name='Detection User'>JIYEON-LAPTOP\kjy63</Data><Data Name='Unused3'></Data><Data Name='Path'>amsi:_C:\Windows\System32\WindowsPowerShell\v1.0\powershell.exe</Data><Data Name='Origin ID'>0</Data><Data Name='Origin Name'>%%844</Data><Data Name='Execution ID'>1</Data><Data Name='Execution Name'>%%813</Data><Data Name='Type ID'>0</Data><Data Name='Type Name'>%%822</Data><Data Name='Pre Execution Status'>0</Data><Data Name='Action ID'>9</Data><Data Name='Action Name'>%%887</Data><Data Name='Unused4'></Data><Data Name='Error Code'>0x00000000</Data><Data Name='Error Description'>작업을 완료했습니다. </Data><Data Name='Unused5'></Data><Data Name='Post Clean Status'>0</Data><Data Name='Additional Actions ID'>0</Data><Data Name='Additional Actions String'>No additional actions required</Data><Data Name='Remediation User'></Data><Data Name='Unused6'></Data><Data Name='Security intelligence Version'>AV: 1.325.838.0, AS: 1.325.838.0, NIS: 1.325.838.0</Data><Data Name='Engine Version'>AM: 1.1.17500.4, NIS: 1.1.17500.4</Data></EventData></Event>
<Event xmlns='http://schemas.microsoft.com/win/2004/08/events/event'><System><Provider Name='Microsoft-Windows-Windows Defender' Guid='{11cd958a-c507-4ef3-b3f2-5fd9dfbd2c78}'/><EventID>1116</EventID><Version>0</Version><Level>3</Level><Task>0</Task><Opcode>0</Opcode><Keywords>0x8000000000000000</Keywords><TimeCreated SystemTime='2020-10-16T08:32:10.739903000Z'/><EventRecordID>2768</EventRecordID><Correlation/><Execution ProcessID='6508' ThreadID='14012'/><Channel>Microsoft-Windows-Windows Defender/Operational</Channel><Computer>JIYEON-LAPTOP</Computer><Security UserID='S-1-5-18'/></System><EventData><Data Name='Product Name'>%%827</Data><Data Name='Product Version'>4.18.2009.7</Data><Data Name='Detection ID'>{661ABD2F-D8AB-4CB9-B7F7-307CD518FDB8}</Data><Data Name='Detection Time'>2020-10-16T08:31:56.992Z</Data><Data Name='Unused'></Data><Data Name='Unused2'></Data><Data Name='Threat ID'>2147694217</Data><Data Name='Threat Name'>Virus:Win32/MpTest!amsi</Data><Data Name='Severity ID'>5</Data><Data Name='Severity Name'>심각</Data><Data Name='Category ID'>42</Data><Data Name='Category Name'>바이러스</Data><Data Name='FWLink'>https://go.microsoft.com/fwlink/?linkid=37020&amp;name=Virus:Win32/MpTest!amsi&amp;threatid=2147694217&amp;enterprise=0</Data><Data Name='Status Code'>1</Data><Data Name='Status Description'></Data><Data Name='State'>1</Data><Data Name='Source ID'>10</Data><Data Name='Source Name'>%%897</Data><Data Name='Process Name'>C:\Windows\System32\WindowsPowerShell\v1.0\powershell.exe</Data><Data Name='Detection User'>JIYEON-LAPTOP\kjy63</Data><Data Name='Unused3'></Data><Data Name='Path'>amsi:_C:\Windows\System32\WindowsPowerShell\v1.0\powershell.exe</Data><Data Name='Origin ID'>0</Data><Data Name='Origin Name'>%%844</Data><Data Name='Execution ID'>1</Data><Data Name='Execution Name'>%%813</Data><Data Name='Type ID'>0</Data><Data Name='Type Name'>%%822</Data><Data Name='Pre Execution Status'>0</Data><Data Name='Action ID'>9</Data><Data Name='Action Name'>%%887</Data><Data Name='Unused4'></Data><Data Name='Error Code'>0x00000000</Data><Data Name='Error Description'>작업을 완료했습니다. </Data><Data Name='Unused5'></Data><Data Name='Post Clean Status'>0</Data><Data Name='Additional Actions ID'>0</Data><Data Name='Additional Actions String'>No additional actions required</Data><Data Name='Remediation User'></Data><Data Name='Unused6'></Data><Data Name='Security intelligence Version'>AV: 1.325.838.0, AS: 1.325.838.0, NIS: 1.325.838.0</Data><Data Name='Engine Version'>AM: 1.1.17500.4, NIS: 1.1.17500.4</Data></EventData></Event>
<Event xmlns='http://schemas.microsoft.com/win/2004/08/events/event'><System><Provider Name='Microsoft-Windows-Windows Defender' Guid='{11cd958a-c507-4ef3-b3f2-5fd9dfbd2c78}'/><EventID>1116</EventID><Version>0</Version><Level>3</Level><Task>0</Task><Opcode>0</Opcode><Keywords>0x8000000000000000</Keywords><TimeCreated SystemTime='2020-10-16T08:32:10.746108900Z'/><EventRecordID>2769</EventRecordID><Correlation/><Execution ProcessID='6508' ThreadID='14012'/><Channel>Microsoft-Windows-Windows Defender/Operational</Channel><Computer>JIYEON-LAPTOP</Computer><Security UserID='S-1-5-18'/></System><EventData><Data Name='Product Name'>%%827</Data><Data Name='Product Version'>4.18.2009.7</Data><Data Name='Detection ID'>{955E5052-20D3-499B-9515-7E248FAE95EA}</Data><Data Name='Detection Time'>2020-10-16T08:32:10.743Z</Data><Data Name='Unused'></Data><Data Name='Unused2'></Data><Data Name='Threat ID'>2147694217</Data><Data Name='Threat Name'>Virus:Win32/MpTest!amsi</Data><Data Name='Severity ID'>5</Data><Data Name='Severity Name'>심각</Data><Data Name='Category ID'>42</Data><Data Name='Category Name'>바이러스</Data><Data Name='FWLink'>https://go.microsoft.com/fwlink/?linkid=37020&amp;name=Virus:Win32/MpTest!amsi&amp;threatid=2147694217&amp;enterprise=0</Data><Data Name='Status Code'>1</Data><Data Name='Status Description'></Data><Data Name='State'>1</Data><Data Name='Source ID'>2</Data><Data Name='Source Name'>%%820</Data><Data Name='Process Name'>Unknown</Data><Data Name='Detection User'>JIYEON-LAPTOP\kjy63</Data><Data Name='Unused3'></Data><Data Name='Path'></Data><Data Name='Origin ID'>0</Data><Data Name='Origin Name'>%%844</Data><Data Name='Execution ID'>0</Data><Data Name='Execution Name'>%%812</Data><Data Name='Type ID'>0</Data><Data Name='Type Name'>%%822</Data><Data Name='Pre Execution Status'>0</Data><Data Name='Action ID'>9</Data><Data Name='Action Name'>%%887</Data><Data Name='Unused4'></Data><Data Name='Error Code'>0x00000000</Data><Data Name='Error Description'>작업을 완료했습니다. </Data><Data Name='Unused5'></Data><Data Name='Post Clean Status'>0</Data><Data Name='Additional Actions ID'>0</Data><Data Name='Additional Actions String'>No additional actions required</Data><Data Name='Remediation User'></Data><Data Name='Unused6'></Data><Data Name='Security intelligence Version'>AV: 1.325.838.0, AS: 1.325.838.0, NIS: 1.325.838.0</Data><Data Name='Engine Version'>AM: 1.1.17500.4, NIS: 1.1.17500.4</Data></EventData></Event>
<Event xmlns='http://schemas.microsoft.com/win/2004/08/events/event'><System><Provider Name='Microsoft-Windows-Windows Defender' Guid='{11cd958a-c507-4ef3-b3f2-5fd9dfbd2c78}'/><EventID>1116</EventID><Version>0</Version><Level>3</Level><Task>0</Task><Opcode>0</Opcode><Keywords>0x8000000000000000</Keywords><TimeCreated SystemTime='2020-10-16T08:32:10.953759100Z'/><EventRecordID>2770</EventRecordID><Correlation ActivityID='{0ee70785-2c47-4596-b384-9a758d439cf4}'/><Execution ProcessID='6508' ThreadID='9980'/><Channel>Microsoft-Windows-Windows Defender/Operational</Channel><Computer>JIYEON-LAPTOP</Computer><Security UserID='S-1-5-18'/></System><EventData><Data Name='Product Name'>%%827</Data><Data Name='Product Version'>4.18.2009.7</Data><Data Name='Detection ID'>{083B6E26-4EF2-4390-B8C1-E1E5818FA80A}</Data><Data Name='Detection Time'>2020-10-16T08:32:10.951Z</Data><Data Name='Unused'></Data><Data Name='Unused2'></Data><Data Name='Threat ID'>2147694217</Data><Data Name='Threat Name'>Virus:Win32/MpTest!amsi</Data><Data Name='Severity ID'>5</Data><Data Name='Severity Name'>심각</Data><Data Name='Category ID'>42</Data><Data Name='Category Name'>바이러스</Data><Data Name='FWLink'>https://go.microsoft.com/fwlink/?linkid=37020&amp;name=Virus:Win32/MpTest!amsi&amp;threatid=2147694217&amp;enterprise=0</Data><Data Name='Status Code'>1</Data><Data Name='Status Description'></Data><Data Name='State'>1</Data><Data Name='Source ID'>10</Data><Data Name='Source Name'>%%897</Data><Data Name='Process Name'>C:\Windows\System32\WindowsPowerShell\v1.0\powershell.exe</Data><Data Name='Detection User'>JIYEON-LAPTOP\kjy63</Data><Data Name='Unused3'></Data><Data Name='Path'>amsi:_C:\Windows\System32\WindowsPowerShell\v1.0\powershell.exe</Data><Data Name='Origin ID'>0</Data><Data Name='Origin Name'>%%844</Data><Data Name='Execution ID'>1</Data><Data Name='Execution Name'>%%813</Data><Data Name='Type ID'>0</Data><Data Name='Type Name'>%%822</Data><Data Name='Pre Execution Status'>0</Data><Data Name='Action ID'>9</Data><Data Name='Action Name'>%%887</Data><Data Name='Unused4'></Data><Data Name='Error Code'>0x00000000</Data><Data Name='Error Description'>작업을 완료했습니다. </Data><Data Name='Unused5'></Data><Data Name='Post Clean Status'>0</Data><Data Name='Additional Actions ID'>0</Data><Data Name='Additional Actions String'>No additional actions required</Data><Data Name='Remediation User'></Data><Data Name='Unused6'></Data><Data Name='Security intelligence Version'>AV: 1.325.838.0, AS: 1.325.838.0, NIS: 1.325.838.0</Data><Data Name='Engine Version'>AM: 1.1.17500.4, NIS: 1.1.17500.4</Data></EventData></Event>
<Event xmlns='http://schemas.microsoft.com/win/2004/08/events/event'><System><Provider Name='Microsoft-Windows-Windows Defender' Guid='{11cd958a-c507-4ef3-b3f2-5fd9dfbd2c78}'/><EventID>1116</EventID><Version>0</Version><Level>3</Level><Task>0</Task><Opcode>0</Opcode><Keywords>0x8000000000000000</Keywords><TimeCreated SystemTime='2020-10-16T08:32:25.250608000Z'/><EventRecordID>2771</EventRecordID><Correlation ActivityID='{febf7266-f21f-4617-a6db-dbde8725f8a1}'/><Execution ProcessID='6508' ThreadID='8004'/><Channel>Microsoft-Windows-Windows Defender/Operational</Channel><Computer>JIYEON-LAPTOP</Computer><Security UserID='S-1-5-18'/></System><EventData><Data Name='Product Name'>%%827</Data><Data Name='Product Version'>4.18.2009.7</Data><Data Name='Detection ID'>{083B6E26-4EF2-4390-B8C1-E1E5818FA80A}</Data><Data Name='Detection Time'>2020-10-16T08:32:10.951Z</Data><Data Name='Unused'></Data><Data Name='Unused2'></Data><Data Name='Threat ID'>2147694217</Data><Data Name='Threat Name'>Virus:Win32/MpTest!amsi</Data><Data Name='Severity ID'>5</Data><Data Name='Severity Name'>심각</Data><Data Name='Category ID'>42</Data><Data Name='Category Name'>바이러스</Data><Data Name='FWLink'>https://go.microsoft.com/fwlink/?linkid=37020&amp;name=Virus:Win32/MpTest!amsi&amp;threatid=2147694217&amp;enterprise=0</Data><Data Name='Status Code'>1</Data><Data Name='Status Description'></Data><Data Name='State'>1</Data><Data Name='Source ID'>10</Data><Data Name='Source Name'>%%897</Data><Data Name='Process Name'>C:\Windows\System32\WindowsPowerShell\v1.0\powershell.exe</Data><Data Name='Detection User'>JIYEON-LAPTOP\kjy63</Data><Data Name='Unused3'></Data><Data Name='Path'>amsi:_C:\Windows\System32\WindowsPowerShell\v1.0\powershell.exe</Data><Data Name='Origin ID'>0</Data><Data Name='Origin Name'>%%844</Data><Data Name='Execution ID'>1</Data><Data Name='Execution Name'>%%813</Data><Data Name='Type ID'>0</Data><Data Name='Type Name'>%%822</Data><Data Name='Pre Execution Status'>0</Data><Data Name='Action ID'>9</Data><Data Name='Action Name'>%%887</Data><Data Name='Unused4'></Data><Data Name='Error Code'>0x00000000</Data><Data Name='Error Description'>작업을 완료했습니다. </Data><Data Name='Unused5'></Data><Data Name='Post Clean Status'>0</Data><Data Name='Additional Actions ID'>0</Data><Data Name='Additional Actions String'>No additional actions required</Data><Data Name='Remediation User'></Data><Data Name='Unused6'></Data><Data Name='Security intelligence Version'>AV: 1.325.838.0, AS: 1.325.838.0, NIS: 1.325.838.0</Data><Data Name='Engine Version'>AM: 1.1.17500.4, NIS: 1.1.17500.4</Data></EventData></Event>
