<Event xmlns='http://schemas.microsoft.com/win/2004/08/events/event'><System><Provider Name='Microsoft-Windows-Windows Defender' Guid='{11cd958a-c507-4ef3-b3f2-5fd9dfbd2c78}'/><EventID>1116</EventID><Version>0</Version><Level>3</Level><Task>0</Task><Opcode>0</Opcode><Keywords>0x8000000000000000</Keywords><TimeCreated SystemTime='2020-10-16T09:09:45.332886000Z'/><EventRecordID>2810</EventRecordID><Correlation/><Execution ProcessID='6508' ThreadID='5172'/><Channel>Microsoft-Windows-Windows Defender/Operational</Channel><Computer>JIYEON-LAPTOP</Computer><Security UserID='S-1-5-18'/></System><EventData><Data Name='Product Name'>%%827</Data><Data Name='Product Version'>4.18.2009.7</Data><Data Name='Detection ID'>{BDD058BE-0E3D-4F79-B9F3-B2EE5597979B}</Data><Data Name='Detection Time'>2020-10-16T09:09:45.322Z</Data><Data Name='Unused'></Data><Data Name='Unused2'></Data><Data Name='Threat ID'>2147694217</Data><Data Name='Threat Name'>Virus:Win32/MpTest!amsi</Data><Data Name='Severity ID'>5</Data><Data Name='Severity Name'>심각</Data><Data Name='Category ID'>42</Data><Data Name='Category Name'>바이러스</Data><Data Name='FWLink'>https://go.microsoft.com/fwlink/?linkid=37020&amp;name=Virus:Win32/MpTest!amsi&amp;threatid=2147694217&amp;enterprise=0</Data><Data Name='Status Code'>1</Data><Data Name='Status Description'></Data><Data Name='State'>1</Data><Data Name='Source ID'>2</Data><Data Name='Source Name'>%%820</Data><Data Name='Process Name'>Unknown</Data><Data Name='Detection User'>JIYEON-LAPTOP\kjy63</Data><Data Name='Unused3'></Data><Data Name='Path'></Data><Data Name='Origin ID'>0</Data><Data Name='Origin Name'>%%844</Data><Data Name='Execution ID'>0</Data><Data Name='Execution Name'>%%812</Data><Data Name='Type ID'>0</Data><Data Name='Type Name'>%%822</Data><Data Name='Pre Execution Status'>0</Data><Data Name='Action ID'>9</Data><Data Name='Action Name'>%%887</Data><Data Name='Unused4'></Data><Data Name='Error Code'>0x00000000</Data><Data Name='Error Description'>작업을 완료했습니다. </Data><Data Name='Unused5'></Data><Data Name='Post Clean Status'>0</Data><Data Name='Additional Actions ID'>0</Data><Data Name='Additional Actions String'>No additional actions required</Data><Data Name='Remediation User'></Data><Data Name='Unused6'></Data><Data Name='Security intelligence Version'>AV: 1.325.838.0, AS: 1.325.838.0, NIS: 1.325.838.0</Data><Data Name='Engine Version'>AM: 1.1.17500.4, NIS: 1.1.17500.4</Data></EventData></Event>
<Event xmlns='http://schemas.microsoft.com/win/2004/08/events/event'><System><Provider Name='Microsoft-Windows-Windows Defender' Guid='{11cd958a-c507-4ef3-b3f2-5fd9dfbd2c78}'/><EventID>1116</EventID><Version>0</Version><Level>3</Level><Task>0</Task><Opcode>0</Opcode><Keywords>0x8000000000000000</Keywords><TimeCreated SystemTime='2020-10-22T14:24:11.106224400Z'/><EventRecordID>2941</EventRecordID><Correlation ActivityID='{fadc3372-c39f-4fd8-8580-366636acffe7}'/><Execution ProcessID='6508' ThreadID='11684'/><Channel>Microsoft-Windows-Windows Defender/Operational</Channel><Computer>JIYEON-LAPTOP</Computer><Security UserID='S-1-5-18'/></System><EventData><Data Name='Product Name'>%%827</Data><Data Name='Product Version'>4.18.2009.7</Data><Data Name='Detection ID'>{7A059F25-9887-42C4-AD92-56CC9AEC8487}</Data><Data Name='Detection Time'>2020-10-22T14:24:11.084Z</Data><Data Name='Unused'></Data><Data Name='Unused2'></Data><Data Name='Threat ID'>2147718736</Data><Data Name='Threat Name'>Trojan:Win32/Fuery.C!cl</Data><Data Name='Severity ID'>5</Data><Data Name='Severity Name'>심각</Data><Data Name='Category ID'>8</Data><Data Name='Category Name'>트로이</Data><Data Name='FWLink'>https://go.microsoft.com/fwlink/?linkid=37020&amp;name=Trojan:Win32/Fuery.C!cl&amp;threatid=2147718736&amp;enterprise=0</Data><Data Name='Status Code'>1</Data><Data Name='Status Description'></Data><Data Name='State'>1</Data><Data Name='Source ID'>2</Data><Data Name='Source Name'>%%820</Data><Data Name='Process Name'>Unknown</Data><Data Name='Detection User'>NT AUTHORITY\SYSTEM</Data><Data Name='Unused3'></Data><Data Name='Path'>file:_C:\Users\kjy63\Desktop\? ?? ♥?? ?\Project\fileless 탐지 툴\dllexe_02\Debug\dllexe_02.exe</Data><Data Name='Origin ID'>1</Data><Data Name='Origin Name'>%%845</Data><Data Name='Execution ID'>0</Data><Data Name='Execution Name'>%%812</Data><Data Name='Type ID'>8</Data><Data Name='Type Name'>%%862</Data><Data Name='Pre Execution Status'>0</Data><Data Name='Action ID'>9</Data><Data Name='Action Name'>%%887</Data><Data Name='Unused4'></Data><Data Name='Error Code'>0x00000000</Data><Data Name='Error Description'>작업을 완료했습니다. </Data><Data Name='Unused5'></Data><Data Name='Post Clean Status'>0</Data><Data Name='Additional Actions ID'>0</Data><Data Name='Additional Actions String'>No additional actions required</Data><Data Name='Remediation User'></Data><Data Name='Unused6'></Data><Data Name='Security intelligence Version'>AV: 1.325.1164.0, AS: 1.325.1164.0, NIS: 1.325.1164.0</Data><Data Name='Engine Version'>AM: 1.1.17500.4, NIS: 1.1.17500.4</Data></EventData></Event>
<Event xmlns='http://schemas.microsoft.com/win/2004/08/events/event'><System><Provider Name='Microsoft-Windows-Windows Defender' Guid='{11cd958a-c507-4ef3-b3f2-5fd9dfbd2c78}'/><EventID>1116</EventID><Version>0</Version><Level>3</Level><Task>0</Task><Opcode>0</Opcode><Keywords>0x8000000000000000</Keywords><TimeCreated SystemTime='2020-10-26T05:24:37.634557700Z'/><EventRecordID>2988</EventRecordID><Correlation ActivityID='{b64a245a-44ea-4d93-9614-1f628319eec6}'/><Execution ProcessID='6508' ThreadID='17976'/><Channel>Microsoft-Windows-Windows Defender/Operational</Channel><Computer>JIYEON-LAPTOP</Computer><Security UserID='S-1-5-18'/></System><EventData><Data Name='Product Name'>%%827</Data><Data Name='Product Version'>4.18.2009.7</Data><Data Name='Detection ID'>{DD10647E-0BD9-4D40-92A3-A1A7FEDD0B68}</Data><Data Name='Detection Time'>2020-10-26T05:24:37.623Z</Data><Data Name='Unused'></Data><Data Name='Unused2'></Data><Data Name='Threat ID'>2147519003</Data><Data Name='Threat Name'>Virus:DOS/EICAR_Test_File</Data><Data Name='Severity ID'>5</Data><Data Name='Severity Name'>심각</Data><Data Name='Category ID'>42</Data><Data Name='Category Name'>바이러스</Data><Data Name='FWLink'>https://go.microsoft.com/fwlink/?linkid=37020&amp;name=Virus:DOS/EICAR_Test_File&amp;threatid=2147519003&amp;enterprise=0</Data><Data Name='Status Code'>1</Data><Data Name='Status Description'></Data><Data Name='State'>1</Data><Data Name='Source ID'>10</Data><Data Name='Source Name'>%%897</Data><Data Name='Process Name'>C:\Users\kjy63\Desktop\? ?? ♥?? ?\Project\fileless 탐지 툴\amsiScan_1024\Debug\amsiScan_1024.exe</Data><Data Name='Detection User'>JIYEON-LAPTOP\kjy63</Data><Data Name='Unused3'></Data><Data Name='Path'>amsi:_C:\Users\kjy63\Desktop\? ?? ♥?? ?\Project\fileless 탐지 툴\amsiScan_1024\Debug\amsiScan_1024.exe</Data><Data Name='Origin ID'>0</Data><Data Name='Origin Name'>%%844</Data><Data Name='Execution ID'>1</Data><Data Name='Execution Name'>%%813</Data><Data Name='Type ID'>0</Data><Data Name='Type Name'>%%822</Data><Data Name='Pre Execution Status'>0</Data><Data Name='Action ID'>9</Data><Data Name='Action Name'>%%887</Data><Data Name='Unused4'></Data><Data Name='Error Code'>0x00000000</Data><Data Name='Error Description'>작업을 완료했습니다. </Data><Data Name='Unused5'></Data><Data Name='Post Clean Status'>0</Data><Data Name='Additional Actions ID'>0</Data><Data Name='Additional Actions String'>No additional actions required</Data><Data Name='Remediation User'></Data><Data Name='Unused6'></Data><Data Name='Security intelligence Version'>AV: 1.325.1391.0, AS: 1.325.1391.0, NIS: 1.325.1391.0</Data><Data Name='Engine Version'>AM: 1.1.17500.4, NIS: 1.1.17500.4</Data></EventData></Event>
<Event xmlns='http://schemas.microsoft.com/win/2004/08/events/event'><System><Provider Name='Microsoft-Windows-Windows Defender' Guid='{11cd958a-c507-4ef3-b3f2-5fd9dfbd2c78}'/><EventID>1116</EventID><Version>0</Version><Level>3</Level><Task>0</Task><Opcode>0</Opcode><Keywords>0x8000000000000000</Keywords><TimeCreated SystemTime='2020-10-26T05:25:03.794210400Z'/><EventRecordID>2989</EventRecordID><Correlation ActivityID='{eb92c2cd-fa9f-4948-ae90-f50030b921d8}'/><Execution ProcessID='6508' ThreadID='12320'/><Channel>Microsoft-Windows-Windows Defender/Operational</Channel><Computer>JIYEON-LAPTOP</Computer><Security UserID='S-1-5-18'/></System><EventData><Data Name='Product Name'>%%827</Data><Data Name='Product Version'>4.18.2009.7</Data><Data Name='Detection ID'>{08ACB222-3BB0-4A03-9A62-79B0154AF8B6}</Data><Data Name='Detection Time'>2020-10-26T05:25:03.791Z</Data><Data Name='Unused'></Data><Data Name='Unused2'></Data><Data Name='Threat ID'>2147519003</Data><Data Name='Threat Name'>Virus:DOS/EICAR_Test_File</Data><Data Name='Severity ID'>5</Data><Data Name='Severity Name'>심각</Data><Data Name='Category ID'>42</Data><Data Name='Category Name'>바이러스</Data><Data Name='FWLink'>https://go.microsoft.com/fwlink/?linkid=37020&amp;name=Virus:DOS/EICAR_Test_File&amp;threatid=2147519003&amp;enterprise=0</Data><Data Name='Status Code'>1</Data><Data Name='Status Description'></Data><Data Name='State'>1</Data><Data Name='Source ID'>10</Data><Data Name='Source Name'>%%897</Data><Data Name='Process Name'>C:\Users\kjy63\Desktop\? ?? ♥?? ?\Project\fileless 탐지 툴\amsiScan_1024\Debug\amsiScan_1024.exe</Data><Data Name='Detection User'>JIYEON-LAPTOP\kjy63</Data><Data Name='Unused3'></Data><Data Name='Path'>amsi:_C:\Users\kjy63\Desktop\? ?? ♥?? ?\Project\fileless 탐지 툴\amsiScan_1024\Debug\amsiScan_1024.exe</Data><Data Name='Origin ID'>0</Data><Data Name='Origin Name'>%%844</Data><Data Name='Execution ID'>1</Data><Data Name='Execution Name'>%%813</Data><Data Name='Type ID'>0</Data><Data Name='Type Name'>%%822</Data><Data Name='Pre Execution Status'>0</Data><Data Name='Action ID'>9</Data><Data Name='Action Name'>%%887</Data><Data Name='Unused4'></Data><Data Name='Error Code'>0x00000000</Data><Data Name='Error Description'>작업을 완료했습니다. </Data><Data Name='Unused5'></Data><Data Name='Post Clean Status'>0</Data><Data Name='Additional Actions ID'>0</Data><Data Name='Additional Actions String'>No additional actions required</Data><Data Name='Remediation User'></Data><Data Name='Unused6'></Data><Data Name='Security intelligence Version'>AV: 1.325.1391.0, AS: 1.325.1391.0, NIS: 1.325.1391.0</Data><Data Name='Engine Version'>AM: 1.1.17500.4, NIS: 1.1.17500.4</Data></EventData></Event>
<Event xmlns='http://schemas.microsoft.com/win/2004/08/events/event'><System><Provider Name='Microsoft-Windows-Windows Defender' Guid='{11cd958a-c507-4ef3-b3f2-5fd9dfbd2c78}'/><EventID>1116</EventID><Version>0</Version><Level>3</Level><Task>0</Task><Opcode>0</Opcode><Keywords>0x8000000000000000</Keywords><TimeCreated SystemTime='2020-10-26T05:25:58.245186800Z'/><EventRecordID>2991</EventRecordID><Correlation/><Execution ProcessID='6508' ThreadID='19164'/><Channel>Microsoft-Windows-Windows Defender/Operational</Channel><Computer>JIYEON-LAPTOP</Computer><Security UserID='S-1-5-18'/></System><EventData><Data Name='Product Name'>%%827</Data><Data Name='Product Version'>4.18.2009.7</Data><Data Name='Detection ID'>{08ACB222-3BB0-4A03-9A62-79B0154AF8B6}</Data><Data Name='Detection Time'>2020-10-26T05:25:03.791Z</Data><Data Name='Unused'></Data><Data Name='Unused2'></Data><Data Name='Threat ID'>2147519003</Data><Data Name='Threat Name'>Virus:DOS/EICAR_Test_File</Data><Data Name='Severity ID'>5</Data><Data Name='Severity Name'>심각</Data><Data Name='Category ID'>42</Data><Data Name='Category Name'>바이러스</Data><Data Name='FWLink'>https://go.microsoft.com/fwlink/?linkid=37020&amp;name=Virus:DOS/EICAR_Test_File&amp;threatid=2147519003&amp;enterprise=0</Data><Data Name='Status Code'>1</Data><Data Name='Status Description'></Data><Data Name='State'>1</Data><Data Name='Source ID'>10</Data><Data Name='Source Name'>%%897</Data><Data Name='Process Name'>C:\Users\kjy63\Desktop\? ?? ♥?? ?\Project\fileless 탐지 툴\amsiScan_1024\Debug\amsiScan_1024.exe</Data><Data Name='Detection User'>JIYEON-LAPTOP\kjy63</Data><Data Name='Unused3'></Data><Data Name='Path'>amsi:_C:\Users\kjy63\Desktop\? ?? ♥?? ?\Project\fileless 탐지 툴\amsiScan_1024\Debug\amsiScan_1024.exe</Data><Data Name='Origin ID'>0</Data><Data Name='Origin Name'>%%844</Data><Data Name='Execution ID'>1</Data><Data Name='Execution Name'>%%813</Data><Data Name='Type ID'>0</Data><Data Name='Type Name'>%%822</Data><Data Name='Pre Execution Status'>0</Data><Data Name='Action ID'>9</Data><Data Name='Action Name'>%%887</Data><Data Name='Unused4'></Data><Data Name='Error Code'>0x00000000</Data><Data Name='Error Description'>작업을 완료했습니다. </Data><Data Name='Unused5'></Data><Data Name='Post Clean Status'>0</Data><Data Name='Additional Actions ID'>0</Data><Data Name='Additional Actions String'>No additional actions required</Data><Data Name='Remediation User'></Data><Data Name='Unused6'></Data><Data Name='Security intelligence Version'>AV: 1.325.1391.0, AS: 1.325.1391.0, NIS: 1.325.1391.0</Data><Data Name='Engine Version'>AM: 1.1.17500.4, NIS: 1.1.17500.4</Data></EventData></Event>
<Event xmlns='http://schemas.microsoft.com/win/2004/08/events/event'><System><Provider Name='Microsoft-Windows-Windows Defender' Guid='{11cd958a-c507-4ef3-b3f2-5fd9dfbd2c78}'/><EventID>1116</EventID><Version>0</Version><Level>3</Level><Task>0</Task><Opcode>0</Opcode><Keywords>0x8000000000000000</Keywords><TimeCreated SystemTime='2020-10-26T05:49:37.502218100Z'/><EventRecordID>2993</EventRecordID><Correlation ActivityID='{fa770ba9-6140-40d9-b58e-2572be796917}'/><Execution ProcessID='6508' ThreadID='1300'/><Channel>Microsoft-Windows-Windows Defender/Operational</Channel><Computer>JIYEON-LAPTOP</Computer><Security UserID='S-1-5-18'/></System><EventData><Data Name='Product Name'>%%827</Data><Data Name='Product Version'>4.18.2009.7</Data><Data Name='Detection ID'>{0B7A0A0A-541C-425B-BB06-6CA45D399E10}</Data><Data Name='Detection Time'>2020-10-26T05:49:37.498Z</Data><Data Name='Unused'></Data><Data Name='Unused2'></Data><Data Name='Threat ID'>2147519003</Data><Data Name='Threat Name'>Virus:DOS/EICAR_Test_File</Data><Data Name='Severity ID'>5</Data><Data Name='Severity Name'>심각</Data><Data Name='Category ID'>42</Data><Data Name='Category Name'>바이러스</Data><Data Name='FWLink'>https://go.microsoft.com/fwlink/?linkid=37020&amp;name=Virus:DOS/EICAR_Test_File&amp;threatid=2147519003&amp;enterprise=0</Data><Data Name='Status Code'>1</Data><Data Name='Status Description'></Data><Data Name='State'>1</Data><Data Name='Source ID'>10</Data><Data Name='Source Name'>%%897</Data><Data Name='Process Name'>C:\amsiScan_1024\Debug\amsiScan_1024.exe</Data><Data Name='Detection User'>JIYEON-LAPTOP\kjy63</Data><Data Name='Unused3'></Data><Data Name='Path'>amsi:_C:\amsiScan_1024\Debug\amsiScan_1024.exe</Data><Data Name='Origin ID'>0</Data><Data Name='Origin Name'>%%844</Data><Data Name='Execution ID'>1</Data><Data Name='Execution Name'>%%813</Data><Data Name='Type ID'>0</Data><Data Name='Type Name'>%%822</Data><Data Name='Pre Execution Status'>0</Data><Data Name='Action ID'>9</Data><Data Name='Action Name'>%%887</Data><Data Name='Unused4'></Data><Data Name='Error Code'>0x00000000</Data><Data Name='Error Description'>작업을 완료했습니다. </Data><Data Name='Unused5'></Data><Data Name='Post Clean Status'>0</Data><Data Name='Additional Actions ID'>0</Data><Data Name='Additional Actions String'>No additional actions required</Data><Data Name='Remediation User'></Data><Data Name='Unused6'></Data><Data Name='Security intelligence Version'>AV: 1.325.1391.0, AS: 1.325.1391.0, NIS: 1.325.1391.0</Data><Data Name='Engine Version'>AM: 1.1.17500.4, NIS: 1.1.17500.4</Data></EventData></Event>
<Event xmlns='http://schemas.microsoft.com/win/2004/08/events/event'><System><Provider Name='Microsoft-Windows-Windows Defender' Guid='{11cd958a-c507-4ef3-b3f2-5fd9dfbd2c78}'/><EventID>1116</EventID><Version>0</Version><Level>3</Level><Task>0</Task><Opcode>0</Opcode><Keywords>0x8000000000000000</Keywords><TimeCreated SystemTime='2020-10-27T16:37:25.978631000Z'/><EventRecordID>3051</EventRecordID><Correlation ActivityID='{2d0b9ef1-d05f-4e05-aba1-bfb108363b96}'/><Execution ProcessID='6508' ThreadID='11712'/><Channel>Microsoft-Windows-Windows Defender/Operational</Channel><Computer>JIYEON-LAPTOP</Computer><Security UserID='S-1-5-18'/></System><EventData><Data Name='Product Name'>%%827</Data><Data Name='Product Version'>4.18.2009.7</Data><Data Name='Detection ID'>{A40EDAB4-2023-46CC-A97C-382AD6031C5F}</Data><Data Name='Detection Time'>2020-10-27T16:37:25.973Z</Data><Data Name='Unused'></Data><Data Name='Unused2'></Data><Data Name='Threat ID'>2147694217</Data><Data Name='Threat Name'>Virus:Win32/MpTest!amsi</Data><Data Name='Severity ID'>5</Data><Data Name='Severity Name'>심각</Data><Data Name='Category ID'>42</Data><Data Name='Category Name'>바이러스</Data><Data Name='FWLink'>https://go.microsoft.com/fwlink/?linkid=37020&amp;name=Virus:Win32/MpTest!amsi&amp;threatid=2147694217&amp;enterprise=0</Data><Data Name='Status Code'>1</Data><Data Name='Status Description'></Data><Data Name='State'>1</Data><Data Name='Source ID'>10</Data><Data Name='Source Name'>%%897</Data><Data Name='Process Name'>C:\Windows\System32\WindowsPowerShell\v1.0\powershell.exe</Data><Data Name='Detection User'>JIYEON-LAPTOP\kjy63</Data><Data Name='Unused3'></Data><Data Name='Path'>amsi:_C:\Windows\System32\WindowsPowerShell\v1.0\powershell.exe</Data><Data Name='Origin ID'>0</Data><Data Name='Origin Name'>%%844</Data><Data Name='Execution ID'>1</Data><Data Name='Execution Name'>%%813</Data><Data Name='Type ID'>0</Data><Data Name='Type Name'>%%822</Data><Data Name='Pre Execution Status'>0</Data><Data Name='Action ID'>9</Data><Data Name='Action Name'>%%887</Data><Data Name='Unused4'></Data><Data Name='Error Code'>0x00000000</Data><Data Name='Error Description'>작업을 완료했습니다. </Data><Data Name='Unused5'></Data><Data Name='Post Clean Status'>0</Data><Data Name='Additional Actions ID'>0</Data><Data Name='Additional Actions String'>No additional actions required</Data><Data Name='Remediation User'></Data><Data Name='Unused6'></Data><Data Name='Security intelligence Version'>AV: 1.325.1502.0, AS: 1.325.1502.0, NIS: 1.325.1502.0</Data><Data Name='Engine Version'>AM: 1.1.17500.4, NIS: 1.1.17500.4</Data></EventData></Event>
<Event xmlns='http://schemas.microsoft.com/win/2004/08/events/event'><System><Provider Name='Microsoft-Windows-Windows Defender' Guid='{11cd958a-c507-4ef3-b3f2-5fd9dfbd2c78}'/><EventID>1116</EventID><Version>0</Version><Level>3</Level><Task>0</Task><Opcode>0</Opcode><Keywords>0x8000000000000000</Keywords><TimeCreated SystemTime='2020-10-27T16:37:30.980091800Z'/><EventRecordID>3052</EventRecordID><Correlation/><Execution ProcessID='6508' ThreadID='14324'/><Channel>Microsoft-Windows-Windows Defender/Operational</Channel><Computer>JIYEON-LAPTOP</Computer><Security UserID='S-1-5-18'/></System><EventData><Data Name='Product Name'>%%827</Data><Data Name='Product Version'>4.18.2009.7</Data><Data Name='Detection ID'>{D08060C1-1EC2-4703-9547-E744E58A15C1}</Data><Data Name='Detection Time'>2020-10-27T16:37:30.977Z</Data><Data Name='Unused'></Data><Data Name='Unused2'></Data><Data Name='Threat ID'>2147694217</Data><Data Name='Threat Name'>Virus:Win32/MpTest!amsi</Data><Data Name='Severity ID'>5</Data><Data Name='Severity Name'>심각</Data><Data Name='Category ID'>42</Data><Data Name='Category Name'>바이러스</Data><Data Name='FWLink'>https://go.microsoft.com/fwlink/?linkid=37020&amp;name=Virus:Win32/MpTest!amsi&amp;threatid=2147694217&amp;enterprise=0</Data><Data Name='Status Code'>1</Data><Data Name='Status Description'></Data><Data Name='State'>1</Data><Data Name='Source ID'>2</Data><Data Name='Source Name'>%%820</Data><Data Name='Process Name'>Unknown</Data><Data Name='Detection User'>JIYEON-LAPTOP\kjy63</Data><Data Name='Unused3'></Data><Data Name='Path'></Data><Data Name='Origin ID'>0</Data><Data Name='Origin Name'>%%844</Data><Data Name='Execution ID'>0</Data><Data Name='Execution Name'>%%812</Data><Data Name='Type ID'>0</Data><Data Name='Type Name'>%%822</Data><Data Name='Pre Execution Status'>0</Data><Data Name='Action ID'>9</Data><Data Name='Action Name'>%%887</Data><Data Name='Unused4'></Data><Data Name='Error Code'>0x00000000</Data><Data Name='Error Description'>작업을 완료했습니다. </Data><Data Name='Unused5'></Data><Data Name='Post Clean Status'>0</Data><Data Name='Additional Actions ID'>0</Data><Data Name='Additional Actions String'>No additional actions required</Data><Data Name='Remediation User'></Data><Data Name='Unused6'></Data><Data Name='Security intelligence Version'>AV: 1.325.1502.0, AS: 1.325.1502.0, NIS: 1.325.1502.0</Data><Data Name='Engine Version'>AM: 1.1.17500.4, NIS: 1.1.17500.4</Data></EventData></Event>
<Event xmlns='http://schemas.microsoft.com/win/2004/08/events/event'><System><Provider Name='Microsoft-Windows-Windows Defender' Guid='{11cd958a-c507-4ef3-b3f2-5fd9dfbd2c78}'/><EventID>1116</EventID><Version>0</Version><Level>3</Level><Task>0</Task><Opcode>0</Opcode><Keywords>0x8000000000000000</Keywords><TimeCreated SystemTime='2020-11-01T00:27:43.325641800Z'/><EventRecordID>3176</EventRecordID><Correlation ActivityID='{be586517-633f-493a-98e9-f75bfcdb8549}'/><Execution ProcessID='6508' ThreadID='20972'/><Channel>Microsoft-Windows-Windows Defender/Operational</Channel><Computer>JIYEON-LAPTOP</Computer><Security UserID='S-1-5-18'/></System><EventData><Data Name='Product Name'>%%827</Data><Data Name='Product Version'>4.18.2009.7</Data><Data Name='Detection ID'>{0B3AA5C8-791C-448F-9EF5-401416ED3971}</Data><Data Name='Detection Time'>2020-11-01T00:27:43.321Z</Data><Data Name='Unused'></Data><Data Name='Unused2'></Data><Data Name='Threat ID'>2147694217</Data><Data Name='Threat Name'>Virus:Win32/MpTest!amsi</Data><Data Name='Severity ID'>5</Data><Data Name='Severity Name'>심각</Data><Data Name='Category ID'>42</Data><Data Name='Category Name'>바이러스</Data><Data Name='FWLink'>https://go.microsoft.com/fwlink/?linkid=37020&amp;name=Virus:Win32/MpTest!amsi&amp;threatid=2147694217&amp;enterprise=0</Data><Data Name='Status Code'>1</Data><Data Name='Status Description'></Data><Data Name='State'>1</Data><Data Name='Source ID'>10</Data><Data Name='Source Name'>%%897</Data><Data Name='Process Name'>C:\Windows\System32\WindowsPowerShell\v1.0\powershell.exe</Data><Data Name='Detection User'>JIYEON-LAPTOP\kjy63</Data><Data Name='Unused3'></Data><Data Name='Path'>amsi:_C:\Windows\System32\WindowsPowerShell\v1.0\powershell.exe</Data><Data Name='Origin ID'>0</Data><Data Name='Origin Name'>%%844</Data><Data Name='Execution ID'>1</Data><Data Name='Execution Name'>%%813</Data><Data Name='Type ID'>0</Data><Data Name='Type Name'>%%822</Data><Data Name='Pre Execution Status'>0</Data><Data Name='Action ID'>9</Data><Data Name='Action Name'>%%887</Data><Data Name='Unused4'></Data><Data Name='Error Code'>0x00000000</Data><Data Name='Error Description'>작업을 완료했습니다. </Data><Data Name='Unused5'></Data><Data Name='Post Clean Status'>0</Data><Data Name='Additional Actions ID'>0</Data><Data Name='Additional Actions String'>No additional actions required</Data><Data Name='Remediation User'></Data><Data Name='Unused6'></Data><Data Name='Security intelligence Version'>AV: 1.327.61.0, AS: 1.327.61.0, NIS: 1.327.61.0</Data><Data Name='Engine Version'>AM: 1.1.17600.5, NIS: 1.1.17600.5</Data></EventData></Event>
<Event xmlns='http://schemas.microsoft.com/win/2004/08/events/event'><System><Provider Name='Microsoft-Windows-Windows Defender' Guid='{11cd958a-c507-4ef3-b3f2-5fd9dfbd2c78}'/><EventID>1116</EventID><Version>0</Version><Level>3</Level><Task>0</Task><Opcode>0</Opcode><Keywords>0x8000000000000000</Keywords><TimeCreated SystemTime='2020-11-01T00:27:48.333670600Z'/><EventRecordID>3177</EventRecordID><Correlation/><Execution ProcessID='6508' ThreadID='13104'/><Channel>Microsoft-Windows-Windows Defender/Operational</Channel><Computer>JIYEON-LAPTOP</Computer><Security UserID='S-1-5-18'/></System><EventData><Data Name='Product Name'>%%827</Data><Data Name='Product Version'>4.18.2009.7</Data><Data Name='Detection ID'>{75BF64FC-F404-418D-A9F0-753627BEB3C9}</Data><Data Name='Detection Time'>2020-11-01T00:27:48.326Z</Data><Data Name='Unused'></Data><Data Name='Unused2'></Data><Data Name='Threat ID'>2147694217</Data><Data Name='Threat Name'>Virus:Win32/MpTest!amsi</Data><Data Name='Severity ID'>5</Data><Data Name='Severity Name'>심각</Data><Data Name='Category ID'>42</Data><Data Name='Category Name'>바이러스</Data><Data Name='FWLink'>https://go.microsoft.com/fwlink/?linkid=37020&amp;name=Virus:Win32/MpTest!amsi&amp;threatid=2147694217&amp;enterprise=0</Data><Data Name='Status Code'>1</Data><Data Name='Status Description'></Data><Data Name='State'>1</Data><Data Name='Source ID'>2</Data><Data Name='Source Name'>%%820</Data><Data Name='Process Name'>Unknown</Data><Data Name='Detection User'>JIYEON-LAPTOP\kjy63</Data><Data Name='Unused3'></Data><Data Name='Path'></Data><Data Name='Origin ID'>0</Data><Data Name='Origin Name'>%%844</Data><Data Name='Execution ID'>0</Data><Data Name='Execution Name'>%%812</Data><Data Name='Type ID'>0</Data><Data Name='Type Name'>%%822</Data><Data Name='Pre Execution Status'>0</Data><Data Name='Action ID'>9</Data><Data Name='Action Name'>%%887</Data><Data Name='Unused4'></Data><Data Name='Error Code'>0x00000000</Data><Data Name='Error Description'>작업을 완료했습니다. </Data><Data Name='Unused5'></Data><Data Name='Post Clean Status'>0</Data><Data Name='Additional Actions ID'>0</Data><Data Name='Additional Actions String'>No additional actions required</Data><Data Name='Remediation User'></Data><Data Name='Unused6'></Data><Data Name='Security intelligence Version'>AV: 1.327.61.0, AS: 1.327.61.0, NIS: 1.327.61.0</Data><Data Name='Engine Version'>AM: 1.1.17600.5, NIS: 1.1.17600.5</Data></EventData></Event>
<Event xmlns='http://schemas.microsoft.com/win/2004/08/events/event'><System><Provider Name='Microsoft-Windows-Windows Defender' Guid='{11cd958a-c507-4ef3-b3f2-5fd9dfbd2c78}'/><EventID>1116</EventID><Version>0</Version><Level>3</Level><Task>0</Task><Opcode>0</Opcode><Keywords>0x8000000000000000</Keywords><TimeCreated SystemTime='2020-11-06T05:47:15.050346800Z'/><EventRecordID>3340</EventRecordID><Correlation ActivityID='{7f771737-4402-4360-aeb3-bd542eb4daa3}'/><Execution ProcessID='6052' ThreadID='10000'/><Channel>Microsoft-Windows-Windows Defender/Operational</Channel><Computer>JIYEON-LAPTOP</Computer><Security UserID='S-1-5-18'/></System><EventData><Data Name='Product Name'>%%827</Data><Data Name='Product Version'>4.18.2009.7</Data><Data Name='Detection ID'>{E6D7675D-EDB9-4D87-85B4-5E2A53242E66}</Data><Data Name='Detection Time'>2020-11-06T05:47:15.042Z</Data><Data Name='Unused'></Data><Data Name='Unused2'></Data><Data Name='Threat ID'>2147519003</Data><Data Name='Threat Name'>Virus:DOS/EICAR_Test_File</Data><Data Name='Severity ID'>5</Data><Data Name='Severity Name'>심각</Data><Data Name='Category ID'>42</Data><Data Name='Category Name'>바이러스</Data><Data Name='FWLink'>https://go.microsoft.com/fwlink/?linkid=37020&amp;name=Virus:DOS/EICAR_Test_File&amp;threatid=2147519003&amp;enterprise=0</Data><Data Name='Status Code'>1</Data><Data Name='Status Description'></Data><Data Name='State'>1</Data><Data Name='Source ID'>10</Data><Data Name='Source Name'>%%897</Data><Data Name='Process Name'>C:\Users\kjy63\Desktop\? ?? ♥?? ?\Project\fileless 탐지 툴\amsiScan_1024\Debug\amsiScan_1024.exe</Data><Data Name='Detection User'>JIYEON-LAPTOP\kjy63</Data><Data Name='Unused3'></Data><Data Name='Path'>amsi:_C:\Users\kjy63\Desktop\? ?? ♥?? ?\Project\fileless 탐지 툴\amsiScan_1024\Debug\amsiScan_1024.exe</Data><Data Name='Origin ID'>0</Data><Data Name='Origin Name'>%%844</Data><Data Name='Execution ID'>1</Data><Data Name='Execution Name'>%%813</Data><Data Name='Type ID'>0</Data><Data Name='Type Name'>%%822</Data><Data Name='Pre Execution Status'>0</Data><Data Name='Action ID'>9</Data><Data Name='Action Name'>%%887</Data><Data Name='Unused4'></Data><Data Name='Error Code'>0x00000000</Data><Data Name='Error Description'>작업을 완료했습니다. </Data><Data Name='Unused5'></Data><Data Name='Post Clean Status'>0</Data><Data Name='Additional Actions ID'>0</Data><Data Name='Additional Actions String'>No additional actions required</Data><Data Name='Remediation User'></Data><Data Name='Unused6'></Data><Data Name='Security intelligence Version'>AV: 1.327.366.0, AS: 1.327.366.0, NIS: 1.327.366.0</Data><Data Name='Engine Version'>AM: 1.1.17600.5, NIS: 1.1.17600.5</Data></EventData></Event>
<Event xmlns='http://schemas.microsoft.com/win/2004/08/events/event'><System><Provider Name='Microsoft-Windows-Windows Defender' Guid='{11cd958a-c507-4ef3-b3f2-5fd9dfbd2c78}'/><EventID>1116</EventID><Version>0</Version><Level>3</Level><Task>0</Task><Opcode>0</Opcode><Keywords>0x8000000000000000</Keywords><TimeCreated SystemTime='2020-11-10T00:06:21.967653800Z'/><EventRecordID>3500</EventRecordID><Correlation ActivityID='{3656e1a4-9721-480e-9118-6b0604db9725}'/><Execution ProcessID='7740' ThreadID='12608'/><Channel>Microsoft-Windows-Windows Defender/Operational</Channel><Computer>JIYEON-LAPTOP</Computer><Security UserID='S-1-5-18'/></System><EventData><Data Name='Product Name'>Windows Defender 바이러스 백신</Data><Data Name='Product Version'>4.18.2010.7</Data><Data Name='Detection ID'>{3DDB8EA0-634C-4CA2-A9C8-1C6203B6C372}</Data><Data Name='Detection Time'>2020-11-10T00:06:21.947Z</Data><Data Name='Unused'></Data><Data Name='Unused2'></Data><Data Name='Threat ID'>2147694217</Data><Data Name='Threat Name'>Virus:Win32/MpTest!amsi</Data><Data Name='Severity ID'>5</Data><Data Name='Severity Name'>심각</Data><Data Name='Category ID'>42</Data><Data Name='Category Name'>바이러스</Data><Data Name='FWLink'>https://go.microsoft.com/fwlink/?linkid=37020&amp;name=Virus:Win32/MpTest!amsi&amp;threatid=2147694217&amp;enterprise=0</Data><Data Name='Status Code'>1</Data><Data Name='Status Description'></Data><Data Name='State'>1</Data><Data Name='Source ID'>10</Data><Data Name='Source Name'>AMSI</Data><Data Name='Process Name'>C:\Windows\System32\WindowsPowerShell\v1.0\powershell.exe</Data><Data Name='Detection User'>JIYEON-LAPTOP\kjy63</Data><Data Name='Unused3'></Data><Data Name='Path'>amsi:_C:\Windows\System32\WindowsPowerShell\v1.0\powershell.exe</Data><Data Name='Origin ID'>0</Data><Data Name='Origin Name'>알 수 없음</Data><Data Name='Execution ID'>1</Data><Data Name='Execution Name'>일시 중단</Data><Data Name='Type ID'>0</Data><Data Name='Type Name'>구체적</Data><Data Name='Pre Execution Status'>0</Data><Data Name='Action ID'>9</Data><Data Name='Action Name'>해당 없음</Data><Data Name='Unused4'></Data><Data Name='Error Code'>0x00000000</Data><Data Name='Error Description'>작업을 완료했습니다. </Data><Data Name='Unused5'></Data><Data Name='Post Clean Status'>0</Data><Data Name='Additional Actions ID'>0</Data><Data Name='Additional Actions String'>No additional actions required</Data><Data Name='Remediation User'></Data><Data Name='Unused6'></Data><Data Name='Security intelligence Version'>AV: 1.327.607.0, AS: 1.327.607.0, NIS: 1.327.607.0</Data><Data Name='Engine Version'>AM: 1.1.17600.5, NIS: 1.1.17600.5</Data></EventData></Event>
<Event xmlns='http://schemas.microsoft.com/win/2004/08/events/event'><System><Provider Name='Microsoft-Windows-Windows Defender' Guid='{11cd958a-c507-4ef3-b3f2-5fd9dfbd2c78}'/><EventID>1116</EventID><Version>0</Version><Level>3</Level><Task>0</Task><Opcode>0</Opcode><Keywords>0x8000000000000000</Keywords><TimeCreated SystemTime='2020-11-10T00:06:26.975798400Z'/><EventRecordID>3501</EventRecordID><Correlation/><Execution ProcessID='7740' ThreadID='4576'/><Channel>Microsoft-Windows-Windows Defender/Operational</Channel><Computer>JIYEON-LAPTOP</Computer><Security UserID='S-1-5-18'/></System><EventData><Data Name='Product Name'>Windows Defender 바이러스 백신</Data><Data Name='Product Version'>4.18.2010.7</Data><Data Name='Detection ID'>{1023DF89-5611-4FC4-AEC5-0DFA66ACD5BA}</Data><Data Name='Detection Time'>2020-11-10T00:06:26.958Z</Data><Data Name='Unused'></Data><Data Name='Unused2'></Data><Data Name='Threat ID'>2147694217</Data><Data Name='Threat Name'>Virus:Win32/MpTest!amsi</Data><Data Name='Severity ID'>5</Data><Data Name='Severity Name'>심각</Data><Data Name='Category ID'>42</Data><Data Name='Category Name'>바이러스</Data><Data Name='FWLink'>https://go.microsoft.com/fwlink/?linkid=37020&amp;name=Virus:Win32/MpTest!amsi&amp;threatid=2147694217&amp;enterprise=0</Data><Data Name='Status Code'>1</Data><Data Name='Status Description'></Data><Data Name='State'>1</Data><Data Name='Source ID'>2</Data><Data Name='Source Name'>시스템</Data><Data Name='Process Name'>Unknown</Data><Data Name='Detection User'>JIYEON-LAPTOP\kjy63</Data><Data Name='Unused3'></Data><Data Name='Path'></Data><Data Name='Origin ID'>0</Data><Data Name='Origin Name'>알 수 없음</Data><Data Name='Execution ID'>0</Data><Data Name='Execution Name'>알 수 없음</Data><Data Name='Type ID'>0</Data><Data Name='Type Name'>구체적</Data><Data Name='Pre Execution Status'>0</Data><Data Name='Action ID'>9</Data><Data Name='Action Name'>해당 없음</Data><Data Name='Unused4'></Data><Data Name='Error Code'>0x00000000</Data><Data Name='Error Description'>작업을 완료했습니다. </Data><Data Name='Unused5'></Data><Data Name='Post Clean Status'>0</Data><Data Name='Additional Actions ID'>0</Data><Data Name='Additional Actions String'>No additional actions required</Data><Data Name='Remediation User'></Data><Data Name='Unused6'></Data><Data Name='Security intelligence Version'>AV: 1.327.607.0, AS: 1.327.607.0, NIS: 1.327.607.0</Data><Data Name='Engine Version'>AM: 1.1.17600.5, NIS: 1.1.17600.5</Data></EventData></Event>
</Events>
