<Event xmlns='http://schemas.microsoft.com/win/2004/08/events/event'><System><Provider Name='Microsoft-Windows-Windows Defender' Guid='{11cd958a-c507-4ef3-b3f2-5fd9dfbd2c78}'/><EventID>1116</EventID><Version>0</Version><Level>3</Level><Task>0</Task><Opcode>0</Opcode><Keywords>0x8000000000000000</Keywords><TimeCreated SystemTime='2020-10-16T08:32:36.093214000Z'/><EventRecordID>2774</EventRecordID><Correlation/><Execution ProcessID='6508' ThreadID='14012'/><Channel>Microsoft-Windows-Windows Defender/Operational</Channel><Computer>JIYEON-LAPTOP</Computer><Security UserID='S-1-5-18'/></System><EventData><Data Name='Product Name'>%%827</Data><Data Name='Product Version'>4.18.2009.7</Data><Data Name='Detection ID'>{083B6E26-4EF2-4390-B8C1-E1E5818FA80A}</Data><Data Name='Detection Time'>2020-10-16T08:32:10.951Z</Data><Data Name='Unused'></Data><Data Name='Unused2'></Data><Data Name='Threat ID'>2147694217</Data><Data Name='Threat Name'>Virus:Win32/MpTest!amsi</Data><Data Name='Severity ID'>5</Data><Data Name='Severity Name'>심각</Data><Data Name='Category ID'>42</Data><Data Name='Category Name'>바이러스</Data><Data Name='FWLink'>https://go.microsoft.com/fwlink/?linkid=37020&amp;name=Virus:Win32/MpTest!amsi&amp;threatid=2147694217&amp;enterprise=0</Data><Data Name='Status Code'>1</Data><Data Name='Status Description'></Data><Data Name='State'>1</Data><Data Name='Source ID'>10</Data><Data Name='Source Name'>%%897</Data><Data Name='Process Name'>C:\Windows\System32\WindowsPowerShell\v1.0\powershell.exe</Data><Data Name='Detection User'>JIYEON-LAPTOP\kjy63</Data><Data Name='Unused3'></Data><Data Name='Path'>amsi:_C:\Windows\System32\WindowsPowerShell\v1.0\powershell.exe</Data><Data Name='Origin ID'>0</Data><Data Name='Origin Name'>%%844</Data><Data Name='Execution ID'>1</Data><Data Name='Execution Name'>%%813</Data><Data Name='Type ID'>0</Data><Data Name='Type Name'>%%822</Data><Data Name='Pre Execution Status'>0</Data><Data Name='Action ID'>9</Data><Data Name='Action Name'>%%887</Data><Data Name='Unused4'></Data><Data Name='Error Code'>0x00000000</Data><Data Name='Error Description'>작업을 완료했습니다. </Data><Data Name='Unused5'></Data><Data Name='Post Clean Status'>0</Data><Data Name='Additional Actions ID'>0</Data><Data Name='Additional Actions String'>No additional actions required</Data><Data Name='Remediation User'></Data><Data Name='Unused6'></Data><Data Name='Security intelligence Version'>AV: 1.325.838.0, AS: 1.325.838.0, NIS: 1.325.838.0</Data><Data Name='Engine Version'>AM: 1.1.17500.4, NIS: 1.1.17500.4</Data></EventData></Event>
<Event xmlns='http://schemas.microsoft.com/win/2004/08/events/event'><System><Provider Name='Microsoft-Windows-Windows Defender' Guid='{11cd958a-c507-4ef3-b3f2-5fd9dfbd2c78}'/><EventID>1116</EventID><Version>0</Version><Level>3</Level><Task>0</Task><Opcode>0</Opcode><Keywords>0x8000000000000000</Keywords><TimeCreated SystemTime='2020-10-16T08:32:36.100501500Z'/><EventRecordID>2775</EventRecordID><Correlation/><Execution ProcessID='6508' ThreadID='14012'/><Channel>Microsoft-Windows-Windows Defender/Operational</Channel><Computer>JIYEON-LAPTOP</Computer><Security UserID='S-1-5-18'/></System><EventData><Data Name='Product Name'>%%827</Data><Data Name='Product Version'>4.18.2009.7</Data><Data Name='Detection ID'>{D2680E78-5C4B-4063-812C-354535103E7F}</Data><Data Name='Detection Time'>2020-10-16T08:32:36.097Z</Data><Data Name='Unused'></Data><Data Name='Unused2'></Data><Data Name='Threat ID'>2147694217</Data><Data Name='Threat Name'>Virus:Win32/MpTest!amsi</Data><Data Name='Severity ID'>5</Data><Data Name='Severity Name'>심각</Data><Data Name='Category ID'>42</Data><Data Name='Category Name'>바이러스</Data><Data Name='FWLink'>https://go.microsoft.com/fwlink/?linkid=37020&amp;name=Virus:Win32/MpTest!amsi&amp;threatid=2147694217&amp;enterprise=0</Data><Data Name='Status Code'>1</Data><Data Name='Status Description'></Data><Data Name='State'>1</Data><Data Name='Source ID'>2</Data><Data Name='Source Name'>%%820</Data><Data Name='Process Name'>Unknown</Data><Data Name='Detection User'>JIYEON-LAPTOP\kjy63</Data><Data Name='Unused3'></Data><Data Name='Path'></Data><Data Name='Origin ID'>0</Data><Data Name='Origin Name'>%%844</Data><Data Name='Execution ID'>0</Data><Data Name='Execution Name'>%%812</Data><Data Name='Type ID'>0</Data><Data Name='Type Name'>%%822</Data><Data Name='Pre Execution Status'>0</Data><Data Name='Action ID'>9</Data><Data Name='Action Name'>%%887</Data><Data Name='Unused4'></Data><Data Name='Error Code'>0x00000000</Data><Data Name='Error Description'>작업을 완료했습니다. </Data><Data Name='Unused5'></Data><Data Name='Post Clean Status'>0</Data><Data Name='Additional Actions ID'>0</Data><Data Name='Additional Actions String'>No additional actions required</Data><Data Name='Remediation User'></Data><Data Name='Unused6'></Data><Data Name='Security intelligence Version'>AV: 1.325.838.0, AS: 1.325.838.0, NIS: 1.325.838.0</Data><Data Name='Engine Version'>AM: 1.1.17500.4, NIS: 1.1.17500.4</Data></EventData></Event>
<Event xmlns='http://schemas.microsoft.com/win/2004/08/events/event'><System><Provider Name='Microsoft-Windows-Windows Defender' Guid='{11cd958a-c507-4ef3-b3f2-5fd9dfbd2c78}'/><EventID>1116</EventID><Version>0</Version><Level>3</Level><Task>0</Task><Opcode>0</Opcode><Keywords>0x8000000000000000</Keywords><TimeCreated SystemTime='2020-10-16T08:32:36.101680700Z'/><EventRecordID>2776</EventRecordID><Correlation/><Execution ProcessID='6508' ThreadID='14012'/><Channel>Microsoft-Windows-Windows Defender/Operational</Channel><Computer>JIYEON-LAPTOP</Computer><Security UserID='S-1-5-18'/></System><EventData><Data Name='Product Name'>%%827</Data><Data Name='Product Version'>4.18.2009.7</Data><Data Name='Detection ID'>{D2680E78-5C4B-4063-812C-354535103E7F}</Data><Data Name='Detection Time'>2020-10-16T08:32:36.097Z</Data><Data Name='Unused'></Data><Data Name='Unused2'></Data><Data Name='Threat ID'>2147694217</Data><Data Name='Threat Name'>Virus:Win32/MpTest!amsi</Data><Data Name='Severity ID'>5</Data><Data Name='Severity Name'>심각</Data><Data Name='Category ID'>42</Data><Data Name='Category Name'>바이러스</Data><Data Name='FWLink'>https://go.microsoft.com/fwlink/?linkid=37020&amp;name=Virus:Win32/MpTest!amsi&amp;threatid=2147694217&amp;enterprise=0</Data><Data Name='Status Code'>1</Data><Data Name='Status Description'></Data><Data Name='State'>1</Data><Data Name='Source ID'>2</Data><Data Name='Source Name'>%%820</Data><Data Name='Process Name'>Unknown</Data><Data Name='Detection User'>JIYEON-LAPTOP\kjy63</Data><Data Name='Unused3'></Data><Data Name='Path'></Data><Data Name='Origin ID'>0</Data><Data Name='Origin Name'>%%844</Data><Data Name='Execution ID'>0</Data><Data Name='Execution Name'>%%812</Data><Data Name='Type ID'>0</Data><Data Name='Type Name'>%%822</Data><Data Name='Pre Execution Status'>0</Data><Data Name='Action ID'>9</Data><Data Name='Action Name'>%%887</Data><Data Name='Unused4'></Data><Data Name='Error Code'>0x00000000</Data><Data Name='Error Description'>작업을 완료했습니다. </Data><Data Name='Unused5'></Data><Data Name='Post Clean Status'>0</Data><Data Name='Additional Actions ID'>0</Data><Data Name='Additional Actions String'>No additional actions required</Data><Data Name='Remediation User'></Data><Data Name='Unused6'></Data><Data Name='Security intelligence Version'>AV: 1.325.838.0, AS: 1.325.838.0, NIS: 1.325.838.0</Data><Data Name='Engine Version'>AM: 1.1.17500.4, NIS: 1.1.17500.4</Data></EventData></Event>
<Event xmlns='http://schemas.microsoft.com/win/2004/08/events/event'><System><Provider Name='Microsoft-Windows-Windows Defender' Guid='{11cd958a-c507-4ef3-b3f2-5fd9dfbd2c78}'/><EventID>1116</EventID><Version>0</Version><Level>3</Level><Task>0</Task><Opcode>0</Opcode><Keywords>0x8000000000000000</Keywords><TimeCreated SystemTime='2020-10-16T08:32:44.879337600Z'/><EventRecordID>2777</EventRecordID><Correlation ActivityID='{eb7aa9c7-18d7-46ed-bcc1-5e1afa14b476}'/><Execution ProcessID='6508' ThreadID='14220'/><Channel>Microsoft-Windows-Windows Defender/Operational</Channel><Computer>JIYEON-LAPTOP</Computer><Security UserID='S-1-5-18'/></System><EventData><Data Name='Product Name'>%%827</Data><Data Name='Product Version'>4.18.2009.7</Data><Data Name='Detection ID'>{B802F043-99C2-40AF-A6E2-D849A3EE9F31}</Data><Data Name='Detection Time'>2020-10-16T08:32:44.877Z</Data><Data Name='Unused'></Data><Data Name='Unused2'></Data><Data Name='Threat ID'>2147694217</Data><Data Name='Threat Name'>Virus:Win32/MpTest!amsi</Data><Data Name='Severity ID'>5</Data><Data Name='Severity Name'>심각</Data><Data Name='Category ID'>42</Data><Data Name='Category Name'>바이러스</Data><Data Name='FWLink'>https://go.microsoft.com/fwlink/?linkid=37020&amp;name=Virus:Win32/MpTest!amsi&amp;threatid=2147694217&amp;enterprise=0</Data><Data Name='Status Code'>1</Data><Data Name='Status Description'></Data><Data Name='State'>1</Data><Data Name='Source ID'>10</Data><Data Name='Source Name'>%%897</Data><Data Name='Process Name'>C:\Windows\System32\WindowsPowerShell\v1.0\powershell.exe</Data><Data Name='Detection User'>JIYEON-LAPTOP\kjy63</Data><Data Name='Unused3'></Data><Data Name='Path'>amsi:_C:\Windows\System32\WindowsPowerShell\v1.0\powershell.exe</Data><Data Name='Origin ID'>0</Data><Data Name='Origin Name'>%%844</Data><Data Name='Execution ID'>1</Data><Data Name='Execution Name'>%%813</Data><Data Name='Type ID'>0</Data><Data Name='Type Name'>%%822</Data><Data Name='Pre Execution Status'>0</Data><Data Name='Action ID'>9</Data><Data Name='Action Name'>%%887</Data><Data Name='Unused4'></Data><Data Name='Error Code'>0x00000000</Data><Data Name='Error Description'>작업을 완료했습니다. </Data><Data Name='Unused5'></Data><Data Name='Post Clean Status'>0</Data><Data Name='Additional Actions ID'>0</Data><Data Name='Additional Actions String'>No additional actions required</Data><Data Name='Remediation User'></Data><Data Name='Unused6'></Data><Data Name='Security intelligence Version'>AV: 1.325.838.0, AS: 1.325.838.0, NIS: 1.325.838.0</Data><Data Name='Engine Version'>AM: 1.1.17500.4, NIS: 1.1.17500.4</Data></EventData></Event>
<Event xmlns='http://schemas.microsoft.com/win/2004/08/events/event'><System><Provider Name='Microsoft-Windows-Windows Defender' Guid='{11cd958a-c507-4ef3-b3f2-5fd9dfbd2c78}'/><EventID>1116</EventID><Version>0</Version><Level>3</Level><Task>0</Task><Opcode>0</Opcode><Keywords>0x8000000000000000</Keywords><TimeCreated SystemTime='2020-10-16T08:33:02.119524600Z'/><EventRecordID>2781</EventRecordID><Correlation/><Execution ProcessID='6508' ThreadID='14012'/><Channel>Microsoft-Windows-Windows Defender/Operational</Channel><Computer>JIYEON-LAPTOP</Computer><Security UserID='S-1-5-18'/></System><EventData><Data Name='Product Name'>%%827</Data><Data Name='Product Version'>4.18.2009.7</Data><Data Name='Detection ID'>{B802F043-99C2-40AF-A6E2-D849A3EE9F31}</Data><Data Name='Detection Time'>2020-10-16T08:32:44.877Z</Data><Data Name='Unused'></Data><Data Name='Unused2'></Data><Data Name='Threat ID'>2147694217</Data><Data Name='Threat Name'>Virus:Win32/MpTest!amsi</Data><Data Name='Severity ID'>5</Data><Data Name='Severity Name'>심각</Data><Data Name='Category ID'>42</Data><Data Name='Category Name'>바이러스</Data><Data Name='FWLink'>https://go.microsoft.com/fwlink/?linkid=37020&amp;name=Virus:Win32/MpTest!amsi&amp;threatid=2147694217&amp;enterprise=0</Data><Data Name='Status Code'>1</Data><Data Name='Status Description'></Data><Data Name='State'>1</Data><Data Name='Source ID'>10</Data><Data Name='Source Name'>%%897</Data><Data Name='Process Name'>C:\Windows\System32\WindowsPowerShell\v1.0\powershell.exe</Data><Data Name='Detection User'>JIYEON-LAPTOP\kjy63</Data><Data Name='Unused3'></Data><Data Name='Path'>amsi:_C:\Windows\System32\WindowsPowerShell\v1.0\powershell.exe</Data><Data Name='Origin ID'>0</Data><Data Name='Origin Name'>%%844</Data><Data Name='Execution ID'>1</Data><Data Name='Execution Name'>%%813</Data><Data Name='Type ID'>0</Data><Data Name='Type Name'>%%822</Data><Data Name='Pre Execution Status'>0</Data><Data Name='Action ID'>9</Data><Data Name='Action Name'>%%887</Data><Data Name='Unused4'></Data><Data Name='Error Code'>0x00000000</Data><Data Name='Error Description'>작업을 완료했습니다. </Data><Data Name='Unused5'></Data><Data Name='Post Clean Status'>0</Data><Data Name='Additional Actions ID'>0</Data><Data Name='Additional Actions String'>No additional actions required</Data><Data Name='Remediation User'></Data><Data Name='Unused6'></Data><Data Name='Security intelligence Version'>AV: 1.325.838.0, AS: 1.325.838.0, NIS: 1.325.838.0</Data><Data Name='Engine Version'>AM: 1.1.17500.4, NIS: 1.1.17500.4</Data></EventData></Event>
<Event xmlns='http://schemas.microsoft.com/win/2004/08/events/event'><System><Provider Name='Microsoft-Windows-Windows Defender' Guid='{11cd958a-c507-4ef3-b3f2-5fd9dfbd2c78}'/><EventID>1116</EventID><Version>0</Version><Level>3</Level><Task>0</Task><Opcode>0</Opcode><Keywords>0x8000000000000000</Keywords><TimeCreated SystemTime='2020-10-16T08:33:02.126508900Z'/><EventRecordID>2782</EventRecordID><Correlation/><Execution ProcessID='6508' ThreadID='14012'/><Channel>Microsoft-Windows-Windows Defender/Operational</Channel><Computer>JIYEON-LAPTOP</Computer><Security UserID='S-1-5-18'/></System><EventData><Data Name='Product Name'>%%827</Data><Data Name='Product Version'>4.18.2009.7</Data><Data Name='Detection ID'>{ABAEF4A1-6BE4-4F3B-90A8-785FA75E8C67}</Data><Data Name='Detection Time'>2020-10-16T08:33:02.122Z</Data><Data Name='Unused'></Data><Data Name='Unused2'></Data><Data Name='Threat ID'>2147694217</Data><Data Name='Threat Name'>Virus:Win32/MpTest!amsi</Data><Data Name='Severity ID'>5</Data><Data Name='Severity Name'>심각</Data><Data Name='Category ID'>42</Data><Data Name='Category Name'>바이러스</Data><Data Name='FWLink'>https://go.microsoft.com/fwlink/?linkid=37020&amp;name=Virus:Win32/MpTest!amsi&amp;threatid=2147694217&amp;enterprise=0</Data><Data Name='Status Code'>1</Data><Data Name='Status Description'></Data><Data Name='State'>1</Data><Data Name='Source ID'>2</Data><Data Name='Source Name'>%%820</Data><Data Name='Process Name'>Unknown</Data><Data Name='Detection User'>JIYEON-LAPTOP\kjy63</Data><Data Name='Unused3'></Data><Data Name='Path'></Data><Data Name='Origin ID'>0</Data><Data Name='Origin Name'>%%844</Data><Data Name='Execution ID'>0</Data><Data Name='Execution Name'>%%812</Data><Data Name='Type ID'>0</Data><Data Name='Type Name'>%%822</Data><Data Name='Pre Execution Status'>0</Data><Data Name='Action ID'>9</Data><Data Name='Action Name'>%%887</Data><Data Name='Unused4'></Data><Data Name='Error Code'>0x00000000</Data><Data Name='Error Description'>작업을 완료했습니다. </Data><Data Name='Unused5'></Data><Data Name='Post Clean Status'>0</Data><Data Name='Additional Actions ID'>0</Data><Data Name='Additional Actions String'>No additional actions required</Data><Data Name='Remediation User'></Data><Data Name='Unused6'></Data><Data Name='Security intelligence Version'>AV: 1.325.838.0, AS: 1.325.838.0, NIS: 1.325.838.0</Data><Data Name='Engine Version'>AM: 1.1.17500.4, NIS: 1.1.17500.4</Data></EventData></Event>
<Event xmlns='http://schemas.microsoft.com/win/2004/08/events/event'><System><Provider Name='Microsoft-Windows-Windows Defender' Guid='{11cd958a-c507-4ef3-b3f2-5fd9dfbd2c78}'/><EventID>1116</EventID><Version>0</Version><Level>3</Level><Task>0</Task><Opcode>0</Opcode><Keywords>0x8000000000000000</Keywords><TimeCreated SystemTime='2020-10-16T08:33:38.307836800Z'/><EventRecordID>2785</EventRecordID><Correlation ActivityID='{41345fcc-dd7d-41e2-a387-8cfe883deb7c}'/><Execution ProcessID='6508' ThreadID='7704'/><Channel>Microsoft-Windows-Windows Defender/Operational</Channel><Computer>JIYEON-LAPTOP</Computer><Security UserID='S-1-5-18'/></System><EventData><Data Name='Product Name'>%%827</Data><Data Name='Product Version'>4.18.2009.7</Data><Data Name='Detection ID'>{69BB43B4-4DA1-414D-AFDB-38F4B10C2F01}</Data><Data Name='Detection Time'>2020-10-16T08:33:38.306Z</Data><Data Name='Unused'></Data><Data Name='Unused2'></Data><Data Name='Threat ID'>2147694217</Data><Data Name='Threat Name'>Virus:Win32/MpTest!amsi</Data><Data Name='Severity ID'>5</Data><Data Name='Severity Name'>심각</Data><Data Name='Category ID'>42</Data><Data Name='Category Name'>바이러스</Data><Data Name='FWLink'>https://go.microsoft.com/fwlink/?linkid=37020&amp;name=Virus:Win32/MpTest!amsi&amp;threatid=2147694217&amp;enterprise=0</Data><Data Name='Status Code'>1</Data><Data Name='Status Description'></Data><Data Name='State'>1</Data><Data Name='Source ID'>10</Data><Data Name='Source Name'>%%897</Data><Data Name='Process Name'>C:\Windows\System32\WindowsPowerShell\v1.0\powershell.exe</Data><Data Name='Detection User'>JIYEON-LAPTOP\kjy63</Data><Data Name='Unused3'></Data><Data Name='Path'>amsi:_C:\Windows\System32\WindowsPowerShell\v1.0\powershell.exe</Data><Data Name='Origin ID'>0</Data><Data Name='Origin Name'>%%844</Data><Data Name='Execution ID'>1</Data><Data Name='Execution Name'>%%813</Data><Data Name='Type ID'>0</Data><Data Name='Type Name'>%%822</Data><Data Name='Pre Execution Status'>0</Data><Data Name='Action ID'>9</Data><Data Name='Action Name'>%%887</Data><Data Name='Unused4'></Data><Data Name='Error Code'>0x00000000</Data><Data Name='Error Description'>작업을 완료했습니다. </Data><Data Name='Unused5'></Data><Data Name='Post Clean Status'>0</Data><Data Name='Additional Actions ID'>0</Data><Data Name='Additional Actions String'>No additional actions required</Data><Data Name='Remediation User'></Data><Data Name='Unused6'></Data><Data Name='Security intelligence Version'>AV: 1.325.838.0, AS: 1.325.838.0, NIS: 1.325.838.0</Data><Data Name='Engine Version'>AM: 1.1.17500.4, NIS: 1.1.17500.4</Data></EventData></Event>
<Event xmlns='http://schemas.microsoft.com/win/2004/08/events/event'><System><Provider Name='Microsoft-Windows-Windows Defender' Guid='{11cd958a-c507-4ef3-b3f2-5fd9dfbd2c78}'/><EventID>1116</EventID><Version>0</Version><Level>3</Level><Task>0</Task><Opcode>0</Opcode><Keywords>0x8000000000000000</Keywords><TimeCreated SystemTime='2020-10-16T08:33:43.314027600Z'/><EventRecordID>2786</EventRecordID><Correlation/><Execution ProcessID='6508' ThreadID='14012'/><Channel>Microsoft-Windows-Windows Defender/Operational</Channel><Computer>JIYEON-LAPTOP</Computer><Security UserID='S-1-5-18'/></System><EventData><Data Name='Product Name'>%%827</Data><Data Name='Product Version'>4.18.2009.7</Data><Data Name='Detection ID'>{37B7CA81-4A50-4473-9BAB-87D414913BCA}</Data><Data Name='Detection Time'>2020-10-16T08:33:43.310Z</Data><Data Name='Unused'></Data><Data Name='Unused2'></Data><Data Name='Threat ID'>2147694217</Data><Data Name='Threat Name'>Virus:Win32/MpTest!amsi</Data><Data Name='Severity ID'>5</Data><Data Name='Severity Name'>심각</Data><Data Name='Category ID'>42</Data><Data Name='Category Name'>바이러스</Data><Data Name='FWLink'>https://go.microsoft.com/fwlink/?linkid=37020&amp;name=Virus:Win32/MpTest!amsi&amp;threatid=2147694217&amp;enterprise=0</Data><Data Name='Status Code'>1</Data><Data Name='Status Description'></Data><Data Name='State'>1</Data><Data Name='Source ID'>2</Data><Data Name='Source Name'>%%820</Data><Data Name='Process Name'>Unknown</Data><Data Name='Detection User'>JIYEON-LAPTOP\kjy63</Data><Data Name='Unused3'></Data><Data Name='Path'></Data><Data Name='Origin ID'>0</Data><Data Name='Origin Name'>%%844</Data><Data Name='Execution ID'>0</Data><Data Name='Execution Name'>%%812</Data><Data Name='Type ID'>0</Data><Data Name='Type Name'>%%822</Data><Data Name='Pre Execution Status'>0</Data><Data Name='Action ID'>9</Data><Data Name='Action Name'>%%887</Data><Data Name='Unused4'></Data><Data Name='Error Code'>0x00000000</Data><Data Name='Error Description'>작업을 완료했습니다. </Data><Data Name='Unused5'></Data><Data Name='Post Clean Status'>0</Data><Data Name='Additional Actions ID'>0</Data><Data Name='Additional Actions String'>No additional actions required</Data><Data Name='Remediation User'></Data><Data Name='Unused6'></Data><Data Name='Security intelligence Version'>AV: 1.325.838.0, AS: 1.325.838.0, NIS: 1.325.838.0</Data><Data Name='Engine Version'>AM: 1.1.17500.4, NIS: 1.1.17500.4</Data></EventData></Event>
<Event xmlns='http://schemas.microsoft.com/win/2004/08/events/event'><System><Provider Name='Microsoft-Windows-Windows Defender' Guid='{11cd958a-c507-4ef3-b3f2-5fd9dfbd2c78}'/><EventID>1116</EventID><Version>0</Version><Level>3</Level><Task>0</Task><Opcode>0</Opcode><Keywords>0x8000000000000000</Keywords><TimeCreated SystemTime='2020-10-16T08:34:13.828819000Z'/><EventRecordID>2789</EventRecordID><Correlation ActivityID='{ab0597a1-acbb-4e36-8be3-5f622de62e62}'/><Execution ProcessID='6508' ThreadID='8004'/><Channel>Microsoft-Windows-Windows Defender/Operational</Channel><Computer>JIYEON-LAPTOP</Computer><Security UserID='S-1-5-18'/></System><EventData><Data Name='Product Name'>%%827</Data><Data Name='Product Version'>4.18.2009.7</Data><Data Name='Detection ID'>{1324E18C-64A2-4386-B9DB-B2D9EDCCD5D7}</Data><Data Name='Detection Time'>2020-10-16T08:34:13.826Z</Data><Data Name='Unused'></Data><Data Name='Unused2'></Data><Data Name='Threat ID'>2147694217</Data><Data Name='Threat Name'>Virus:Win32/MpTest!amsi</Data><Data Name='Severity ID'>5</Data><Data Name='Severity Name'>심각</Data><Data Name='Category ID'>42</Data><Data Name='Category Name'>바이러스</Data><Data Name='FWLink'>https://go.microsoft.com/fwlink/?linkid=37020&amp;name=Virus:Win32/MpTest!amsi&amp;threatid=2147694217&amp;enterprise=0</Data><Data Name='Status Code'>1</Data><Data Name='Status Description'></Data><Data Name='State'>1</Data><Data Name='Source ID'>10</Data><Data Name='Source Name'>%%897</Data><Data Name='Process Name'>C:\Windows\System32\WindowsPowerShell\v1.0\powershell.exe</Data><Data Name='Detection User'>JIYEON-LAPTOP\kjy63</Data><Data Name='Unused3'></Data><Data Name='Path'>amsi:_C:\Windows\System32\WindowsPowerShell\v1.0\powershell.exe</Data><Data Name='Origin ID'>0</Data><Data Name='Origin Name'>%%844</Data><Data Name='Execution ID'>1</Data><Data Name='Execution Name'>%%813</Data><Data Name='Type ID'>0</Data><Data Name='Type Name'>%%822</Data><Data Name='Pre Execution Status'>0</Data><Data Name='Action ID'>9</Data><Data Name='Action Name'>%%887</Data><Data Name='Unused4'></Data><Data Name='Error Code'>0x00000000</Data><Data Name='Error Description'>작업을 완료했습니다. </Data><Data Name='Unused5'></Data><Data Name='Post Clean Status'>0</Data><Data Name='Additional Actions ID'>0</Data><Data Name='Additional Actions String'>No additional actions required</Data><Data Name='Remediation User'></Data><Data Name='Unused6'></Data><Data Name='Security intelligence Version'>AV: 1.325.838.0, AS: 1.325.838.0, NIS: 1.325.838.0</Data><Data Name='Engine Version'>AM: 1.1.17500.4, NIS: 1.1.17500.4</Data></EventData></Event>
<Event xmlns='http://schemas.microsoft.com/win/2004/08/events/event'><System><Provider Name='Microsoft-Windows-Windows Defender' Guid='{11cd958a-c507-4ef3-b3f2-5fd9dfbd2c78}'/><EventID>1116</EventID><Version>0</Version><Level>3</Level><Task>0</Task><Opcode>0</Opcode><Keywords>0x8000000000000000</Keywords><TimeCreated SystemTime='2020-10-16T08:34:18.841716800Z'/><EventRecordID>2790</EventRecordID><Correlation/><Execution ProcessID='6508' ThreadID='14012'/><Channel>Microsoft-Windows-Windows Defender/Operational</Channel><Computer>JIYEON-LAPTOP</Computer><Security UserID='S-1-5-18'/></System><EventData><Data Name='Product Name'>%%827</Data><Data Name='Product Version'>4.18.2009.7</Data><Data Name='Detection ID'>{87C971F5-87EA-4591-B9B7-46343BB7ED77}</Data><Data Name='Detection Time'>2020-10-16T08:34:18.835Z</Data><Data Name='Unused'></Data><Data Name='Unused2'></Data><Data Name='Threat ID'>2147694217</Data><Data Name='Threat Name'>Virus:Win32/MpTest!amsi</Data><Data Name='Severity ID'>5</Data><Data Name='Severity Name'>심각</Data><Data Name='Category ID'>42</Data><Data Name='Category Name'>바이러스</Data><Data Name='FWLink'>https://go.microsoft.com/fwlink/?linkid=37020&amp;name=Virus:Win32/MpTest!amsi&amp;threatid=2147694217&amp;enterprise=0</Data><Data Name='Status Code'>1</Data><Data Name='Status Description'></Data><Data Name='State'>1</Data><Data Name='Source ID'>2</Data><Data Name='Source Name'>%%820</Data><Data Name='Process Name'>Unknown</Data><Data Name='Detection User'>JIYEON-LAPTOP\kjy63</Data><Data Name='Unused3'></Data><Data Name='Path'></Data><Data Name='Origin ID'>0</Data><Data Name='Origin Name'>%%844</Data><Data Name='Execution ID'>0</Data><Data Name='Execution Name'>%%812</Data><Data Name='Type ID'>0</Data><Data Name='Type Name'>%%822</Data><Data Name='Pre Execution Status'>0</Data><Data Name='Action ID'>9</Data><Data Name='Action Name'>%%887</Data><Data Name='Unused4'></Data><Data Name='Error Code'>0x00000000</Data><Data Name='Error Description'>작업을 완료했습니다. </Data><Data Name='Unused5'></Data><Data Name='Post Clean Status'>0</Data><Data Name='Additional Actions ID'>0</Data><Data Name='Additional Actions String'>No additional actions required</Data><Data Name='Remediation User'></Data><Data Name='Unused6'></Data><Data Name='Security intelligence Version'>AV: 1.325.838.0, AS: 1.325.838.0, NIS: 1.325.838.0</Data><Data Name='Engine Version'>AM: 1.1.17500.4, NIS: 1.1.17500.4</Data></EventData></Event>
<Event xmlns='http://schemas.microsoft.com/win/2004/08/events/event'><System><Provider Name='Microsoft-Windows-Windows Defender' Guid='{11cd958a-c507-4ef3-b3f2-5fd9dfbd2c78}'/><EventID>1116</EventID><Version>0</Version><Level>3</Level><Task>0</Task><Opcode>0</Opcode><Keywords>0x8000000000000000</Keywords><TimeCreated SystemTime='2020-10-16T08:34:51.266367500Z'/><EventRecordID>2793</EventRecordID><Correlation ActivityID='{75ac2197-7170-4c38-859f-5ac485714c99}'/><Execution ProcessID='6508' ThreadID='8004'/><Channel>Microsoft-Windows-Windows Defender/Operational</Channel><Computer>JIYEON-LAPTOP</Computer><Security UserID='S-1-5-18'/></System><EventData><Data Name='Product Name'>%%827</Data><Data Name='Product Version'>4.18.2009.7</Data><Data Name='Detection ID'>{1FCC7D2D-4504-4B2D-BA21-FD34DA1AA5EB}</Data><Data Name='Detection Time'>2020-10-16T08:34:51.264Z</Data><Data Name='Unused'></Data><Data Name='Unused2'></Data><Data Name='Threat ID'>2147694217</Data><Data Name='Threat Name'>Virus:Win32/MpTest!amsi</Data><Data Name='Severity ID'>5</Data><Data Name='Severity Name'>심각</Data><Data Name='Category ID'>42</Data><Data Name='Category Name'>바이러스</Data><Data Name='FWLink'>https://go.microsoft.com/fwlink/?linkid=37020&amp;name=Virus:Win32/MpTest!amsi&amp;threatid=2147694217&amp;enterprise=0</Data><Data Name='Status Code'>1</Data><Data Name='Status Description'></Data><Data Name='State'>1</Data><Data Name='Source ID'>10</Data><Data Name='Source Name'>%%897</Data><Data Name='Process Name'>C:\Windows\System32\WindowsPowerShell\v1.0\powershell.exe</Data><Data Name='Detection User'>JIYEON-LAPTOP\kjy63</Data><Data Name='Unused3'></Data><Data Name='Path'>amsi:_C:\Windows\System32\WindowsPowerShell\v1.0\powershell.exe</Data><Data Name='Origin ID'>0</Data><Data Name='Origin Name'>%%844</Data><Data Name='Execution ID'>1</Data><Data Name='Execution Name'>%%813</Data><Data Name='Type ID'>0</Data><Data Name='Type Name'>%%822</Data><Data Name='Pre Execution Status'>0</Data><Data Name='Action ID'>9</Data><Data Name='Action Name'>%%887</Data><Data Name='Unused4'></Data><Data Name='Error Code'>0x00000000</Data><Data Name='Error Description'>작업을 완료했습니다. </Data><Data Name='Unused5'></Data><Data Name='Post Clean Status'>0</Data><Data Name='Additional Actions ID'>0</Data><Data Name='Additional Actions String'>No additional actions required</Data><Data Name='Remediation User'></Data><Data Name='Unused6'></Data><Data Name='Security intelligence Version'>AV: 1.325.838.0, AS: 1.325.838.0, NIS: 1.325.838.0</Data><Data Name='Engine Version'>AM: 1.1.17500.4, NIS: 1.1.17500.4</Data></EventData></Event>
<Event xmlns='http://schemas.microsoft.com/win/2004/08/events/event'><System><Provider Name='Microsoft-Windows-Windows Defender' Guid='{11cd958a-c507-4ef3-b3f2-5fd9dfbd2c78}'/><EventID>1116</EventID><Version>0</Version><Level>3</Level><Task>0</Task><Opcode>0</Opcode><Keywords>0x8000000000000000</Keywords><TimeCreated SystemTime='2020-10-16T08:34:56.271654600Z'/><EventRecordID>2794</EventRecordID><Correlation/><Execution ProcessID='6508' ThreadID='14012'/><Channel>Microsoft-Windows-Windows Defender/Operational</Channel><Computer>JIYEON-LAPTOP</Computer><Security UserID='S-1-5-18'/></System><EventData><Data Name='Product Name'>%%827</Data><Data Name='Product Version'>4.18.2009.7</Data><Data Name='Detection ID'>{BD05BF9E-6A56-407D-B6A4-5819C85454C4}</Data><Data Name='Detection Time'>2020-10-16T08:34:56.267Z</Data><Data Name='Unused'></Data><Data Name='Unused2'></Data><Data Name='Threat ID'>2147694217</Data><Data Name='Threat Name'>Virus:Win32/MpTest!amsi</Data><Data Name='Severity ID'>5</Data><Data Name='Severity Name'>심각</Data><Data Name='Category ID'>42</Data><Data Name='Category Name'>바이러스</Data><Data Name='FWLink'>https://go.microsoft.com/fwlink/?linkid=37020&amp;name=Virus:Win32/MpTest!amsi&amp;threatid=2147694217&amp;enterprise=0</Data><Data Name='Status Code'>1</Data><Data Name='Status Description'></Data><Data Name='State'>1</Data><Data Name='Source ID'>2</Data><Data Name='Source Name'>%%820</Data><Data Name='Process Name'>Unknown</Data><Data Name='Detection User'>JIYEON-LAPTOP\kjy63</Data><Data Name='Unused3'></Data><Data Name='Path'></Data><Data Name='Origin ID'>0</Data><Data Name='Origin Name'>%%844</Data><Data Name='Execution ID'>0</Data><Data Name='Execution Name'>%%812</Data><Data Name='Type ID'>0</Data><Data Name='Type Name'>%%822</Data><Data Name='Pre Execution Status'>0</Data><Data Name='Action ID'>9</Data><Data Name='Action Name'>%%887</Data><Data Name='Unused4'></Data><Data Name='Error Code'>0x00000000</Data><Data Name='Error Description'>작업을 완료했습니다. </Data><Data Name='Unused5'></Data><Data Name='Post Clean Status'>0</Data><Data Name='Additional Actions ID'>0</Data><Data Name='Additional Actions String'>No additional actions required</Data><Data Name='Remediation User'></Data><Data Name='Unused6'></Data><Data Name='Security intelligence Version'>AV: 1.325.838.0, AS: 1.325.838.0, NIS: 1.325.838.0</Data><Data Name='Engine Version'>AM: 1.1.17500.4, NIS: 1.1.17500.4</Data></EventData></Event>
<Event xmlns='http://schemas.microsoft.com/win/2004/08/events/event'><System><Provider Name='Microsoft-Windows-Windows Defender' Guid='{11cd958a-c507-4ef3-b3f2-5fd9dfbd2c78}'/><EventID>1116</EventID><Version>0</Version><Level>3</Level><Task>0</Task><Opcode>0</Opcode><Keywords>0x8000000000000000</Keywords><TimeCreated SystemTime='2020-10-16T08:35:51.903419600Z'/><EventRecordID>2797</EventRecordID><Correlation ActivityID='{c6ed7c6c-bff7-4790-aed8-1bf317870ca0}'/><Execution ProcessID='6508' ThreadID='1588'/><Channel>Microsoft-Windows-Windows Defender/Operational</Channel><Computer>JIYEON-LAPTOP</Computer><Security UserID='S-1-5-18'/></System><EventData><Data Name='Product Name'>%%827</Data><Data Name='Product Version'>4.18.2009.7</Data><Data Name='Detection ID'>{7996AF75-F1F8-4885-A222-5348A498ECEA}</Data><Data Name='Detection Time'>2020-10-16T08:35:51.901Z</Data><Data Name='Unused'></Data><Data Name='Unused2'></Data><Data Name='Threat ID'>2147694217</Data><Data Name='Threat Name'>Virus:Win32/MpTest!amsi</Data><Data Name='Severity ID'>5</Data><Data Name='Severity Name'>심각</Data><Data Name='Category ID'>42</Data><Data Name='Category Name'>바이러스</Data><Data Name='FWLink'>https://go.microsoft.com/fwlink/?linkid=37020&amp;name=Virus:Win32/MpTest!amsi&amp;threatid=2147694217&amp;enterprise=0</Data><Data Name='Status Code'>1</Data><Data Name='Status Description'></Data><Data Name='State'>1</Data><Data Name='Source ID'>10</Data><Data Name='Source Name'>%%897</Data><Data Name='Process Name'>C:\Windows\System32\WindowsPowerShell\v1.0\powershell.exe</Data><Data Name='Detection User'>JIYEON-LAPTOP\kjy63</Data><Data Name='Unused3'></Data><Data Name='Path'>amsi:_C:\Windows\System32\WindowsPowerShell\v1.0\powershell.exe</Data><Data Name='Origin ID'>0</Data><Data Name='Origin Name'>%%844</Data><Data Name='Execution ID'>1</Data><Data Name='Execution Name'>%%813</Data><Data Name='Type ID'>0</Data><Data Name='Type Name'>%%822</Data><Data Name='Pre Execution Status'>0</Data><Data Name='Action ID'>9</Data><Data Name='Action Name'>%%887</Data><Data Name='Unused4'></Data><Data Name='Error Code'>0x00000000</Data><Data Name='Error Description'>작업을 완료했습니다. </Data><Data Name='Unused5'></Data><Data Name='Post Clean Status'>0</Data><Data Name='Additional Actions ID'>0</Data><Data Name='Additional Actions String'>No additional actions required</Data><Data Name='Remediation User'></Data><Data Name='Unused6'></Data><Data Name='Security intelligence Version'>AV: 1.325.838.0, AS: 1.325.838.0, NIS: 1.325.838.0</Data><Data Name='Engine Version'>AM: 1.1.17500.4, NIS: 1.1.17500.4</Data></EventData></Event>
<Event xmlns='http://schemas.microsoft.com/win/2004/08/events/event'><System><Provider Name='Microsoft-Windows-Windows Defender' Guid='{11cd958a-c507-4ef3-b3f2-5fd9dfbd2c78}'/><EventID>1116</EventID><Version>0</Version><Level>3</Level><Task>0</Task><Opcode>0</Opcode><Keywords>0x8000000000000000</Keywords><TimeCreated SystemTime='2020-10-16T08:35:56.914652800Z'/><EventRecordID>2798</EventRecordID><Correlation/><Execution ProcessID='6508' ThreadID='14012'/><Channel>Microsoft-Windows-Windows Defender/Operational</Channel><Computer>JIYEON-LAPTOP</Computer><Security UserID='S-1-5-18'/></System><EventData><Data Name='Product Name'>%%827</Data><Data Name='Product Version'>4.18.2009.7</Data><Data Name='Detection ID'>{7E4BFA29-4F24-4B8D-B7CD-12F642728A13}</Data><Data Name='Detection Time'>2020-10-16T08:35:56.909Z</Data><Data Name='Unused'></Data><Data Name='Unused2'></Data><Data Name='Threat ID'>2147694217</Data><Data Name='Threat Name'>Virus:Win32/MpTest!amsi</Data><Data Name='Severity ID'>5</Data><Data Name='Severity Name'>심각</Data><Data Name='Category ID'>42</Data><Data Name='Category Name'>바이러스</Data><Data Name='FWLink'>https://go.microsoft.com/fwlink/?linkid=37020&amp;name=Virus:Win32/MpTest!amsi&amp;threatid=2147694217&amp;enterprise=0</Data><Data Name='Status Code'>1</Data><Data Name='Status Description'></Data><Data Name='State'>1</Data><Data Name='Source ID'>2</Data><Data Name='Source Name'>%%820</Data><Data Name='Process Name'>Unknown</Data><Data Name='Detection User'>JIYEON-LAPTOP\kjy63</Data><Data Name='Unused3'></Data><Data Name='Path'></Data><Data Name='Origin ID'>0</Data><Data Name='Origin Name'>%%844</Data><Data Name='Execution ID'>0</Data><Data Name='Execution Name'>%%812</Data><Data Name='Type ID'>0</Data><Data Name='Type Name'>%%822</Data><Data Name='Pre Execution Status'>0</Data><Data Name='Action ID'>9</Data><Data Name='Action Name'>%%887</Data><Data Name='Unused4'></Data><Data Name='Error Code'>0x00000000</Data><Data Name='Error Description'>작업을 완료했습니다. </Data><Data Name='Unused5'></Data><Data Name='Post Clean Status'>0</Data><Data Name='Additional Actions ID'>0</Data><Data Name='Additional Actions String'>No additional actions required</Data><Data Name='Remediation User'></Data><Data Name='Unused6'></Data><Data Name='Security intelligence Version'>AV: 1.325.838.0, AS: 1.325.838.0, NIS: 1.325.838.0</Data><Data Name='Engine Version'>AM: 1.1.17500.4, NIS: 1.1.17500.4</Data></EventData></Event>
<Event xmlns='http://schemas.microsoft.com/win/2004/08/events/event'><System><Provider Name='Microsoft-Windows-Windows Defender' Guid='{11cd958a-c507-4ef3-b3f2-5fd9dfbd2c78}'/><EventID>1116</EventID><Version>0</Version><Level>3</Level><Task>0</Task><Opcode>0</Opcode><Keywords>0x8000000000000000</Keywords><TimeCreated SystemTime='2020-10-16T08:41:42.767164300Z'/><EventRecordID>2801</EventRecordID><Correlation ActivityID='{55b63388-2a31-4fbd-87fc-1ddbeda7db2f}'/><Execution ProcessID='6508' ThreadID='7496'/><Channel>Microsoft-Windows-Windows Defender/Operational</Channel><Computer>JIYEON-LAPTOP</Computer><Security UserID='S-1-5-18'/></System><EventData><Data Name='Product Name'>%%827</Data><Data Name='Product Version'>4.18.2009.7</Data><Data Name='Detection ID'>{ABFE7A80-B9E0-47A1-904A-99C976B355C4}</Data><Data Name='Detection Time'>2020-10-16T08:41:42.765Z</Data><Data Name='Unused'></Data><Data Name='Unused2'></Data><Data Name='Threat ID'>2147694217</Data><Data Name='Threat Name'>Virus:Win32/MpTest!amsi</Data><Data Name='Severity ID'>5</Data><Data Name='Severity Name'>심각</Data><Data Name='Category ID'>42</Data><Data Name='Category Name'>바이러스</Data><Data Name='FWLink'>https://go.microsoft.com/fwlink/?linkid=37020&amp;name=Virus:Win32/MpTest!amsi&amp;threatid=2147694217&amp;enterprise=0</Data><Data Name='Status Code'>1</Data><Data Name='Status Description'></Data><Data Name='State'>1</Data><Data Name='Source ID'>10</Data><Data Name='Source Name'>%%897</Data><Data Name='Process Name'>C:\Windows\System32\WindowsPowerShell\v1.0\powershell.exe</Data><Data Name='Detection User'>JIYEON-LAPTOP\kjy63</Data><Data Name='Unused3'></Data><Data Name='Path'>amsi:_C:\Windows\System32\WindowsPowerShell\v1.0\powershell.exe</Data><Data Name='Origin ID'>0</Data><Data Name='Origin Name'>%%844</Data><Data Name='Execution ID'>1</Data><Data Name='Execution Name'>%%813</Data><Data Name='Type ID'>0</Data><Data Name='Type Name'>%%822</Data><Data Name='Pre Execution Status'>0</Data><Data Name='Action ID'>9</Data><Data Name='Action Name'>%%887</Data><Data Name='Unused4'></Data><Data Name='Error Code'>0x00000000</Data><Data Name='Error Description'>작업을 완료했습니다. </Data><Data Name='Unused5'></Data><Data Name='Post Clean Status'>0</Data><Data Name='Additional Actions ID'>0</Data><Data Name='Additional Actions String'>No additional actions required</Data><Data Name='Remediation User'></Data><Data Name='Unused6'></Data><Data Name='Security intelligence Version'>AV: 1.325.838.0, AS: 1.325.838.0, NIS: 1.325.838.0</Data><Data Name='Engine Version'>AM: 1.1.17500.4, NIS: 1.1.17500.4</Data></EventData></Event>
<Event xmlns='http://schemas.microsoft.com/win/2004/08/events/event'><System><Provider Name='Microsoft-Windows-Windows Defender' Guid='{11cd958a-c507-4ef3-b3f2-5fd9dfbd2c78}'/><EventID>1116</EventID><Version>0</Version><Level>3</Level><Task>0</Task><Opcode>0</Opcode><Keywords>0x8000000000000000</Keywords><TimeCreated SystemTime='2020-10-16T08:41:47.796574300Z'/><EventRecordID>2802</EventRecordID><Correlation/><Execution ProcessID='6508' ThreadID='13944'/><Channel>Microsoft-Windows-Windows Defender/Operational</Channel><Computer>JIYEON-LAPTOP</Computer><Security UserID='S-1-5-18'/></System><EventData><Data Name='Product Name'>%%827</Data><Data Name='Product Version'>4.18.2009.7</Data><Data Name='Detection ID'>{FF8EAEB0-15AF-4B70-A85E-A00F0CA4C465}</Data><Data Name='Detection Time'>2020-10-16T08:41:47.790Z</Data><Data Name='Unused'></Data><Data Name='Unused2'></Data><Data Name='Threat ID'>2147694217</Data><Data Name='Threat Name'>Virus:Win32/MpTest!amsi</Data><Data Name='Severity ID'>5</Data><Data Name='Severity Name'>심각</Data><Data Name='Category ID'>42</Data><Data Name='Category Name'>바이러스</Data><Data Name='FWLink'>https://go.microsoft.com/fwlink/?linkid=37020&amp;name=Virus:Win32/MpTest!amsi&amp;threatid=2147694217&amp;enterprise=0</Data><Data Name='Status Code'>1</Data><Data Name='Status Description'></Data><Data Name='State'>1</Data><Data Name='Source ID'>2</Data><Data Name='Source Name'>%%820</Data><Data Name='Process Name'>Unknown</Data><Data Name='Detection User'>JIYEON-LAPTOP\kjy63</Data><Data Name='Unused3'></Data><Data Name='Path'></Data><Data Name='Origin ID'>0</Data><Data Name='Origin Name'>%%844</Data><Data Name='Execution ID'>0</Data><Data Name='Execution Name'>%%812</Data><Data Name='Type ID'>0</Data><Data Name='Type Name'>%%822</Data><Data Name='Pre Execution Status'>0</Data><Data Name='Action ID'>9</Data><Data Name='Action Name'>%%887</Data><Data Name='Unused4'></Data><Data Name='Error Code'>0x00000000</Data><Data Name='Error Description'>작업을 완료했습니다. </Data><Data Name='Unused5'></Data><Data Name='Post Clean Status'>0</Data><Data Name='Additional Actions ID'>0</Data><Data Name='Additional Actions String'>No additional actions required</Data><Data Name='Remediation User'></Data><Data Name='Unused6'></Data><Data Name='Security intelligence Version'>AV: 1.325.838.0, AS: 1.325.838.0, NIS: 1.325.838.0</Data><Data Name='Engine Version'>AM: 1.1.17500.4, NIS: 1.1.17500.4</Data></EventData></Event>
<Event xmlns='http://schemas.microsoft.com/win/2004/08/events/event'><System><Provider Name='Microsoft-Windows-Windows Defender' Guid='{11cd958a-c507-4ef3-b3f2-5fd9dfbd2c78}'/><EventID>1116</EventID><Version>0</Version><Level>3</Level><Task>0</Task><Opcode>0</Opcode><Keywords>0x8000000000000000</Keywords><TimeCreated SystemTime='2020-10-16T08:43:00.607226400Z'/><EventRecordID>2805</EventRecordID><Correlation ActivityID='{1c747093-0128-4b99-9a4b-abf6971abdd3}'/><Execution ProcessID='6508' ThreadID='7520'/><Channel>Microsoft-Windows-Windows Defender/Operational</Channel><Computer>JIYEON-LAPTOP</Computer><Security UserID='S-1-5-18'/></System><EventData><Data Name='Product Name'>%%827</Data><Data Name='Product Version'>4.18.2009.7</Data><Data Name='Detection ID'>{3BBCBE6B-7F26-49B1-A561-79B789F9AAE8}</Data><Data Name='Detection Time'>2020-10-16T08:43:00.605Z</Data><Data Name='Unused'></Data><Data Name='Unused2'></Data><Data Name='Threat ID'>2147694217</Data><Data Name='Threat Name'>Virus:Win32/MpTest!amsi</Data><Data Name='Severity ID'>5</Data><Data Name='Severity Name'>심각</Data><Data Name='Category ID'>42</Data><Data Name='Category Name'>바이러스</Data><Data Name='FWLink'>https://go.microsoft.com/fwlink/?linkid=37020&amp;name=Virus:Win32/MpTest!amsi&amp;threatid=2147694217&amp;enterprise=0</Data><Data Name='Status Code'>1</Data><Data Name='Status Description'></Data><Data Name='State'>1</Data><Data Name='Source ID'>10</Data><Data Name='Source Name'>%%897</Data><Data Name='Process Name'>C:\Windows\System32\WindowsPowerShell\v1.0\powershell.exe</Data><Data Name='Detection User'>JIYEON-LAPTOP\kjy63</Data><Data Name='Unused3'></Data><Data Name='Path'>amsi:_C:\Windows\System32\WindowsPowerShell\v1.0\powershell.exe</Data><Data Name='Origin ID'>0</Data><Data Name='Origin Name'>%%844</Data><Data Name='Execution ID'>1</Data><Data Name='Execution Name'>%%813</Data><Data Name='Type ID'>0</Data><Data Name='Type Name'>%%822</Data><Data Name='Pre Execution Status'>0</Data><Data Name='Action ID'>9</Data><Data Name='Action Name'>%%887</Data><Data Name='Unused4'></Data><Data Name='Error Code'>0x00000000</Data><Data Name='Error Description'>작업을 완료했습니다. </Data><Data Name='Unused5'></Data><Data Name='Post Clean Status'>0</Data><Data Name='Additional Actions ID'>0</Data><Data Name='Additional Actions String'>No additional actions required</Data><Data Name='Remediation User'></Data><Data Name='Unused6'></Data><Data Name='Security intelligence Version'>AV: 1.325.838.0, AS: 1.325.838.0, NIS: 1.325.838.0</Data><Data Name='Engine Version'>AM: 1.1.17500.4, NIS: 1.1.17500.4</Data></EventData></Event>
<Event xmlns='http://schemas.microsoft.com/win/2004/08/events/event'><System><Provider Name='Microsoft-Windows-Windows Defender' Guid='{11cd958a-c507-4ef3-b3f2-5fd9dfbd2c78}'/><EventID>1116</EventID><Version>0</Version><Level>3</Level><Task>0</Task><Opcode>0</Opcode><Keywords>0x8000000000000000</Keywords><TimeCreated SystemTime='2020-10-16T08:43:05.612274600Z'/><EventRecordID>2806</EventRecordID><Correlation/><Execution ProcessID='6508' ThreadID='13944'/><Channel>Microsoft-Windows-Windows Defender/Operational</Channel><Computer>JIYEON-LAPTOP</Computer><Security UserID='S-1-5-18'/></System><EventData><Data Name='Product Name'>%%827</Data><Data Name='Product Version'>4.18.2009.7</Data><Data Name='Detection ID'>{03C59FC8-9DCD-4FC6-809C-063514B6651F}</Data><Data Name='Detection Time'>2020-10-16T08:43:05.608Z</Data><Data Name='Unused'></Data><Data Name='Unused2'></Data><Data Name='Threat ID'>2147694217</Data><Data Name='Threat Name'>Virus:Win32/MpTest!amsi</Data><Data Name='Severity ID'>5</Data><Data Name='Severity Name'>심각</Data><Data Name='Category ID'>42</Data><Data Name='Category Name'>바이러스</Data><Data Name='FWLink'>https://go.microsoft.com/fwlink/?linkid=37020&amp;name=Virus:Win32/MpTest!amsi&amp;threatid=2147694217&amp;enterprise=0</Data><Data Name='Status Code'>1</Data><Data Name='Status Description'></Data><Data Name='State'>1</Data><Data Name='Source ID'>2</Data><Data Name='Source Name'>%%820</Data><Data Name='Process Name'>Unknown</Data><Data Name='Detection User'>JIYEON-LAPTOP\kjy63</Data><Data Name='Unused3'></Data><Data Name='Path'></Data><Data Name='Origin ID'>0</Data><Data Name='Origin Name'>%%844</Data><Data Name='Execution ID'>0</Data><Data Name='Execution Name'>%%812</Data><Data Name='Type ID'>0</Data><Data Name='Type Name'>%%822</Data><Data Name='Pre Execution Status'>0</Data><Data Name='Action ID'>9</Data><Data Name='Action Name'>%%887</Data><Data Name='Unused4'></Data><Data Name='Error Code'>0x00000000</Data><Data Name='Error Description'>작업을 완료했습니다. </Data><Data Name='Unused5'></Data><Data Name='Post Clean Status'>0</Data><Data Name='Additional Actions ID'>0</Data><Data Name='Additional Actions String'>No additional actions required</Data><Data Name='Remediation User'></Data><Data Name='Unused6'></Data><Data Name='Security intelligence Version'>AV: 1.325.838.0, AS: 1.325.838.0, NIS: 1.325.838.0</Data><Data Name='Engine Version'>AM: 1.1.17500.4, NIS: 1.1.17500.4</Data></EventData></Event>
<Event xmlns='http://schemas.microsoft.com/win/2004/08/events/event'><System><Provider Name='Microsoft-Windows-Windows Defender' Guid='{11cd958a-c507-4ef3-b3f2-5fd9dfbd2c78}'/><EventID>1116</EventID><Version>0</Version><Level>3</Level><Task>0</Task><Opcode>0</Opcode><Keywords>0x8000000000000000</Keywords><TimeCreated SystemTime='2020-10-16T09:09:40.305049100Z'/><EventRecordID>2809</EventRecordID><Correlation ActivityID='{ebca1dae-b341-4b8b-ae9b-6423137e3b94}'/><Execution ProcessID='6508' ThreadID='12872'/><Channel>Microsoft-Windows-Windows Defender/Operational</Channel><Computer>JIYEON-LAPTOP</Computer><Security UserID='S-1-5-18'/></System><EventData><Data Name='Product Name'>%%827</Data><Data Name='Product Version'>4.18.2009.7</Data><Data Name='Detection ID'>{3E7C505B-0BAB-4207-AA0F-9C00F35E1C81}</Data><Data Name='Detection Time'>2020-10-16T09:09:40.301Z</Data><Data Name='Unused'></Data><Data Name='Unused2'></Data><Data Name='Threat ID'>2147694217</Data><Data Name='Threat Name'>Virus:Win32/MpTest!amsi</Data><Data Name='Severity ID'>5</Data><Data Name='Severity Name'>심각</Data><Data Name='Category ID'>42</Data><Data Name='Category Name'>바이러스</Data><Data Name='FWLink'>https://go.microsoft.com/fwlink/?linkid=37020&amp;name=Virus:Win32/MpTest!amsi&amp;threatid=2147694217&amp;enterprise=0</Data><Data Name='Status Code'>1</Data><Data Name='Status Description'></Data><Data Name='State'>1</Data><Data Name='Source ID'>10</Data><Data Name='Source Name'>%%897</Data><Data Name='Process Name'>C:\Windows\System32\WindowsPowerShell\v1.0\powershell.exe</Data><Data Name='Detection User'>JIYEON-LAPTOP\kjy63</Data><Data Name='Unused3'></Data><Data Name='Path'>amsi:_C:\Windows\System32\WindowsPowerShell\v1.0\powershell.exe</Data><Data Name='Origin ID'>0</Data><Data Name='Origin Name'>%%844</Data><Data Name='Execution ID'>1</Data><Data Name='Execution Name'>%%813</Data><Data Name='Type ID'>0</Data><Data Name='Type Name'>%%822</Data><Data Name='Pre Execution Status'>0</Data><Data Name='Action ID'>9</Data><Data Name='Action Name'>%%887</Data><Data Name='Unused4'></Data><Data Name='Error Code'>0x00000000</Data><Data Name='Error Description'>작업을 완료했습니다. </Data><Data Name='Unused5'></Data><Data Name='Post Clean Status'>0</Data><Data Name='Additional Actions ID'>0</Data><Data Name='Additional Actions String'>No additional actions required</Data><Data Name='Remediation User'></Data><Data Name='Unused6'></Data><Data Name='Security intelligence Version'>AV: 1.325.838.0, AS: 1.325.838.0, NIS: 1.325.838.0</Data><Data Name='Engine Version'>AM: 1.1.17500.4, NIS: 1.1.17500.4</Data></EventData></Event>
