<Event xmlns='http://schemas.microsoft.com/win/2004/08/events/event'><System><Provider Name='Microsoft-Windows-Sysmon' Guid='{5770385f-c22a-43e0-bf4c-06f5698ffbd9}'/><EventID>11</EventID><Version>2</Version><Level>4</Level><Task>11</Task><Opcode>0</Opcode><Keywords>0x8000000000000000</Keywords><TimeCreated SystemTime='2020-11-11T07:48:36.728600500Z'/><EventRecordID>29014</EventRecordID><Correlation/><Execution ProcessID='8424' ThreadID='8456'/><Channel>Microsoft-Windows-Sysmon/Operational</Channel><Computer>DESKTOP-4GL3MO2</Computer><Security UserID='S-1-5-18'/></System><EventData><Data Name='RuleName'>-</Data><Data Name='UtcTime'>2020-11-11 07:48:36.723</Data><Data Name='ProcessGuid'>{a16191d0-974a-5fab-7109-000000000300}</Data><Data Name='ProcessId'>9068</Data><Data Name='Image'>C:\Windows\system32\msiexec.exe</Data><Data Name='TargetFilename'>C:\Config.Msi\189286ac.rbf</Data><Data Name='CreationUtcTime'>2020-11-11 07:48:36.723</Data></EventData></Event>
<Event xmlns='http://schemas.microsoft.com/win/2004/08/events/event'><System><Provider Name='Microsoft-Windows-Sysmon' Guid='{5770385f-c22a-43e0-bf4c-06f5698ffbd9}'/><EventID>11</EventID><Version>2</Version><Level>4</Level><Task>11</Task><Opcode>0</Opcode><Keywords>0x8000000000000000</Keywords><TimeCreated SystemTime='2020-11-11T07:48:36.730547200Z'/><EventRecordID>29015</EventRecordID><Correlation/><Execution ProcessID='8424' ThreadID='8456'/><Channel>Microsoft-Windows-Sysmon/Operational</Channel><Computer>DESKTOP-4GL3MO2</Computer><Security UserID='S-1-5-18'/></System><EventData><Data Name='RuleName'>-</Data><Data Name='UtcTime'>2020-11-11 07:48:36.723</Data><Data Name='ProcessGuid'>{a16191d0-974a-5fab-7109-000000000300}</Data><Data Name='ProcessId'>9068</Data><Data Name='Image'>C:\Windows\system32\msiexec.exe</Data><Data Name='TargetFilename'>C:\Config.Msi\189286ac.rbf</Data><Data Name='CreationUtcTime'>2020-11-11 07:48:36.723</Data></EventData></Event>
<Event xmlns='http://schemas.microsoft.com/win/2004/08/events/event'><System><Provider Name='Microsoft-Windows-Sysmon' Guid='{5770385f-c22a-43e0-bf4c-06f5698ffbd9}'/><EventID>11</EventID><Version>2</Version><Level>4</Level><Task>11</Task><Opcode>0</Opcode><Keywords>0x8000000000000000</Keywords><TimeCreated SystemTime='2020-11-11T07:48:36.736391400Z'/><EventRecordID>29016</EventRecordID><Correlation/><Execution ProcessID='8424' ThreadID='8456'/><Channel>Microsoft-Windows-Sysmon/Operational</Channel><Computer>DESKTOP-4GL3MO2</Computer><Security UserID='S-1-5-18'/></System><EventData><Data Name='RuleName'>-</Data><Data Name='UtcTime'>2020-11-11 07:48:36.723</Data><Data Name='ProcessGuid'>{a16191d0-974a-5fab-7109-000000000300}</Data><Data Name='ProcessId'>9068</Data><Data Name='Image'>C:\Windows\system32\msiexec.exe</Data><Data Name='TargetFilename'>C:\Config.Msi\189286ad.rbf</Data><Data Name='CreationUtcTime'>2020-11-11 07:48:36.723</Data></EventData></Event>
<Event xmlns='http://schemas.microsoft.com/win/2004/08/events/event'><System><Provider Name='Microsoft-Windows-Sysmon' Guid='{5770385f-c22a-43e0-bf4c-06f5698ffbd9}'/><EventID>11</EventID><Version>2</Version><Level>4</Level><Task>11</Task><Opcode>0</Opcode><Keywords>0x8000000000000000</Keywords><TimeCreated SystemTime='2020-11-11T07:48:36.738278300Z'/><EventRecordID>29017</EventRecordID><Correlation/><Execution ProcessID='8424' ThreadID='8456'/><Channel>Microsoft-Windows-Sysmon/Operational</Channel><Computer>DESKTOP-4GL3MO2</Computer><Security UserID='S-1-5-18'/></System><EventData><Data Name='RuleName'>-</Data><Data Name='UtcTime'>2020-11-11 07:48:36.723</Data><Data Name='ProcessGuid'>{a16191d0-974a-5fab-7109-000000000300}</Data><Data Name='ProcessId'>9068</Data><Data Name='Image'>C:\Windows\system32\msiexec.exe</Data><Data Name='TargetFilename'>C:\Config.Msi\189286ad.rbf</Data><Data Name='CreationUtcTime'>2020-11-11 07:48:36.723</Data></EventData></Event>
<Event xmlns='http://schemas.microsoft.com/win/2004/08/events/event'><System><Provider Name='Microsoft-Windows-Sysmon' Guid='{5770385f-c22a-43e0-bf4c-06f5698ffbd9}'/><EventID>11</EventID><Version>2</Version><Level>4</Level><Task>11</Task><Opcode>0</Opcode><Keywords>0x8000000000000000</Keywords><TimeCreated SystemTime='2020-11-11T07:48:36.746513500Z'/><EventRecordID>29018</EventRecordID><Correlation/><Execution ProcessID='8424' ThreadID='8456'/><Channel>Microsoft-Windows-Sysmon/Operational</Channel><Computer>DESKTOP-4GL3MO2</Computer><Security UserID='S-1-5-18'/></System><EventData><Data Name='RuleName'>-</Data><Data Name='UtcTime'>2020-11-11 07:48:36.739</Data><Data Name='ProcessGuid'>{a16191d0-974a-5fab-7109-000000000300}</Data><Data Name='ProcessId'>9068</Data><Data Name='Image'>C:\Windows\system32\msiexec.exe</Data><Data Name='TargetFilename'>C:\Config.Msi\189286ae.rbf</Data><Data Name='CreationUtcTime'>2020-11-11 07:48:36.739</Data></EventData></Event>
<Event xmlns='http://schemas.microsoft.com/win/2004/08/events/event'><System><Provider Name='Microsoft-Windows-Sysmon' Guid='{5770385f-c22a-43e0-bf4c-06f5698ffbd9}'/><EventID>11</EventID><Version>2</Version><Level>4</Level><Task>11</Task><Opcode>0</Opcode><Keywords>0x8000000000000000</Keywords><TimeCreated SystemTime='2020-11-11T07:48:36.748437900Z'/><EventRecordID>29019</EventRecordID><Correlation/><Execution ProcessID='8424' ThreadID='8456'/><Channel>Microsoft-Windows-Sysmon/Operational</Channel><Computer>DESKTOP-4GL3MO2</Computer><Security UserID='S-1-5-18'/></System><EventData><Data Name='RuleName'>-</Data><Data Name='UtcTime'>2020-11-11 07:48:36.739</Data><Data Name='ProcessGuid'>{a16191d0-974a-5fab-7109-000000000300}</Data><Data Name='ProcessId'>9068</Data><Data Name='Image'>C:\Windows\system32\msiexec.exe</Data><Data Name='TargetFilename'>C:\Config.Msi\189286ae.rbf</Data><Data Name='CreationUtcTime'>2020-11-11 07:48:36.739</Data></EventData></Event>
<Event xmlns='http://schemas.microsoft.com/win/2004/08/events/event'><System><Provider Name='Microsoft-Windows-Sysmon' Guid='{5770385f-c22a-43e0-bf4c-06f5698ffbd9}'/><EventID>11</EventID><Version>2</Version><Level>4</Level><Task>11</Task><Opcode>0</Opcode><Keywords>0x8000000000000000</Keywords><TimeCreated SystemTime='2020-11-11T07:48:36.756309900Z'/><EventRecordID>29020</EventRecordID><Correlation/><Execution ProcessID='8424' ThreadID='8456'/><Channel>Microsoft-Windows-Sysmon/Operational</Channel><Computer>DESKTOP-4GL3MO2</Computer><Security UserID='S-1-5-18'/></System><EventData><Data Name='RuleName'>-</Data><Data Name='UtcTime'>2020-11-11 07:48:36.755</Data><Data Name='ProcessGuid'>{a16191d0-974a-5fab-7109-000000000300}</Data><Data Name='ProcessId'>9068</Data><Data Name='Image'>C:\Windows\system32\msiexec.exe</Data><Data Name='TargetFilename'>C:\Config.Msi\189286af.rbf</Data><Data Name='CreationUtcTime'>2020-11-11 07:48:36.755</Data></EventData></Event>
<Event xmlns='http://schemas.microsoft.com/win/2004/08/events/event'><System><Provider Name='Microsoft-Windows-Sysmon' Guid='{5770385f-c22a-43e0-bf4c-06f5698ffbd9}'/><EventID>11</EventID><Version>2</Version><Level>4</Level><Task>11</Task><Opcode>0</Opcode><Keywords>0x8000000000000000</Keywords><TimeCreated SystemTime='2020-11-11T07:48:36.759478200Z'/><EventRecordID>29021</EventRecordID><Correlation/><Execution ProcessID='8424' ThreadID='8456'/><Channel>Microsoft-Windows-Sysmon/Operational</Channel><Computer>DESKTOP-4GL3MO2</Computer><Security UserID='S-1-5-18'/></System><EventData><Data Name='RuleName'>-</Data><Data Name='UtcTime'>2020-11-11 07:48:36.755</Data><Data Name='ProcessGuid'>{a16191d0-974a-5fab-7109-000000000300}</Data><Data Name='ProcessId'>9068</Data><Data Name='Image'>C:\Windows\system32\msiexec.exe</Data><Data Name='TargetFilename'>C:\Config.Msi\189286af.rbf</Data><Data Name='CreationUtcTime'>2020-11-11 07:48:36.755</Data></EventData></Event>
<Event xmlns='http://schemas.microsoft.com/win/2004/08/events/event'><System><Provider Name='Microsoft-Windows-Sysmon' Guid='{5770385f-c22a-43e0-bf4c-06f5698ffbd9}'/><EventID>11</EventID><Version>2</Version><Level>4</Level><Task>11</Task><Opcode>0</Opcode><Keywords>0x8000000000000000</Keywords><TimeCreated SystemTime='2020-11-11T07:48:36.765914600Z'/><EventRecordID>29022</EventRecordID><Correlation/><Execution ProcessID='8424' ThreadID='8456'/><Channel>Microsoft-Windows-Sysmon/Operational</Channel><Computer>DESKTOP-4GL3MO2</Computer><Security UserID='S-1-5-18'/></System><EventData><Data Name='RuleName'>-</Data><Data Name='UtcTime'>2020-11-11 07:48:36.755</Data><Data Name='ProcessGuid'>{a16191d0-974a-5fab-7109-000000000300}</Data><Data Name='ProcessId'>9068</Data><Data Name='Image'>C:\Windows\system32\msiexec.exe</Data><Data Name='TargetFilename'>C:\Config.Msi\189286b0.rbf</Data><Data Name='CreationUtcTime'>2020-11-11 07:48:36.755</Data></EventData></Event>
<Event xmlns='http://schemas.microsoft.com/win/2004/08/events/event'><System><Provider Name='Microsoft-Windows-Sysmon' Guid='{5770385f-c22a-43e0-bf4c-06f5698ffbd9}'/><EventID>11</EventID><Version>2</Version><Level>4</Level><Task>11</Task><Opcode>0</Opcode><Keywords>0x8000000000000000</Keywords><TimeCreated SystemTime='2020-11-11T07:48:36.768490500Z'/><EventRecordID>29023</EventRecordID><Correlation/><Execution ProcessID='8424' ThreadID='8456'/><Channel>Microsoft-Windows-Sysmon/Operational</Channel><Computer>DESKTOP-4GL3MO2</Computer><Security UserID='S-1-5-18'/></System><EventData><Data Name='RuleName'>-</Data><Data Name='UtcTime'>2020-11-11 07:48:36.755</Data><Data Name='ProcessGuid'>{a16191d0-974a-5fab-7109-000000000300}</Data><Data Name='ProcessId'>9068</Data><Data Name='Image'>C:\Windows\system32\msiexec.exe</Data><Data Name='TargetFilename'>C:\Config.Msi\189286b0.rbf</Data><Data Name='CreationUtcTime'>2020-11-11 07:48:36.755</Data></EventData></Event>
<Event xmlns='http://schemas.microsoft.com/win/2004/08/events/event'><System><Provider Name='Microsoft-Windows-Sysmon' Guid='{5770385f-c22a-43e0-bf4c-06f5698ffbd9}'/><EventID>11</EventID><Version>2</Version><Level>4</Level><Task>11</Task><Opcode>0</Opcode><Keywords>0x8000000000000000</Keywords><TimeCreated SystemTime='2020-11-11T07:48:36.780178600Z'/><EventRecordID>29024</EventRecordID><Correlation/><Execution ProcessID='8424' ThreadID='8456'/><Channel>Microsoft-Windows-Sysmon/Operational</Channel><Computer>DESKTOP-4GL3MO2</Computer><Security UserID='S-1-5-18'/></System><EventData><Data Name='RuleName'>-</Data><Data Name='UtcTime'>2020-11-11 07:48:36.770</Data><Data Name='ProcessGuid'>{a16191d0-974a-5fab-7109-000000000300}</Data><Data Name='ProcessId'>9068</Data><Data Name='Image'>C:\Windows\system32\msiexec.exe</Data><Data Name='TargetFilename'>C:\Config.Msi\189286b1.rbf</Data><Data Name='CreationUtcTime'>2020-11-11 07:48:36.770</Data></EventData></Event>
<Event xmlns='http://schemas.microsoft.com/win/2004/08/events/event'><System><Provider Name='Microsoft-Windows-Sysmon' Guid='{5770385f-c22a-43e0-bf4c-06f5698ffbd9}'/><EventID>11</EventID><Version>2</Version><Level>4</Level><Task>11</Task><Opcode>0</Opcode><Keywords>0x8000000000000000</Keywords><TimeCreated SystemTime='2020-11-11T07:48:36.784815700Z'/><EventRecordID>29025</EventRecordID><Correlation/><Execution ProcessID='8424' ThreadID='8456'/><Channel>Microsoft-Windows-Sysmon/Operational</Channel><Computer>DESKTOP-4GL3MO2</Computer><Security UserID='S-1-5-18'/></System><EventData><Data Name='RuleName'>-</Data><Data Name='UtcTime'>2020-11-11 07:48:36.770</Data><Data Name='ProcessGuid'>{a16191d0-974a-5fab-7109-000000000300}</Data><Data Name='ProcessId'>9068</Data><Data Name='Image'>C:\Windows\system32\msiexec.exe</Data><Data Name='TargetFilename'>C:\Config.Msi\189286b1.rbf</Data><Data Name='CreationUtcTime'>2020-11-11 07:48:36.770</Data></EventData></Event>
<Event xmlns='http://schemas.microsoft.com/win/2004/08/events/event'><System><Provider Name='Microsoft-Windows-Sysmon' Guid='{5770385f-c22a-43e0-bf4c-06f5698ffbd9}'/><EventID>11</EventID><Version>2</Version><Level>4</Level><Task>11</Task><Opcode>0</Opcode><Keywords>0x8000000000000000</Keywords><TimeCreated SystemTime='2020-11-11T07:48:36.788970500Z'/><EventRecordID>29026</EventRecordID><Correlation/><Execution ProcessID='8424' ThreadID='8456'/><Channel>Microsoft-Windows-Sysmon/Operational</Channel><Computer>DESKTOP-4GL3MO2</Computer><Security UserID='S-1-5-18'/></System><EventData><Data Name='RuleName'>-</Data><Data Name='UtcTime'>2020-11-11 07:48:36.786</Data><Data Name='ProcessGuid'>{a16191d0-974a-5fab-7109-000000000300}</Data><Data Name='ProcessId'>9068</Data><Data Name='Image'>C:\Windows\system32\msiexec.exe</Data><Data Name='TargetFilename'>C:\Config.Msi\189286b2.rbf</Data><Data Name='CreationUtcTime'>2020-11-11 07:48:36.786</Data></EventData></Event>
<Event xmlns='http://schemas.microsoft.com/win/2004/08/events/event'><System><Provider Name='Microsoft-Windows-Sysmon' Guid='{5770385f-c22a-43e0-bf4c-06f5698ffbd9}'/><EventID>11</EventID><Version>2</Version><Level>4</Level><Task>11</Task><Opcode>0</Opcode><Keywords>0x8000000000000000</Keywords><TimeCreated SystemTime='2020-11-11T07:48:36.791485000Z'/><EventRecordID>29027</EventRecordID><Correlation/><Execution ProcessID='8424' ThreadID='8456'/><Channel>Microsoft-Windows-Sysmon/Operational</Channel><Computer>DESKTOP-4GL3MO2</Computer><Security UserID='S-1-5-18'/></System><EventData><Data Name='RuleName'>-</Data><Data Name='UtcTime'>2020-11-11 07:48:36.786</Data><Data Name='ProcessGuid'>{a16191d0-974a-5fab-7109-000000000300}</Data><Data Name='ProcessId'>9068</Data><Data Name='Image'>C:\Windows\system32\msiexec.exe</Data><Data Name='TargetFilename'>C:\Config.Msi\189286b2.rbf</Data><Data Name='CreationUtcTime'>2020-11-11 07:48:36.786</Data></EventData></Event>
<Event xmlns='http://schemas.microsoft.com/win/2004/08/events/event'><System><Provider Name='Microsoft-Windows-Sysmon' Guid='{5770385f-c22a-43e0-bf4c-06f5698ffbd9}'/><EventID>11</EventID><Version>2</Version><Level>4</Level><Task>11</Task><Opcode>0</Opcode><Keywords>0x8000000000000000</Keywords><TimeCreated SystemTime='2020-11-11T07:48:36.797148100Z'/><EventRecordID>29028</EventRecordID><Correlation/><Execution ProcessID='8424' ThreadID='8456'/><Channel>Microsoft-Windows-Sysmon/Operational</Channel><Computer>DESKTOP-4GL3MO2</Computer><Security UserID='S-1-5-18'/></System><EventData><Data Name='RuleName'>-</Data><Data Name='UtcTime'>2020-11-11 07:48:36.786</Data><Data Name='ProcessGuid'>{a16191d0-974a-5fab-7109-000000000300}</Data><Data Name='ProcessId'>9068</Data><Data Name='Image'>C:\Windows\system32\msiexec.exe</Data><Data Name='TargetFilename'>C:\Config.Msi\189286b3.rbf</Data><Data Name='CreationUtcTime'>2020-11-11 07:48:36.786</Data></EventData></Event>
<Event xmlns='http://schemas.microsoft.com/win/2004/08/events/event'><System><Provider Name='Microsoft-Windows-Sysmon' Guid='{5770385f-c22a-43e0-bf4c-06f5698ffbd9}'/><EventID>11</EventID><Version>2</Version><Level>4</Level><Task>11</Task><Opcode>0</Opcode><Keywords>0x8000000000000000</Keywords><TimeCreated SystemTime='2020-11-11T07:48:36.799345900Z'/><EventRecordID>29029</EventRecordID><Correlation/><Execution ProcessID='8424' ThreadID='8456'/><Channel>Microsoft-Windows-Sysmon/Operational</Channel><Computer>DESKTOP-4GL3MO2</Computer><Security UserID='S-1-5-18'/></System><EventData><Data Name='RuleName'>-</Data><Data Name='UtcTime'>2020-11-11 07:48:36.786</Data><Data Name='ProcessGuid'>{a16191d0-974a-5fab-7109-000000000300}</Data><Data Name='ProcessId'>9068</Data><Data Name='Image'>C:\Windows\system32\msiexec.exe</Data><Data Name='TargetFilename'>C:\Config.Msi\189286b3.rbf</Data><Data Name='CreationUtcTime'>2020-11-11 07:48:36.786</Data></EventData></Event>
<Event xmlns='http://schemas.microsoft.com/win/2004/08/events/event'><System><Provider Name='Microsoft-Windows-Sysmon' Guid='{5770385f-c22a-43e0-bf4c-06f5698ffbd9}'/><EventID>11</EventID><Version>2</Version><Level>4</Level><Task>11</Task><Opcode>0</Opcode><Keywords>0x8000000000000000</Keywords><TimeCreated SystemTime='2020-11-11T07:48:36.802938800Z'/><EventRecordID>29030</EventRecordID><Correlation/><Execution ProcessID='8424' ThreadID='8456'/><Channel>Microsoft-Windows-Sysmon/Operational</Channel><Computer>DESKTOP-4GL3MO2</Computer><Security UserID='S-1-5-18'/></System><EventData><Data Name='RuleName'>-</Data><Data Name='UtcTime'>2020-11-11 07:48:36.802</Data><Data Name='ProcessGuid'>{a16191d0-974a-5fab-7109-000000000300}</Data><Data Name='ProcessId'>9068</Data><Data Name='Image'>C:\Windows\system32\msiexec.exe</Data><Data Name='TargetFilename'>C:\Config.Msi\189286b4.rbf</Data><Data Name='CreationUtcTime'>2020-11-11 07:48:36.786</Data></EventData></Event>
<Event xmlns='http://schemas.microsoft.com/win/2004/08/events/event'><System><Provider Name='Microsoft-Windows-Sysmon' Guid='{5770385f-c22a-43e0-bf4c-06f5698ffbd9}'/><EventID>11</EventID><Version>2</Version><Level>4</Level><Task>11</Task><Opcode>0</Opcode><Keywords>0x8000000000000000</Keywords><TimeCreated SystemTime='2020-11-11T07:48:36.805915400Z'/><EventRecordID>29031</EventRecordID><Correlation/><Execution ProcessID='8424' ThreadID='8456'/><Channel>Microsoft-Windows-Sysmon/Operational</Channel><Computer>DESKTOP-4GL3MO2</Computer><Security UserID='S-1-5-18'/></System><EventData><Data Name='RuleName'>-</Data><Data Name='UtcTime'>2020-11-11 07:48:36.802</Data><Data Name='ProcessGuid'>{a16191d0-974a-5fab-7109-000000000300}</Data><Data Name='ProcessId'>9068</Data><Data Name='Image'>C:\Windows\system32\msiexec.exe</Data><Data Name='TargetFilename'>C:\Config.Msi\189286b4.rbf</Data><Data Name='CreationUtcTime'>2020-11-11 07:48:36.786</Data></EventData></Event>
<Event xmlns='http://schemas.microsoft.com/win/2004/08/events/event'><System><Provider Name='Microsoft-Windows-Sysmon' Guid='{5770385f-c22a-43e0-bf4c-06f5698ffbd9}'/><EventID>11</EventID><Version>2</Version><Level>4</Level><Task>11</Task><Opcode>0</Opcode><Keywords>0x8000000000000000</Keywords><TimeCreated SystemTime='2020-11-11T07:48:36.813551000Z'/><EventRecordID>29032</EventRecordID><Correlation/><Execution ProcessID='8424' ThreadID='8456'/><Channel>Microsoft-Windows-Sysmon/Operational</Channel><Computer>DESKTOP-4GL3MO2</Computer><Security UserID='S-1-5-18'/></System><EventData><Data Name='RuleName'>-</Data><Data Name='UtcTime'>2020-11-11 07:48:36.802</Data><Data Name='ProcessGuid'>{a16191d0-974a-5fab-7109-000000000300}</Data><Data Name='ProcessId'>9068</Data><Data Name='Image'>C:\Windows\system32\msiexec.exe</Data><Data Name='TargetFilename'>C:\Config.Msi\189286b5.rbf</Data><Data Name='CreationUtcTime'>2020-11-11 07:48:36.802</Data></EventData></Event>
<Event xmlns='http://schemas.microsoft.com/win/2004/08/events/event'><System><Provider Name='Microsoft-Windows-Sysmon' Guid='{5770385f-c22a-43e0-bf4c-06f5698ffbd9}'/><EventID>11</EventID><Version>2</Version><Level>4</Level><Task>11</Task><Opcode>0</Opcode><Keywords>0x8000000000000000</Keywords><TimeCreated SystemTime='2020-11-11T07:48:36.817277600Z'/><EventRecordID>29033</EventRecordID><Correlation/><Execution ProcessID='8424' ThreadID='8456'/><Channel>Microsoft-Windows-Sysmon/Operational</Channel><Computer>DESKTOP-4GL3MO2</Computer><Security UserID='S-1-5-18'/></System><EventData><Data Name='RuleName'>-</Data><Data Name='UtcTime'>2020-11-11 07:48:36.802</Data><Data Name='ProcessGuid'>{a16191d0-974a-5fab-7109-000000000300}</Data><Data Name='ProcessId'>9068</Data><Data Name='Image'>C:\Windows\system32\msiexec.exe</Data><Data Name='TargetFilename'>C:\Config.Msi\189286b5.rbf</Data><Data Name='CreationUtcTime'>2020-11-11 07:48:36.802</Data></EventData></Event>
<Event xmlns='http://schemas.microsoft.com/win/2004/08/events/event'><System><Provider Name='Microsoft-Windows-Sysmon' Guid='{5770385f-c22a-43e0-bf4c-06f5698ffbd9}'/><EventID>11</EventID><Version>2</Version><Level>4</Level><Task>11</Task><Opcode>0</Opcode><Keywords>0x8000000000000000</Keywords><TimeCreated SystemTime='2020-11-11T07:48:36.827883400Z'/><EventRecordID>29034</EventRecordID><Correlation/><Execution ProcessID='8424' ThreadID='8456'/><Channel>Microsoft-Windows-Sysmon/Operational</Channel><Computer>DESKTOP-4GL3MO2</Computer><Security UserID='S-1-5-18'/></System><EventData><Data Name='RuleName'>-</Data><Data Name='UtcTime'>2020-11-11 07:48:36.817</Data><Data Name='ProcessGuid'>{a16191d0-974a-5fab-7109-000000000300}</Data><Data Name='ProcessId'>9068</Data><Data Name='Image'>C:\Windows\system32\msiexec.exe</Data><Data Name='TargetFilename'>C:\Config.Msi\189286b6.rbf</Data><Data Name='CreationUtcTime'>2020-11-11 07:48:36.817</Data></EventData></Event>
<Event xmlns='http://schemas.microsoft.com/win/2004/08/events/event'><System><Provider Name='Microsoft-Windows-Sysmon' Guid='{5770385f-c22a-43e0-bf4c-06f5698ffbd9}'/><EventID>11</EventID><Version>2</Version><Level>4</Level><Task>11</Task><Opcode>0</Opcode><Keywords>0x8000000000000000</Keywords><TimeCreated SystemTime='2020-11-11T07:48:36.831545400Z'/><EventRecordID>29035</EventRecordID><Correlation/><Execution ProcessID='8424' ThreadID='8456'/><Channel>Microsoft-Windows-Sysmon/Operational</Channel><Computer>DESKTOP-4GL3MO2</Computer><Security UserID='S-1-5-18'/></System><EventData><Data Name='RuleName'>-</Data><Data Name='UtcTime'>2020-11-11 07:48:36.817</Data><Data Name='ProcessGuid'>{a16191d0-974a-5fab-7109-000000000300}</Data><Data Name='ProcessId'>9068</Data><Data Name='Image'>C:\Windows\system32\msiexec.exe</Data><Data Name='TargetFilename'>C:\Config.Msi\189286b6.rbf</Data><Data Name='CreationUtcTime'>2020-11-11 07:48:36.817</Data></EventData></Event>
<Event xmlns='http://schemas.microsoft.com/win/2004/08/events/event'><System><Provider Name='Microsoft-Windows-Sysmon' Guid='{5770385f-c22a-43e0-bf4c-06f5698ffbd9}'/><EventID>11</EventID><Version>2</Version><Level>4</Level><Task>11</Task><Opcode>0</Opcode><Keywords>0x8000000000000000</Keywords><TimeCreated SystemTime='2020-11-11T07:48:36.853733500Z'/><EventRecordID>29036</EventRecordID><Correlation/><Execution ProcessID='8424' ThreadID='8456'/><Channel>Microsoft-Windows-Sysmon/Operational</Channel><Computer>DESKTOP-4GL3MO2</Computer><Security UserID='S-1-5-18'/></System><EventData><Data Name='RuleName'>-</Data><Data Name='UtcTime'>2020-11-11 07:48:36.848</Data><Data Name='ProcessGuid'>{a16191d0-974a-5fab-7109-000000000300}</Data><Data Name='ProcessId'>9068</Data><Data Name='Image'>C:\Windows\system32\msiexec.exe</Data><Data Name='TargetFilename'>C:\Config.Msi\189286b7.rbf</Data><Data Name='CreationUtcTime'>2020-11-11 07:48:36.848</Data></EventData></Event>
<Event xmlns='http://schemas.microsoft.com/win/2004/08/events/event'><System><Provider Name='Microsoft-Windows-Sysmon' Guid='{5770385f-c22a-43e0-bf4c-06f5698ffbd9}'/><EventID>11</EventID><Version>2</Version><Level>4</Level><Task>11</Task><Opcode>0</Opcode><Keywords>0x8000000000000000</Keywords><TimeCreated SystemTime='2020-11-11T07:48:36.857388500Z'/><EventRecordID>29037</EventRecordID><Correlation/><Execution ProcessID='8424' ThreadID='8456'/><Channel>Microsoft-Windows-Sysmon/Operational</Channel><Computer>DESKTOP-4GL3MO2</Computer><Security UserID='S-1-5-18'/></System><EventData><Data Name='RuleName'>-</Data><Data Name='UtcTime'>2020-11-11 07:48:36.848</Data><Data Name='ProcessGuid'>{a16191d0-974a-5fab-7109-000000000300}</Data><Data Name='ProcessId'>9068</Data><Data Name='Image'>C:\Windows\system32\msiexec.exe</Data><Data Name='TargetFilename'>C:\Config.Msi\189286b7.rbf</Data><Data Name='CreationUtcTime'>2020-11-11 07:48:36.848</Data></EventData></Event>
<Event xmlns='http://schemas.microsoft.com/win/2004/08/events/event'><System><Provider Name='Microsoft-Windows-Sysmon' Guid='{5770385f-c22a-43e0-bf4c-06f5698ffbd9}'/><EventID>11</EventID><Version>2</Version><Level>4</Level><Task>11</Task><Opcode>0</Opcode><Keywords>0x8000000000000000</Keywords><TimeCreated SystemTime='2020-11-11T07:48:36.861068800Z'/><EventRecordID>29038</EventRecordID><Correlation/><Execution ProcessID='8424' ThreadID='8456'/><Channel>Microsoft-Windows-Sysmon/Operational</Channel><Computer>DESKTOP-4GL3MO2</Computer><Security UserID='S-1-5-18'/></System><EventData><Data Name='RuleName'>-</Data><Data Name='UtcTime'>2020-11-11 07:48:36.848</Data><Data Name='ProcessGuid'>{a16191d0-974a-5fab-7109-000000000300}</Data><Data Name='ProcessId'>9068</Data><Data Name='Image'>C:\Windows\system32\msiexec.exe</Data><Data Name='TargetFilename'>C:\Config.Msi\189286b8.rbf</Data><Data Name='CreationUtcTime'>2020-11-11 07:48:36.848</Data></EventData></Event>
<Event xmlns='http://schemas.microsoft.com/win/2004/08/events/event'><System><Provider Name='Microsoft-Windows-Sysmon' Guid='{5770385f-c22a-43e0-bf4c-06f5698ffbd9}'/><EventID>11</EventID><Version>2</Version><Level>4</Level><Task>11</Task><Opcode>0</Opcode><Keywords>0x8000000000000000</Keywords><TimeCreated SystemTime='2020-11-11T07:48:36.865597300Z'/><EventRecordID>29039</EventRecordID><Correlation/><Execution ProcessID='8424' ThreadID='8456'/><Channel>Microsoft-Windows-Sysmon/Operational</Channel><Computer>DESKTOP-4GL3MO2</Computer><Security UserID='S-1-5-18'/></System><EventData><Data Name='RuleName'>-</Data><Data Name='UtcTime'>2020-11-11 07:48:36.864</Data><Data Name='ProcessGuid'>{a16191d0-974a-5fab-7109-000000000300}</Data><Data Name='ProcessId'>9068</Data><Data Name='Image'>C:\Windows\system32\msiexec.exe</Data><Data Name='TargetFilename'>C:\Config.Msi\189286b8.rbf</Data><Data Name='CreationUtcTime'>2020-11-11 07:48:36.848</Data></EventData></Event>
<Event xmlns='http://schemas.microsoft.com/win/2004/08/events/event'><System><Provider Name='Microsoft-Windows-Sysmon' Guid='{5770385f-c22a-43e0-bf4c-06f5698ffbd9}'/><EventID>11</EventID><Version>2</Version><Level>4</Level><Task>11</Task><Opcode>0</Opcode><Keywords>0x8000000000000000</Keywords><TimeCreated SystemTime='2020-11-11T07:48:36.871372600Z'/><EventRecordID>29040</EventRecordID><Correlation/><Execution ProcessID='8424' ThreadID='8456'/><Channel>Microsoft-Windows-Sysmon/Operational</Channel><Computer>DESKTOP-4GL3MO2</Computer><Security UserID='S-1-5-18'/></System><EventData><Data Name='RuleName'>-</Data><Data Name='UtcTime'>2020-11-11 07:48:36.864</Data><Data Name='ProcessGuid'>{a16191d0-974a-5fab-7109-000000000300}</Data><Data Name='ProcessId'>9068</Data><Data Name='Image'>C:\Windows\system32\msiexec.exe</Data><Data Name='TargetFilename'>C:\Config.Msi\189286b9.rbf</Data><Data Name='CreationUtcTime'>2020-11-11 07:48:36.864</Data></EventData></Event>
<Event xmlns='http://schemas.microsoft.com/win/2004/08/events/event'><System><Provider Name='Microsoft-Windows-Sysmon' Guid='{5770385f-c22a-43e0-bf4c-06f5698ffbd9}'/><EventID>11</EventID><Version>2</Version><Level>4</Level><Task>11</Task><Opcode>0</Opcode><Keywords>0x8000000000000000</Keywords><TimeCreated SystemTime='2020-11-11T07:48:36.873793200Z'/><EventRecordID>29041</EventRecordID><Correlation/><Execution ProcessID='8424' ThreadID='8456'/><Channel>Microsoft-Windows-Sysmon/Operational</Channel><Computer>DESKTOP-4GL3MO2</Computer><Security UserID='S-1-5-18'/></System><EventData><Data Name='RuleName'>-</Data><Data Name='UtcTime'>2020-11-11 07:48:36.864</Data><Data Name='ProcessGuid'>{a16191d0-974a-5fab-7109-000000000300}</Data><Data Name='ProcessId'>9068</Data><Data Name='Image'>C:\Windows\system32\msiexec.exe</Data><Data Name='TargetFilename'>C:\Config.Msi\189286b9.rbf</Data><Data Name='CreationUtcTime'>2020-11-11 07:48:36.864</Data></EventData></Event>
<Event xmlns='http://schemas.microsoft.com/win/2004/08/events/event'><System><Provider Name='Microsoft-Windows-Sysmon' Guid='{5770385f-c22a-43e0-bf4c-06f5698ffbd9}'/><EventID>11</EventID><Version>2</Version><Level>4</Level><Task>11</Task><Opcode>0</Opcode><Keywords>0x8000000000000000</Keywords><TimeCreated SystemTime='2020-11-11T07:48:36.876826700Z'/><EventRecordID>29042</EventRecordID><Correlation/><Execution ProcessID='8424' ThreadID='8456'/><Channel>Microsoft-Windows-Sysmon/Operational</Channel><Computer>DESKTOP-4GL3MO2</Computer><Security UserID='S-1-5-18'/></System><EventData><Data Name='RuleName'>-</Data><Data Name='UtcTime'>2020-11-11 07:48:36.864</Data><Data Name='ProcessGuid'>{a16191d0-974a-5fab-7109-000000000300}</Data><Data Name='ProcessId'>9068</Data><Data Name='Image'>C:\Windows\system32\msiexec.exe</Data><Data Name='TargetFilename'>C:\Config.Msi\189286ba.rbf</Data><Data Name='CreationUtcTime'>2020-11-11 07:48:36.864</Data></EventData></Event>
<Event xmlns='http://schemas.microsoft.com/win/2004/08/events/event'><System><Provider Name='Microsoft-Windows-Sysmon' Guid='{5770385f-c22a-43e0-bf4c-06f5698ffbd9}'/><EventID>11</EventID><Version>2</Version><Level>4</Level><Task>11</Task><Opcode>0</Opcode><Keywords>0x8000000000000000</Keywords><TimeCreated SystemTime='2020-11-11T07:48:36.879651100Z'/><EventRecordID>29043</EventRecordID><Correlation/><Execution ProcessID='8424' ThreadID='8456'/><Channel>Microsoft-Windows-Sysmon/Operational</Channel><Computer>DESKTOP-4GL3MO2</Computer><Security UserID='S-1-5-18'/></System><EventData><Data Name='RuleName'>-</Data><Data Name='UtcTime'>2020-11-11 07:48:36.864</Data><Data Name='ProcessGuid'>{a16191d0-974a-5fab-7109-000000000300}</Data><Data Name='ProcessId'>9068</Data><Data Name='Image'>C:\Windows\system32\msiexec.exe</Data><Data Name='TargetFilename'>C:\Config.Msi\189286ba.rbf</Data><Data Name='CreationUtcTime'>2020-11-11 07:48:36.864</Data></EventData></Event>
<Event xmlns='http://schemas.microsoft.com/win/2004/08/events/event'><System><Provider Name='Microsoft-Windows-Sysmon' Guid='{5770385f-c22a-43e0-bf4c-06f5698ffbd9}'/><EventID>11</EventID><Version>2</Version><Level>4</Level><Task>11</Task><Opcode>0</Opcode><Keywords>0x8000000000000000</Keywords><TimeCreated SystemTime='2020-11-11T07:48:36.887072800Z'/><EventRecordID>29044</EventRecordID><Correlation/><Execution ProcessID='8424' ThreadID='8456'/><Channel>Microsoft-Windows-Sysmon/Operational</Channel><Computer>DESKTOP-4GL3MO2</Computer><Security UserID='S-1-5-18'/></System><EventData><Data Name='RuleName'>-</Data><Data Name='UtcTime'>2020-11-11 07:48:36.880</Data><Data Name='ProcessGuid'>{a16191d0-974a-5fab-7109-000000000300}</Data><Data Name='ProcessId'>9068</Data><Data Name='Image'>C:\Windows\system32\msiexec.exe</Data><Data Name='TargetFilename'>C:\Config.Msi\189286bb.rbf</Data><Data Name='CreationUtcTime'>2020-11-11 07:48:36.880</Data></EventData></Event>
<Event xmlns='http://schemas.microsoft.com/win/2004/08/events/event'><System><Provider Name='Microsoft-Windows-Sysmon' Guid='{5770385f-c22a-43e0-bf4c-06f5698ffbd9}'/><EventID>11</EventID><Version>2</Version><Level>4</Level><Task>11</Task><Opcode>0</Opcode><Keywords>0x8000000000000000</Keywords><TimeCreated SystemTime='2020-11-11T07:48:36.890173100Z'/><EventRecordID>29045</EventRecordID><Correlation/><Execution ProcessID='8424' ThreadID='8456'/><Channel>Microsoft-Windows-Sysmon/Operational</Channel><Computer>DESKTOP-4GL3MO2</Computer><Security UserID='S-1-5-18'/></System><EventData><Data Name='RuleName'>-</Data><Data Name='UtcTime'>2020-11-11 07:48:36.880</Data><Data Name='ProcessGuid'>{a16191d0-974a-5fab-7109-000000000300}</Data><Data Name='ProcessId'>9068</Data><Data Name='Image'>C:\Windows\system32\msiexec.exe</Data><Data Name='TargetFilename'>C:\Config.Msi\189286bb.rbf</Data><Data Name='CreationUtcTime'>2020-11-11 07:48:36.880</Data></EventData></Event>
<Event xmlns='http://schemas.microsoft.com/win/2004/08/events/event'><System><Provider Name='Microsoft-Windows-Sysmon' Guid='{5770385f-c22a-43e0-bf4c-06f5698ffbd9}'/><EventID>11</EventID><Version>2</Version><Level>4</Level><Task>11</Task><Opcode>0</Opcode><Keywords>0x8000000000000000</Keywords><TimeCreated SystemTime='2020-11-11T07:48:36.893494100Z'/><EventRecordID>29046</EventRecordID><Correlation/><Execution ProcessID='8424' ThreadID='8456'/><Channel>Microsoft-Windows-Sysmon/Operational</Channel><Computer>DESKTOP-4GL3MO2</Computer><Security UserID='S-1-5-18'/></System><EventData><Data Name='RuleName'>-</Data><Data Name='UtcTime'>2020-11-11 07:48:36.880</Data><Data Name='ProcessGuid'>{a16191d0-974a-5fab-7109-000000000300}</Data><Data Name='ProcessId'>9068</Data><Data Name='Image'>C:\Windows\system32\msiexec.exe</Data><Data Name='TargetFilename'>C:\Config.Msi\189286bc.rbf</Data><Data Name='CreationUtcTime'>2020-11-11 07:48:36.880</Data></EventData></Event>
<Event xmlns='http://schemas.microsoft.com/win/2004/08/events/event'><System><Provider Name='Microsoft-Windows-Sysmon' Guid='{5770385f-c22a-43e0-bf4c-06f5698ffbd9}'/><EventID>11</EventID><Version>2</Version><Level>4</Level><Task>11</Task><Opcode>0</Opcode><Keywords>0x8000000000000000</Keywords><TimeCreated SystemTime='2020-11-11T07:48:36.895949900Z'/><EventRecordID>29047</EventRecordID><Correlation/><Execution ProcessID='8424' ThreadID='8456'/><Channel>Microsoft-Windows-Sysmon/Operational</Channel><Computer>DESKTOP-4GL3MO2</Computer><Security UserID='S-1-5-18'/></System><EventData><Data Name='RuleName'>-</Data><Data Name='UtcTime'>2020-11-11 07:48:36.895</Data><Data Name='ProcessGuid'>{a16191d0-974a-5fab-7109-000000000300}</Data><Data Name='ProcessId'>9068</Data><Data Name='Image'>C:\Windows\system32\msiexec.exe</Data><Data Name='TargetFilename'>C:\Config.Msi\189286bc.rbf</Data><Data Name='CreationUtcTime'>2020-11-11 07:48:36.880</Data></EventData></Event>
<Event xmlns='http://schemas.microsoft.com/win/2004/08/events/event'><System><Provider Name='Microsoft-Windows-Sysmon' Guid='{5770385f-c22a-43e0-bf4c-06f5698ffbd9}'/><EventID>11</EventID><Version>2</Version><Level>4</Level><Task>11</Task><Opcode>0</Opcode><Keywords>0x8000000000000000</Keywords><TimeCreated SystemTime='2020-11-11T07:48:36.901552100Z'/><EventRecordID>29048</EventRecordID><Correlation/><Execution ProcessID='8424' ThreadID='8456'/><Channel>Microsoft-Windows-Sysmon/Operational</Channel><Computer>DESKTOP-4GL3MO2</Computer><Security UserID='S-1-5-18'/></System><EventData><Data Name='RuleName'>-</Data><Data Name='UtcTime'>2020-11-11 07:48:36.895</Data><Data Name='ProcessGuid'>{a16191d0-974a-5fab-7109-000000000300}</Data><Data Name='ProcessId'>9068</Data><Data Name='Image'>C:\Windows\system32\msiexec.exe</Data><Data Name='TargetFilename'>C:\Config.Msi\189286bd.rbf</Data><Data Name='CreationUtcTime'>2020-11-11 07:48:36.895</Data></EventData></Event>
<Event xmlns='http://schemas.microsoft.com/win/2004/08/events/event'><System><Provider Name='Microsoft-Windows-Sysmon' Guid='{5770385f-c22a-43e0-bf4c-06f5698ffbd9}'/><EventID>11</EventID><Version>2</Version><Level>4</Level><Task>11</Task><Opcode>0</Opcode><Keywords>0x8000000000000000</Keywords><TimeCreated SystemTime='2020-11-11T07:48:36.903626300Z'/><EventRecordID>29049</EventRecordID><Correlation/><Execution ProcessID='8424' ThreadID='8456'/><Channel>Microsoft-Windows-Sysmon/Operational</Channel><Computer>DESKTOP-4GL3MO2</Computer><Security UserID='S-1-5-18'/></System><EventData><Data Name='RuleName'>-</Data><Data Name='UtcTime'>2020-11-11 07:48:36.895</Data><Data Name='ProcessGuid'>{a16191d0-974a-5fab-7109-000000000300}</Data><Data Name='ProcessId'>9068</Data><Data Name='Image'>C:\Windows\system32\msiexec.exe</Data><Data Name='TargetFilename'>C:\Config.Msi\189286bd.rbf</Data><Data Name='CreationUtcTime'>2020-11-11 07:48:36.895</Data></EventData></Event>
<Event xmlns='http://schemas.microsoft.com/win/2004/08/events/event'><System><Provider Name='Microsoft-Windows-Sysmon' Guid='{5770385f-c22a-43e0-bf4c-06f5698ffbd9}'/><EventID>11</EventID><Version>2</Version><Level>4</Level><Task>11</Task><Opcode>0</Opcode><Keywords>0x8000000000000000</Keywords><TimeCreated SystemTime='2020-11-11T07:48:36.922081600Z'/><EventRecordID>29050</EventRecordID><Correlation/><Execution ProcessID='8424' ThreadID='8456'/><Channel>Microsoft-Windows-Sysmon/Operational</Channel><Computer>DESKTOP-4GL3MO2</Computer><Security UserID='S-1-5-18'/></System><EventData><Data Name='RuleName'>-</Data><Data Name='UtcTime'>2020-11-11 07:48:36.911</Data><Data Name='ProcessGuid'>{a16191d0-974a-5fab-7109-000000000300}</Data><Data Name='ProcessId'>9068</Data><Data Name='Image'>C:\Windows\system32\msiexec.exe</Data><Data Name='TargetFilename'>C:\Config.Msi\189286be.rbf</Data><Data Name='CreationUtcTime'>2020-11-11 07:48:36.911</Data></EventData></Event>
<Event xmlns='http://schemas.microsoft.com/win/2004/08/events/event'><System><Provider Name='Microsoft-Windows-Sysmon' Guid='{5770385f-c22a-43e0-bf4c-06f5698ffbd9}'/><EventID>11</EventID><Version>2</Version><Level>4</Level><Task>11</Task><Opcode>0</Opcode><Keywords>0x8000000000000000</Keywords><TimeCreated SystemTime='2020-11-11T07:48:36.922139200Z'/><EventRecordID>29051</EventRecordID><Correlation/><Execution ProcessID='8424' ThreadID='8456'/><Channel>Microsoft-Windows-Sysmon/Operational</Channel><Computer>DESKTOP-4GL3MO2</Computer><Security UserID='S-1-5-18'/></System><EventData><Data Name='RuleName'>-</Data><Data Name='UtcTime'>2020-11-11 07:48:36.911</Data><Data Name='ProcessGuid'>{a16191d0-974a-5fab-7109-000000000300}</Data><Data Name='ProcessId'>9068</Data><Data Name='Image'>C:\Windows\system32\msiexec.exe</Data><Data Name='TargetFilename'>C:\Config.Msi\189286be.rbf</Data><Data Name='CreationUtcTime'>2020-11-11 07:48:36.911</Data></EventData></Event>
<Event xmlns='http://schemas.microsoft.com/win/2004/08/events/event'><System><Provider Name='Microsoft-Windows-Sysmon' Guid='{5770385f-c22a-43e0-bf4c-06f5698ffbd9}'/><EventID>11</EventID><Version>2</Version><Level>4</Level><Task>11</Task><Opcode>0</Opcode><Keywords>0x8000000000000000</Keywords><TimeCreated SystemTime='2020-11-11T07:48:36.929407000Z'/><EventRecordID>29052</EventRecordID><Correlation/><Execution ProcessID='8424' ThreadID='8456'/><Channel>Microsoft-Windows-Sysmon/Operational</Channel><Computer>DESKTOP-4GL3MO2</Computer><Security UserID='S-1-5-18'/></System><EventData><Data Name='RuleName'>-</Data><Data Name='UtcTime'>2020-11-11 07:48:36.927</Data><Data Name='ProcessGuid'>{a16191d0-974a-5fab-7109-000000000300}</Data><Data Name='ProcessId'>9068</Data><Data Name='Image'>C:\Windows\system32\msiexec.exe</Data><Data Name='TargetFilename'>C:\Config.Msi\189286bf.rbf</Data><Data Name='CreationUtcTime'>2020-11-11 07:48:36.927</Data></EventData></Event>
<Event xmlns='http://schemas.microsoft.com/win/2004/08/events/event'><System><Provider Name='Microsoft-Windows-Sysmon' Guid='{5770385f-c22a-43e0-bf4c-06f5698ffbd9}'/><EventID>11</EventID><Version>2</Version><Level>4</Level><Task>11</Task><Opcode>0</Opcode><Keywords>0x8000000000000000</Keywords><TimeCreated SystemTime='2020-11-11T07:48:36.933461300Z'/><EventRecordID>29053</EventRecordID><Correlation/><Execution ProcessID='8424' ThreadID='8456'/><Channel>Microsoft-Windows-Sysmon/Operational</Channel><Computer>DESKTOP-4GL3MO2</Computer><Security UserID='S-1-5-18'/></System><EventData><Data Name='RuleName'>-</Data><Data Name='UtcTime'>2020-11-11 07:48:36.927</Data><Data Name='ProcessGuid'>{a16191d0-974a-5fab-7109-000000000300}</Data><Data Name='ProcessId'>9068</Data><Data Name='Image'>C:\Windows\system32\msiexec.exe</Data><Data Name='TargetFilename'>C:\Config.Msi\189286bf.rbf</Data><Data Name='CreationUtcTime'>2020-11-11 07:48:36.927</Data></EventData></Event>
<Event xmlns='http://schemas.microsoft.com/win/2004/08/events/event'><System><Provider Name='Microsoft-Windows-Sysmon' Guid='{5770385f-c22a-43e0-bf4c-06f5698ffbd9}'/><EventID>11</EventID><Version>2</Version><Level>4</Level><Task>11</Task><Opcode>0</Opcode><Keywords>0x8000000000000000</Keywords><TimeCreated SystemTime='2020-11-11T07:48:36.938266300Z'/><EventRecordID>29054</EventRecordID><Correlation/><Execution ProcessID='8424' ThreadID='8456'/><Channel>Microsoft-Windows-Sysmon/Operational</Channel><Computer>DESKTOP-4GL3MO2</Computer><Security UserID='S-1-5-18'/></System><EventData><Data Name='RuleName'>-</Data><Data Name='UtcTime'>2020-11-11 07:48:36.927</Data><Data Name='ProcessGuid'>{a16191d0-974a-5fab-7109-000000000300}</Data><Data Name='ProcessId'>9068</Data><Data Name='Image'>C:\Windows\system32\msiexec.exe</Data><Data Name='TargetFilename'>C:\Config.Msi\189286c0.rbf</Data><Data Name='CreationUtcTime'>2020-11-11 07:48:36.927</Data></EventData></Event>
<Event xmlns='http://schemas.microsoft.com/win/2004/08/events/event'><System><Provider Name='Microsoft-Windows-Sysmon' Guid='{5770385f-c22a-43e0-bf4c-06f5698ffbd9}'/><EventID>11</EventID><Version>2</Version><Level>4</Level><Task>11</Task><Opcode>0</Opcode><Keywords>0x8000000000000000</Keywords><TimeCreated SystemTime='2020-11-11T07:48:36.939006300Z'/><EventRecordID>29055</EventRecordID><Correlation/><Execution ProcessID='8424' ThreadID='8456'/><Channel>Microsoft-Windows-Sysmon/Operational</Channel><Computer>DESKTOP-4GL3MO2</Computer><Security UserID='S-1-5-18'/></System><EventData><Data Name='RuleName'>-</Data><Data Name='UtcTime'>2020-11-11 07:48:36.927</Data><Data Name='ProcessGuid'>{a16191d0-974a-5fab-7109-000000000300}</Data><Data Name='ProcessId'>9068</Data><Data Name='Image'>C:\Windows\system32\msiexec.exe</Data><Data Name='TargetFilename'>C:\Config.Msi\189286c0.rbf</Data><Data Name='CreationUtcTime'>2020-11-11 07:48:36.927</Data></EventData></Event>
<Event xmlns='http://schemas.microsoft.com/win/2004/08/events/event'><System><Provider Name='Microsoft-Windows-Sysmon' Guid='{5770385f-c22a-43e0-bf4c-06f5698ffbd9}'/><EventID>1</EventID><Version>5</Version><Level>4</Level><Task>1</Task><Opcode>0</Opcode><Keywords>0x8000000000000000</Keywords><TimeCreated SystemTime='2020-11-11T07:48:36.953899500Z'/><EventRecordID>29056</EventRecordID><Correlation/><Execution ProcessID='8424' ThreadID='8456'/><Channel>Microsoft-Windows-Sysmon/Operational</Channel><Computer>DESKTOP-4GL3MO2</Computer><Security UserID='S-1-5-18'/></System><EventData><Data Name='RuleName'>-</Data><Data Name='UtcTime'>2020-11-11 07:48:36.941</Data><Data Name='ProcessGuid'>{a16191d0-9754-5fab-7609-000000000300}</Data><Data Name='ProcessId'>8668</Data><Data Name='Image'>C:\Windows\System32\wevtutil.exe</Data><Data Name='FileVersion'>10.0.18362.1 (WinBuild.160101.0800)</Data><Data Name='Description'>Eventing Command Line Utility</Data><Data Name='Product'>Microsoft Windows Operating System</Data><Data Name='Company'>Microsoft Corporation</Data><Data Name='OriginalFileName'>wevtutil.exe</Data><Data Name='CommandLine'>wevtutil  cl Microsoft-Windows-Sysmon/Operational</Data><Data Name='CurrentDirectory'>C:\Users\jiyoung\Desktop\</Data><Data Name='User'>DESKTOP-4GL3MO2\jiyoung</Data><Data Name='LogonGuid'>{a16191d0-e492-5f8f-8b92-030000000000}</Data><Data Name='LogonId'>0x3928b</Data><Data Name='TerminalSessionId'>1</Data><Data Name='IntegrityLevel'>High</Data><Data Name='Hashes'>SHA1=B326DA71B18EFE153F2EEA3B4DE864AC8AA0FC3E,MD5=53748B0CD4C78AF5EF1D4E77F3C873AF,SHA256=E16B9D201EC1D7E29B3AD532A9AD8F1AE0CB5821BB916A79F6DBEB1C6E6B85FA,IMPHASH=34BC1195516E78393351B444DF843666</Data><Data Name='ParentProcessGuid'>{a16191d0-e663-5f8f-0b02-000000000300}</Data><Data Name='ParentProcessId'>4792</Data><Data Name='ParentImage'>C:\Windows\System32\cmd.exe</Data><Data Name='ParentCommandLine'>"C:\Windows\system32\cmd.exe" </Data></EventData></Event>
<Event xmlns='http://schemas.microsoft.com/win/2004/08/events/event'><System><Provider Name='Microsoft-Windows-Sysmon' Guid='{5770385f-c22a-43e0-bf4c-06f5698ffbd9}'/><EventID>11</EventID><Version>2</Version><Level>4</Level><Task>11</Task><Opcode>0</Opcode><Keywords>0x8000000000000000</Keywords><TimeCreated SystemTime='2020-11-11T07:48:36.955078000Z'/><EventRecordID>29057</EventRecordID><Correlation/><Execution ProcessID='8424' ThreadID='8456'/><Channel>Microsoft-Windows-Sysmon/Operational</Channel><Computer>DESKTOP-4GL3MO2</Computer><Security UserID='S-1-5-18'/></System><EventData><Data Name='RuleName'>-</Data><Data Name='UtcTime'>2020-11-11 07:48:36.942</Data><Data Name='ProcessGuid'>{a16191d0-974a-5fab-7109-000000000300}</Data><Data Name='ProcessId'>9068</Data><Data Name='Image'>C:\Windows\system32\msiexec.exe</Data><Data Name='TargetFilename'>C:\Config.Msi\189286c1.rbf</Data><Data Name='CreationUtcTime'>2020-11-11 07:48:36.942</Data></EventData></Event>
<Event xmlns='http://schemas.microsoft.com/win/2004/08/events/event'><System><Provider Name='Microsoft-Windows-Sysmon' Guid='{5770385f-c22a-43e0-bf4c-06f5698ffbd9}'/><EventID>11</EventID><Version>2</Version><Level>4</Level><Task>11</Task><Opcode>0</Opcode><Keywords>0x8000000000000000</Keywords><TimeCreated SystemTime='2020-11-11T07:48:36.955173900Z'/><EventRecordID>29058</EventRecordID><Correlation/><Execution ProcessID='8424' ThreadID='8456'/><Channel>Microsoft-Windows-Sysmon/Operational</Channel><Computer>DESKTOP-4GL3MO2</Computer><Security UserID='S-1-5-18'/></System><EventData><Data Name='RuleName'>-</Data><Data Name='UtcTime'>2020-11-11 07:48:36.942</Data><Data Name='ProcessGuid'>{a16191d0-974a-5fab-7109-000000000300}</Data><Data Name='ProcessId'>9068</Data><Data Name='Image'>C:\Windows\system32\msiexec.exe</Data><Data Name='TargetFilename'>C:\Config.Msi\189286c1.rbf</Data><Data Name='CreationUtcTime'>2020-11-11 07:48:36.942</Data></EventData></Event>
<Event xmlns='http://schemas.microsoft.com/win/2004/08/events/event'><System><Provider Name='Microsoft-Windows-Sysmon' Guid='{5770385f-c22a-43e0-bf4c-06f5698ffbd9}'/><EventID>11</EventID><Version>2</Version><Level>4</Level><Task>11</Task><Opcode>0</Opcode><Keywords>0x8000000000000000</Keywords><TimeCreated SystemTime='2020-11-11T07:48:36.955261900Z'/><EventRecordID>29059</EventRecordID><Correlation/><Execution ProcessID='8424' ThreadID='8456'/><Channel>Microsoft-Windows-Sysmon/Operational</Channel><Computer>DESKTOP-4GL3MO2</Computer><Security UserID='S-1-5-18'/></System><EventData><Data Name='RuleName'>-</Data><Data Name='UtcTime'>2020-11-11 07:48:36.942</Data><Data Name='ProcessGuid'>{a16191d0-974a-5fab-7109-000000000300}</Data><Data Name='ProcessId'>9068</Data><Data Name='Image'>C:\Windows\system32\msiexec.exe</Data><Data Name='TargetFilename'>C:\Config.Msi\189286c2.rbf</Data><Data Name='CreationUtcTime'>2020-11-11 07:48:36.942</Data></EventData></Event>
<Event xmlns='http://schemas.microsoft.com/win/2004/08/events/event'><System><Provider Name='Microsoft-Windows-Sysmon' Guid='{5770385f-c22a-43e0-bf4c-06f5698ffbd9}'/><EventID>11</EventID><Version>2</Version><Level>4</Level><Task>11</Task><Opcode>0</Opcode><Keywords>0x8000000000000000</Keywords><TimeCreated SystemTime='2020-11-11T07:48:36.955890800Z'/><EventRecordID>29060</EventRecordID><Correlation/><Execution ProcessID='8424' ThreadID='8456'/><Channel>Microsoft-Windows-Sysmon/Operational</Channel><Computer>DESKTOP-4GL3MO2</Computer><Security UserID='S-1-5-18'/></System><EventData><Data Name='RuleName'>-</Data><Data Name='UtcTime'>2020-11-11 07:48:36.942</Data><Data Name='ProcessGuid'>{a16191d0-974a-5fab-7109-000000000300}</Data><Data Name='ProcessId'>9068</Data><Data Name='Image'>C:\Windows\system32\msiexec.exe</Data><Data Name='TargetFilename'>C:\Config.Msi\189286c2.rbf</Data><Data Name='CreationUtcTime'>2020-11-11 07:48:36.942</Data></EventData></Event>
<Event xmlns='http://schemas.microsoft.com/win/2004/08/events/event'><System><Provider Name='Microsoft-Windows-Sysmon' Guid='{5770385f-c22a-43e0-bf4c-06f5698ffbd9}'/><EventID>5</EventID><Version>3</Version><Level>4</Level><Task>5</Task><Opcode>0</Opcode><Keywords>0x8000000000000000</Keywords><TimeCreated SystemTime='2020-11-11T07:48:36.969081300Z'/><EventRecordID>29061</EventRecordID><Correlation/><Execution ProcessID='8424' ThreadID='8456'/><Channel>Microsoft-Windows-Sysmon/Operational</Channel><Computer>DESKTOP-4GL3MO2</Computer><Security UserID='S-1-5-18'/></System><EventData><Data Name='RuleName'>-</Data><Data Name='UtcTime'>2020-11-11 07:48:36.958</Data><Data Name='ProcessGuid'>{a16191d0-9754-5fab-7609-000000000300}</Data><Data Name='ProcessId'>8668</Data><Data Name='Image'>C:\Windows\System32\wevtutil.exe</Data></EventData></Event>
<Event xmlns='http://schemas.microsoft.com/win/2004/08/events/event'><System><Provider Name='Microsoft-Windows-Sysmon' Guid='{5770385f-c22a-43e0-bf4c-06f5698ffbd9}'/><EventID>11</EventID><Version>2</Version><Level>4</Level><Task>11</Task><Opcode>0</Opcode><Keywords>0x8000000000000000</Keywords><TimeCreated SystemTime='2020-11-11T07:48:36.970081700Z'/><EventRecordID>29062</EventRecordID><Correlation/><Execution ProcessID='8424' ThreadID='8456'/><Channel>Microsoft-Windows-Sysmon/Operational</Channel><Computer>DESKTOP-4GL3MO2</Computer><Security UserID='S-1-5-18'/></System><EventData><Data Name='RuleName'>-</Data><Data Name='UtcTime'>2020-11-11 07:48:36.958</Data><Data Name='ProcessGuid'>{a16191d0-974a-5fab-7109-000000000300}</Data><Data Name='ProcessId'>9068</Data><Data Name='Image'>C:\Windows\system32\msiexec.exe</Data><Data Name='TargetFilename'>C:\Config.Msi\189286c3.rbf</Data><Data Name='CreationUtcTime'>2020-11-11 07:48:36.958</Data></EventData></Event>
<Event xmlns='http://schemas.microsoft.com/win/2004/08/events/event'><System><Provider Name='Microsoft-Windows-Sysmon' Guid='{5770385f-c22a-43e0-bf4c-06f5698ffbd9}'/><EventID>11</EventID><Version>2</Version><Level>4</Level><Task>11</Task><Opcode>0</Opcode><Keywords>0x8000000000000000</Keywords><TimeCreated SystemTime='2020-11-11T07:48:36.975491200Z'/><EventRecordID>29063</EventRecordID><Correlation/><Execution ProcessID='8424' ThreadID='8456'/><Channel>Microsoft-Windows-Sysmon/Operational</Channel><Computer>DESKTOP-4GL3MO2</Computer><Security UserID='S-1-5-18'/></System><EventData><Data Name='RuleName'>-</Data><Data Name='UtcTime'>2020-11-11 07:48:36.973</Data><Data Name='ProcessGuid'>{a16191d0-974a-5fab-7109-000000000300}</Data><Data Name='ProcessId'>9068</Data><Data Name='Image'>C:\Windows\system32\msiexec.exe</Data><Data Name='TargetFilename'>C:\Config.Msi\189286c3.rbf</Data><Data Name='CreationUtcTime'>2020-11-11 07:48:36.958</Data></EventData></Event>
