<Event xmlns='http://schemas.microsoft.com/win/2004/08/events/event'><System><Provider Name='Microsoft-Windows-Sysmon' Guid='{5770385f-c22a-43e0-bf4c-06f5698ffbd9}'/><EventID>11</EventID><Version>2</Version><Level>4</Level><Task>11</Task><Opcode>0</Opcode><Keywords>0x8000000000000000</Keywords><TimeCreated SystemTime='2020-11-11T07:48:54.838934900Z'/><EventRecordID>29398</EventRecordID><Correlation/><Execution ProcessID='8424' ThreadID='8456'/><Channel>Microsoft-Windows-Sysmon/Operational</Channel><Computer>DESKTOP-4GL3MO2</Computer><Security UserID='S-1-5-18'/></System><EventData><Data Name='RuleName'>-</Data><Data Name='UtcTime'>2020-11-11 07:48:54.833</Data><Data Name='ProcessGuid'>{a16191d0-9766-5fab-9709-000000000300}</Data><Data Name='ProcessId'>7400</Data><Data Name='Image'>c:\Windows\Microsoft.NET\Framework64\v4.0.30319\ngen.exe</Data><Data Name='TargetFilename'>C:\Windows\Microsoft.NET\Framework64\v4.0.30319\ngenrootstorelock.dat</Data><Data Name='CreationUtcTime'>2020-11-11 07:48:53.770</Data></EventData></Event>
<Event xmlns='http://schemas.microsoft.com/win/2004/08/events/event'><System><Provider Name='Microsoft-Windows-Sysmon' Guid='{5770385f-c22a-43e0-bf4c-06f5698ffbd9}'/><EventID>5</EventID><Version>3</Version><Level>4</Level><Task>5</Task><Opcode>0</Opcode><Keywords>0x8000000000000000</Keywords><TimeCreated SystemTime='2020-11-11T07:48:54.843102500Z'/><EventRecordID>29399</EventRecordID><Correlation/><Execution ProcessID='8424' ThreadID='8456'/><Channel>Microsoft-Windows-Sysmon/Operational</Channel><Computer>DESKTOP-4GL3MO2</Computer><Security UserID='S-1-5-18'/></System><EventData><Data Name='RuleName'>-</Data><Data Name='UtcTime'>2020-11-11 07:48:54.833</Data><Data Name='ProcessGuid'>{a16191d0-9766-5fab-9709-000000000300}</Data><Data Name='ProcessId'>7400</Data><Data Name='Image'>C:\Windows\Microsoft.NET\Framework64\v4.0.30319\ngen.exe</Data></EventData></Event>
<Event xmlns='http://schemas.microsoft.com/win/2004/08/events/event'><System><Provider Name='Microsoft-Windows-Sysmon' Guid='{5770385f-c22a-43e0-bf4c-06f5698ffbd9}'/><EventID>5</EventID><Version>3</Version><Level>4</Level><Task>5</Task><Opcode>0</Opcode><Keywords>0x8000000000000000</Keywords><TimeCreated SystemTime='2020-11-11T07:48:54.847570700Z'/><EventRecordID>29400</EventRecordID><Correlation/><Execution ProcessID='8424' ThreadID='8456'/><Channel>Microsoft-Windows-Sysmon/Operational</Channel><Computer>DESKTOP-4GL3MO2</Computer><Security UserID='S-1-5-18'/></System><EventData><Data Name='RuleName'>-</Data><Data Name='UtcTime'>2020-11-11 07:48:54.833</Data><Data Name='ProcessGuid'>{a16191d0-9766-5fab-9809-000000000300}</Data><Data Name='ProcessId'>9392</Data><Data Name='Image'>C:\Windows\System32\conhost.exe</Data></EventData></Event>
<Event xmlns='http://schemas.microsoft.com/win/2004/08/events/event'><System><Provider Name='Microsoft-Windows-Sysmon' Guid='{5770385f-c22a-43e0-bf4c-06f5698ffbd9}'/><EventID>11</EventID><Version>2</Version><Level>4</Level><Task>11</Task><Opcode>0</Opcode><Keywords>0x8000000000000000</Keywords><TimeCreated SystemTime='2020-11-11T07:48:54.940873400Z'/><EventRecordID>29401</EventRecordID><Correlation/><Execution ProcessID='8424' ThreadID='8456'/><Channel>Microsoft-Windows-Sysmon/Operational</Channel><Computer>DESKTOP-4GL3MO2</Computer><Security UserID='S-1-5-18'/></System><EventData><Data Name='RuleName'>-</Data><Data Name='UtcTime'>2020-11-11 07:48:54.927</Data><Data Name='ProcessGuid'>{a16191d0-9766-5fab-9909-000000000300}</Data><Data Name='ProcessId'>11152</Data><Data Name='Image'>c:\Windows\Microsoft.NET\Framework\v4.0.30319\ngen.exe</Data><Data Name='TargetFilename'>C:\Windows\Microsoft.NET\ngenserviceclientlock.dat</Data><Data Name='CreationUtcTime'>2020-11-11 07:48:53.692</Data></EventData></Event>
<Event xmlns='http://schemas.microsoft.com/win/2004/08/events/event'><System><Provider Name='Microsoft-Windows-Sysmon' Guid='{5770385f-c22a-43e0-bf4c-06f5698ffbd9}'/><EventID>11</EventID><Version>2</Version><Level>4</Level><Task>11</Task><Opcode>0</Opcode><Keywords>0x8000000000000000</Keywords><TimeCreated SystemTime='2020-11-11T07:48:54.941005700Z'/><EventRecordID>29402</EventRecordID><Correlation/><Execution ProcessID='8424' ThreadID='8456'/><Channel>Microsoft-Windows-Sysmon/Operational</Channel><Computer>DESKTOP-4GL3MO2</Computer><Security UserID='S-1-5-18'/></System><EventData><Data Name='RuleName'>-</Data><Data Name='UtcTime'>2020-11-11 07:48:54.927</Data><Data Name='ProcessGuid'>{a16191d0-9766-5fab-9909-000000000300}</Data><Data Name='ProcessId'>11152</Data><Data Name='Image'>c:\Windows\Microsoft.NET\Framework\v4.0.30319\ngen.exe</Data><Data Name='TargetFilename'>C:\Windows\Microsoft.NET\Framework\v4.0.30319\ngenrootstorelock.dat</Data><Data Name='CreationUtcTime'>2020-11-11 07:48:53.692</Data></EventData></Event>
<Event xmlns='http://schemas.microsoft.com/win/2004/08/events/event'><System><Provider Name='Microsoft-Windows-Sysmon' Guid='{5770385f-c22a-43e0-bf4c-06f5698ffbd9}'/><EventID>5</EventID><Version>3</Version><Level>4</Level><Task>5</Task><Opcode>0</Opcode><Keywords>0x8000000000000000</Keywords><TimeCreated SystemTime='2020-11-11T07:48:54.947988100Z'/><EventRecordID>29403</EventRecordID><Correlation/><Execution ProcessID='8424' ThreadID='8456'/><Channel>Microsoft-Windows-Sysmon/Operational</Channel><Computer>DESKTOP-4GL3MO2</Computer><Security UserID='S-1-5-18'/></System><EventData><Data Name='RuleName'>-</Data><Data Name='UtcTime'>2020-11-11 07:48:54.942</Data><Data Name='ProcessGuid'>{a16191d0-9766-5fab-9909-000000000300}</Data><Data Name='ProcessId'>11152</Data><Data Name='Image'>C:\Windows\Microsoft.NET\Framework\v4.0.30319\ngen.exe</Data></EventData></Event>
<Event xmlns='http://schemas.microsoft.com/win/2004/08/events/event'><System><Provider Name='Microsoft-Windows-Sysmon' Guid='{5770385f-c22a-43e0-bf4c-06f5698ffbd9}'/><EventID>5</EventID><Version>3</Version><Level>4</Level><Task>5</Task><Opcode>0</Opcode><Keywords>0x8000000000000000</Keywords><TimeCreated SystemTime='2020-11-11T07:48:54.953302200Z'/><EventRecordID>29404</EventRecordID><Correlation/><Execution ProcessID='8424' ThreadID='8456'/><Channel>Microsoft-Windows-Sysmon/Operational</Channel><Computer>DESKTOP-4GL3MO2</Computer><Security UserID='S-1-5-18'/></System><EventData><Data Name='RuleName'>-</Data><Data Name='UtcTime'>2020-11-11 07:48:54.942</Data><Data Name='ProcessGuid'>{a16191d0-9766-5fab-9a09-000000000300}</Data><Data Name='ProcessId'>11608</Data><Data Name='Image'>C:\Windows\System32\conhost.exe</Data></EventData></Event>
<Event xmlns='http://schemas.microsoft.com/win/2004/08/events/event'><System><Provider Name='Microsoft-Windows-Sysmon' Guid='{5770385f-c22a-43e0-bf4c-06f5698ffbd9}'/><EventID>1</EventID><Version>5</Version><Level>4</Level><Task>1</Task><Opcode>0</Opcode><Keywords>0x8000000000000000</Keywords><TimeCreated SystemTime='2020-11-11T07:48:54.967395000Z'/><EventRecordID>29405</EventRecordID><Correlation/><Execution ProcessID='8424' ThreadID='8456'/><Channel>Microsoft-Windows-Sysmon/Operational</Channel><Computer>DESKTOP-4GL3MO2</Computer><Security UserID='S-1-5-18'/></System><EventData><Data Name='RuleName'>-</Data><Data Name='UtcTime'>2020-11-11 07:48:54.964</Data><Data Name='ProcessGuid'>{a16191d0-9766-5fab-9b09-000000000300}</Data><Data Name='ProcessId'>10460</Data><Data Name='Image'>C:\Windows\Microsoft.NET\Framework64\v4.0.30319\ngen.exe</Data><Data Name='FileVersion'>4.8.3752.0 built by: NET48REL1</Data><Data Name='Description'>Microsoft Common Language Runtime native compiler</Data><Data Name='Product'>Microsoft .NET Framework</Data><Data Name='Company'>Microsoft Corporation</Data><Data Name='OriginalFileName'>ngen.exe</Data><Data Name='CommandLine'>c:\Windows\Microsoft.NET\Framework64\v4.0.30319\ngen.exe install "c:\Program Files (x86)\Common Files\Microsoft Shared\VSTA\Pipeline.v10.0\Contracts\Microsoft.VisualStudio.Tools.Office.Contract.v9.0.dll" /queue:3 /NoDependencies</Data><Data Name='CurrentDirectory'>C:\Windows\SysWOW64\</Data><Data Name='User'>NT AUTHORITY\SYSTEM</Data><Data Name='LogonGuid'>{a16191d0-e48d-5f8f-e703-000000000000}</Data><Data Name='LogonId'>0x3e7</Data><Data Name='TerminalSessionId'>0</Data><Data Name='IntegrityLevel'>System</Data><Data Name='Hashes'>SHA1=2EC8E5600FFC2FD04D3FDA3646E870C5FA54F7F2,MD5=660254C8228B83705C80374D47F570F1,SHA256=0EB067650F90E1AF3B660C229A58D5E4C505A928847349E06DADB5E88DF713F4,IMPHASH=5ABC114B8FD18C7E03AD3244A6DA0BC3</Data><Data Name='ParentProcessGuid'>{a16191d0-974b-5fab-7209-000000000300}</Data><Data Name='ParentProcessId'>4304</Data><Data Name='ParentImage'>C:\Windows\SysWOW64\msiexec.exe</Data><Data Name='ParentCommandLine'>c:\Windows\syswow64\MsiExec.exe -Embedding 2B9CF3039A49DDBC322E1EFC81B8DB60 E Global\MSI0000</Data></EventData></Event>
<Event xmlns='http://schemas.microsoft.com/win/2004/08/events/event'><System><Provider Name='Microsoft-Windows-Sysmon' Guid='{5770385f-c22a-43e0-bf4c-06f5698ffbd9}'/><EventID>11</EventID><Version>2</Version><Level>4</Level><Task>11</Task><Opcode>0</Opcode><Keywords>0x8000000000000000</Keywords><TimeCreated SystemTime='2020-11-11T07:48:55.027106900Z'/><EventRecordID>29406</EventRecordID><Correlation/><Execution ProcessID='8424' ThreadID='8456'/><Channel>Microsoft-Windows-Sysmon/Operational</Channel><Computer>DESKTOP-4GL3MO2</Computer><Security UserID='S-1-5-18'/></System><EventData><Data Name='RuleName'>-</Data><Data Name='UtcTime'>2020-11-11 07:48:55.005</Data><Data Name='ProcessGuid'>{a16191d0-9766-5fab-9b09-000000000300}</Data><Data Name='ProcessId'>10460</Data><Data Name='Image'>c:\Windows\Microsoft.NET\Framework64\v4.0.30319\ngen.exe</Data><Data Name='TargetFilename'>C:\Windows\Microsoft.NET\ngenserviceclientlock.dat</Data><Data Name='CreationUtcTime'>2020-11-11 07:48:53.692</Data></EventData></Event>
<Event xmlns='http://schemas.microsoft.com/win/2004/08/events/event'><System><Provider Name='Microsoft-Windows-Sysmon' Guid='{5770385f-c22a-43e0-bf4c-06f5698ffbd9}'/><EventID>11</EventID><Version>2</Version><Level>4</Level><Task>11</Task><Opcode>0</Opcode><Keywords>0x8000000000000000</Keywords><TimeCreated SystemTime='2020-11-11T07:48:55.027245200Z'/><EventRecordID>29407</EventRecordID><Correlation/><Execution ProcessID='8424' ThreadID='8456'/><Channel>Microsoft-Windows-Sysmon/Operational</Channel><Computer>DESKTOP-4GL3MO2</Computer><Security UserID='S-1-5-18'/></System><EventData><Data Name='RuleName'>-</Data><Data Name='UtcTime'>2020-11-11 07:48:55.005</Data><Data Name='ProcessGuid'>{a16191d0-9766-5fab-9b09-000000000300}</Data><Data Name='ProcessId'>10460</Data><Data Name='Image'>c:\Windows\Microsoft.NET\Framework64\v4.0.30319\ngen.exe</Data><Data Name='TargetFilename'>C:\Windows\Microsoft.NET\Framework64\v4.0.30319\ngenrootstorelock.dat</Data><Data Name='CreationUtcTime'>2020-11-11 07:48:53.770</Data></EventData></Event>
<Event xmlns='http://schemas.microsoft.com/win/2004/08/events/event'><System><Provider Name='Microsoft-Windows-Sysmon' Guid='{5770385f-c22a-43e0-bf4c-06f5698ffbd9}'/><EventID>5</EventID><Version>3</Version><Level>4</Level><Task>5</Task><Opcode>0</Opcode><Keywords>0x8000000000000000</Keywords><TimeCreated SystemTime='2020-11-11T07:48:55.029697700Z'/><EventRecordID>29408</EventRecordID><Correlation/><Execution ProcessID='8424' ThreadID='8456'/><Channel>Microsoft-Windows-Sysmon/Operational</Channel><Computer>DESKTOP-4GL3MO2</Computer><Security UserID='S-1-5-18'/></System><EventData><Data Name='RuleName'>-</Data><Data Name='UtcTime'>2020-11-11 07:48:55.020</Data><Data Name='ProcessGuid'>{a16191d0-9766-5fab-9b09-000000000300}</Data><Data Name='ProcessId'>10460</Data><Data Name='Image'>C:\Windows\Microsoft.NET\Framework64\v4.0.30319\ngen.exe</Data></EventData></Event>
<Event xmlns='http://schemas.microsoft.com/win/2004/08/events/event'><System><Provider Name='Microsoft-Windows-Sysmon' Guid='{5770385f-c22a-43e0-bf4c-06f5698ffbd9}'/><EventID>5</EventID><Version>3</Version><Level>4</Level><Task>5</Task><Opcode>0</Opcode><Keywords>0x8000000000000000</Keywords><TimeCreated SystemTime='2020-11-11T07:48:55.037453800Z'/><EventRecordID>29409</EventRecordID><Correlation/><Execution ProcessID='8424' ThreadID='8456'/><Channel>Microsoft-Windows-Sysmon/Operational</Channel><Computer>DESKTOP-4GL3MO2</Computer><Security UserID='S-1-5-18'/></System><EventData><Data Name='RuleName'>-</Data><Data Name='UtcTime'>2020-11-11 07:48:55.020</Data><Data Name='ProcessGuid'>{a16191d0-9766-5fab-9c09-000000000300}</Data><Data Name='ProcessId'>1884</Data><Data Name='Image'>C:\Windows\System32\conhost.exe</Data></EventData></Event>
<Event xmlns='http://schemas.microsoft.com/win/2004/08/events/event'><System><Provider Name='Microsoft-Windows-Sysmon' Guid='{5770385f-c22a-43e0-bf4c-06f5698ffbd9}'/><EventID>11</EventID><Version>2</Version><Level>4</Level><Task>11</Task><Opcode>0</Opcode><Keywords>0x8000000000000000</Keywords><TimeCreated SystemTime='2020-11-11T07:48:55.109279700Z'/><EventRecordID>29410</EventRecordID><Correlation/><Execution ProcessID='8424' ThreadID='8456'/><Channel>Microsoft-Windows-Sysmon/Operational</Channel><Computer>DESKTOP-4GL3MO2</Computer><Security UserID='S-1-5-18'/></System><EventData><Data Name='RuleName'>-</Data><Data Name='UtcTime'>2020-11-11 07:48:55.099</Data><Data Name='ProcessGuid'>{a16191d0-9767-5fab-9d09-000000000300}</Data><Data Name='ProcessId'>9200</Data><Data Name='Image'>c:\Windows\Microsoft.NET\Framework\v4.0.30319\ngen.exe</Data><Data Name='TargetFilename'>C:\Windows\Microsoft.NET\ngenserviceclientlock.dat</Data><Data Name='CreationUtcTime'>2020-11-11 07:48:53.692</Data></EventData></Event>
<Event xmlns='http://schemas.microsoft.com/win/2004/08/events/event'><System><Provider Name='Microsoft-Windows-Sysmon' Guid='{5770385f-c22a-43e0-bf4c-06f5698ffbd9}'/><EventID>11</EventID><Version>2</Version><Level>4</Level><Task>11</Task><Opcode>0</Opcode><Keywords>0x8000000000000000</Keywords><TimeCreated SystemTime='2020-11-11T07:48:55.109365000Z'/><EventRecordID>29411</EventRecordID><Correlation/><Execution ProcessID='8424' ThreadID='8456'/><Channel>Microsoft-Windows-Sysmon/Operational</Channel><Computer>DESKTOP-4GL3MO2</Computer><Security UserID='S-1-5-18'/></System><EventData><Data Name='RuleName'>-</Data><Data Name='UtcTime'>2020-11-11 07:48:55.099</Data><Data Name='ProcessGuid'>{a16191d0-9767-5fab-9d09-000000000300}</Data><Data Name='ProcessId'>9200</Data><Data Name='Image'>c:\Windows\Microsoft.NET\Framework\v4.0.30319\ngen.exe</Data><Data Name='TargetFilename'>C:\Windows\Microsoft.NET\Framework\v4.0.30319\ngenrootstorelock.dat</Data><Data Name='CreationUtcTime'>2020-11-11 07:48:53.692</Data></EventData></Event>
<Event xmlns='http://schemas.microsoft.com/win/2004/08/events/event'><System><Provider Name='Microsoft-Windows-Sysmon' Guid='{5770385f-c22a-43e0-bf4c-06f5698ffbd9}'/><EventID>5</EventID><Version>3</Version><Level>4</Level><Task>5</Task><Opcode>0</Opcode><Keywords>0x8000000000000000</Keywords><TimeCreated SystemTime='2020-11-11T07:48:55.114734500Z'/><EventRecordID>29412</EventRecordID><Correlation/><Execution ProcessID='8424' ThreadID='8456'/><Channel>Microsoft-Windows-Sysmon/Operational</Channel><Computer>DESKTOP-4GL3MO2</Computer><Security UserID='S-1-5-18'/></System><EventData><Data Name='RuleName'>-</Data><Data Name='UtcTime'>2020-11-11 07:48:55.099</Data><Data Name='ProcessGuid'>{a16191d0-9767-5fab-9d09-000000000300}</Data><Data Name='ProcessId'>9200</Data><Data Name='Image'>C:\Windows\Microsoft.NET\Framework\v4.0.30319\ngen.exe</Data></EventData></Event>
<Event xmlns='http://schemas.microsoft.com/win/2004/08/events/event'><System><Provider Name='Microsoft-Windows-Sysmon' Guid='{5770385f-c22a-43e0-bf4c-06f5698ffbd9}'/><EventID>1</EventID><Version>5</Version><Level>4</Level><Task>1</Task><Opcode>0</Opcode><Keywords>0x8000000000000000</Keywords><TimeCreated SystemTime='2020-11-11T07:48:55.122167200Z'/><EventRecordID>29413</EventRecordID><Correlation/><Execution ProcessID='8424' ThreadID='8456'/><Channel>Microsoft-Windows-Sysmon/Operational</Channel><Computer>DESKTOP-4GL3MO2</Computer><Security UserID='S-1-5-18'/></System><EventData><Data Name='RuleName'>-</Data><Data Name='UtcTime'>2020-11-11 07:48:55.118</Data><Data Name='ProcessGuid'>{a16191d0-9767-5fab-9f09-000000000300}</Data><Data Name='ProcessId'>2080</Data><Data Name='Image'>C:\Windows\Microsoft.NET\Framework64\v4.0.30319\ngen.exe</Data><Data Name='FileVersion'>4.8.3752.0 built by: NET48REL1</Data><Data Name='Description'>Microsoft Common Language Runtime native compiler</Data><Data Name='Product'>Microsoft .NET Framework</Data><Data Name='Company'>Microsoft Corporation</Data><Data Name='OriginalFileName'>ngen.exe</Data><Data Name='CommandLine'>c:\Windows\Microsoft.NET\Framework64\v4.0.30319\ngen.exe install "c:\Program Files (x86)\Common Files\Microsoft Shared\VSTA\Pipeline.v10.0\Contracts\Microsoft.VisualStudio.Tools.Office.Contract.v10.0.dll" /queue:3 /NoDependencies</Data><Data Name='CurrentDirectory'>C:\Windows\SysWOW64\</Data><Data Name='User'>NT AUTHORITY\SYSTEM</Data><Data Name='LogonGuid'>{a16191d0-e48d-5f8f-e703-000000000000}</Data><Data Name='LogonId'>0x3e7</Data><Data Name='TerminalSessionId'>0</Data><Data Name='IntegrityLevel'>System</Data><Data Name='Hashes'>SHA1=2EC8E5600FFC2FD04D3FDA3646E870C5FA54F7F2,MD5=660254C8228B83705C80374D47F570F1,SHA256=0EB067650F90E1AF3B660C229A58D5E4C505A928847349E06DADB5E88DF713F4,IMPHASH=5ABC114B8FD18C7E03AD3244A6DA0BC3</Data><Data Name='ParentProcessGuid'>{a16191d0-974b-5fab-7209-000000000300}</Data><Data Name='ParentProcessId'>4304</Data><Data Name='ParentImage'>C:\Windows\SysWOW64\msiexec.exe</Data><Data Name='ParentCommandLine'>c:\Windows\syswow64\MsiExec.exe -Embedding 2B9CF3039A49DDBC322E1EFC81B8DB60 E Global\MSI0000</Data></EventData></Event>
<Event xmlns='http://schemas.microsoft.com/win/2004/08/events/event'><System><Provider Name='Microsoft-Windows-Sysmon' Guid='{5770385f-c22a-43e0-bf4c-06f5698ffbd9}'/><EventID>5</EventID><Version>3</Version><Level>4</Level><Task>5</Task><Opcode>0</Opcode><Keywords>0x8000000000000000</Keywords><TimeCreated SystemTime='2020-11-11T07:48:55.122317000Z'/><EventRecordID>29414</EventRecordID><Correlation/><Execution ProcessID='8424' ThreadID='8456'/><Channel>Microsoft-Windows-Sysmon/Operational</Channel><Computer>DESKTOP-4GL3MO2</Computer><Security UserID='S-1-5-18'/></System><EventData><Data Name='RuleName'>-</Data><Data Name='UtcTime'>2020-11-11 07:48:55.114</Data><Data Name='ProcessGuid'>{a16191d0-9767-5fab-9e09-000000000300}</Data><Data Name='ProcessId'>11528</Data><Data Name='Image'>C:\Windows\System32\conhost.exe</Data></EventData></Event>
<Event xmlns='http://schemas.microsoft.com/win/2004/08/events/event'><System><Provider Name='Microsoft-Windows-Sysmon' Guid='{5770385f-c22a-43e0-bf4c-06f5698ffbd9}'/><EventID>11</EventID><Version>2</Version><Level>4</Level><Task>11</Task><Opcode>0</Opcode><Keywords>0x8000000000000000</Keywords><TimeCreated SystemTime='2020-11-11T07:48:55.189389400Z'/><EventRecordID>29415</EventRecordID><Correlation/><Execution ProcessID='8424' ThreadID='8456'/><Channel>Microsoft-Windows-Sysmon/Operational</Channel><Computer>DESKTOP-4GL3MO2</Computer><Security UserID='S-1-5-18'/></System><EventData><Data Name='RuleName'>-</Data><Data Name='UtcTime'>2020-11-11 07:48:55.177</Data><Data Name='ProcessGuid'>{a16191d0-9767-5fab-9f09-000000000300}</Data><Data Name='ProcessId'>2080</Data><Data Name='Image'>c:\Windows\Microsoft.NET\Framework64\v4.0.30319\ngen.exe</Data><Data Name='TargetFilename'>C:\Windows\Microsoft.NET\ngenserviceclientlock.dat</Data><Data Name='CreationUtcTime'>2020-11-11 07:48:53.692</Data></EventData></Event>
<Event xmlns='http://schemas.microsoft.com/win/2004/08/events/event'><System><Provider Name='Microsoft-Windows-Sysmon' Guid='{5770385f-c22a-43e0-bf4c-06f5698ffbd9}'/><EventID>11</EventID><Version>2</Version><Level>4</Level><Task>11</Task><Opcode>0</Opcode><Keywords>0x8000000000000000</Keywords><TimeCreated SystemTime='2020-11-11T07:48:55.189547100Z'/><EventRecordID>29416</EventRecordID><Correlation/><Execution ProcessID='8424' ThreadID='8456'/><Channel>Microsoft-Windows-Sysmon/Operational</Channel><Computer>DESKTOP-4GL3MO2</Computer><Security UserID='S-1-5-18'/></System><EventData><Data Name='RuleName'>-</Data><Data Name='UtcTime'>2020-11-11 07:48:55.177</Data><Data Name='ProcessGuid'>{a16191d0-9767-5fab-9f09-000000000300}</Data><Data Name='ProcessId'>2080</Data><Data Name='Image'>c:\Windows\Microsoft.NET\Framework64\v4.0.30319\ngen.exe</Data><Data Name='TargetFilename'>C:\Windows\Microsoft.NET\Framework64\v4.0.30319\ngenrootstorelock.dat</Data><Data Name='CreationUtcTime'>2020-11-11 07:48:53.770</Data></EventData></Event>
<Event xmlns='http://schemas.microsoft.com/win/2004/08/events/event'><System><Provider Name='Microsoft-Windows-Sysmon' Guid='{5770385f-c22a-43e0-bf4c-06f5698ffbd9}'/><EventID>5</EventID><Version>3</Version><Level>4</Level><Task>5</Task><Opcode>0</Opcode><Keywords>0x8000000000000000</Keywords><TimeCreated SystemTime='2020-11-11T07:48:55.197041900Z'/><EventRecordID>29417</EventRecordID><Correlation/><Execution ProcessID='8424' ThreadID='8456'/><Channel>Microsoft-Windows-Sysmon/Operational</Channel><Computer>DESKTOP-4GL3MO2</Computer><Security UserID='S-1-5-18'/></System><EventData><Data Name='RuleName'>-</Data><Data Name='UtcTime'>2020-11-11 07:48:55.193</Data><Data Name='ProcessGuid'>{a16191d0-9767-5fab-9f09-000000000300}</Data><Data Name='ProcessId'>2080</Data><Data Name='Image'>C:\Windows\Microsoft.NET\Framework64\v4.0.30319\ngen.exe</Data></EventData></Event>
<Event xmlns='http://schemas.microsoft.com/win/2004/08/events/event'><System><Provider Name='Microsoft-Windows-Sysmon' Guid='{5770385f-c22a-43e0-bf4c-06f5698ffbd9}'/><EventID>5</EventID><Version>3</Version><Level>4</Level><Task>5</Task><Opcode>0</Opcode><Keywords>0x8000000000000000</Keywords><TimeCreated SystemTime='2020-11-11T07:48:55.204797400Z'/><EventRecordID>29418</EventRecordID><Correlation/><Execution ProcessID='8424' ThreadID='8456'/><Channel>Microsoft-Windows-Sysmon/Operational</Channel><Computer>DESKTOP-4GL3MO2</Computer><Security UserID='S-1-5-18'/></System><EventData><Data Name='RuleName'>-</Data><Data Name='UtcTime'>2020-11-11 07:48:55.193</Data><Data Name='ProcessGuid'>{a16191d0-9767-5fab-a009-000000000300}</Data><Data Name='ProcessId'>3396</Data><Data Name='Image'>C:\Windows\System32\conhost.exe</Data></EventData></Event>
<Event xmlns='http://schemas.microsoft.com/win/2004/08/events/event'><System><Provider Name='Microsoft-Windows-Sysmon' Guid='{5770385f-c22a-43e0-bf4c-06f5698ffbd9}'/><EventID>11</EventID><Version>2</Version><Level>4</Level><Task>11</Task><Opcode>0</Opcode><Keywords>0x8000000000000000</Keywords><TimeCreated SystemTime='2020-11-11T07:48:55.274796000Z'/><EventRecordID>29419</EventRecordID><Correlation/><Execution ProcessID='8424' ThreadID='8456'/><Channel>Microsoft-Windows-Sysmon/Operational</Channel><Computer>DESKTOP-4GL3MO2</Computer><Security UserID='S-1-5-18'/></System><EventData><Data Name='RuleName'>-</Data><Data Name='UtcTime'>2020-11-11 07:48:55.255</Data><Data Name='ProcessGuid'>{a16191d0-9767-5fab-a109-000000000300}</Data><Data Name='ProcessId'>4596</Data><Data Name='Image'>c:\Windows\Microsoft.NET\Framework\v4.0.30319\ngen.exe</Data><Data Name='TargetFilename'>C:\Windows\Microsoft.NET\ngenserviceclientlock.dat</Data><Data Name='CreationUtcTime'>2020-11-11 07:48:53.692</Data></EventData></Event>
<Event xmlns='http://schemas.microsoft.com/win/2004/08/events/event'><System><Provider Name='Microsoft-Windows-Sysmon' Guid='{5770385f-c22a-43e0-bf4c-06f5698ffbd9}'/><EventID>11</EventID><Version>2</Version><Level>4</Level><Task>11</Task><Opcode>0</Opcode><Keywords>0x8000000000000000</Keywords><TimeCreated SystemTime='2020-11-11T07:48:55.274942200Z'/><EventRecordID>29420</EventRecordID><Correlation/><Execution ProcessID='8424' ThreadID='8456'/><Channel>Microsoft-Windows-Sysmon/Operational</Channel><Computer>DESKTOP-4GL3MO2</Computer><Security UserID='S-1-5-18'/></System><EventData><Data Name='RuleName'>-</Data><Data Name='UtcTime'>2020-11-11 07:48:55.255</Data><Data Name='ProcessGuid'>{a16191d0-9767-5fab-a109-000000000300}</Data><Data Name='ProcessId'>4596</Data><Data Name='Image'>c:\Windows\Microsoft.NET\Framework\v4.0.30319\ngen.exe</Data><Data Name='TargetFilename'>C:\Windows\Microsoft.NET\Framework\v4.0.30319\ngenrootstorelock.dat</Data><Data Name='CreationUtcTime'>2020-11-11 07:48:53.692</Data></EventData></Event>
<Event xmlns='http://schemas.microsoft.com/win/2004/08/events/event'><System><Provider Name='Microsoft-Windows-Sysmon' Guid='{5770385f-c22a-43e0-bf4c-06f5698ffbd9}'/><EventID>5</EventID><Version>3</Version><Level>4</Level><Task>5</Task><Opcode>0</Opcode><Keywords>0x8000000000000000</Keywords><TimeCreated SystemTime='2020-11-11T07:48:55.277760800Z'/><EventRecordID>29421</EventRecordID><Correlation/><Execution ProcessID='8424' ThreadID='8456'/><Channel>Microsoft-Windows-Sysmon/Operational</Channel><Computer>DESKTOP-4GL3MO2</Computer><Security UserID='S-1-5-18'/></System><EventData><Data Name='RuleName'>-</Data><Data Name='UtcTime'>2020-11-11 07:48:55.270</Data><Data Name='ProcessGuid'>{a16191d0-9767-5fab-a109-000000000300}</Data><Data Name='ProcessId'>4596</Data><Data Name='Image'>C:\Windows\Microsoft.NET\Framework\v4.0.30319\ngen.exe</Data></EventData></Event>
<Event xmlns='http://schemas.microsoft.com/win/2004/08/events/event'><System><Provider Name='Microsoft-Windows-Sysmon' Guid='{5770385f-c22a-43e0-bf4c-06f5698ffbd9}'/><EventID>1</EventID><Version>5</Version><Level>4</Level><Task>1</Task><Opcode>0</Opcode><Keywords>0x8000000000000000</Keywords><TimeCreated SystemTime='2020-11-11T07:48:55.286589200Z'/><EventRecordID>29422</EventRecordID><Correlation/><Execution ProcessID='8424' ThreadID='8456'/><Channel>Microsoft-Windows-Sysmon/Operational</Channel><Computer>DESKTOP-4GL3MO2</Computer><Security UserID='S-1-5-18'/></System><EventData><Data Name='RuleName'>-</Data><Data Name='UtcTime'>2020-11-11 07:48:55.282</Data><Data Name='ProcessGuid'>{a16191d0-9767-5fab-a309-000000000300}</Data><Data Name='ProcessId'>6688</Data><Data Name='Image'>C:\Windows\Microsoft.NET\Framework64\v4.0.30319\ngen.exe</Data><Data Name='FileVersion'>4.8.3752.0 built by: NET48REL1</Data><Data Name='Description'>Microsoft Common Language Runtime native compiler</Data><Data Name='Product'>Microsoft .NET Framework</Data><Data Name='Company'>Microsoft Corporation</Data><Data Name='OriginalFileName'>ngen.exe</Data><Data Name='CommandLine'>c:\Windows\Microsoft.NET\Framework64\v4.0.30319\ngen.exe install "c:\Program Files (x86)\Common Files\Microsoft Shared\VSTA\Pipeline.v10.0\AddInSideAdapters\Microsoft.VisualStudio.Tools.Office.Excel.AddInAdapter.v9.0.dll" /queue:3 /NoDependencies</Data><Data Name='CurrentDirectory'>C:\Windows\SysWOW64\</Data><Data Name='User'>NT AUTHORITY\SYSTEM</Data><Data Name='LogonGuid'>{a16191d0-e48d-5f8f-e703-000000000000}</Data><Data Name='LogonId'>0x3e7</Data><Data Name='TerminalSessionId'>0</Data><Data Name='IntegrityLevel'>System</Data><Data Name='Hashes'>SHA1=2EC8E5600FFC2FD04D3FDA3646E870C5FA54F7F2,MD5=660254C8228B83705C80374D47F570F1,SHA256=0EB067650F90E1AF3B660C229A58D5E4C505A928847349E06DADB5E88DF713F4,IMPHASH=5ABC114B8FD18C7E03AD3244A6DA0BC3</Data><Data Name='ParentProcessGuid'>{a16191d0-974b-5fab-7209-000000000300}</Data><Data Name='ParentProcessId'>4304</Data><Data Name='ParentImage'>C:\Windows\SysWOW64\msiexec.exe</Data><Data Name='ParentCommandLine'>c:\Windows\syswow64\MsiExec.exe -Embedding 2B9CF3039A49DDBC322E1EFC81B8DB60 E Global\MSI0000</Data></EventData></Event>
<Event xmlns='http://schemas.microsoft.com/win/2004/08/events/event'><System><Provider Name='Microsoft-Windows-Sysmon' Guid='{5770385f-c22a-43e0-bf4c-06f5698ffbd9}'/><EventID>5</EventID><Version>3</Version><Level>4</Level><Task>5</Task><Opcode>0</Opcode><Keywords>0x8000000000000000</Keywords><TimeCreated SystemTime='2020-11-11T07:48:55.286743400Z'/><EventRecordID>29423</EventRecordID><Correlation/><Execution ProcessID='8424' ThreadID='8456'/><Channel>Microsoft-Windows-Sysmon/Operational</Channel><Computer>DESKTOP-4GL3MO2</Computer><Security UserID='S-1-5-18'/></System><EventData><Data Name='RuleName'>-</Data><Data Name='UtcTime'>2020-11-11 07:48:55.270</Data><Data Name='ProcessGuid'>{a16191d0-9767-5fab-a209-000000000300}</Data><Data Name='ProcessId'>4900</Data><Data Name='Image'>C:\Windows\System32\conhost.exe</Data></EventData></Event>
<Event xmlns='http://schemas.microsoft.com/win/2004/08/events/event'><System><Provider Name='Microsoft-Windows-Sysmon' Guid='{5770385f-c22a-43e0-bf4c-06f5698ffbd9}'/><EventID>11</EventID><Version>2</Version><Level>4</Level><Task>11</Task><Opcode>0</Opcode><Keywords>0x8000000000000000</Keywords><TimeCreated SystemTime='2020-11-11T07:48:55.359919500Z'/><EventRecordID>29424</EventRecordID><Correlation/><Execution ProcessID='8424' ThreadID='8456'/><Channel>Microsoft-Windows-Sysmon/Operational</Channel><Computer>DESKTOP-4GL3MO2</Computer><Security UserID='S-1-5-18'/></System><EventData><Data Name='RuleName'>-</Data><Data Name='UtcTime'>2020-11-11 07:48:55.348</Data><Data Name='ProcessGuid'>{a16191d0-9767-5fab-a309-000000000300}</Data><Data Name='ProcessId'>6688</Data><Data Name='Image'>c:\Windows\Microsoft.NET\Framework64\v4.0.30319\ngen.exe</Data><Data Name='TargetFilename'>C:\Windows\Microsoft.NET\ngenserviceclientlock.dat</Data><Data Name='CreationUtcTime'>2020-11-11 07:48:53.692</Data></EventData></Event>
<Event xmlns='http://schemas.microsoft.com/win/2004/08/events/event'><System><Provider Name='Microsoft-Windows-Sysmon' Guid='{5770385f-c22a-43e0-bf4c-06f5698ffbd9}'/><EventID>11</EventID><Version>2</Version><Level>4</Level><Task>11</Task><Opcode>0</Opcode><Keywords>0x8000000000000000</Keywords><TimeCreated SystemTime='2020-11-11T07:48:55.360044800Z'/><EventRecordID>29425</EventRecordID><Correlation/><Execution ProcessID='8424' ThreadID='8456'/><Channel>Microsoft-Windows-Sysmon/Operational</Channel><Computer>DESKTOP-4GL3MO2</Computer><Security UserID='S-1-5-18'/></System><EventData><Data Name='RuleName'>-</Data><Data Name='UtcTime'>2020-11-11 07:48:55.348</Data><Data Name='ProcessGuid'>{a16191d0-9767-5fab-a309-000000000300}</Data><Data Name='ProcessId'>6688</Data><Data Name='Image'>c:\Windows\Microsoft.NET\Framework64\v4.0.30319\ngen.exe</Data><Data Name='TargetFilename'>C:\Windows\Microsoft.NET\Framework64\v4.0.30319\ngenrootstorelock.dat</Data><Data Name='CreationUtcTime'>2020-11-11 07:48:53.770</Data></EventData></Event>
<Event xmlns='http://schemas.microsoft.com/win/2004/08/events/event'><System><Provider Name='Microsoft-Windows-Sysmon' Guid='{5770385f-c22a-43e0-bf4c-06f5698ffbd9}'/><EventID>5</EventID><Version>3</Version><Level>4</Level><Task>5</Task><Opcode>0</Opcode><Keywords>0x8000000000000000</Keywords><TimeCreated SystemTime='2020-11-11T07:48:55.362206100Z'/><EventRecordID>29426</EventRecordID><Correlation/><Execution ProcessID='8424' ThreadID='8456'/><Channel>Microsoft-Windows-Sysmon/Operational</Channel><Computer>DESKTOP-4GL3MO2</Computer><Security UserID='S-1-5-18'/></System><EventData><Data Name='RuleName'>-</Data><Data Name='UtcTime'>2020-11-11 07:48:55.348</Data><Data Name='ProcessGuid'>{a16191d0-9767-5fab-a309-000000000300}</Data><Data Name='ProcessId'>6688</Data><Data Name='Image'>C:\Windows\Microsoft.NET\Framework64\v4.0.30319\ngen.exe</Data></EventData></Event>
<Event xmlns='http://schemas.microsoft.com/win/2004/08/events/event'><System><Provider Name='Microsoft-Windows-Sysmon' Guid='{5770385f-c22a-43e0-bf4c-06f5698ffbd9}'/><EventID>5</EventID><Version>3</Version><Level>4</Level><Task>5</Task><Opcode>0</Opcode><Keywords>0x8000000000000000</Keywords><TimeCreated SystemTime='2020-11-11T07:48:55.370581400Z'/><EventRecordID>29427</EventRecordID><Correlation/><Execution ProcessID='8424' ThreadID='8456'/><Channel>Microsoft-Windows-Sysmon/Operational</Channel><Computer>DESKTOP-4GL3MO2</Computer><Security UserID='S-1-5-18'/></System><EventData><Data Name='RuleName'>-</Data><Data Name='UtcTime'>2020-11-11 07:48:55.364</Data><Data Name='ProcessGuid'>{a16191d0-9767-5fab-a409-000000000300}</Data><Data Name='ProcessId'>356</Data><Data Name='Image'>C:\Windows\System32\conhost.exe</Data></EventData></Event>
<Event xmlns='http://schemas.microsoft.com/win/2004/08/events/event'><System><Provider Name='Microsoft-Windows-Sysmon' Guid='{5770385f-c22a-43e0-bf4c-06f5698ffbd9}'/><EventID>11</EventID><Version>2</Version><Level>4</Level><Task>11</Task><Opcode>0</Opcode><Keywords>0x8000000000000000</Keywords><TimeCreated SystemTime='2020-11-11T07:48:55.429534500Z'/><EventRecordID>29428</EventRecordID><Correlation/><Execution ProcessID='8424' ThreadID='8456'/><Channel>Microsoft-Windows-Sysmon/Operational</Channel><Computer>DESKTOP-4GL3MO2</Computer><Security UserID='S-1-5-18'/></System><EventData><Data Name='RuleName'>-</Data><Data Name='UtcTime'>2020-11-11 07:48:55.411</Data><Data Name='ProcessGuid'>{a16191d0-9767-5fab-a509-000000000300}</Data><Data Name='ProcessId'>8308</Data><Data Name='Image'>c:\Windows\Microsoft.NET\Framework\v4.0.30319\ngen.exe</Data><Data Name='TargetFilename'>C:\Windows\Microsoft.NET\ngenserviceclientlock.dat</Data><Data Name='CreationUtcTime'>2020-11-11 07:48:53.692</Data></EventData></Event>
<Event xmlns='http://schemas.microsoft.com/win/2004/08/events/event'><System><Provider Name='Microsoft-Windows-Sysmon' Guid='{5770385f-c22a-43e0-bf4c-06f5698ffbd9}'/><EventID>11</EventID><Version>2</Version><Level>4</Level><Task>11</Task><Opcode>0</Opcode><Keywords>0x8000000000000000</Keywords><TimeCreated SystemTime='2020-11-11T07:48:55.429798300Z'/><EventRecordID>29429</EventRecordID><Correlation/><Execution ProcessID='8424' ThreadID='8456'/><Channel>Microsoft-Windows-Sysmon/Operational</Channel><Computer>DESKTOP-4GL3MO2</Computer><Security UserID='S-1-5-18'/></System><EventData><Data Name='RuleName'>-</Data><Data Name='UtcTime'>2020-11-11 07:48:55.411</Data><Data Name='ProcessGuid'>{a16191d0-9767-5fab-a509-000000000300}</Data><Data Name='ProcessId'>8308</Data><Data Name='Image'>c:\Windows\Microsoft.NET\Framework\v4.0.30319\ngen.exe</Data><Data Name='TargetFilename'>C:\Windows\Microsoft.NET\Framework\v4.0.30319\ngenrootstorelock.dat</Data><Data Name='CreationUtcTime'>2020-11-11 07:48:53.692</Data></EventData></Event>
<Event xmlns='http://schemas.microsoft.com/win/2004/08/events/event'><System><Provider Name='Microsoft-Windows-Sysmon' Guid='{5770385f-c22a-43e0-bf4c-06f5698ffbd9}'/><EventID>5</EventID><Version>3</Version><Level>4</Level><Task>5</Task><Opcode>0</Opcode><Keywords>0x8000000000000000</Keywords><TimeCreated SystemTime='2020-11-11T07:48:55.433527000Z'/><EventRecordID>29430</EventRecordID><Correlation/><Execution ProcessID='8424' ThreadID='8456'/><Channel>Microsoft-Windows-Sysmon/Operational</Channel><Computer>DESKTOP-4GL3MO2</Computer><Security UserID='S-1-5-18'/></System><EventData><Data Name='RuleName'>-</Data><Data Name='UtcTime'>2020-11-11 07:48:55.427</Data><Data Name='ProcessGuid'>{a16191d0-9767-5fab-a509-000000000300}</Data><Data Name='ProcessId'>8308</Data><Data Name='Image'>C:\Windows\Microsoft.NET\Framework\v4.0.30319\ngen.exe</Data></EventData></Event>
<Event xmlns='http://schemas.microsoft.com/win/2004/08/events/event'><System><Provider Name='Microsoft-Windows-Sysmon' Guid='{5770385f-c22a-43e0-bf4c-06f5698ffbd9}'/><EventID>5</EventID><Version>3</Version><Level>4</Level><Task>5</Task><Opcode>0</Opcode><Keywords>0x8000000000000000</Keywords><TimeCreated SystemTime='2020-11-11T07:48:55.440556000Z'/><EventRecordID>29431</EventRecordID><Correlation/><Execution ProcessID='8424' ThreadID='8456'/><Channel>Microsoft-Windows-Sysmon/Operational</Channel><Computer>DESKTOP-4GL3MO2</Computer><Security UserID='S-1-5-18'/></System><EventData><Data Name='RuleName'>-</Data><Data Name='UtcTime'>2020-11-11 07:48:55.427</Data><Data Name='ProcessGuid'>{a16191d0-9767-5fab-a609-000000000300}</Data><Data Name='ProcessId'>10848</Data><Data Name='Image'>C:\Windows\System32\conhost.exe</Data></EventData></Event>
<Event xmlns='http://schemas.microsoft.com/win/2004/08/events/event'><System><Provider Name='Microsoft-Windows-Sysmon' Guid='{5770385f-c22a-43e0-bf4c-06f5698ffbd9}'/><EventID>1</EventID><Version>5</Version><Level>4</Level><Task>1</Task><Opcode>0</Opcode><Keywords>0x8000000000000000</Keywords><TimeCreated SystemTime='2020-11-11T07:48:55.441843700Z'/><EventRecordID>29432</EventRecordID><Correlation/><Execution ProcessID='8424' ThreadID='8456'/><Channel>Microsoft-Windows-Sysmon/Operational</Channel><Computer>DESKTOP-4GL3MO2</Computer><Security UserID='S-1-5-18'/></System><EventData><Data Name='RuleName'>-</Data><Data Name='UtcTime'>2020-11-11 07:48:55.439</Data><Data Name='ProcessGuid'>{a16191d0-9767-5fab-a709-000000000300}</Data><Data Name='ProcessId'>8336</Data><Data Name='Image'>C:\Windows\Microsoft.NET\Framework64\v4.0.30319\ngen.exe</Data><Data Name='FileVersion'>4.8.3752.0 built by: NET48REL1</Data><Data Name='Description'>Microsoft Common Language Runtime native compiler</Data><Data Name='Product'>Microsoft .NET Framework</Data><Data Name='Company'>Microsoft Corporation</Data><Data Name='OriginalFileName'>ngen.exe</Data><Data Name='CommandLine'>c:\Windows\Microsoft.NET\Framework64\v4.0.30319\ngen.exe install "c:\Program Files (x86)\Common Files\Microsoft Shared\VSTA\Pipeline.v10.0\AddInSideAdapters\Microsoft.VisualStudio.Tools.Office.Word.AddInAdapter.v9.0.dll" /queue:3 /NoDependencies</Data><Data Name='CurrentDirectory'>C:\Windows\SysWOW64\</Data><Data Name='User'>NT AUTHORITY\SYSTEM</Data><Data Name='LogonGuid'>{a16191d0-e48d-5f8f-e703-000000000000}</Data><Data Name='LogonId'>0x3e7</Data><Data Name='TerminalSessionId'>0</Data><Data Name='IntegrityLevel'>System</Data><Data Name='Hashes'>SHA1=2EC8E5600FFC2FD04D3FDA3646E870C5FA54F7F2,MD5=660254C8228B83705C80374D47F570F1,SHA256=0EB067650F90E1AF3B660C229A58D5E4C505A928847349E06DADB5E88DF713F4,IMPHASH=5ABC114B8FD18C7E03AD3244A6DA0BC3</Data><Data Name='ParentProcessGuid'>{a16191d0-974b-5fab-7209-000000000300}</Data><Data Name='ParentProcessId'>4304</Data><Data Name='ParentImage'>C:\Windows\SysWOW64\msiexec.exe</Data><Data Name='ParentCommandLine'>c:\Windows\syswow64\MsiExec.exe -Embedding 2B9CF3039A49DDBC322E1EFC81B8DB60 E Global\MSI0000</Data></EventData></Event>
<Event xmlns='http://schemas.microsoft.com/win/2004/08/events/event'><System><Provider Name='Microsoft-Windows-Sysmon' Guid='{5770385f-c22a-43e0-bf4c-06f5698ffbd9}'/><EventID>11</EventID><Version>2</Version><Level>4</Level><Task>11</Task><Opcode>0</Opcode><Keywords>0x8000000000000000</Keywords><TimeCreated SystemTime='2020-11-11T07:48:55.495948700Z'/><EventRecordID>29433</EventRecordID><Correlation/><Execution ProcessID='8424' ThreadID='8456'/><Channel>Microsoft-Windows-Sysmon/Operational</Channel><Computer>DESKTOP-4GL3MO2</Computer><Security UserID='S-1-5-18'/></System><EventData><Data Name='RuleName'>-</Data><Data Name='UtcTime'>2020-11-11 07:48:55.489</Data><Data Name='ProcessGuid'>{a16191d0-9767-5fab-a709-000000000300}</Data><Data Name='ProcessId'>8336</Data><Data Name='Image'>c:\Windows\Microsoft.NET\Framework64\v4.0.30319\ngen.exe</Data><Data Name='TargetFilename'>C:\Windows\Microsoft.NET\ngenserviceclientlock.dat</Data><Data Name='CreationUtcTime'>2020-11-11 07:48:53.692</Data></EventData></Event>
<Event xmlns='http://schemas.microsoft.com/win/2004/08/events/event'><System><Provider Name='Microsoft-Windows-Sysmon' Guid='{5770385f-c22a-43e0-bf4c-06f5698ffbd9}'/><EventID>11</EventID><Version>2</Version><Level>4</Level><Task>11</Task><Opcode>0</Opcode><Keywords>0x8000000000000000</Keywords><TimeCreated SystemTime='2020-11-11T07:48:55.496104800Z'/><EventRecordID>29434</EventRecordID><Correlation/><Execution ProcessID='8424' ThreadID='8456'/><Channel>Microsoft-Windows-Sysmon/Operational</Channel><Computer>DESKTOP-4GL3MO2</Computer><Security UserID='S-1-5-18'/></System><EventData><Data Name='RuleName'>-</Data><Data Name='UtcTime'>2020-11-11 07:48:55.489</Data><Data Name='ProcessGuid'>{a16191d0-9767-5fab-a709-000000000300}</Data><Data Name='ProcessId'>8336</Data><Data Name='Image'>c:\Windows\Microsoft.NET\Framework64\v4.0.30319\ngen.exe</Data><Data Name='TargetFilename'>C:\Windows\Microsoft.NET\Framework64\v4.0.30319\ngenrootstorelock.dat</Data><Data Name='CreationUtcTime'>2020-11-11 07:48:53.770</Data></EventData></Event>
<Event xmlns='http://schemas.microsoft.com/win/2004/08/events/event'><System><Provider Name='Microsoft-Windows-Sysmon' Guid='{5770385f-c22a-43e0-bf4c-06f5698ffbd9}'/><EventID>5</EventID><Version>3</Version><Level>4</Level><Task>5</Task><Opcode>0</Opcode><Keywords>0x8000000000000000</Keywords><TimeCreated SystemTime='2020-11-11T07:48:55.499420700Z'/><EventRecordID>29435</EventRecordID><Correlation/><Execution ProcessID='8424' ThreadID='8456'/><Channel>Microsoft-Windows-Sysmon/Operational</Channel><Computer>DESKTOP-4GL3MO2</Computer><Security UserID='S-1-5-18'/></System><EventData><Data Name='RuleName'>-</Data><Data Name='UtcTime'>2020-11-11 07:48:55.489</Data><Data Name='ProcessGuid'>{a16191d0-9767-5fab-a709-000000000300}</Data><Data Name='ProcessId'>8336</Data><Data Name='Image'>C:\Windows\Microsoft.NET\Framework64\v4.0.30319\ngen.exe</Data></EventData></Event>
<Event xmlns='http://schemas.microsoft.com/win/2004/08/events/event'><System><Provider Name='Microsoft-Windows-Sysmon' Guid='{5770385f-c22a-43e0-bf4c-06f5698ffbd9}'/><EventID>5</EventID><Version>3</Version><Level>4</Level><Task>5</Task><Opcode>0</Opcode><Keywords>0x8000000000000000</Keywords><TimeCreated SystemTime='2020-11-11T07:48:55.506489600Z'/><EventRecordID>29436</EventRecordID><Correlation/><Execution ProcessID='8424' ThreadID='8456'/><Channel>Microsoft-Windows-Sysmon/Operational</Channel><Computer>DESKTOP-4GL3MO2</Computer><Security UserID='S-1-5-18'/></System><EventData><Data Name='RuleName'>-</Data><Data Name='UtcTime'>2020-11-11 07:48:55.489</Data><Data Name='ProcessGuid'>{a16191d0-9767-5fab-a809-000000000300}</Data><Data Name='ProcessId'>5760</Data><Data Name='Image'>C:\Windows\System32\conhost.exe</Data></EventData></Event>
<Event xmlns='http://schemas.microsoft.com/win/2004/08/events/event'><System><Provider Name='Microsoft-Windows-Sysmon' Guid='{5770385f-c22a-43e0-bf4c-06f5698ffbd9}'/><EventID>11</EventID><Version>2</Version><Level>4</Level><Task>11</Task><Opcode>0</Opcode><Keywords>0x8000000000000000</Keywords><TimeCreated SystemTime='2020-11-11T07:48:55.571261000Z'/><EventRecordID>29437</EventRecordID><Correlation/><Execution ProcessID='8424' ThreadID='8456'/><Channel>Microsoft-Windows-Sysmon/Operational</Channel><Computer>DESKTOP-4GL3MO2</Computer><Security UserID='S-1-5-18'/></System><EventData><Data Name='RuleName'>-</Data><Data Name='UtcTime'>2020-11-11 07:48:55.552</Data><Data Name='ProcessGuid'>{a16191d0-9767-5fab-a909-000000000300}</Data><Data Name='ProcessId'>9496</Data><Data Name='Image'>c:\Windows\Microsoft.NET\Framework\v4.0.30319\ngen.exe</Data><Data Name='TargetFilename'>C:\Windows\Microsoft.NET\ngenserviceclientlock.dat</Data><Data Name='CreationUtcTime'>2020-11-11 07:48:53.692</Data></EventData></Event>
<Event xmlns='http://schemas.microsoft.com/win/2004/08/events/event'><System><Provider Name='Microsoft-Windows-Sysmon' Guid='{5770385f-c22a-43e0-bf4c-06f5698ffbd9}'/><EventID>11</EventID><Version>2</Version><Level>4</Level><Task>11</Task><Opcode>0</Opcode><Keywords>0x8000000000000000</Keywords><TimeCreated SystemTime='2020-11-11T07:48:55.571383200Z'/><EventRecordID>29438</EventRecordID><Correlation/><Execution ProcessID='8424' ThreadID='8456'/><Channel>Microsoft-Windows-Sysmon/Operational</Channel><Computer>DESKTOP-4GL3MO2</Computer><Security UserID='S-1-5-18'/></System><EventData><Data Name='RuleName'>-</Data><Data Name='UtcTime'>2020-11-11 07:48:55.552</Data><Data Name='ProcessGuid'>{a16191d0-9767-5fab-a909-000000000300}</Data><Data Name='ProcessId'>9496</Data><Data Name='Image'>c:\Windows\Microsoft.NET\Framework\v4.0.30319\ngen.exe</Data><Data Name='TargetFilename'>C:\Windows\Microsoft.NET\Framework\v4.0.30319\ngenrootstorelock.dat</Data><Data Name='CreationUtcTime'>2020-11-11 07:48:53.692</Data></EventData></Event>
<Event xmlns='http://schemas.microsoft.com/win/2004/08/events/event'><System><Provider Name='Microsoft-Windows-Sysmon' Guid='{5770385f-c22a-43e0-bf4c-06f5698ffbd9}'/><EventID>5</EventID><Version>3</Version><Level>4</Level><Task>5</Task><Opcode>0</Opcode><Keywords>0x8000000000000000</Keywords><TimeCreated SystemTime='2020-11-11T07:48:55.574013100Z'/><EventRecordID>29439</EventRecordID><Correlation/><Execution ProcessID='8424' ThreadID='8456'/><Channel>Microsoft-Windows-Sysmon/Operational</Channel><Computer>DESKTOP-4GL3MO2</Computer><Security UserID='S-1-5-18'/></System><EventData><Data Name='RuleName'>-</Data><Data Name='UtcTime'>2020-11-11 07:48:55.567</Data><Data Name='ProcessGuid'>{a16191d0-9767-5fab-a909-000000000300}</Data><Data Name='ProcessId'>9496</Data><Data Name='Image'>C:\Windows\Microsoft.NET\Framework\v4.0.30319\ngen.exe</Data></EventData></Event>
<Event xmlns='http://schemas.microsoft.com/win/2004/08/events/event'><System><Provider Name='Microsoft-Windows-Sysmon' Guid='{5770385f-c22a-43e0-bf4c-06f5698ffbd9}'/><EventID>1</EventID><Version>5</Version><Level>4</Level><Task>1</Task><Opcode>0</Opcode><Keywords>0x8000000000000000</Keywords><TimeCreated SystemTime='2020-11-11T07:48:55.581097600Z'/><EventRecordID>29440</EventRecordID><Correlation/><Execution ProcessID='8424' ThreadID='8456'/><Channel>Microsoft-Windows-Sysmon/Operational</Channel><Computer>DESKTOP-4GL3MO2</Computer><Security UserID='S-1-5-18'/></System><EventData><Data Name='RuleName'>-</Data><Data Name='UtcTime'>2020-11-11 07:48:55.577</Data><Data Name='ProcessGuid'>{a16191d0-9767-5fab-ab09-000000000300}</Data><Data Name='ProcessId'>11480</Data><Data Name='Image'>C:\Windows\Microsoft.NET\Framework64\v4.0.30319\ngen.exe</Data><Data Name='FileVersion'>4.8.3752.0 built by: NET48REL1</Data><Data Name='Description'>Microsoft Common Language Runtime native compiler</Data><Data Name='Product'>Microsoft .NET Framework</Data><Data Name='Company'>Microsoft Corporation</Data><Data Name='OriginalFileName'>ngen.exe</Data><Data Name='CommandLine'>c:\Windows\Microsoft.NET\Framework64\v4.0.30319\ngen.exe install "c:\Program Files (x86)\Common Files\Microsoft Shared\VSTA\Pipeline.v10.0\AddInViews\Microsoft.Office.Tools.v9.0.dll" /queue:3 /NoDependencies</Data><Data Name='CurrentDirectory'>C:\Windows\SysWOW64\</Data><Data Name='User'>NT AUTHORITY\SYSTEM</Data><Data Name='LogonGuid'>{a16191d0-e48d-5f8f-e703-000000000000}</Data><Data Name='LogonId'>0x3e7</Data><Data Name='TerminalSessionId'>0</Data><Data Name='IntegrityLevel'>System</Data><Data Name='Hashes'>SHA1=2EC8E5600FFC2FD04D3FDA3646E870C5FA54F7F2,MD5=660254C8228B83705C80374D47F570F1,SHA256=0EB067650F90E1AF3B660C229A58D5E4C505A928847349E06DADB5E88DF713F4,IMPHASH=5ABC114B8FD18C7E03AD3244A6DA0BC3</Data><Data Name='ParentProcessGuid'>{a16191d0-974b-5fab-7209-000000000300}</Data><Data Name='ParentProcessId'>4304</Data><Data Name='ParentImage'>C:\Windows\SysWOW64\msiexec.exe</Data><Data Name='ParentCommandLine'>c:\Windows\syswow64\MsiExec.exe -Embedding 2B9CF3039A49DDBC322E1EFC81B8DB60 E Global\MSI0000</Data></EventData></Event>
<Event xmlns='http://schemas.microsoft.com/win/2004/08/events/event'><System><Provider Name='Microsoft-Windows-Sysmon' Guid='{5770385f-c22a-43e0-bf4c-06f5698ffbd9}'/><EventID>5</EventID><Version>3</Version><Level>4</Level><Task>5</Task><Opcode>0</Opcode><Keywords>0x8000000000000000</Keywords><TimeCreated SystemTime='2020-11-11T07:48:55.581256600Z'/><EventRecordID>29441</EventRecordID><Correlation/><Execution ProcessID='8424' ThreadID='8456'/><Channel>Microsoft-Windows-Sysmon/Operational</Channel><Computer>DESKTOP-4GL3MO2</Computer><Security UserID='S-1-5-18'/></System><EventData><Data Name='RuleName'>-</Data><Data Name='UtcTime'>2020-11-11 07:48:55.567</Data><Data Name='ProcessGuid'>{a16191d0-9767-5fab-aa09-000000000300}</Data><Data Name='ProcessId'>8240</Data><Data Name='Image'>C:\Windows\System32\conhost.exe</Data></EventData></Event>
<Event xmlns='http://schemas.microsoft.com/win/2004/08/events/event'><System><Provider Name='Microsoft-Windows-Sysmon' Guid='{5770385f-c22a-43e0-bf4c-06f5698ffbd9}'/><EventID>11</EventID><Version>2</Version><Level>4</Level><Task>11</Task><Opcode>0</Opcode><Keywords>0x8000000000000000</Keywords><TimeCreated SystemTime='2020-11-11T07:48:55.640307000Z'/><EventRecordID>29442</EventRecordID><Correlation/><Execution ProcessID='8424' ThreadID='8456'/><Channel>Microsoft-Windows-Sysmon/Operational</Channel><Computer>DESKTOP-4GL3MO2</Computer><Security UserID='S-1-5-18'/></System><EventData><Data Name='RuleName'>-</Data><Data Name='UtcTime'>2020-11-11 07:48:55.630</Data><Data Name='ProcessGuid'>{a16191d0-9767-5fab-ab09-000000000300}</Data><Data Name='ProcessId'>11480</Data><Data Name='Image'>c:\Windows\Microsoft.NET\Framework64\v4.0.30319\ngen.exe</Data><Data Name='TargetFilename'>C:\Windows\Microsoft.NET\ngenserviceclientlock.dat</Data><Data Name='CreationUtcTime'>2020-11-11 07:48:53.692</Data></EventData></Event>
