<Event xmlns='http://schemas.microsoft.com/win/2004/08/events/event'><System><Provider Name='Microsoft-Windows-Sysmon' Guid='{5770385f-c22a-43e0-bf4c-06f5698ffbd9}'/><EventID>11</EventID><Version>2</Version><Level>4</Level><Task>11</Task><Opcode>0</Opcode><Keywords>0x8000000000000000</Keywords><TimeCreated SystemTime='2020-11-11T07:48:55.640453400Z'/><EventRecordID>29443</EventRecordID><Correlation/><Execution ProcessID='8424' ThreadID='8456'/><Channel>Microsoft-Windows-Sysmon/Operational</Channel><Computer>DESKTOP-4GL3MO2</Computer><Security UserID='S-1-5-18'/></System><EventData><Data Name='RuleName'>-</Data><Data Name='UtcTime'>2020-11-11 07:48:55.630</Data><Data Name='ProcessGuid'>{a16191d0-9767-5fab-ab09-000000000300}</Data><Data Name='ProcessId'>11480</Data><Data Name='Image'>c:\Windows\Microsoft.NET\Framework64\v4.0.30319\ngen.exe</Data><Data Name='TargetFilename'>C:\Windows\Microsoft.NET\Framework64\v4.0.30319\ngenrootstorelock.dat</Data><Data Name='CreationUtcTime'>2020-11-11 07:48:53.770</Data></EventData></Event>
<Event xmlns='http://schemas.microsoft.com/win/2004/08/events/event'><System><Provider Name='Microsoft-Windows-Sysmon' Guid='{5770385f-c22a-43e0-bf4c-06f5698ffbd9}'/><EventID>5</EventID><Version>3</Version><Level>4</Level><Task>5</Task><Opcode>0</Opcode><Keywords>0x8000000000000000</Keywords><TimeCreated SystemTime='2020-11-11T07:48:55.645313000Z'/><EventRecordID>29444</EventRecordID><Correlation/><Execution ProcessID='8424' ThreadID='8456'/><Channel>Microsoft-Windows-Sysmon/Operational</Channel><Computer>DESKTOP-4GL3MO2</Computer><Security UserID='S-1-5-18'/></System><EventData><Data Name='RuleName'>-</Data><Data Name='UtcTime'>2020-11-11 07:48:55.630</Data><Data Name='ProcessGuid'>{a16191d0-9767-5fab-ab09-000000000300}</Data><Data Name='ProcessId'>11480</Data><Data Name='Image'>C:\Windows\Microsoft.NET\Framework64\v4.0.30319\ngen.exe</Data></EventData></Event>
<Event xmlns='http://schemas.microsoft.com/win/2004/08/events/event'><System><Provider Name='Microsoft-Windows-Sysmon' Guid='{5770385f-c22a-43e0-bf4c-06f5698ffbd9}'/><EventID>5</EventID><Version>3</Version><Level>4</Level><Task>5</Task><Opcode>0</Opcode><Keywords>0x8000000000000000</Keywords><TimeCreated SystemTime='2020-11-11T07:48:55.648747800Z'/><EventRecordID>29445</EventRecordID><Correlation/><Execution ProcessID='8424' ThreadID='8456'/><Channel>Microsoft-Windows-Sysmon/Operational</Channel><Computer>DESKTOP-4GL3MO2</Computer><Security UserID='S-1-5-18'/></System><EventData><Data Name='RuleName'>-</Data><Data Name='UtcTime'>2020-11-11 07:48:55.646</Data><Data Name='ProcessGuid'>{a16191d0-9767-5fab-ac09-000000000300}</Data><Data Name='ProcessId'>6308</Data><Data Name='Image'>C:\Windows\System32\conhost.exe</Data></EventData></Event>
<Event xmlns='http://schemas.microsoft.com/win/2004/08/events/event'><System><Provider Name='Microsoft-Windows-Sysmon' Guid='{5770385f-c22a-43e0-bf4c-06f5698ffbd9}'/><EventID>11</EventID><Version>2</Version><Level>4</Level><Task>11</Task><Opcode>0</Opcode><Keywords>0x8000000000000000</Keywords><TimeCreated SystemTime='2020-11-11T07:48:55.713377100Z'/><EventRecordID>29446</EventRecordID><Correlation/><Execution ProcessID='8424' ThreadID='8456'/><Channel>Microsoft-Windows-Sysmon/Operational</Channel><Computer>DESKTOP-4GL3MO2</Computer><Security UserID='S-1-5-18'/></System><EventData><Data Name='RuleName'>-</Data><Data Name='UtcTime'>2020-11-11 07:48:55.693</Data><Data Name='ProcessGuid'>{a16191d0-9767-5fab-ad09-000000000300}</Data><Data Name='ProcessId'>7140</Data><Data Name='Image'>c:\Windows\Microsoft.NET\Framework\v4.0.30319\ngen.exe</Data><Data Name='TargetFilename'>C:\Windows\Microsoft.NET\ngenserviceclientlock.dat</Data><Data Name='CreationUtcTime'>2020-11-11 07:48:53.692</Data></EventData></Event>
<Event xmlns='http://schemas.microsoft.com/win/2004/08/events/event'><System><Provider Name='Microsoft-Windows-Sysmon' Guid='{5770385f-c22a-43e0-bf4c-06f5698ffbd9}'/><EventID>11</EventID><Version>2</Version><Level>4</Level><Task>11</Task><Opcode>0</Opcode><Keywords>0x8000000000000000</Keywords><TimeCreated SystemTime='2020-11-11T07:48:55.713456500Z'/><EventRecordID>29447</EventRecordID><Correlation/><Execution ProcessID='8424' ThreadID='8456'/><Channel>Microsoft-Windows-Sysmon/Operational</Channel><Computer>DESKTOP-4GL3MO2</Computer><Security UserID='S-1-5-18'/></System><EventData><Data Name='RuleName'>-</Data><Data Name='UtcTime'>2020-11-11 07:48:55.693</Data><Data Name='ProcessGuid'>{a16191d0-9767-5fab-ad09-000000000300}</Data><Data Name='ProcessId'>7140</Data><Data Name='Image'>c:\Windows\Microsoft.NET\Framework\v4.0.30319\ngen.exe</Data><Data Name='TargetFilename'>C:\Windows\Microsoft.NET\Framework\v4.0.30319\ngenrootstorelock.dat</Data><Data Name='CreationUtcTime'>2020-11-11 07:48:53.692</Data></EventData></Event>
<Event xmlns='http://schemas.microsoft.com/win/2004/08/events/event'><System><Provider Name='Microsoft-Windows-Sysmon' Guid='{5770385f-c22a-43e0-bf4c-06f5698ffbd9}'/><EventID>5</EventID><Version>3</Version><Level>4</Level><Task>5</Task><Opcode>0</Opcode><Keywords>0x8000000000000000</Keywords><TimeCreated SystemTime='2020-11-11T07:48:55.719618600Z'/><EventRecordID>29448</EventRecordID><Correlation/><Execution ProcessID='8424' ThreadID='8456'/><Channel>Microsoft-Windows-Sysmon/Operational</Channel><Computer>DESKTOP-4GL3MO2</Computer><Security UserID='S-1-5-18'/></System><EventData><Data Name='RuleName'>-</Data><Data Name='UtcTime'>2020-11-11 07:48:55.709</Data><Data Name='ProcessGuid'>{a16191d0-9767-5fab-ad09-000000000300}</Data><Data Name='ProcessId'>7140</Data><Data Name='Image'>C:\Windows\Microsoft.NET\Framework\v4.0.30319\ngen.exe</Data></EventData></Event>
<Event xmlns='http://schemas.microsoft.com/win/2004/08/events/event'><System><Provider Name='Microsoft-Windows-Sysmon' Guid='{5770385f-c22a-43e0-bf4c-06f5698ffbd9}'/><EventID>5</EventID><Version>3</Version><Level>4</Level><Task>5</Task><Opcode>0</Opcode><Keywords>0x8000000000000000</Keywords><TimeCreated SystemTime='2020-11-11T07:48:55.727185100Z'/><EventRecordID>29449</EventRecordID><Correlation/><Execution ProcessID='8424' ThreadID='8456'/><Channel>Microsoft-Windows-Sysmon/Operational</Channel><Computer>DESKTOP-4GL3MO2</Computer><Security UserID='S-1-5-18'/></System><EventData><Data Name='RuleName'>-</Data><Data Name='UtcTime'>2020-11-11 07:48:55.709</Data><Data Name='ProcessGuid'>{a16191d0-9767-5fab-ae09-000000000300}</Data><Data Name='ProcessId'>9168</Data><Data Name='Image'>C:\Windows\System32\conhost.exe</Data></EventData></Event>
<Event xmlns='http://schemas.microsoft.com/win/2004/08/events/event'><System><Provider Name='Microsoft-Windows-Sysmon' Guid='{5770385f-c22a-43e0-bf4c-06f5698ffbd9}'/><EventID>1</EventID><Version>5</Version><Level>4</Level><Task>1</Task><Opcode>0</Opcode><Keywords>0x8000000000000000</Keywords><TimeCreated SystemTime='2020-11-11T07:48:55.729133700Z'/><EventRecordID>29450</EventRecordID><Correlation/><Execution ProcessID='8424' ThreadID='8456'/><Channel>Microsoft-Windows-Sysmon/Operational</Channel><Computer>DESKTOP-4GL3MO2</Computer><Security UserID='S-1-5-18'/></System><EventData><Data Name='RuleName'>-</Data><Data Name='UtcTime'>2020-11-11 07:48:55.725</Data><Data Name='ProcessGuid'>{a16191d0-9767-5fab-af09-000000000300}</Data><Data Name='ProcessId'>8224</Data><Data Name='Image'>C:\Windows\Microsoft.NET\Framework64\v4.0.30319\ngen.exe</Data><Data Name='FileVersion'>4.8.3752.0 built by: NET48REL1</Data><Data Name='Description'>Microsoft Common Language Runtime native compiler</Data><Data Name='Product'>Microsoft .NET Framework</Data><Data Name='Company'>Microsoft Corporation</Data><Data Name='OriginalFileName'>ngen.exe</Data><Data Name='CommandLine'>c:\Windows\Microsoft.NET\Framework64\v4.0.30319\ngen.exe install "c:\Program Files (x86)\Common Files\Microsoft Shared\VSTA\Pipeline.v10.0\HostSideAdapters\Microsoft.VisualStudio.Tools.Office.Excel.HostAdapter.v10.0.dll" /queue:3 /NoDependencies</Data><Data Name='CurrentDirectory'>C:\Windows\SysWOW64\</Data><Data Name='User'>NT AUTHORITY\SYSTEM</Data><Data Name='LogonGuid'>{a16191d0-e48d-5f8f-e703-000000000000}</Data><Data Name='LogonId'>0x3e7</Data><Data Name='TerminalSessionId'>0</Data><Data Name='IntegrityLevel'>System</Data><Data Name='Hashes'>SHA1=2EC8E5600FFC2FD04D3FDA3646E870C5FA54F7F2,MD5=660254C8228B83705C80374D47F570F1,SHA256=0EB067650F90E1AF3B660C229A58D5E4C505A928847349E06DADB5E88DF713F4,IMPHASH=5ABC114B8FD18C7E03AD3244A6DA0BC3</Data><Data Name='ParentProcessGuid'>{a16191d0-974b-5fab-7209-000000000300}</Data><Data Name='ParentProcessId'>4304</Data><Data Name='ParentImage'>C:\Windows\SysWOW64\msiexec.exe</Data><Data Name='ParentCommandLine'>c:\Windows\syswow64\MsiExec.exe -Embedding 2B9CF3039A49DDBC322E1EFC81B8DB60 E Global\MSI0000</Data></EventData></Event>
<Event xmlns='http://schemas.microsoft.com/win/2004/08/events/event'><System><Provider Name='Microsoft-Windows-Sysmon' Guid='{5770385f-c22a-43e0-bf4c-06f5698ffbd9}'/><EventID>11</EventID><Version>2</Version><Level>4</Level><Task>11</Task><Opcode>0</Opcode><Keywords>0x8000000000000000</Keywords><TimeCreated SystemTime='2020-11-11T07:48:55.793539900Z'/><EventRecordID>29451</EventRecordID><Correlation/><Execution ProcessID='8424' ThreadID='8456'/><Channel>Microsoft-Windows-Sysmon/Operational</Channel><Computer>DESKTOP-4GL3MO2</Computer><Security UserID='S-1-5-18'/></System><EventData><Data Name='RuleName'>-</Data><Data Name='UtcTime'>2020-11-11 07:48:55.786</Data><Data Name='ProcessGuid'>{a16191d0-9767-5fab-af09-000000000300}</Data><Data Name='ProcessId'>8224</Data><Data Name='Image'>c:\Windows\Microsoft.NET\Framework64\v4.0.30319\ngen.exe</Data><Data Name='TargetFilename'>C:\Windows\Microsoft.NET\ngenserviceclientlock.dat</Data><Data Name='CreationUtcTime'>2020-11-11 07:48:53.692</Data></EventData></Event>
<Event xmlns='http://schemas.microsoft.com/win/2004/08/events/event'><System><Provider Name='Microsoft-Windows-Sysmon' Guid='{5770385f-c22a-43e0-bf4c-06f5698ffbd9}'/><EventID>11</EventID><Version>2</Version><Level>4</Level><Task>11</Task><Opcode>0</Opcode><Keywords>0x8000000000000000</Keywords><TimeCreated SystemTime='2020-11-11T07:48:55.793647000Z'/><EventRecordID>29452</EventRecordID><Correlation/><Execution ProcessID='8424' ThreadID='8456'/><Channel>Microsoft-Windows-Sysmon/Operational</Channel><Computer>DESKTOP-4GL3MO2</Computer><Security UserID='S-1-5-18'/></System><EventData><Data Name='RuleName'>-</Data><Data Name='UtcTime'>2020-11-11 07:48:55.786</Data><Data Name='ProcessGuid'>{a16191d0-9767-5fab-af09-000000000300}</Data><Data Name='ProcessId'>8224</Data><Data Name='Image'>c:\Windows\Microsoft.NET\Framework64\v4.0.30319\ngen.exe</Data><Data Name='TargetFilename'>C:\Windows\Microsoft.NET\Framework64\v4.0.30319\ngenrootstorelock.dat</Data><Data Name='CreationUtcTime'>2020-11-11 07:48:53.770</Data></EventData></Event>
<Event xmlns='http://schemas.microsoft.com/win/2004/08/events/event'><System><Provider Name='Microsoft-Windows-Sysmon' Guid='{5770385f-c22a-43e0-bf4c-06f5698ffbd9}'/><EventID>5</EventID><Version>3</Version><Level>4</Level><Task>5</Task><Opcode>0</Opcode><Keywords>0x8000000000000000</Keywords><TimeCreated SystemTime='2020-11-11T07:48:55.799955000Z'/><EventRecordID>29453</EventRecordID><Correlation/><Execution ProcessID='8424' ThreadID='8456'/><Channel>Microsoft-Windows-Sysmon/Operational</Channel><Computer>DESKTOP-4GL3MO2</Computer><Security UserID='S-1-5-18'/></System><EventData><Data Name='RuleName'>-</Data><Data Name='UtcTime'>2020-11-11 07:48:55.786</Data><Data Name='ProcessGuid'>{a16191d0-9767-5fab-af09-000000000300}</Data><Data Name='ProcessId'>8224</Data><Data Name='Image'>C:\Windows\Microsoft.NET\Framework64\v4.0.30319\ngen.exe</Data></EventData></Event>
<Event xmlns='http://schemas.microsoft.com/win/2004/08/events/event'><System><Provider Name='Microsoft-Windows-Sysmon' Guid='{5770385f-c22a-43e0-bf4c-06f5698ffbd9}'/><EventID>5</EventID><Version>3</Version><Level>4</Level><Task>5</Task><Opcode>0</Opcode><Keywords>0x8000000000000000</Keywords><TimeCreated SystemTime='2020-11-11T07:48:55.809119000Z'/><EventRecordID>29454</EventRecordID><Correlation/><Execution ProcessID='8424' ThreadID='8456'/><Channel>Microsoft-Windows-Sysmon/Operational</Channel><Computer>DESKTOP-4GL3MO2</Computer><Security UserID='S-1-5-18'/></System><EventData><Data Name='RuleName'>-</Data><Data Name='UtcTime'>2020-11-11 07:48:55.802</Data><Data Name='ProcessGuid'>{a16191d0-9767-5fab-b009-000000000300}</Data><Data Name='ProcessId'>10336</Data><Data Name='Image'>C:\Windows\System32\conhost.exe</Data></EventData></Event>
<Event xmlns='http://schemas.microsoft.com/win/2004/08/events/event'><System><Provider Name='Microsoft-Windows-Sysmon' Guid='{5770385f-c22a-43e0-bf4c-06f5698ffbd9}'/><EventID>11</EventID><Version>2</Version><Level>4</Level><Task>11</Task><Opcode>0</Opcode><Keywords>0x8000000000000000</Keywords><TimeCreated SystemTime='2020-11-11T07:48:55.889061800Z'/><EventRecordID>29455</EventRecordID><Correlation/><Execution ProcessID='8424' ThreadID='8456'/><Channel>Microsoft-Windows-Sysmon/Operational</Channel><Computer>DESKTOP-4GL3MO2</Computer><Security UserID='S-1-5-18'/></System><EventData><Data Name='RuleName'>-</Data><Data Name='UtcTime'>2020-11-11 07:48:55.879</Data><Data Name='ProcessGuid'>{a16191d0-9767-5fab-b109-000000000300}</Data><Data Name='ProcessId'>2016</Data><Data Name='Image'>c:\Windows\Microsoft.NET\Framework\v4.0.30319\ngen.exe</Data><Data Name='TargetFilename'>C:\Windows\Microsoft.NET\ngenserviceclientlock.dat</Data><Data Name='CreationUtcTime'>2020-11-11 07:48:53.692</Data></EventData></Event>
<Event xmlns='http://schemas.microsoft.com/win/2004/08/events/event'><System><Provider Name='Microsoft-Windows-Sysmon' Guid='{5770385f-c22a-43e0-bf4c-06f5698ffbd9}'/><EventID>11</EventID><Version>2</Version><Level>4</Level><Task>11</Task><Opcode>0</Opcode><Keywords>0x8000000000000000</Keywords><TimeCreated SystemTime='2020-11-11T07:48:55.889150800Z'/><EventRecordID>29456</EventRecordID><Correlation/><Execution ProcessID='8424' ThreadID='8456'/><Channel>Microsoft-Windows-Sysmon/Operational</Channel><Computer>DESKTOP-4GL3MO2</Computer><Security UserID='S-1-5-18'/></System><EventData><Data Name='RuleName'>-</Data><Data Name='UtcTime'>2020-11-11 07:48:55.879</Data><Data Name='ProcessGuid'>{a16191d0-9767-5fab-b109-000000000300}</Data><Data Name='ProcessId'>2016</Data><Data Name='Image'>c:\Windows\Microsoft.NET\Framework\v4.0.30319\ngen.exe</Data><Data Name='TargetFilename'>C:\Windows\Microsoft.NET\Framework\v4.0.30319\ngenrootstorelock.dat</Data><Data Name='CreationUtcTime'>2020-11-11 07:48:53.692</Data></EventData></Event>
<Event xmlns='http://schemas.microsoft.com/win/2004/08/events/event'><System><Provider Name='Microsoft-Windows-Sysmon' Guid='{5770385f-c22a-43e0-bf4c-06f5698ffbd9}'/><EventID>5</EventID><Version>3</Version><Level>4</Level><Task>5</Task><Opcode>0</Opcode><Keywords>0x8000000000000000</Keywords><TimeCreated SystemTime='2020-11-11T07:48:55.891935500Z'/><EventRecordID>29457</EventRecordID><Correlation/><Execution ProcessID='8424' ThreadID='8456'/><Channel>Microsoft-Windows-Sysmon/Operational</Channel><Computer>DESKTOP-4GL3MO2</Computer><Security UserID='S-1-5-18'/></System><EventData><Data Name='RuleName'>-</Data><Data Name='UtcTime'>2020-11-11 07:48:55.879</Data><Data Name='ProcessGuid'>{a16191d0-9767-5fab-b109-000000000300}</Data><Data Name='ProcessId'>2016</Data><Data Name='Image'>C:\Windows\Microsoft.NET\Framework\v4.0.30319\ngen.exe</Data></EventData></Event>
<Event xmlns='http://schemas.microsoft.com/win/2004/08/events/event'><System><Provider Name='Microsoft-Windows-Sysmon' Guid='{5770385f-c22a-43e0-bf4c-06f5698ffbd9}'/><EventID>1</EventID><Version>5</Version><Level>4</Level><Task>1</Task><Opcode>0</Opcode><Keywords>0x8000000000000000</Keywords><TimeCreated SystemTime='2020-11-11T07:48:55.899206100Z'/><EventRecordID>29458</EventRecordID><Correlation/><Execution ProcessID='8424' ThreadID='8456'/><Channel>Microsoft-Windows-Sysmon/Operational</Channel><Computer>DESKTOP-4GL3MO2</Computer><Security UserID='S-1-5-18'/></System><EventData><Data Name='RuleName'>-</Data><Data Name='UtcTime'>2020-11-11 07:48:55.895</Data><Data Name='ProcessGuid'>{a16191d0-9767-5fab-b309-000000000300}</Data><Data Name='ProcessId'>4392</Data><Data Name='Image'>C:\Windows\Microsoft.NET\Framework64\v4.0.30319\ngen.exe</Data><Data Name='FileVersion'>4.8.3752.0 built by: NET48REL1</Data><Data Name='Description'>Microsoft Common Language Runtime native compiler</Data><Data Name='Product'>Microsoft .NET Framework</Data><Data Name='Company'>Microsoft Corporation</Data><Data Name='OriginalFileName'>ngen.exe</Data><Data Name='CommandLine'>c:\Windows\Microsoft.NET\Framework64\v4.0.30319\ngen.exe install "c:\Program Files (x86)\Common Files\Microsoft Shared\VSTA\Pipeline.v10.0\HostSideAdapters\Microsoft.VisualStudio.Tools.Office.Outlook.HostAdapter.v10.0.dll" /queue:3 /NoDependencies</Data><Data Name='CurrentDirectory'>C:\Windows\SysWOW64\</Data><Data Name='User'>NT AUTHORITY\SYSTEM</Data><Data Name='LogonGuid'>{a16191d0-e48d-5f8f-e703-000000000000}</Data><Data Name='LogonId'>0x3e7</Data><Data Name='TerminalSessionId'>0</Data><Data Name='IntegrityLevel'>System</Data><Data Name='Hashes'>SHA1=2EC8E5600FFC2FD04D3FDA3646E870C5FA54F7F2,MD5=660254C8228B83705C80374D47F570F1,SHA256=0EB067650F90E1AF3B660C229A58D5E4C505A928847349E06DADB5E88DF713F4,IMPHASH=5ABC114B8FD18C7E03AD3244A6DA0BC3</Data><Data Name='ParentProcessGuid'>{a16191d0-974b-5fab-7209-000000000300}</Data><Data Name='ParentProcessId'>4304</Data><Data Name='ParentImage'>C:\Windows\SysWOW64\msiexec.exe</Data><Data Name='ParentCommandLine'>c:\Windows\syswow64\MsiExec.exe -Embedding 2B9CF3039A49DDBC322E1EFC81B8DB60 E Global\MSI0000</Data></EventData></Event>
<Event xmlns='http://schemas.microsoft.com/win/2004/08/events/event'><System><Provider Name='Microsoft-Windows-Sysmon' Guid='{5770385f-c22a-43e0-bf4c-06f5698ffbd9}'/><EventID>5</EventID><Version>3</Version><Level>4</Level><Task>5</Task><Opcode>0</Opcode><Keywords>0x8000000000000000</Keywords><TimeCreated SystemTime='2020-11-11T07:48:55.899371100Z'/><EventRecordID>29459</EventRecordID><Correlation/><Execution ProcessID='8424' ThreadID='8456'/><Channel>Microsoft-Windows-Sysmon/Operational</Channel><Computer>DESKTOP-4GL3MO2</Computer><Security UserID='S-1-5-18'/></System><EventData><Data Name='RuleName'>-</Data><Data Name='UtcTime'>2020-11-11 07:48:55.896</Data><Data Name='ProcessGuid'>{a16191d0-9767-5fab-b209-000000000300}</Data><Data Name='ProcessId'>12228</Data><Data Name='Image'>C:\Windows\System32\conhost.exe</Data></EventData></Event>
<Event xmlns='http://schemas.microsoft.com/win/2004/08/events/event'><System><Provider Name='Microsoft-Windows-Sysmon' Guid='{5770385f-c22a-43e0-bf4c-06f5698ffbd9}'/><EventID>11</EventID><Version>2</Version><Level>4</Level><Task>11</Task><Opcode>0</Opcode><Keywords>0x8000000000000000</Keywords><TimeCreated SystemTime='2020-11-11T07:48:55.968462700Z'/><EventRecordID>29460</EventRecordID><Correlation/><Execution ProcessID='8424' ThreadID='8456'/><Channel>Microsoft-Windows-Sysmon/Operational</Channel><Computer>DESKTOP-4GL3MO2</Computer><Security UserID='S-1-5-18'/></System><EventData><Data Name='RuleName'>-</Data><Data Name='UtcTime'>2020-11-11 07:48:55.927</Data><Data Name='ProcessGuid'>{a16191d0-9758-5fab-7809-000000000300}</Data><Data Name='ProcessId'>10732</Data><Data Name='Image'>C:\Windows\System32\WindowsPowerShell\v1.0\powershell.exe</Data><Data Name='TargetFilename'>C:\Users\jiyoung\AppData\Local\Microsoft\Windows\PowerShell\ModuleAnalysisCache</Data><Data Name='CreationUtcTime'>2020-11-11 07:48:55.927</Data></EventData></Event>
<Event xmlns='http://schemas.microsoft.com/win/2004/08/events/event'><System><Provider Name='Microsoft-Windows-Sysmon' Guid='{5770385f-c22a-43e0-bf4c-06f5698ffbd9}'/><EventID>11</EventID><Version>2</Version><Level>4</Level><Task>11</Task><Opcode>0</Opcode><Keywords>0x8000000000000000</Keywords><TimeCreated SystemTime='2020-11-11T07:48:55.976632300Z'/><EventRecordID>29461</EventRecordID><Correlation/><Execution ProcessID='8424' ThreadID='8456'/><Channel>Microsoft-Windows-Sysmon/Operational</Channel><Computer>DESKTOP-4GL3MO2</Computer><Security UserID='S-1-5-18'/></System><EventData><Data Name='RuleName'>-</Data><Data Name='UtcTime'>2020-11-11 07:48:55.958</Data><Data Name='ProcessGuid'>{a16191d0-9767-5fab-b309-000000000300}</Data><Data Name='ProcessId'>4392</Data><Data Name='Image'>c:\Windows\Microsoft.NET\Framework64\v4.0.30319\ngen.exe</Data><Data Name='TargetFilename'>C:\Windows\Microsoft.NET\ngenserviceclientlock.dat</Data><Data Name='CreationUtcTime'>2020-11-11 07:48:53.692</Data></EventData></Event>
<Event xmlns='http://schemas.microsoft.com/win/2004/08/events/event'><System><Provider Name='Microsoft-Windows-Sysmon' Guid='{5770385f-c22a-43e0-bf4c-06f5698ffbd9}'/><EventID>11</EventID><Version>2</Version><Level>4</Level><Task>11</Task><Opcode>0</Opcode><Keywords>0x8000000000000000</Keywords><TimeCreated SystemTime='2020-11-11T07:48:55.976740700Z'/><EventRecordID>29462</EventRecordID><Correlation/><Execution ProcessID='8424' ThreadID='8456'/><Channel>Microsoft-Windows-Sysmon/Operational</Channel><Computer>DESKTOP-4GL3MO2</Computer><Security UserID='S-1-5-18'/></System><EventData><Data Name='RuleName'>-</Data><Data Name='UtcTime'>2020-11-11 07:48:55.958</Data><Data Name='ProcessGuid'>{a16191d0-9767-5fab-b309-000000000300}</Data><Data Name='ProcessId'>4392</Data><Data Name='Image'>c:\Windows\Microsoft.NET\Framework64\v4.0.30319\ngen.exe</Data><Data Name='TargetFilename'>C:\Windows\Microsoft.NET\Framework64\v4.0.30319\ngenrootstorelock.dat</Data><Data Name='CreationUtcTime'>2020-11-11 07:48:53.770</Data></EventData></Event>
<Event xmlns='http://schemas.microsoft.com/win/2004/08/events/event'><System><Provider Name='Microsoft-Windows-Sysmon' Guid='{5770385f-c22a-43e0-bf4c-06f5698ffbd9}'/><EventID>5</EventID><Version>3</Version><Level>4</Level><Task>5</Task><Opcode>0</Opcode><Keywords>0x8000000000000000</Keywords><TimeCreated SystemTime='2020-11-11T07:48:55.984499400Z'/><EventRecordID>29463</EventRecordID><Correlation/><Execution ProcessID='8424' ThreadID='8456'/><Channel>Microsoft-Windows-Sysmon/Operational</Channel><Computer>DESKTOP-4GL3MO2</Computer><Security UserID='S-1-5-18'/></System><EventData><Data Name='RuleName'>-</Data><Data Name='UtcTime'>2020-11-11 07:48:55.974</Data><Data Name='ProcessGuid'>{a16191d0-9767-5fab-b309-000000000300}</Data><Data Name='ProcessId'>4392</Data><Data Name='Image'>C:\Windows\Microsoft.NET\Framework64\v4.0.30319\ngen.exe</Data></EventData></Event>
<Event xmlns='http://schemas.microsoft.com/win/2004/08/events/event'><System><Provider Name='Microsoft-Windows-Sysmon' Guid='{5770385f-c22a-43e0-bf4c-06f5698ffbd9}'/><EventID>5</EventID><Version>3</Version><Level>4</Level><Task>5</Task><Opcode>0</Opcode><Keywords>0x8000000000000000</Keywords><TimeCreated SystemTime='2020-11-11T07:48:55.995439900Z'/><EventRecordID>29464</EventRecordID><Correlation/><Execution ProcessID='8424' ThreadID='8456'/><Channel>Microsoft-Windows-Sysmon/Operational</Channel><Computer>DESKTOP-4GL3MO2</Computer><Security UserID='S-1-5-18'/></System><EventData><Data Name='RuleName'>-</Data><Data Name='UtcTime'>2020-11-11 07:48:55.990</Data><Data Name='ProcessGuid'>{a16191d0-9767-5fab-b409-000000000300}</Data><Data Name='ProcessId'>5436</Data><Data Name='Image'>C:\Windows\System32\conhost.exe</Data></EventData></Event>
<Event xmlns='http://schemas.microsoft.com/win/2004/08/events/event'><System><Provider Name='Microsoft-Windows-Sysmon' Guid='{5770385f-c22a-43e0-bf4c-06f5698ffbd9}'/><EventID>11</EventID><Version>2</Version><Level>4</Level><Task>11</Task><Opcode>0</Opcode><Keywords>0x8000000000000000</Keywords><TimeCreated SystemTime='2020-11-11T07:48:56.074364600Z'/><EventRecordID>29465</EventRecordID><Correlation/><Execution ProcessID='8424' ThreadID='8456'/><Channel>Microsoft-Windows-Sysmon/Operational</Channel><Computer>DESKTOP-4GL3MO2</Computer><Security UserID='S-1-5-18'/></System><EventData><Data Name='RuleName'>-</Data><Data Name='UtcTime'>2020-11-11 07:48:56.068</Data><Data Name='ProcessGuid'>{a16191d0-9767-5fab-b509-000000000300}</Data><Data Name='ProcessId'>7684</Data><Data Name='Image'>c:\Windows\Microsoft.NET\Framework\v4.0.30319\ngen.exe</Data><Data Name='TargetFilename'>C:\Windows\Microsoft.NET\ngenserviceclientlock.dat</Data><Data Name='CreationUtcTime'>2020-11-11 07:48:53.692</Data></EventData></Event>
<Event xmlns='http://schemas.microsoft.com/win/2004/08/events/event'><System><Provider Name='Microsoft-Windows-Sysmon' Guid='{5770385f-c22a-43e0-bf4c-06f5698ffbd9}'/><EventID>11</EventID><Version>2</Version><Level>4</Level><Task>11</Task><Opcode>0</Opcode><Keywords>0x8000000000000000</Keywords><TimeCreated SystemTime='2020-11-11T07:48:56.074469500Z'/><EventRecordID>29466</EventRecordID><Correlation/><Execution ProcessID='8424' ThreadID='8456'/><Channel>Microsoft-Windows-Sysmon/Operational</Channel><Computer>DESKTOP-4GL3MO2</Computer><Security UserID='S-1-5-18'/></System><EventData><Data Name='RuleName'>-</Data><Data Name='UtcTime'>2020-11-11 07:48:56.068</Data><Data Name='ProcessGuid'>{a16191d0-9767-5fab-b509-000000000300}</Data><Data Name='ProcessId'>7684</Data><Data Name='Image'>c:\Windows\Microsoft.NET\Framework\v4.0.30319\ngen.exe</Data><Data Name='TargetFilename'>C:\Windows\Microsoft.NET\Framework\v4.0.30319\ngenrootstorelock.dat</Data><Data Name='CreationUtcTime'>2020-11-11 07:48:53.692</Data></EventData></Event>
<Event xmlns='http://schemas.microsoft.com/win/2004/08/events/event'><System><Provider Name='Microsoft-Windows-Sysmon' Guid='{5770385f-c22a-43e0-bf4c-06f5698ffbd9}'/><EventID>5</EventID><Version>3</Version><Level>4</Level><Task>5</Task><Opcode>0</Opcode><Keywords>0x8000000000000000</Keywords><TimeCreated SystemTime='2020-11-11T07:48:56.081960400Z'/><EventRecordID>29467</EventRecordID><Correlation/><Execution ProcessID='8424' ThreadID='8456'/><Channel>Microsoft-Windows-Sysmon/Operational</Channel><Computer>DESKTOP-4GL3MO2</Computer><Security UserID='S-1-5-18'/></System><EventData><Data Name='RuleName'>-</Data><Data Name='UtcTime'>2020-11-11 07:48:56.068</Data><Data Name='ProcessGuid'>{a16191d0-9767-5fab-b509-000000000300}</Data><Data Name='ProcessId'>7684</Data><Data Name='Image'>C:\Windows\Microsoft.NET\Framework\v4.0.30319\ngen.exe</Data></EventData></Event>
<Event xmlns='http://schemas.microsoft.com/win/2004/08/events/event'><System><Provider Name='Microsoft-Windows-Sysmon' Guid='{5770385f-c22a-43e0-bf4c-06f5698ffbd9}'/><EventID>5</EventID><Version>3</Version><Level>4</Level><Task>5</Task><Opcode>0</Opcode><Keywords>0x8000000000000000</Keywords><TimeCreated SystemTime='2020-11-11T07:48:56.086309400Z'/><EventRecordID>29468</EventRecordID><Correlation/><Execution ProcessID='8424' ThreadID='8456'/><Channel>Microsoft-Windows-Sysmon/Operational</Channel><Computer>DESKTOP-4GL3MO2</Computer><Security UserID='S-1-5-18'/></System><EventData><Data Name='RuleName'>-</Data><Data Name='UtcTime'>2020-11-11 07:48:56.084</Data><Data Name='ProcessGuid'>{a16191d0-9768-5fab-b609-000000000300}</Data><Data Name='ProcessId'>11704</Data><Data Name='Image'>C:\Windows\System32\conhost.exe</Data></EventData></Event>
<Event xmlns='http://schemas.microsoft.com/win/2004/08/events/event'><System><Provider Name='Microsoft-Windows-Sysmon' Guid='{5770385f-c22a-43e0-bf4c-06f5698ffbd9}'/><EventID>1</EventID><Version>5</Version><Level>4</Level><Task>1</Task><Opcode>0</Opcode><Keywords>0x8000000000000000</Keywords><TimeCreated SystemTime='2020-11-11T07:48:56.093826800Z'/><EventRecordID>29469</EventRecordID><Correlation/><Execution ProcessID='8424' ThreadID='8456'/><Channel>Microsoft-Windows-Sysmon/Operational</Channel><Computer>DESKTOP-4GL3MO2</Computer><Security UserID='S-1-5-18'/></System><EventData><Data Name='RuleName'>-</Data><Data Name='UtcTime'>2020-11-11 07:48:56.090</Data><Data Name='ProcessGuid'>{a16191d0-9768-5fab-b709-000000000300}</Data><Data Name='ProcessId'>8792</Data><Data Name='Image'>C:\Windows\Microsoft.NET\Framework64\v4.0.30319\ngen.exe</Data><Data Name='FileVersion'>4.8.3752.0 built by: NET48REL1</Data><Data Name='Description'>Microsoft Common Language Runtime native compiler</Data><Data Name='Product'>Microsoft .NET Framework</Data><Data Name='Company'>Microsoft Corporation</Data><Data Name='OriginalFileName'>ngen.exe</Data><Data Name='CommandLine'>c:\Windows\Microsoft.NET\Framework64\v4.0.30319\ngen.exe install "c:\Program Files (x86)\Common Files\Microsoft Shared\VSTA\Pipeline.v10.0\HostSideAdapters\Microsoft.VisualStudio.Tools.Office.Word.HostAdapter.v10.0.dll" /queue:3 /NoDependencies</Data><Data Name='CurrentDirectory'>C:\Windows\SysWOW64\</Data><Data Name='User'>NT AUTHORITY\SYSTEM</Data><Data Name='LogonGuid'>{a16191d0-e48d-5f8f-e703-000000000000}</Data><Data Name='LogonId'>0x3e7</Data><Data Name='TerminalSessionId'>0</Data><Data Name='IntegrityLevel'>System</Data><Data Name='Hashes'>SHA1=2EC8E5600FFC2FD04D3FDA3646E870C5FA54F7F2,MD5=660254C8228B83705C80374D47F570F1,SHA256=0EB067650F90E1AF3B660C229A58D5E4C505A928847349E06DADB5E88DF713F4,IMPHASH=5ABC114B8FD18C7E03AD3244A6DA0BC3</Data><Data Name='ParentProcessGuid'>{a16191d0-974b-5fab-7209-000000000300}</Data><Data Name='ParentProcessId'>4304</Data><Data Name='ParentImage'>C:\Windows\SysWOW64\msiexec.exe</Data><Data Name='ParentCommandLine'>c:\Windows\syswow64\MsiExec.exe -Embedding 2B9CF3039A49DDBC322E1EFC81B8DB60 E Global\MSI0000</Data></EventData></Event>
<Event xmlns='http://schemas.microsoft.com/win/2004/08/events/event'><System><Provider Name='Microsoft-Windows-Sysmon' Guid='{5770385f-c22a-43e0-bf4c-06f5698ffbd9}'/><EventID>11</EventID><Version>2</Version><Level>4</Level><Task>11</Task><Opcode>0</Opcode><Keywords>0x8000000000000000</Keywords><TimeCreated SystemTime='2020-11-11T07:48:56.152030400Z'/><EventRecordID>29470</EventRecordID><Correlation/><Execution ProcessID='8424' ThreadID='8456'/><Channel>Microsoft-Windows-Sysmon/Operational</Channel><Computer>DESKTOP-4GL3MO2</Computer><Security UserID='S-1-5-18'/></System><EventData><Data Name='RuleName'>-</Data><Data Name='UtcTime'>2020-11-11 07:48:56.145</Data><Data Name='ProcessGuid'>{a16191d0-9768-5fab-b709-000000000300}</Data><Data Name='ProcessId'>8792</Data><Data Name='Image'>c:\Windows\Microsoft.NET\Framework64\v4.0.30319\ngen.exe</Data><Data Name='TargetFilename'>C:\Windows\Microsoft.NET\ngenserviceclientlock.dat</Data><Data Name='CreationUtcTime'>2020-11-11 07:48:53.692</Data></EventData></Event>
<Event xmlns='http://schemas.microsoft.com/win/2004/08/events/event'><System><Provider Name='Microsoft-Windows-Sysmon' Guid='{5770385f-c22a-43e0-bf4c-06f5698ffbd9}'/><EventID>11</EventID><Version>2</Version><Level>4</Level><Task>11</Task><Opcode>0</Opcode><Keywords>0x8000000000000000</Keywords><TimeCreated SystemTime='2020-11-11T07:48:56.152137400Z'/><EventRecordID>29471</EventRecordID><Correlation/><Execution ProcessID='8424' ThreadID='8456'/><Channel>Microsoft-Windows-Sysmon/Operational</Channel><Computer>DESKTOP-4GL3MO2</Computer><Security UserID='S-1-5-18'/></System><EventData><Data Name='RuleName'>-</Data><Data Name='UtcTime'>2020-11-11 07:48:56.145</Data><Data Name='ProcessGuid'>{a16191d0-9768-5fab-b709-000000000300}</Data><Data Name='ProcessId'>8792</Data><Data Name='Image'>c:\Windows\Microsoft.NET\Framework64\v4.0.30319\ngen.exe</Data><Data Name='TargetFilename'>C:\Windows\Microsoft.NET\Framework64\v4.0.30319\ngenrootstorelock.dat</Data><Data Name='CreationUtcTime'>2020-11-11 07:48:53.770</Data></EventData></Event>
<Event xmlns='http://schemas.microsoft.com/win/2004/08/events/event'><System><Provider Name='Microsoft-Windows-Sysmon' Guid='{5770385f-c22a-43e0-bf4c-06f5698ffbd9}'/><EventID>5</EventID><Version>3</Version><Level>4</Level><Task>5</Task><Opcode>0</Opcode><Keywords>0x8000000000000000</Keywords><TimeCreated SystemTime='2020-11-11T07:48:56.158219000Z'/><EventRecordID>29472</EventRecordID><Correlation/><Execution ProcessID='8424' ThreadID='8456'/><Channel>Microsoft-Windows-Sysmon/Operational</Channel><Computer>DESKTOP-4GL3MO2</Computer><Security UserID='S-1-5-18'/></System><EventData><Data Name='RuleName'>-</Data><Data Name='UtcTime'>2020-11-11 07:48:56.145</Data><Data Name='ProcessGuid'>{a16191d0-9768-5fab-b709-000000000300}</Data><Data Name='ProcessId'>8792</Data><Data Name='Image'>C:\Windows\Microsoft.NET\Framework64\v4.0.30319\ngen.exe</Data></EventData></Event>
<Event xmlns='http://schemas.microsoft.com/win/2004/08/events/event'><System><Provider Name='Microsoft-Windows-Sysmon' Guid='{5770385f-c22a-43e0-bf4c-06f5698ffbd9}'/><EventID>5</EventID><Version>3</Version><Level>4</Level><Task>5</Task><Opcode>0</Opcode><Keywords>0x8000000000000000</Keywords><TimeCreated SystemTime='2020-11-11T07:48:56.166006600Z'/><EventRecordID>29473</EventRecordID><Correlation/><Execution ProcessID='8424' ThreadID='8456'/><Channel>Microsoft-Windows-Sysmon/Operational</Channel><Computer>DESKTOP-4GL3MO2</Computer><Security UserID='S-1-5-18'/></System><EventData><Data Name='RuleName'>-</Data><Data Name='UtcTime'>2020-11-11 07:48:56.161</Data><Data Name='ProcessGuid'>{a16191d0-9768-5fab-b809-000000000300}</Data><Data Name='ProcessId'>7592</Data><Data Name='Image'>C:\Windows\System32\conhost.exe</Data></EventData></Event>
<Event xmlns='http://schemas.microsoft.com/win/2004/08/events/event'><System><Provider Name='Microsoft-Windows-Sysmon' Guid='{5770385f-c22a-43e0-bf4c-06f5698ffbd9}'/><EventID>11</EventID><Version>2</Version><Level>4</Level><Task>11</Task><Opcode>0</Opcode><Keywords>0x8000000000000000</Keywords><TimeCreated SystemTime='2020-11-11T07:48:56.230027700Z'/><EventRecordID>29474</EventRecordID><Correlation/><Execution ProcessID='8424' ThreadID='8456'/><Channel>Microsoft-Windows-Sysmon/Operational</Channel><Computer>DESKTOP-4GL3MO2</Computer><Security UserID='S-1-5-18'/></System><EventData><Data Name='RuleName'>-</Data><Data Name='UtcTime'>2020-11-11 07:48:56.224</Data><Data Name='ProcessGuid'>{a16191d0-9768-5fab-b909-000000000300}</Data><Data Name='ProcessId'>11688</Data><Data Name='Image'>c:\Windows\Microsoft.NET\Framework\v4.0.30319\ngen.exe</Data><Data Name='TargetFilename'>C:\Windows\Microsoft.NET\ngenserviceclientlock.dat</Data><Data Name='CreationUtcTime'>2020-11-11 07:48:53.692</Data></EventData></Event>
<Event xmlns='http://schemas.microsoft.com/win/2004/08/events/event'><System><Provider Name='Microsoft-Windows-Sysmon' Guid='{5770385f-c22a-43e0-bf4c-06f5698ffbd9}'/><EventID>11</EventID><Version>2</Version><Level>4</Level><Task>11</Task><Opcode>0</Opcode><Keywords>0x8000000000000000</Keywords><TimeCreated SystemTime='2020-11-11T07:48:56.230136000Z'/><EventRecordID>29475</EventRecordID><Correlation/><Execution ProcessID='8424' ThreadID='8456'/><Channel>Microsoft-Windows-Sysmon/Operational</Channel><Computer>DESKTOP-4GL3MO2</Computer><Security UserID='S-1-5-18'/></System><EventData><Data Name='RuleName'>-</Data><Data Name='UtcTime'>2020-11-11 07:48:56.224</Data><Data Name='ProcessGuid'>{a16191d0-9768-5fab-b909-000000000300}</Data><Data Name='ProcessId'>11688</Data><Data Name='Image'>c:\Windows\Microsoft.NET\Framework\v4.0.30319\ngen.exe</Data><Data Name='TargetFilename'>C:\Windows\Microsoft.NET\Framework\v4.0.30319\ngenrootstorelock.dat</Data><Data Name='CreationUtcTime'>2020-11-11 07:48:53.692</Data></EventData></Event>
<Event xmlns='http://schemas.microsoft.com/win/2004/08/events/event'><System><Provider Name='Microsoft-Windows-Sysmon' Guid='{5770385f-c22a-43e0-bf4c-06f5698ffbd9}'/><EventID>5</EventID><Version>3</Version><Level>4</Level><Task>5</Task><Opcode>0</Opcode><Keywords>0x8000000000000000</Keywords><TimeCreated SystemTime='2020-11-11T07:48:56.237176400Z'/><EventRecordID>29476</EventRecordID><Correlation/><Execution ProcessID='8424' ThreadID='8456'/><Channel>Microsoft-Windows-Sysmon/Operational</Channel><Computer>DESKTOP-4GL3MO2</Computer><Security UserID='S-1-5-18'/></System><EventData><Data Name='RuleName'>-</Data><Data Name='UtcTime'>2020-11-11 07:48:56.224</Data><Data Name='ProcessGuid'>{a16191d0-9768-5fab-b909-000000000300}</Data><Data Name='ProcessId'>11688</Data><Data Name='Image'>C:\Windows\Microsoft.NET\Framework\v4.0.30319\ngen.exe</Data></EventData></Event>
<Event xmlns='http://schemas.microsoft.com/win/2004/08/events/event'><System><Provider Name='Microsoft-Windows-Sysmon' Guid='{5770385f-c22a-43e0-bf4c-06f5698ffbd9}'/><EventID>1</EventID><Version>5</Version><Level>4</Level><Task>1</Task><Opcode>0</Opcode><Keywords>0x8000000000000000</Keywords><TimeCreated SystemTime='2020-11-11T07:48:56.245123700Z'/><EventRecordID>29477</EventRecordID><Correlation/><Execution ProcessID='8424' ThreadID='8456'/><Channel>Microsoft-Windows-Sysmon/Operational</Channel><Computer>DESKTOP-4GL3MO2</Computer><Security UserID='S-1-5-18'/></System><EventData><Data Name='RuleName'>-</Data><Data Name='UtcTime'>2020-11-11 07:48:56.241</Data><Data Name='ProcessGuid'>{a16191d0-9768-5fab-bb09-000000000300}</Data><Data Name='ProcessId'>6804</Data><Data Name='Image'>C:\Windows\Microsoft.NET\Framework64\v4.0.30319\ngen.exe</Data><Data Name='FileVersion'>4.8.3752.0 built by: NET48REL1</Data><Data Name='Description'>Microsoft Common Language Runtime native compiler</Data><Data Name='Product'>Microsoft .NET Framework</Data><Data Name='Company'>Microsoft Corporation</Data><Data Name='OriginalFileName'>ngen.exe</Data><Data Name='CommandLine'>c:\Windows\Microsoft.NET\Framework64\v4.0.30319\ngen.exe install "c:\Program Files (x86)\Common Files\Microsoft Shared\VSTA\Pipeline.v10.0\HostSideAdapters\Microsoft.VisualStudio.Tools.Office.HostAdapter.v10.0.dll" /queue:3 /NoDependencies</Data><Data Name='CurrentDirectory'>C:\Windows\SysWOW64\</Data><Data Name='User'>NT AUTHORITY\SYSTEM</Data><Data Name='LogonGuid'>{a16191d0-e48d-5f8f-e703-000000000000}</Data><Data Name='LogonId'>0x3e7</Data><Data Name='TerminalSessionId'>0</Data><Data Name='IntegrityLevel'>System</Data><Data Name='Hashes'>SHA1=2EC8E5600FFC2FD04D3FDA3646E870C5FA54F7F2,MD5=660254C8228B83705C80374D47F570F1,SHA256=0EB067650F90E1AF3B660C229A58D5E4C505A928847349E06DADB5E88DF713F4,IMPHASH=5ABC114B8FD18C7E03AD3244A6DA0BC3</Data><Data Name='ParentProcessGuid'>{a16191d0-974b-5fab-7209-000000000300}</Data><Data Name='ParentProcessId'>4304</Data><Data Name='ParentImage'>C:\Windows\SysWOW64\msiexec.exe</Data><Data Name='ParentCommandLine'>c:\Windows\syswow64\MsiExec.exe -Embedding 2B9CF3039A49DDBC322E1EFC81B8DB60 E Global\MSI0000</Data></EventData></Event>
<Event xmlns='http://schemas.microsoft.com/win/2004/08/events/event'><System><Provider Name='Microsoft-Windows-Sysmon' Guid='{5770385f-c22a-43e0-bf4c-06f5698ffbd9}'/><EventID>5</EventID><Version>3</Version><Level>4</Level><Task>5</Task><Opcode>0</Opcode><Keywords>0x8000000000000000</Keywords><TimeCreated SystemTime='2020-11-11T07:48:56.248334100Z'/><EventRecordID>29478</EventRecordID><Correlation/><Execution ProcessID='8424' ThreadID='8456'/><Channel>Microsoft-Windows-Sysmon/Operational</Channel><Computer>DESKTOP-4GL3MO2</Computer><Security UserID='S-1-5-18'/></System><EventData><Data Name='RuleName'>-</Data><Data Name='UtcTime'>2020-11-11 07:48:56.239</Data><Data Name='ProcessGuid'>{a16191d0-9768-5fab-ba09-000000000300}</Data><Data Name='ProcessId'>11172</Data><Data Name='Image'>C:\Windows\System32\conhost.exe</Data></EventData></Event>
<Event xmlns='http://schemas.microsoft.com/win/2004/08/events/event'><System><Provider Name='Microsoft-Windows-Sysmon' Guid='{5770385f-c22a-43e0-bf4c-06f5698ffbd9}'/><EventID>11</EventID><Version>2</Version><Level>4</Level><Task>11</Task><Opcode>0</Opcode><Keywords>0x8000000000000000</Keywords><TimeCreated SystemTime='2020-11-11T07:48:56.309351200Z'/><EventRecordID>29479</EventRecordID><Correlation/><Execution ProcessID='8424' ThreadID='8456'/><Channel>Microsoft-Windows-Sysmon/Operational</Channel><Computer>DESKTOP-4GL3MO2</Computer><Security UserID='S-1-5-18'/></System><EventData><Data Name='RuleName'>-</Data><Data Name='UtcTime'>2020-11-11 07:48:56.302</Data><Data Name='ProcessGuid'>{a16191d0-9768-5fab-bb09-000000000300}</Data><Data Name='ProcessId'>6804</Data><Data Name='Image'>c:\Windows\Microsoft.NET\Framework64\v4.0.30319\ngen.exe</Data><Data Name='TargetFilename'>C:\Windows\Microsoft.NET\ngenserviceclientlock.dat</Data><Data Name='CreationUtcTime'>2020-11-11 07:48:53.692</Data></EventData></Event>
<Event xmlns='http://schemas.microsoft.com/win/2004/08/events/event'><System><Provider Name='Microsoft-Windows-Sysmon' Guid='{5770385f-c22a-43e0-bf4c-06f5698ffbd9}'/><EventID>11</EventID><Version>2</Version><Level>4</Level><Task>11</Task><Opcode>0</Opcode><Keywords>0x8000000000000000</Keywords><TimeCreated SystemTime='2020-11-11T07:48:56.309487700Z'/><EventRecordID>29480</EventRecordID><Correlation/><Execution ProcessID='8424' ThreadID='8456'/><Channel>Microsoft-Windows-Sysmon/Operational</Channel><Computer>DESKTOP-4GL3MO2</Computer><Security UserID='S-1-5-18'/></System><EventData><Data Name='RuleName'>-</Data><Data Name='UtcTime'>2020-11-11 07:48:56.302</Data><Data Name='ProcessGuid'>{a16191d0-9768-5fab-bb09-000000000300}</Data><Data Name='ProcessId'>6804</Data><Data Name='Image'>c:\Windows\Microsoft.NET\Framework64\v4.0.30319\ngen.exe</Data><Data Name='TargetFilename'>C:\Windows\Microsoft.NET\Framework64\v4.0.30319\ngenrootstorelock.dat</Data><Data Name='CreationUtcTime'>2020-11-11 07:48:53.770</Data></EventData></Event>
<Event xmlns='http://schemas.microsoft.com/win/2004/08/events/event'><System><Provider Name='Microsoft-Windows-Sysmon' Guid='{5770385f-c22a-43e0-bf4c-06f5698ffbd9}'/><EventID>5</EventID><Version>3</Version><Level>4</Level><Task>5</Task><Opcode>0</Opcode><Keywords>0x8000000000000000</Keywords><TimeCreated SystemTime='2020-11-11T07:48:56.316452600Z'/><EventRecordID>29481</EventRecordID><Correlation/><Execution ProcessID='8424' ThreadID='8456'/><Channel>Microsoft-Windows-Sysmon/Operational</Channel><Computer>DESKTOP-4GL3MO2</Computer><Security UserID='S-1-5-18'/></System><EventData><Data Name='RuleName'>-</Data><Data Name='UtcTime'>2020-11-11 07:48:56.302</Data><Data Name='ProcessGuid'>{a16191d0-9768-5fab-bb09-000000000300}</Data><Data Name='ProcessId'>6804</Data><Data Name='Image'>C:\Windows\Microsoft.NET\Framework64\v4.0.30319\ngen.exe</Data></EventData></Event>
<Event xmlns='http://schemas.microsoft.com/win/2004/08/events/event'><System><Provider Name='Microsoft-Windows-Sysmon' Guid='{5770385f-c22a-43e0-bf4c-06f5698ffbd9}'/><EventID>5</EventID><Version>3</Version><Level>4</Level><Task>5</Task><Opcode>0</Opcode><Keywords>0x8000000000000000</Keywords><TimeCreated SystemTime='2020-11-11T07:48:56.322480200Z'/><EventRecordID>29482</EventRecordID><Correlation/><Execution ProcessID='8424' ThreadID='8456'/><Channel>Microsoft-Windows-Sysmon/Operational</Channel><Computer>DESKTOP-4GL3MO2</Computer><Security UserID='S-1-5-18'/></System><EventData><Data Name='RuleName'>-</Data><Data Name='UtcTime'>2020-11-11 07:48:56.318</Data><Data Name='ProcessGuid'>{a16191d0-9768-5fab-bc09-000000000300}</Data><Data Name='ProcessId'>2068</Data><Data Name='Image'>C:\Windows\System32\conhost.exe</Data></EventData></Event>
<Event xmlns='http://schemas.microsoft.com/win/2004/08/events/event'><System><Provider Name='Microsoft-Windows-Sysmon' Guid='{5770385f-c22a-43e0-bf4c-06f5698ffbd9}'/><EventID>11</EventID><Version>2</Version><Level>4</Level><Task>11</Task><Opcode>0</Opcode><Keywords>0x8000000000000000</Keywords><TimeCreated SystemTime='2020-11-11T07:48:56.396536700Z'/><EventRecordID>29483</EventRecordID><Correlation/><Execution ProcessID='8424' ThreadID='8456'/><Channel>Microsoft-Windows-Sysmon/Operational</Channel><Computer>DESKTOP-4GL3MO2</Computer><Security UserID='S-1-5-18'/></System><EventData><Data Name='RuleName'>-</Data><Data Name='UtcTime'>2020-11-11 07:48:56.380</Data><Data Name='ProcessGuid'>{a16191d0-9768-5fab-bd09-000000000300}</Data><Data Name='ProcessId'>9140</Data><Data Name='Image'>c:\Windows\Microsoft.NET\Framework\v4.0.30319\ngen.exe</Data><Data Name='TargetFilename'>C:\Windows\Microsoft.NET\ngenserviceclientlock.dat</Data><Data Name='CreationUtcTime'>2020-11-11 07:48:53.692</Data></EventData></Event>
<Event xmlns='http://schemas.microsoft.com/win/2004/08/events/event'><System><Provider Name='Microsoft-Windows-Sysmon' Guid='{5770385f-c22a-43e0-bf4c-06f5698ffbd9}'/><EventID>11</EventID><Version>2</Version><Level>4</Level><Task>11</Task><Opcode>0</Opcode><Keywords>0x8000000000000000</Keywords><TimeCreated SystemTime='2020-11-11T07:48:56.396614800Z'/><EventRecordID>29484</EventRecordID><Correlation/><Execution ProcessID='8424' ThreadID='8456'/><Channel>Microsoft-Windows-Sysmon/Operational</Channel><Computer>DESKTOP-4GL3MO2</Computer><Security UserID='S-1-5-18'/></System><EventData><Data Name='RuleName'>-</Data><Data Name='UtcTime'>2020-11-11 07:48:56.380</Data><Data Name='ProcessGuid'>{a16191d0-9768-5fab-bd09-000000000300}</Data><Data Name='ProcessId'>9140</Data><Data Name='Image'>c:\Windows\Microsoft.NET\Framework\v4.0.30319\ngen.exe</Data><Data Name='TargetFilename'>C:\Windows\Microsoft.NET\Framework\v4.0.30319\ngenrootstorelock.dat</Data><Data Name='CreationUtcTime'>2020-11-11 07:48:53.692</Data></EventData></Event>
<Event xmlns='http://schemas.microsoft.com/win/2004/08/events/event'><System><Provider Name='Microsoft-Windows-Sysmon' Guid='{5770385f-c22a-43e0-bf4c-06f5698ffbd9}'/><EventID>11</EventID><Version>2</Version><Level>4</Level><Task>11</Task><Opcode>0</Opcode><Keywords>0x8000000000000000</Keywords><TimeCreated SystemTime='2020-11-11T07:48:56.532893300Z'/><EventRecordID>29485</EventRecordID><Correlation/><Execution ProcessID='8424' ThreadID='8456'/><Channel>Microsoft-Windows-Sysmon/Operational</Channel><Computer>DESKTOP-4GL3MO2</Computer><Security UserID='S-1-5-18'/></System><EventData><Data Name='RuleName'>-</Data><Data Name='UtcTime'>2020-11-11 07:48:56.520</Data><Data Name='ProcessGuid'>{a16191d0-9768-5fab-bd09-000000000300}</Data><Data Name='ProcessId'>9140</Data><Data Name='Image'>c:\Windows\Microsoft.NET\Framework\v4.0.30319\ngen.exe</Data><Data Name='TargetFilename'>C:\Windows\Microsoft.NET\Framework\v4.0.30319\ngentasknewworklock.dat</Data><Data Name='CreationUtcTime'>2020-11-11 07:48:56.520</Data></EventData></Event>
<Event xmlns='http://schemas.microsoft.com/win/2004/08/events/event'><System><Provider Name='Microsoft-Windows-Sysmon' Guid='{5770385f-c22a-43e0-bf4c-06f5698ffbd9}'/><EventID>5</EventID><Version>3</Version><Level>4</Level><Task>5</Task><Opcode>0</Opcode><Keywords>0x8000000000000000</Keywords><TimeCreated SystemTime='2020-11-11T07:48:56.551816500Z'/><EventRecordID>29486</EventRecordID><Correlation/><Execution ProcessID='8424' ThreadID='8456'/><Channel>Microsoft-Windows-Sysmon/Operational</Channel><Computer>DESKTOP-4GL3MO2</Computer><Security UserID='S-1-5-18'/></System><EventData><Data Name='RuleName'>-</Data><Data Name='UtcTime'>2020-11-11 07:48:56.536</Data><Data Name='ProcessGuid'>{a16191d0-9768-5fab-bd09-000000000300}</Data><Data Name='ProcessId'>9140</Data><Data Name='Image'>C:\Windows\Microsoft.NET\Framework\v4.0.30319\ngen.exe</Data></EventData></Event>
<Event xmlns='http://schemas.microsoft.com/win/2004/08/events/event'><System><Provider Name='Microsoft-Windows-Sysmon' Guid='{5770385f-c22a-43e0-bf4c-06f5698ffbd9}'/><EventID>5</EventID><Version>3</Version><Level>4</Level><Task>5</Task><Opcode>0</Opcode><Keywords>0x8000000000000000</Keywords><TimeCreated SystemTime='2020-11-11T07:48:56.556002900Z'/><EventRecordID>29487</EventRecordID><Correlation/><Execution ProcessID='8424' ThreadID='8456'/><Channel>Microsoft-Windows-Sysmon/Operational</Channel><Computer>DESKTOP-4GL3MO2</Computer><Security UserID='S-1-5-18'/></System><EventData><Data Name='RuleName'>-</Data><Data Name='UtcTime'>2020-11-11 07:48:56.551</Data><Data Name='ProcessGuid'>{a16191d0-9768-5fab-be09-000000000300}</Data><Data Name='ProcessId'>4424</Data><Data Name='Image'>C:\Windows\System32\conhost.exe</Data></EventData></Event>
<Event xmlns='http://schemas.microsoft.com/win/2004/08/events/event'><System><Provider Name='Microsoft-Windows-Sysmon' Guid='{5770385f-c22a-43e0-bf4c-06f5698ffbd9}'/><EventID>1</EventID><Version>5</Version><Level>4</Level><Task>1</Task><Opcode>0</Opcode><Keywords>0x8000000000000000</Keywords><TimeCreated SystemTime='2020-11-11T07:48:56.563759400Z'/><EventRecordID>29488</EventRecordID><Correlation/><Execution ProcessID='8424' ThreadID='8456'/><Channel>Microsoft-Windows-Sysmon/Operational</Channel><Computer>DESKTOP-4GL3MO2</Computer><Security UserID='S-1-5-18'/></System><EventData><Data Name='RuleName'>-</Data><Data Name='UtcTime'>2020-11-11 07:48:56.560</Data><Data Name='ProcessGuid'>{a16191d0-9768-5fab-bf09-000000000300}</Data><Data Name='ProcessId'>10296</Data><Data Name='Image'>C:\Windows\Microsoft.NET\Framework64\v4.0.30319\ngen.exe</Data><Data Name='FileVersion'>4.8.3752.0 built by: NET48REL1</Data><Data Name='Description'>Microsoft Common Language Runtime native compiler</Data><Data Name='Product'>Microsoft .NET Framework</Data><Data Name='Company'>Microsoft Corporation</Data><Data Name='OriginalFileName'>ngen.exe</Data><Data Name='CommandLine'>c:\Windows\Microsoft.NET\Framework64\v4.0.30319\ngen.exe update /queue</Data><Data Name='CurrentDirectory'>C:\Windows\SysWOW64\</Data><Data Name='User'>NT AUTHORITY\SYSTEM</Data><Data Name='LogonGuid'>{a16191d0-e48d-5f8f-e703-000000000000}</Data><Data Name='LogonId'>0x3e7</Data><Data Name='TerminalSessionId'>0</Data><Data Name='IntegrityLevel'>System</Data><Data Name='Hashes'>SHA1=2EC8E5600FFC2FD04D3FDA3646E870C5FA54F7F2,MD5=660254C8228B83705C80374D47F570F1,SHA256=0EB067650F90E1AF3B660C229A58D5E4C505A928847349E06DADB5E88DF713F4,IMPHASH=5ABC114B8FD18C7E03AD3244A6DA0BC3</Data><Data Name='ParentProcessGuid'>{a16191d0-974b-5fab-7209-000000000300}</Data><Data Name='ParentProcessId'>4304</Data><Data Name='ParentImage'>C:\Windows\SysWOW64\msiexec.exe</Data><Data Name='ParentCommandLine'>c:\Windows\syswow64\MsiExec.exe -Embedding 2B9CF3039A49DDBC322E1EFC81B8DB60 E Global\MSI0000</Data></EventData></Event>
