<Event xmlns='http://schemas.microsoft.com/win/2004/08/events/event'><System><Provider Name='Microsoft-Windows-Sysmon' Guid='{5770385f-c22a-43e0-bf4c-06f5698ffbd9}'/><EventID>13</EventID><Version>2</Version><Level>4</Level><Task>13</Task><Opcode>0</Opcode><Keywords>0x8000000000000000</Keywords><TimeCreated SystemTime='2020-11-11T07:48:40.984517000Z'/><EventRecordID>29265</EventRecordID><Correlation/><Execution ProcessID='8424' ThreadID='8456'/><Channel>Microsoft-Windows-Sysmon/Operational</Channel><Computer>DESKTOP-4GL3MO2</Computer><Security UserID='S-1-5-18'/></System><EventData><Data Name='RuleName'>technique_id=T1546.001,technique_name=Change Default File Association</Data><Data Name='EventType'>SetValue</Data><Data Name='UtcTime'>2020-11-11 07:48:40.958</Data><Data Name='ProcessGuid'>{a16191d0-e494-5f8f-6b00-000000000300}</Data><Data Name='ProcessId'>4552</Data><Data Name='Image'>C:\Windows\Explorer.EXE</Data><Data Name='TargetObject'>HKU\S-1-5-21-1083385741-191756873-3582627974-1001\Software\Microsoft\Windows\CurrentVersion\Explorer\FileExts\.ps1\OpenWithProgids\Microsoft.PowerShellScript.1</Data><Data Name='Details'>Binary Data</Data></EventData></Event>
<Event xmlns='http://schemas.microsoft.com/win/2004/08/events/event'><System><Provider Name='Microsoft-Windows-Sysmon' Guid='{5770385f-c22a-43e0-bf4c-06f5698ffbd9}'/><EventID>12</EventID><Version>2</Version><Level>4</Level><Task>12</Task><Opcode>0</Opcode><Keywords>0x8000000000000000</Keywords><TimeCreated SystemTime='2020-11-11T07:48:40.985161300Z'/><EventRecordID>29266</EventRecordID><Correlation/><Execution ProcessID='8424' ThreadID='8456'/><Channel>Microsoft-Windows-Sysmon/Operational</Channel><Computer>DESKTOP-4GL3MO2</Computer><Security UserID='S-1-5-18'/></System><EventData><Data Name='RuleName'>technique_id=T1546.001,technique_name=Change Default File Association</Data><Data Name='EventType'>CreateKey</Data><Data Name='UtcTime'>2020-11-11 07:48:40.958</Data><Data Name='ProcessGuid'>{a16191d0-e494-5f8f-6b00-000000000300}</Data><Data Name='ProcessId'>4552</Data><Data Name='Image'>C:\Windows\Explorer.EXE</Data><Data Name='TargetObject'>HKU\S-1-5-21-1083385741-191756873-3582627974-1001\Software\Microsoft\Windows\CurrentVersion\Explorer\FileExts\.ps1\OpenWithList</Data></EventData></Event>
<Event xmlns='http://schemas.microsoft.com/win/2004/08/events/event'><System><Provider Name='Microsoft-Windows-Sysmon' Guid='{5770385f-c22a-43e0-bf4c-06f5698ffbd9}'/><EventID>11</EventID><Version>2</Version><Level>4</Level><Task>11</Task><Opcode>0</Opcode><Keywords>0x8000000000000000</Keywords><TimeCreated SystemTime='2020-11-11T07:48:41.377729100Z'/><EventRecordID>29267</EventRecordID><Correlation/><Execution ProcessID='8424' ThreadID='8456'/><Channel>Microsoft-Windows-Sysmon/Operational</Channel><Computer>DESKTOP-4GL3MO2</Computer><Security UserID='S-1-5-18'/></System><EventData><Data Name='RuleName'>-</Data><Data Name='UtcTime'>2020-11-11 07:48:41.364</Data><Data Name='ProcessGuid'>{a16191d0-971b-5fab-3f09-000000000300}</Data><Data Name='ProcessId'>8288</Data><Data Name='Image'>C:\Program Files\Microsoft Office\root\integration\integrator.exe</Data><Data Name='TargetFilename'>C:\Windows\System32\config\systemprofile\AppData\Local\Microsoft\Office\16.0\integrator.exe_Rules.xml</Data><Data Name='CreationUtcTime'>2020-10-27 08:51:49.634</Data></EventData></Event>
<Event xmlns='http://schemas.microsoft.com/win/2004/08/events/event'><System><Provider Name='Microsoft-Windows-Sysmon' Guid='{5770385f-c22a-43e0-bf4c-06f5698ffbd9}'/><EventID>12</EventID><Version>2</Version><Level>4</Level><Task>12</Task><Opcode>0</Opcode><Keywords>0x8000000000000000</Keywords><TimeCreated SystemTime='2020-11-11T07:48:41.795472400Z'/><EventRecordID>29268</EventRecordID><Correlation/><Execution ProcessID='8424' ThreadID='8456'/><Channel>Microsoft-Windows-Sysmon/Operational</Channel><Computer>DESKTOP-4GL3MO2</Computer><Security UserID='S-1-5-18'/></System><EventData><Data Name='RuleName'>technique_id=T1130,technique_name=Install Root Certificate</Data><Data Name='EventType'>CreateKey</Data><Data Name='UtcTime'>2020-11-11 07:48:41.770</Data><Data Name='ProcessGuid'>{a16191d0-9758-5fab-7809-000000000300}</Data><Data Name='ProcessId'>10732</Data><Data Name='Image'>C:\Windows\System32\WindowsPowerShell\v1.0\powershell.exe</Data><Data Name='TargetObject'>HKU\S-1-5-21-1083385741-191756873-3582627974-1001\Software\Microsoft\SystemCertificates\Root\Certificates</Data></EventData></Event>
<Event xmlns='http://schemas.microsoft.com/win/2004/08/events/event'><System><Provider Name='Microsoft-Windows-Sysmon' Guid='{5770385f-c22a-43e0-bf4c-06f5698ffbd9}'/><EventID>11</EventID><Version>2</Version><Level>4</Level><Task>11</Task><Opcode>0</Opcode><Keywords>0x8000000000000000</Keywords><TimeCreated SystemTime='2020-11-11T07:48:41.849844700Z'/><EventRecordID>29269</EventRecordID><Correlation/><Execution ProcessID='8424' ThreadID='8456'/><Channel>Microsoft-Windows-Sysmon/Operational</Channel><Computer>DESKTOP-4GL3MO2</Computer><Security UserID='S-1-5-18'/></System><EventData><Data Name='RuleName'>-</Data><Data Name='UtcTime'>2020-11-11 07:48:41.833</Data><Data Name='ProcessGuid'>{a16191d0-9758-5fab-7809-000000000300}</Data><Data Name='ProcessId'>10732</Data><Data Name='Image'>C:\Windows\System32\WindowsPowerShell\v1.0\powershell.exe</Data><Data Name='TargetFilename'>C:\Users\jiyoung\AppData\Local\Temp\__PSScriptPolicyTest_d3kdi5fw.dll.ps1</Data><Data Name='CreationUtcTime'>2020-11-11 07:48:41.833</Data></EventData></Event>
<Event xmlns='http://schemas.microsoft.com/win/2004/08/events/event'><System><Provider Name='Microsoft-Windows-Sysmon' Guid='{5770385f-c22a-43e0-bf4c-06f5698ffbd9}'/><EventID>11</EventID><Version>2</Version><Level>4</Level><Task>11</Task><Opcode>0</Opcode><Keywords>0x8000000000000000</Keywords><TimeCreated SystemTime='2020-11-11T07:48:41.860143100Z'/><EventRecordID>29270</EventRecordID><Correlation/><Execution ProcessID='8424' ThreadID='8456'/><Channel>Microsoft-Windows-Sysmon/Operational</Channel><Computer>DESKTOP-4GL3MO2</Computer><Security UserID='S-1-5-18'/></System><EventData><Data Name='RuleName'>-</Data><Data Name='UtcTime'>2020-11-11 07:48:41.848</Data><Data Name='ProcessGuid'>{a16191d0-9758-5fab-7809-000000000300}</Data><Data Name='ProcessId'>10732</Data><Data Name='Image'>C:\Windows\System32\WindowsPowerShell\v1.0\powershell.exe</Data><Data Name='TargetFilename'>C:\Users\jiyoung\AppData\Local\Temp\__PSScriptPolicyTest_acx3so10.xng.psm1</Data><Data Name='CreationUtcTime'>2020-11-11 07:48:41.833</Data></EventData></Event>
<Event xmlns='http://schemas.microsoft.com/win/2004/08/events/event'><System><Provider Name='Microsoft-Windows-Sysmon' Guid='{5770385f-c22a-43e0-bf4c-06f5698ffbd9}'/><EventID>11</EventID><Version>2</Version><Level>4</Level><Task>11</Task><Opcode>0</Opcode><Keywords>0x8000000000000000</Keywords><TimeCreated SystemTime='2020-11-11T07:48:42.900259900Z'/><EventRecordID>29271</EventRecordID><Correlation/><Execution ProcessID='8424' ThreadID='8456'/><Channel>Microsoft-Windows-Sysmon/Operational</Channel><Computer>DESKTOP-4GL3MO2</Computer><Security UserID='S-1-5-18'/></System><EventData><Data Name='RuleName'>-</Data><Data Name='UtcTime'>2020-11-11 07:48:42.895</Data><Data Name='ProcessGuid'>{a16191d0-95e9-5fab-0309-000000000300}</Data><Data Name='ProcessId'>11160</Data><Data Name='Image'>C:\ProgramData\Microsoft\Windows Defender\platform\4.18.2010.7-0\MsMpEng.exe</Data><Data Name='TargetFilename'>C:\ProgramData\Microsoft\Windows Defender\Scans\History\RemCheck\2D01A083201DAD18A4A4A3639D80CB45</Data><Data Name='CreationUtcTime'>2020-11-11 07:48:12.894</Data></EventData></Event>
<Event xmlns='http://schemas.microsoft.com/win/2004/08/events/event'><System><Provider Name='Microsoft-Windows-Sysmon' Guid='{5770385f-c22a-43e0-bf4c-06f5698ffbd9}'/><EventID>3</EventID><Version>5</Version><Level>4</Level><Task>3</Task><Opcode>0</Opcode><Keywords>0x8000000000000000</Keywords><TimeCreated SystemTime='2020-11-11T07:48:42.902535400Z'/><EventRecordID>29272</EventRecordID><Correlation/><Execution ProcessID='8424' ThreadID='7580'/><Channel>Microsoft-Windows-Sysmon/Operational</Channel><Computer>DESKTOP-4GL3MO2</Computer><Security UserID='S-1-5-18'/></System><EventData><Data Name='RuleName'>-</Data><Data Name='UtcTime'>2020-10-26 02:05:39.914</Data><Data Name='ProcessGuid'>{a16191d0-971b-5fab-3f09-000000000300}</Data><Data Name='ProcessId'>8288</Data><Data Name='Image'>C:\Program Files\Microsoft Office\root\integration\integrator.exe</Data><Data Name='User'>NT AUTHORITY\SYSTEM</Data><Data Name='Protocol'>tcp</Data><Data Name='Initiated'>true</Data><Data Name='SourceIsIpv6'>false</Data><Data Name='SourceIp'>192.168.2.132</Data><Data Name='SourceHostname'>-</Data><Data Name='SourcePort'>53449</Data><Data Name='SourcePortName'>-</Data><Data Name='DestinationIsIpv6'>false</Data><Data Name='DestinationIp'>52.109.8.19</Data><Data Name='DestinationHostname'>-</Data><Data Name='DestinationPort'>443</Data><Data Name='DestinationPortName'>-</Data></EventData></Event>
<Event xmlns='http://schemas.microsoft.com/win/2004/08/events/event'><System><Provider Name='Microsoft-Windows-Sysmon' Guid='{5770385f-c22a-43e0-bf4c-06f5698ffbd9}'/><EventID>11</EventID><Version>2</Version><Level>4</Level><Task>11</Task><Opcode>0</Opcode><Keywords>0x8000000000000000</Keywords><TimeCreated SystemTime='2020-11-11T07:48:43.136944600Z'/><EventRecordID>29273</EventRecordID><Correlation/><Execution ProcessID='8424' ThreadID='8456'/><Channel>Microsoft-Windows-Sysmon/Operational</Channel><Computer>DESKTOP-4GL3MO2</Computer><Security UserID='S-1-5-18'/></System><EventData><Data Name='RuleName'>-</Data><Data Name='UtcTime'>2020-11-11 07:48:43.129</Data><Data Name='ProcessGuid'>{a16191d0-9758-5fab-7809-000000000300}</Data><Data Name='ProcessId'>10732</Data><Data Name='Image'>C:\Windows\System32\WindowsPowerShell\v1.0\powershell.exe</Data><Data Name='TargetFilename'>C:\Users\jiyoung\AppData\Local\Temp\__PSScriptPolicyTest_gqaic1ic.wqf.ps1</Data><Data Name='CreationUtcTime'>2020-11-11 07:48:43.129</Data></EventData></Event>
<Event xmlns='http://schemas.microsoft.com/win/2004/08/events/event'><System><Provider Name='Microsoft-Windows-Sysmon' Guid='{5770385f-c22a-43e0-bf4c-06f5698ffbd9}'/><EventID>11</EventID><Version>2</Version><Level>4</Level><Task>11</Task><Opcode>0</Opcode><Keywords>0x8000000000000000</Keywords><TimeCreated SystemTime='2020-11-11T07:48:43.137834600Z'/><EventRecordID>29274</EventRecordID><Correlation/><Execution ProcessID='8424' ThreadID='8456'/><Channel>Microsoft-Windows-Sysmon/Operational</Channel><Computer>DESKTOP-4GL3MO2</Computer><Security UserID='S-1-5-18'/></System><EventData><Data Name='RuleName'>-</Data><Data Name='UtcTime'>2020-11-11 07:48:43.129</Data><Data Name='ProcessGuid'>{a16191d0-9758-5fab-7809-000000000300}</Data><Data Name='ProcessId'>10732</Data><Data Name='Image'>C:\Windows\System32\WindowsPowerShell\v1.0\powershell.exe</Data><Data Name='TargetFilename'>C:\Users\jiyoung\AppData\Local\Temp\__PSScriptPolicyTest_3daievqz.mcn.psm1</Data><Data Name='CreationUtcTime'>2020-11-11 07:48:43.129</Data></EventData></Event>
<Event xmlns='http://schemas.microsoft.com/win/2004/08/events/event'><System><Provider Name='Microsoft-Windows-Sysmon' Guid='{5770385f-c22a-43e0-bf4c-06f5698ffbd9}'/><EventID>11</EventID><Version>2</Version><Level>4</Level><Task>11</Task><Opcode>0</Opcode><Keywords>0x8000000000000000</Keywords><TimeCreated SystemTime='2020-11-11T07:48:43.163750600Z'/><EventRecordID>29275</EventRecordID><Correlation/><Execution ProcessID='8424' ThreadID='8456'/><Channel>Microsoft-Windows-Sysmon/Operational</Channel><Computer>DESKTOP-4GL3MO2</Computer><Security UserID='S-1-5-18'/></System><EventData><Data Name='RuleName'>-</Data><Data Name='UtcTime'>2020-11-11 07:48:43.161</Data><Data Name='ProcessGuid'>{a16191d0-95e9-5fab-0309-000000000300}</Data><Data Name='ProcessId'>11160</Data><Data Name='Image'>C:\ProgramData\Microsoft\Windows Defender\platform\4.18.2010.7-0\MsMpEng.exe</Data><Data Name='TargetFilename'>C:\ProgramData\Microsoft\Windows Defender\Scans\History\RemCheck\2D01A083201DAD18A4A4A3639D80CB45</Data><Data Name='CreationUtcTime'>2020-11-11 07:48:12.894</Data></EventData></Event>
<Event xmlns='http://schemas.microsoft.com/win/2004/08/events/event'><System><Provider Name='Microsoft-Windows-Sysmon' Guid='{5770385f-c22a-43e0-bf4c-06f5698ffbd9}'/><EventID>11</EventID><Version>2</Version><Level>4</Level><Task>11</Task><Opcode>0</Opcode><Keywords>0x8000000000000000</Keywords><TimeCreated SystemTime='2020-11-11T07:48:43.171097300Z'/><EventRecordID>29276</EventRecordID><Correlation/><Execution ProcessID='8424' ThreadID='8456'/><Channel>Microsoft-Windows-Sysmon/Operational</Channel><Computer>DESKTOP-4GL3MO2</Computer><Security UserID='S-1-5-18'/></System><EventData><Data Name='RuleName'>-</Data><Data Name='UtcTime'>2020-11-11 07:48:43.161</Data><Data Name='ProcessGuid'>{a16191d0-95e9-5fab-0309-000000000300}</Data><Data Name='ProcessId'>11160</Data><Data Name='Image'>C:\ProgramData\Microsoft\Windows Defender\platform\4.18.2010.7-0\MsMpEng.exe</Data><Data Name='TargetFilename'>C:\ProgramData\Microsoft\Windows Defender\Scans\History\RemCheck\2D01A083201DAD18A4A4A3639D80CB45</Data><Data Name='CreationUtcTime'>2020-11-11 07:48:12.894</Data></EventData></Event>
<Event xmlns='http://schemas.microsoft.com/win/2004/08/events/event'><System><Provider Name='Microsoft-Windows-Sysmon' Guid='{5770385f-c22a-43e0-bf4c-06f5698ffbd9}'/><EventID>11</EventID><Version>2</Version><Level>4</Level><Task>11</Task><Opcode>0</Opcode><Keywords>0x8000000000000000</Keywords><TimeCreated SystemTime='2020-11-11T07:48:43.235224900Z'/><EventRecordID>29277</EventRecordID><Correlation/><Execution ProcessID='8424' ThreadID='8456'/><Channel>Microsoft-Windows-Sysmon/Operational</Channel><Computer>DESKTOP-4GL3MO2</Computer><Security UserID='S-1-5-18'/></System><EventData><Data Name='RuleName'>-</Data><Data Name='UtcTime'>2020-11-11 07:48:43.223</Data><Data Name='ProcessGuid'>{a16191d0-95e9-5fab-0309-000000000300}</Data><Data Name='ProcessId'>11160</Data><Data Name='Image'>C:\ProgramData\Microsoft\Windows Defender\platform\4.18.2010.7-0\MsMpEng.exe</Data><Data Name='TargetFilename'>C:\ProgramData\Microsoft\Windows Defender\Scans\History\RemCheck\2D01A083201DAD18A4A4A3639D80CB45</Data><Data Name='CreationUtcTime'>2020-11-11 07:48:12.894</Data></EventData></Event>
<Event xmlns='http://schemas.microsoft.com/win/2004/08/events/event'><System><Provider Name='Microsoft-Windows-Sysmon' Guid='{5770385f-c22a-43e0-bf4c-06f5698ffbd9}'/><EventID>11</EventID><Version>2</Version><Level>4</Level><Task>11</Task><Opcode>0</Opcode><Keywords>0x8000000000000000</Keywords><TimeCreated SystemTime='2020-11-11T07:48:43.351107800Z'/><EventRecordID>29278</EventRecordID><Correlation/><Execution ProcessID='8424' ThreadID='8456'/><Channel>Microsoft-Windows-Sysmon/Operational</Channel><Computer>DESKTOP-4GL3MO2</Computer><Security UserID='S-1-5-18'/></System><EventData><Data Name='RuleName'>-</Data><Data Name='UtcTime'>2020-11-11 07:48:43.348</Data><Data Name='ProcessGuid'>{a16191d0-95e9-5fab-0309-000000000300}</Data><Data Name='ProcessId'>11160</Data><Data Name='Image'>C:\ProgramData\Microsoft\Windows Defender\platform\4.18.2010.7-0\MsMpEng.exe</Data><Data Name='TargetFilename'>C:\ProgramData\Microsoft\Windows Defender\Scans\History\Results\Resource\{4ADA2805-7138-4965-B6D7-F7CCC6B5E93D}</Data><Data Name='CreationUtcTime'>2020-11-11 07:48:43.333</Data></EventData></Event>
<Event xmlns='http://schemas.microsoft.com/win/2004/08/events/event'><System><Provider Name='Microsoft-Windows-Sysmon' Guid='{5770385f-c22a-43e0-bf4c-06f5698ffbd9}'/><EventID>11</EventID><Version>2</Version><Level>4</Level><Task>11</Task><Opcode>0</Opcode><Keywords>0x8000000000000000</Keywords><TimeCreated SystemTime='2020-11-11T07:48:43.456732300Z'/><EventRecordID>29279</EventRecordID><Correlation/><Execution ProcessID='8424' ThreadID='8456'/><Channel>Microsoft-Windows-Sysmon/Operational</Channel><Computer>DESKTOP-4GL3MO2</Computer><Security UserID='S-1-5-18'/></System><EventData><Data Name='RuleName'>-</Data><Data Name='UtcTime'>2020-11-11 07:48:43.442</Data><Data Name='ProcessGuid'>{a16191d0-95e9-5fab-0309-000000000300}</Data><Data Name='ProcessId'>11160</Data><Data Name='Image'>C:\ProgramData\Microsoft\Windows Defender\platform\4.18.2010.7-0\MsMpEng.exe</Data><Data Name='TargetFilename'>C:\ProgramData\Microsoft\Windows Defender\LocalCopy\{4ADA2805-7138-4965-B6D7-F7CCC6B5E93D}</Data><Data Name='CreationUtcTime'>2020-11-11 07:48:43.442</Data></EventData></Event>
<Event xmlns='http://schemas.microsoft.com/win/2004/08/events/event'><System><Provider Name='Microsoft-Windows-Sysmon' Guid='{5770385f-c22a-43e0-bf4c-06f5698ffbd9}'/><EventID>11</EventID><Version>2</Version><Level>4</Level><Task>11</Task><Opcode>0</Opcode><Keywords>0x8000000000000000</Keywords><TimeCreated SystemTime='2020-11-11T07:48:43.456860200Z'/><EventRecordID>29280</EventRecordID><Correlation/><Execution ProcessID='8424' ThreadID='8456'/><Channel>Microsoft-Windows-Sysmon/Operational</Channel><Computer>DESKTOP-4GL3MO2</Computer><Security UserID='S-1-5-18'/></System><EventData><Data Name='RuleName'>-</Data><Data Name='UtcTime'>2020-11-11 07:48:43.442</Data><Data Name='ProcessGuid'>{a16191d0-95e9-5fab-0309-000000000300}</Data><Data Name='ProcessId'>11160</Data><Data Name='Image'>C:\ProgramData\Microsoft\Windows Defender\platform\4.18.2010.7-0\MsMpEng.exe</Data><Data Name='TargetFilename'>C:\ProgramData\Microsoft\Windows Defender\Scans\History\Service\Unknown.Log</Data><Data Name='CreationUtcTime'>2020-09-20 02:04:17.732</Data></EventData></Event>
<Event xmlns='http://schemas.microsoft.com/win/2004/08/events/event'><System><Provider Name='Microsoft-Windows-Sysmon' Guid='{5770385f-c22a-43e0-bf4c-06f5698ffbd9}'/><EventID>1</EventID><Version>5</Version><Level>4</Level><Task>1</Task><Opcode>0</Opcode><Keywords>0x8000000000000000</Keywords><TimeCreated SystemTime='2020-11-11T07:48:43.865353600Z'/><EventRecordID>29281</EventRecordID><Correlation/><Execution ProcessID='8424' ThreadID='8456'/><Channel>Microsoft-Windows-Sysmon/Operational</Channel><Computer>DESKTOP-4GL3MO2</Computer><Security UserID='S-1-5-18'/></System><EventData><Data Name='RuleName'>-</Data><Data Name='UtcTime'>2020-11-11 07:48:43.854</Data><Data Name='ProcessGuid'>{a16191d0-975b-5fab-7a09-000000000300}</Data><Data Name='ProcessId'>10260</Data><Data Name='Image'>C:\Program Files\VMware\VMware Tools\VMwareResolutionSet.exe</Data><Data Name='FileVersion'>11.0.6.19689</Data><Data Name='Description'>VMware Resolution Set</Data><Data Name='Product'>VMware Tools</Data><Data Name='Company'>VMware, Inc.</Data><Data Name='OriginalFileName'>ResolutionSet.exe</Data><Data Name='CommandLine'>"C:\Program Files\VMware\VMware Tools\VMwareResolutionSet.exe" 0 1 , 0 0 1918 900 0</Data><Data Name='CurrentDirectory'>C:\Windows\system32\</Data><Data Name='User'>NT AUTHORITY\SYSTEM</Data><Data Name='LogonGuid'>{a16191d0-e48d-5f8f-e703-000000000000}</Data><Data Name='LogonId'>0x3e7</Data><Data Name='TerminalSessionId'>1</Data><Data Name='IntegrityLevel'>System</Data><Data Name='Hashes'>SHA1=F0E3C13831F5A270403585B1D72B9FE95E7FD172,MD5=81AD104B6FB19E6C1EE17796E4056241,SHA256=31629AFB0E15244F66A1DB075DF0D42C43CDB759683BACFB19999D4DACE40A57,IMPHASH=220555239813A8CAA7F746C5DDE26130</Data><Data Name='ParentProcessGuid'>{a16191d0-e48f-5f8f-4800-000000000300}</Data><Data Name='ParentProcessId'>2904</Data><Data Name='ParentImage'>C:\Program Files\VMware\VMware Tools\vmtoolsd.exe</Data><Data Name='ParentCommandLine'>"C:\Program Files\VMware\VMware Tools\vmtoolsd.exe"</Data></EventData></Event>
<Event xmlns='http://schemas.microsoft.com/win/2004/08/events/event'><System><Provider Name='Microsoft-Windows-Sysmon' Guid='{5770385f-c22a-43e0-bf4c-06f5698ffbd9}'/><EventID>8</EventID><Version>2</Version><Level>4</Level><Task>8</Task><Opcode>0</Opcode><Keywords>0x8000000000000000</Keywords><TimeCreated SystemTime='2020-11-11T07:48:44.148411200Z'/><EventRecordID>29282</EventRecordID><Correlation/><Execution ProcessID='8424' ThreadID='8456'/><Channel>Microsoft-Windows-Sysmon/Operational</Channel><Computer>DESKTOP-4GL3MO2</Computer><Security UserID='S-1-5-18'/></System><EventData><Data Name='RuleName'>-</Data><Data Name='UtcTime'>2020-11-11 07:48:44.098</Data><Data Name='SourceProcessGuid'>{a16191d0-975b-5fab-7a09-000000000300}</Data><Data Name='SourceProcessId'>10260</Data><Data Name='SourceImage'>C:\Program Files\VMware\VMware Tools\VMwareResolutionSet.exe</Data><Data Name='TargetProcessGuid'>{a16191d0-e48d-5f8f-0900-000000000300}</Data><Data Name='TargetProcessId'>516</Data><Data Name='TargetImage'>C:\Windows\System32\csrss.exe</Data><Data Name='NewThreadId'>9280</Data><Data Name='StartAddress'>0xFFFF939E394C2460</Data><Data Name='StartModule'>-</Data><Data Name='StartFunction'>-</Data></EventData></Event>
<Event xmlns='http://schemas.microsoft.com/win/2004/08/events/event'><System><Provider Name='Microsoft-Windows-Sysmon' Guid='{5770385f-c22a-43e0-bf4c-06f5698ffbd9}'/><EventID>5</EventID><Version>3</Version><Level>4</Level><Task>5</Task><Opcode>0</Opcode><Keywords>0x8000000000000000</Keywords><TimeCreated SystemTime='2020-11-11T07:48:44.984333000Z'/><EventRecordID>29283</EventRecordID><Correlation/><Execution ProcessID='8424' ThreadID='8456'/><Channel>Microsoft-Windows-Sysmon/Operational</Channel><Computer>DESKTOP-4GL3MO2</Computer><Security UserID='S-1-5-18'/></System><EventData><Data Name='RuleName'>-</Data><Data Name='UtcTime'>2020-11-11 07:48:44.927</Data><Data Name='ProcessGuid'>{a16191d0-975b-5fab-7a09-000000000300}</Data><Data Name='ProcessId'>10260</Data><Data Name='Image'>C:\Program Files\VMware\VMware Tools\VMwareResolutionSet.exe</Data></EventData></Event>
<Event xmlns='http://schemas.microsoft.com/win/2004/08/events/event'><System><Provider Name='Microsoft-Windows-Sysmon' Guid='{5770385f-c22a-43e0-bf4c-06f5698ffbd9}'/><EventID>1</EventID><Version>5</Version><Level>4</Level><Task>1</Task><Opcode>0</Opcode><Keywords>0x8000000000000000</Keywords><TimeCreated SystemTime='2020-11-11T07:48:45.143315200Z'/><EventRecordID>29284</EventRecordID><Correlation/><Execution ProcessID='8424' ThreadID='8456'/><Channel>Microsoft-Windows-Sysmon/Operational</Channel><Computer>DESKTOP-4GL3MO2</Computer><Security UserID='S-1-5-18'/></System><EventData><Data Name='RuleName'>-</Data><Data Name='UtcTime'>2020-11-11 07:48:45.109</Data><Data Name='ProcessGuid'>{a16191d0-975d-5fab-7b09-000000000300}</Data><Data Name='ProcessId'>11556</Data><Data Name='Image'>C:\Program Files\VMware\VMware Tools\VMwareResolutionSet.exe</Data><Data Name='FileVersion'>11.0.6.19689</Data><Data Name='Description'>VMware Resolution Set</Data><Data Name='Product'>VMware Tools</Data><Data Name='Company'>VMware, Inc.</Data><Data Name='OriginalFileName'>ResolutionSet.exe</Data><Data Name='CommandLine'>"C:\Program Files\VMware\VMware Tools\VMwareResolutionSet.exe" 0 1 , 0 0 1918 900 0</Data><Data Name='CurrentDirectory'>C:\Windows\system32\</Data><Data Name='User'>NT AUTHORITY\SYSTEM</Data><Data Name='LogonGuid'>{a16191d0-e48d-5f8f-e703-000000000000}</Data><Data Name='LogonId'>0x3e7</Data><Data Name='TerminalSessionId'>1</Data><Data Name='IntegrityLevel'>System</Data><Data Name='Hashes'>SHA1=F0E3C13831F5A270403585B1D72B9FE95E7FD172,MD5=81AD104B6FB19E6C1EE17796E4056241,SHA256=31629AFB0E15244F66A1DB075DF0D42C43CDB759683BACFB19999D4DACE40A57,IMPHASH=220555239813A8CAA7F746C5DDE26130</Data><Data Name='ParentProcessGuid'>{a16191d0-e48f-5f8f-4800-000000000300}</Data><Data Name='ParentProcessId'>2904</Data><Data Name='ParentImage'>C:\Program Files\VMware\VMware Tools\vmtoolsd.exe</Data><Data Name='ParentCommandLine'>"C:\Program Files\VMware\VMware Tools\vmtoolsd.exe"</Data></EventData></Event>
<Event xmlns='http://schemas.microsoft.com/win/2004/08/events/event'><System><Provider Name='Microsoft-Windows-Sysmon' Guid='{5770385f-c22a-43e0-bf4c-06f5698ffbd9}'/><EventID>5</EventID><Version>3</Version><Level>4</Level><Task>5</Task><Opcode>0</Opcode><Keywords>0x8000000000000000</Keywords><TimeCreated SystemTime='2020-11-11T07:48:45.301133800Z'/><EventRecordID>29285</EventRecordID><Correlation/><Execution ProcessID='8424' ThreadID='8456'/><Channel>Microsoft-Windows-Sysmon/Operational</Channel><Computer>DESKTOP-4GL3MO2</Computer><Security UserID='S-1-5-18'/></System><EventData><Data Name='RuleName'>-</Data><Data Name='UtcTime'>2020-11-11 07:48:45.286</Data><Data Name='ProcessGuid'>{a16191d0-975d-5fab-7b09-000000000300}</Data><Data Name='ProcessId'>11556</Data><Data Name='Image'>C:\Program Files\VMware\VMware Tools\VMwareResolutionSet.exe</Data></EventData></Event>
<Event xmlns='http://schemas.microsoft.com/win/2004/08/events/event'><System><Provider Name='Microsoft-Windows-Sysmon' Guid='{5770385f-c22a-43e0-bf4c-06f5698ffbd9}'/><EventID>5</EventID><Version>3</Version><Level>4</Level><Task>5</Task><Opcode>0</Opcode><Keywords>0x8000000000000000</Keywords><TimeCreated SystemTime='2020-11-11T07:48:45.983159200Z'/><EventRecordID>29286</EventRecordID><Correlation/><Execution ProcessID='8424' ThreadID='8456'/><Channel>Microsoft-Windows-Sysmon/Operational</Channel><Computer>DESKTOP-4GL3MO2</Computer><Security UserID='S-1-5-18'/></System><EventData><Data Name='RuleName'>-</Data><Data Name='UtcTime'>2020-11-11 07:48:45.973</Data><Data Name='ProcessGuid'>{a16191d0-9756-5fab-7709-000000000300}</Data><Data Name='ProcessId'>9552</Data><Data Name='Image'>C:\Windows\SysWOW64\dllhost.exe</Data></EventData></Event>
<Event xmlns='http://schemas.microsoft.com/win/2004/08/events/event'><System><Provider Name='Microsoft-Windows-Sysmon' Guid='{5770385f-c22a-43e0-bf4c-06f5698ffbd9}'/><EventID>12</EventID><Version>2</Version><Level>4</Level><Task>12</Task><Opcode>0</Opcode><Keywords>0x8000000000000000</Keywords><TimeCreated SystemTime='2020-11-11T07:48:47.549731400Z'/><EventRecordID>29287</EventRecordID><Correlation/><Execution ProcessID='8424' ThreadID='8456'/><Channel>Microsoft-Windows-Sysmon/Operational</Channel><Computer>DESKTOP-4GL3MO2</Computer><Security UserID='S-1-5-18'/></System><EventData><Data Name='RuleName'>-</Data><Data Name='EventType'>CreateKey</Data><Data Name='UtcTime'>2020-11-11 07:48:47.536</Data><Data Name='ProcessGuid'>{a16191d0-974a-5fab-7109-000000000300}</Data><Data Name='ProcessId'>9068</Data><Data Name='Image'>C:\Windows\system32\msiexec.exe</Data><Data Name='TargetObject'>HKCR\bootstrap.vsto.1\shell\open\command</Data></EventData></Event>
<Event xmlns='http://schemas.microsoft.com/win/2004/08/events/event'><System><Provider Name='Microsoft-Windows-Sysmon' Guid='{5770385f-c22a-43e0-bf4c-06f5698ffbd9}'/><EventID>13</EventID><Version>2</Version><Level>4</Level><Task>13</Task><Opcode>0</Opcode><Keywords>0x8000000000000000</Keywords><TimeCreated SystemTime='2020-11-11T07:48:47.549884300Z'/><EventRecordID>29288</EventRecordID><Correlation/><Execution ProcessID='8424' ThreadID='8456'/><Channel>Microsoft-Windows-Sysmon/Operational</Channel><Computer>DESKTOP-4GL3MO2</Computer><Security UserID='S-1-5-18'/></System><EventData><Data Name='RuleName'>-</Data><Data Name='EventType'>SetValue</Data><Data Name='UtcTime'>2020-11-11 07:48:47.536</Data><Data Name='ProcessGuid'>{a16191d0-974a-5fab-7109-000000000300}</Data><Data Name='ProcessId'>9068</Data><Data Name='Image'>C:\Windows\system32\msiexec.exe</Data><Data Name='TargetObject'>HKCR\bootstrap.vsto.1\shell\open\command\(Default)</Data><Data Name='Details'>rundll32.exe "c:\Program Files (x86)\Common Files\Microsoft Shared\VSTO\vstoee.dll",InstallVstoSolution %%1</Data></EventData></Event>
<Event xmlns='http://schemas.microsoft.com/win/2004/08/events/event'><System><Provider Name='Microsoft-Windows-Sysmon' Guid='{5770385f-c22a-43e0-bf4c-06f5698ffbd9}'/><EventID>12</EventID><Version>2</Version><Level>4</Level><Task>12</Task><Opcode>0</Opcode><Keywords>0x8000000000000000</Keywords><TimeCreated SystemTime='2020-11-11T07:48:47.554304400Z'/><EventRecordID>29289</EventRecordID><Correlation/><Execution ProcessID='8424' ThreadID='8456'/><Channel>Microsoft-Windows-Sysmon/Operational</Channel><Computer>DESKTOP-4GL3MO2</Computer><Security UserID='S-1-5-18'/></System><EventData><Data Name='RuleName'>-</Data><Data Name='EventType'>CreateKey</Data><Data Name='UtcTime'>2020-11-11 07:48:47.551</Data><Data Name='ProcessGuid'>{a16191d0-974a-5fab-7109-000000000300}</Data><Data Name='ProcessId'>9068</Data><Data Name='Image'>C:\Windows\system32\msiexec.exe</Data><Data Name='TargetObject'>HKCR\SystemFileAssociations\.vsto\shell\open\command</Data></EventData></Event>
<Event xmlns='http://schemas.microsoft.com/win/2004/08/events/event'><System><Provider Name='Microsoft-Windows-Sysmon' Guid='{5770385f-c22a-43e0-bf4c-06f5698ffbd9}'/><EventID>13</EventID><Version>2</Version><Level>4</Level><Task>13</Task><Opcode>0</Opcode><Keywords>0x8000000000000000</Keywords><TimeCreated SystemTime='2020-11-11T07:48:47.554489300Z'/><EventRecordID>29290</EventRecordID><Correlation/><Execution ProcessID='8424' ThreadID='8456'/><Channel>Microsoft-Windows-Sysmon/Operational</Channel><Computer>DESKTOP-4GL3MO2</Computer><Security UserID='S-1-5-18'/></System><EventData><Data Name='RuleName'>-</Data><Data Name='EventType'>SetValue</Data><Data Name='UtcTime'>2020-11-11 07:48:47.551</Data><Data Name='ProcessGuid'>{a16191d0-974a-5fab-7109-000000000300}</Data><Data Name='ProcessId'>9068</Data><Data Name='Image'>C:\Windows\system32\msiexec.exe</Data><Data Name='TargetObject'>HKCR\SystemFileAssociations\.vsto\shell\open\command\(Default)</Data><Data Name='Details'>rundll32.exe "c:\Program Files (x86)\Common Files\Microsoft Shared\VSTO\vstoee.dll",InstallVstoSolution %%1</Data></EventData></Event>
<Event xmlns='http://schemas.microsoft.com/win/2004/08/events/event'><System><Provider Name='Microsoft-Windows-Sysmon' Guid='{5770385f-c22a-43e0-bf4c-06f5698ffbd9}'/><EventID>13</EventID><Version>2</Version><Level>4</Level><Task>13</Task><Opcode>0</Opcode><Keywords>0x8000000000000000</Keywords><TimeCreated SystemTime='2020-11-11T07:48:47.559155700Z'/><EventRecordID>29291</EventRecordID><Correlation/><Execution ProcessID='8424' ThreadID='8456'/><Channel>Microsoft-Windows-Sysmon/Operational</Channel><Computer>DESKTOP-4GL3MO2</Computer><Security UserID='S-1-5-18'/></System><EventData><Data Name='RuleName'>technique_id=T1546.015,technique_name=Component Object Model Hijacking</Data><Data Name='EventType'>SetValue</Data><Data Name='UtcTime'>2020-11-11 07:48:47.551</Data><Data Name='ProcessGuid'>{a16191d0-974a-5fab-7109-000000000300}</Data><Data Name='ProcessId'>9068</Data><Data Name='Image'>C:\Windows\system32\msiexec.exe</Data><Data Name='TargetObject'>HKCR\WOW6432Node\CLSID\{EC04D82C-AA59-4ba4-96B1-27BE3FF05E00}\InprocServer32\(Default)</Data><Data Name='Details'>c:\Program Files (x86)\Common Files\Microsoft Shared\VSTO\vstoee.dll</Data></EventData></Event>
<Event xmlns='http://schemas.microsoft.com/win/2004/08/events/event'><System><Provider Name='Microsoft-Windows-Sysmon' Guid='{5770385f-c22a-43e0-bf4c-06f5698ffbd9}'/><EventID>13</EventID><Version>2</Version><Level>4</Level><Task>13</Task><Opcode>0</Opcode><Keywords>0x8000000000000000</Keywords><TimeCreated SystemTime='2020-11-11T07:48:47.564935700Z'/><EventRecordID>29292</EventRecordID><Correlation/><Execution ProcessID='8424' ThreadID='8456'/><Channel>Microsoft-Windows-Sysmon/Operational</Channel><Computer>DESKTOP-4GL3MO2</Computer><Security UserID='S-1-5-18'/></System><EventData><Data Name='RuleName'>technique_id=T1546.015,technique_name=Component Object Model Hijacking</Data><Data Name='EventType'>SetValue</Data><Data Name='UtcTime'>2020-11-11 07:48:47.551</Data><Data Name='ProcessGuid'>{a16191d0-974a-5fab-7109-000000000300}</Data><Data Name='ProcessId'>9068</Data><Data Name='Image'>C:\Windows\system32\msiexec.exe</Data><Data Name='TargetObject'>HKCR\WOW6432Node\CLSID\{B7EFF951-E52F-45CC-9EF7-57124F2177CC}\InprocServer32\(Default)</Data><Data Name='Details'>c:\Program Files (x86)\Common Files\Microsoft Shared\VSTO\vstoee.dll</Data></EventData></Event>
<Event xmlns='http://schemas.microsoft.com/win/2004/08/events/event'><System><Provider Name='Microsoft-Windows-Sysmon' Guid='{5770385f-c22a-43e0-bf4c-06f5698ffbd9}'/><EventID>13</EventID><Version>2</Version><Level>4</Level><Task>13</Task><Opcode>0</Opcode><Keywords>0x8000000000000000</Keywords><TimeCreated SystemTime='2020-11-11T07:48:47.568862600Z'/><EventRecordID>29293</EventRecordID><Correlation/><Execution ProcessID='8424' ThreadID='8456'/><Channel>Microsoft-Windows-Sysmon/Operational</Channel><Computer>DESKTOP-4GL3MO2</Computer><Security UserID='S-1-5-18'/></System><EventData><Data Name='RuleName'>technique_id=T1546.015,technique_name=Component Object Model Hijacking</Data><Data Name='EventType'>SetValue</Data><Data Name='UtcTime'>2020-11-11 07:48:47.567</Data><Data Name='ProcessGuid'>{a16191d0-974a-5fab-7109-000000000300}</Data><Data Name='ProcessId'>9068</Data><Data Name='Image'>C:\Windows\system32\msiexec.exe</Data><Data Name='TargetObject'>HKCR\WOW6432Node\CLSID\{83081C08-382C-4ED4-ACCF-DCBECA021010}\InprocServer32\(Default)</Data><Data Name='Details'>c:\Program Files (x86)\Common Files\Microsoft Shared\VSTO\vstoee.dll</Data></EventData></Event>
<Event xmlns='http://schemas.microsoft.com/win/2004/08/events/event'><System><Provider Name='Microsoft-Windows-Sysmon' Guid='{5770385f-c22a-43e0-bf4c-06f5698ffbd9}'/><EventID>13</EventID><Version>2</Version><Level>4</Level><Task>13</Task><Opcode>0</Opcode><Keywords>0x8000000000000000</Keywords><TimeCreated SystemTime='2020-11-11T07:48:47.571168300Z'/><EventRecordID>29294</EventRecordID><Correlation/><Execution ProcessID='8424' ThreadID='8456'/><Channel>Microsoft-Windows-Sysmon/Operational</Channel><Computer>DESKTOP-4GL3MO2</Computer><Security UserID='S-1-5-18'/></System><EventData><Data Name='RuleName'>technique_id=T1546.015,technique_name=Component Object Model Hijacking</Data><Data Name='EventType'>SetValue</Data><Data Name='UtcTime'>2020-11-11 07:48:47.567</Data><Data Name='ProcessGuid'>{a16191d0-974a-5fab-7109-000000000300}</Data><Data Name='ProcessId'>9068</Data><Data Name='Image'>C:\Windows\system32\msiexec.exe</Data><Data Name='TargetObject'>HKCR\WOW6432Node\CLSID\{99D651D7-5F7C-470E-8A3B-774D5D9536AC}\InprocServer32\(Default)</Data><Data Name='Details'>c:\Program Files (x86)\Common Files\Microsoft Shared\VSTO\vstoee.dll</Data></EventData></Event>
<Event xmlns='http://schemas.microsoft.com/win/2004/08/events/event'><System><Provider Name='Microsoft-Windows-Sysmon' Guid='{5770385f-c22a-43e0-bf4c-06f5698ffbd9}'/><EventID>13</EventID><Version>2</Version><Level>4</Level><Task>13</Task><Opcode>0</Opcode><Keywords>0x8000000000000000</Keywords><TimeCreated SystemTime='2020-11-11T07:48:47.573769200Z'/><EventRecordID>29295</EventRecordID><Correlation/><Execution ProcessID='8424' ThreadID='8456'/><Channel>Microsoft-Windows-Sysmon/Operational</Channel><Computer>DESKTOP-4GL3MO2</Computer><Security UserID='S-1-5-18'/></System><EventData><Data Name='RuleName'>technique_id=T1546.015,technique_name=Component Object Model Hijacking</Data><Data Name='EventType'>SetValue</Data><Data Name='UtcTime'>2020-11-11 07:48:47.567</Data><Data Name='ProcessGuid'>{a16191d0-974a-5fab-7109-000000000300}</Data><Data Name='ProcessId'>9068</Data><Data Name='Image'>C:\Windows\system32\msiexec.exe</Data><Data Name='TargetObject'>HKCR\WOW6432Node\CLSID\{4E3C66D5-58D4-491E-A7D4-64AF99AF6E8B}\InprocServer32\(Default)</Data><Data Name='Details'>c:\Program Files (x86)\Common Files\Microsoft Shared\VSTO\vstoee.dll</Data></EventData></Event>
<Event xmlns='http://schemas.microsoft.com/win/2004/08/events/event'><System><Provider Name='Microsoft-Windows-Sysmon' Guid='{5770385f-c22a-43e0-bf4c-06f5698ffbd9}'/><EventID>13</EventID><Version>2</Version><Level>4</Level><Task>13</Task><Opcode>0</Opcode><Keywords>0x8000000000000000</Keywords><TimeCreated SystemTime='2020-11-11T07:48:47.576673600Z'/><EventRecordID>29296</EventRecordID><Correlation/><Execution ProcessID='8424' ThreadID='8456'/><Channel>Microsoft-Windows-Sysmon/Operational</Channel><Computer>DESKTOP-4GL3MO2</Computer><Security UserID='S-1-5-18'/></System><EventData><Data Name='RuleName'>technique_id=T1546.015,technique_name=Component Object Model Hijacking</Data><Data Name='EventType'>SetValue</Data><Data Name='UtcTime'>2020-11-11 07:48:47.567</Data><Data Name='ProcessGuid'>{a16191d0-974a-5fab-7109-000000000300}</Data><Data Name='ProcessId'>9068</Data><Data Name='Image'>C:\Windows\system32\msiexec.exe</Data><Data Name='TargetObject'>HKCR\WOW6432Node\CLSID\{3133A7FE-BC5F-4D81-BF02-184ECC88D66E}\InprocServer32\(Default)</Data><Data Name='Details'>c:\Program Files (x86)\Common Files\Microsoft Shared\VSTO\vstoee.dll</Data></EventData></Event>
<Event xmlns='http://schemas.microsoft.com/win/2004/08/events/event'><System><Provider Name='Microsoft-Windows-Sysmon' Guid='{5770385f-c22a-43e0-bf4c-06f5698ffbd9}'/><EventID>13</EventID><Version>2</Version><Level>4</Level><Task>13</Task><Opcode>0</Opcode><Keywords>0x8000000000000000</Keywords><TimeCreated SystemTime='2020-11-11T07:48:47.579781200Z'/><EventRecordID>29297</EventRecordID><Correlation/><Execution ProcessID='8424' ThreadID='8456'/><Channel>Microsoft-Windows-Sysmon/Operational</Channel><Computer>DESKTOP-4GL3MO2</Computer><Security UserID='S-1-5-18'/></System><EventData><Data Name='RuleName'>technique_id=T1546.015,technique_name=Component Object Model Hijacking</Data><Data Name='EventType'>SetValue</Data><Data Name='UtcTime'>2020-11-11 07:48:47.567</Data><Data Name='ProcessGuid'>{a16191d0-974a-5fab-7109-000000000300}</Data><Data Name='ProcessId'>9068</Data><Data Name='Image'>C:\Windows\system32\msiexec.exe</Data><Data Name='TargetObject'>HKCR\WOW6432Node\CLSID\{99E0D1EC-0A0D-4E50-B8A1-82A8B6ECE5CB}\InprocServer32\(Default)</Data><Data Name='Details'>c:\Program Files (x86)\Common Files\Microsoft Shared\VSTO\vstoee.dll</Data></EventData></Event>
<Event xmlns='http://schemas.microsoft.com/win/2004/08/events/event'><System><Provider Name='Microsoft-Windows-Sysmon' Guid='{5770385f-c22a-43e0-bf4c-06f5698ffbd9}'/><EventID>13</EventID><Version>2</Version><Level>4</Level><Task>13</Task><Opcode>0</Opcode><Keywords>0x8000000000000000</Keywords><TimeCreated SystemTime='2020-11-11T07:48:47.582317100Z'/><EventRecordID>29298</EventRecordID><Correlation/><Execution ProcessID='8424' ThreadID='8456'/><Channel>Microsoft-Windows-Sysmon/Operational</Channel><Computer>DESKTOP-4GL3MO2</Computer><Security UserID='S-1-5-18'/></System><EventData><Data Name='RuleName'>technique_id=T1546.015,technique_name=Component Object Model Hijacking</Data><Data Name='EventType'>SetValue</Data><Data Name='UtcTime'>2020-11-11 07:48:47.567</Data><Data Name='ProcessGuid'>{a16191d0-974a-5fab-7109-000000000300}</Data><Data Name='ProcessId'>9068</Data><Data Name='Image'>C:\Windows\system32\msiexec.exe</Data><Data Name='TargetObject'>HKCR\WOW6432Node\CLSID\{274C2936-A842-45f3-A457-FB4BA4ED1BA2}\InprocServer32\(Default)</Data><Data Name='Details'>c:\Program Files (x86)\Common Files\Microsoft Shared\VSTO\vstoee.dll</Data></EventData></Event>
<Event xmlns='http://schemas.microsoft.com/win/2004/08/events/event'><System><Provider Name='Microsoft-Windows-Sysmon' Guid='{5770385f-c22a-43e0-bf4c-06f5698ffbd9}'/><EventID>13</EventID><Version>2</Version><Level>4</Level><Task>13</Task><Opcode>0</Opcode><Keywords>0x8000000000000000</Keywords><TimeCreated SystemTime='2020-11-11T07:48:47.586956200Z'/><EventRecordID>29299</EventRecordID><Correlation/><Execution ProcessID='8424' ThreadID='8456'/><Channel>Microsoft-Windows-Sysmon/Operational</Channel><Computer>DESKTOP-4GL3MO2</Computer><Security UserID='S-1-5-18'/></System><EventData><Data Name='RuleName'>technique_id=T1546.015,technique_name=Component Object Model Hijacking</Data><Data Name='EventType'>SetValue</Data><Data Name='UtcTime'>2020-11-11 07:48:47.583</Data><Data Name='ProcessGuid'>{a16191d0-974a-5fab-7109-000000000300}</Data><Data Name='ProcessId'>9068</Data><Data Name='Image'>C:\Windows\system32\msiexec.exe</Data><Data Name='TargetObject'>HKCR\WOW6432Node\CLSID\{A37BBB42-E8C1-4E09-B9CA-F009CE620C08}\InprocServer32\(Default)</Data><Data Name='Details'>c:\Program Files (x86)\Common Files\Microsoft Shared\VSTO\vstoee.dll</Data></EventData></Event>
<Event xmlns='http://schemas.microsoft.com/win/2004/08/events/event'><System><Provider Name='Microsoft-Windows-Sysmon' Guid='{5770385f-c22a-43e0-bf4c-06f5698ffbd9}'/><EventID>13</EventID><Version>2</Version><Level>4</Level><Task>13</Task><Opcode>0</Opcode><Keywords>0x8000000000000000</Keywords><TimeCreated SystemTime='2020-11-11T07:48:47.593626600Z'/><EventRecordID>29300</EventRecordID><Correlation/><Execution ProcessID='8424' ThreadID='8456'/><Channel>Microsoft-Windows-Sysmon/Operational</Channel><Computer>DESKTOP-4GL3MO2</Computer><Security UserID='S-1-5-18'/></System><EventData><Data Name='RuleName'>technique_id=T1546.015,technique_name=Component Object Model Hijacking</Data><Data Name='EventType'>SetValue</Data><Data Name='UtcTime'>2020-11-11 07:48:47.583</Data><Data Name='ProcessGuid'>{a16191d0-974a-5fab-7109-000000000300}</Data><Data Name='ProcessId'>9068</Data><Data Name='Image'>C:\Windows\system32\msiexec.exe</Data><Data Name='TargetObject'>HKCR\WOW6432Node\CLSID\{760681E7-B985-41CE-BCBE-2985A1DFC61C}\InprocServer32\(Default)</Data><Data Name='Details'>c:\Program Files (x86)\Common Files\Microsoft Shared\VSTO\10.0\VSTOLoader.dll</Data></EventData></Event>
<Event xmlns='http://schemas.microsoft.com/win/2004/08/events/event'><System><Provider Name='Microsoft-Windows-Sysmon' Guid='{5770385f-c22a-43e0-bf4c-06f5698ffbd9}'/><EventID>13</EventID><Version>2</Version><Level>4</Level><Task>13</Task><Opcode>0</Opcode><Keywords>0x8000000000000000</Keywords><TimeCreated SystemTime='2020-11-11T07:48:47.595832000Z'/><EventRecordID>29301</EventRecordID><Correlation/><Execution ProcessID='8424' ThreadID='8456'/><Channel>Microsoft-Windows-Sysmon/Operational</Channel><Computer>DESKTOP-4GL3MO2</Computer><Security UserID='S-1-5-18'/></System><EventData><Data Name='RuleName'>technique_id=T1546.015,technique_name=Component Object Model Hijacking</Data><Data Name='EventType'>SetValue</Data><Data Name='UtcTime'>2020-11-11 07:48:47.583</Data><Data Name='ProcessGuid'>{a16191d0-974a-5fab-7109-000000000300}</Data><Data Name='ProcessId'>9068</Data><Data Name='Image'>C:\Windows\system32\msiexec.exe</Data><Data Name='TargetObject'>HKCR\WOW6432Node\CLSID\{A249E9F6-5B28-4ED1-8AF0-C9B9C5195486}\InprocServer32\(Default)</Data><Data Name='Details'>c:\Program Files (x86)\Common Files\Microsoft Shared\VSTO\10.0\VSTOLoader.dll</Data></EventData></Event>
<Event xmlns='http://schemas.microsoft.com/win/2004/08/events/event'><System><Provider Name='Microsoft-Windows-Sysmon' Guid='{5770385f-c22a-43e0-bf4c-06f5698ffbd9}'/><EventID>13</EventID><Version>2</Version><Level>4</Level><Task>13</Task><Opcode>0</Opcode><Keywords>0x8000000000000000</Keywords><TimeCreated SystemTime='2020-11-11T07:48:47.599544100Z'/><EventRecordID>29302</EventRecordID><Correlation/><Execution ProcessID='8424' ThreadID='8456'/><Channel>Microsoft-Windows-Sysmon/Operational</Channel><Computer>DESKTOP-4GL3MO2</Computer><Security UserID='S-1-5-18'/></System><EventData><Data Name='RuleName'>technique_id=T1546.015,technique_name=Component Object Model Hijacking</Data><Data Name='EventType'>SetValue</Data><Data Name='UtcTime'>2020-11-11 07:48:47.598</Data><Data Name='ProcessGuid'>{a16191d0-974a-5fab-7109-000000000300}</Data><Data Name='ProcessId'>9068</Data><Data Name='Image'>C:\Windows\system32\msiexec.exe</Data><Data Name='TargetObject'>HKCR\WOW6432Node\CLSID\{64654B35-A024-4807-89D3-C6FDB5A260C7}\InprocServer32\(Default)</Data><Data Name='Details'>c:\Program Files (x86)\Common Files\Microsoft Shared\VSTO\10.0\VSTOLoader.dll</Data></EventData></Event>
<Event xmlns='http://schemas.microsoft.com/win/2004/08/events/event'><System><Provider Name='Microsoft-Windows-Sysmon' Guid='{5770385f-c22a-43e0-bf4c-06f5698ffbd9}'/><EventID>13</EventID><Version>2</Version><Level>4</Level><Task>13</Task><Opcode>0</Opcode><Keywords>0x8000000000000000</Keywords><TimeCreated SystemTime='2020-11-11T07:48:47.605469100Z'/><EventRecordID>29303</EventRecordID><Correlation/><Execution ProcessID='8424' ThreadID='8456'/><Channel>Microsoft-Windows-Sysmon/Operational</Channel><Computer>DESKTOP-4GL3MO2</Computer><Security UserID='S-1-5-18'/></System><EventData><Data Name='RuleName'>technique_id=T1546.015,technique_name=Component Object Model Hijacking</Data><Data Name='EventType'>SetValue</Data><Data Name='UtcTime'>2020-11-11 07:48:47.598</Data><Data Name='ProcessGuid'>{a16191d0-974a-5fab-7109-000000000300}</Data><Data Name='ProcessId'>9068</Data><Data Name='Image'>C:\Windows\system32\msiexec.exe</Data><Data Name='TargetObject'>HKCR\WOW6432Node\CLSID\{F09D237B-3FD1-4900-BEF2-3471CA68142D}\InprocServer32\(Default)</Data><Data Name='Details'>c:\Program Files (x86)\Common Files\Microsoft Shared\VSTO\10.0\VSTOLoader.dll</Data></EventData></Event>
<Event xmlns='http://schemas.microsoft.com/win/2004/08/events/event'><System><Provider Name='Microsoft-Windows-Sysmon' Guid='{5770385f-c22a-43e0-bf4c-06f5698ffbd9}'/><EventID>12</EventID><Version>2</Version><Level>4</Level><Task>12</Task><Opcode>0</Opcode><Keywords>0x8000000000000000</Keywords><TimeCreated SystemTime='2020-11-11T07:48:47.683117100Z'/><EventRecordID>29304</EventRecordID><Correlation/><Execution ProcessID='8424' ThreadID='8456'/><Channel>Microsoft-Windows-Sysmon/Operational</Channel><Computer>DESKTOP-4GL3MO2</Computer><Security UserID='S-1-5-18'/></System><EventData><Data Name='RuleName'>-</Data><Data Name='EventType'>CreateKey</Data><Data Name='UtcTime'>2020-11-11 07:48:47.676</Data><Data Name='ProcessGuid'>{a16191d0-974a-5fab-7109-000000000300}</Data><Data Name='ProcessId'>9068</Data><Data Name='Image'>C:\Windows\system32\msiexec.exe</Data><Data Name='TargetObject'>HKLM\SOFTWARE\Microsoft\Windows\CurrentVersion\App Paths\vstoee.dll</Data></EventData></Event>
<Event xmlns='http://schemas.microsoft.com/win/2004/08/events/event'><System><Provider Name='Microsoft-Windows-Sysmon' Guid='{5770385f-c22a-43e0-bf4c-06f5698ffbd9}'/><EventID>13</EventID><Version>2</Version><Level>4</Level><Task>13</Task><Opcode>0</Opcode><Keywords>0x8000000000000000</Keywords><TimeCreated SystemTime='2020-11-11T07:48:47.683605100Z'/><EventRecordID>29305</EventRecordID><Correlation/><Execution ProcessID='8424' ThreadID='8456'/><Channel>Microsoft-Windows-Sysmon/Operational</Channel><Computer>DESKTOP-4GL3MO2</Computer><Security UserID='S-1-5-18'/></System><EventData><Data Name='RuleName'>-</Data><Data Name='EventType'>SetValue</Data><Data Name='UtcTime'>2020-11-11 07:48:47.676</Data><Data Name='ProcessGuid'>{a16191d0-974a-5fab-7109-000000000300}</Data><Data Name='ProcessId'>9068</Data><Data Name='Image'>C:\Windows\system32\msiexec.exe</Data><Data Name='TargetObject'>HKLM\SOFTWARE\Microsoft\Windows\CurrentVersion\App Paths\vstoee.dll\UseURL</Data><Data Name='Details'>DWORD (0x00000001)</Data></EventData></Event>
<Event xmlns='http://schemas.microsoft.com/win/2004/08/events/event'><System><Provider Name='Microsoft-Windows-Sysmon' Guid='{5770385f-c22a-43e0-bf4c-06f5698ffbd9}'/><EventID>13</EventID><Version>2</Version><Level>4</Level><Task>13</Task><Opcode>0</Opcode><Keywords>0x8000000000000000</Keywords><TimeCreated SystemTime='2020-11-11T07:48:47.758100400Z'/><EventRecordID>29306</EventRecordID><Correlation/><Execution ProcessID='8424' ThreadID='8456'/><Channel>Microsoft-Windows-Sysmon/Operational</Channel><Computer>DESKTOP-4GL3MO2</Computer><Security UserID='S-1-5-18'/></System><EventData><Data Name='RuleName'>-</Data><Data Name='EventType'>SetValue</Data><Data Name='UtcTime'>2020-11-11 07:48:47.755</Data><Data Name='ProcessGuid'>{a16191d0-e48e-5f8f-1d00-000000000300}</Data><Data Name='ProcessId'>1340</Data><Data Name='Image'>C:\Windows\System32\svchost.exe</Data><Data Name='TargetObject'>HKLM\System\CurrentControlSet\Control\WMI\Autologger\EventLog-System\Start</Data><Data Name='Details'>DWORD (0x00000001)</Data></EventData></Event>
<Event xmlns='http://schemas.microsoft.com/win/2004/08/events/event'><System><Provider Name='Microsoft-Windows-Sysmon' Guid='{5770385f-c22a-43e0-bf4c-06f5698ffbd9}'/><EventID>13</EventID><Version>2</Version><Level>4</Level><Task>13</Task><Opcode>0</Opcode><Keywords>0x8000000000000000</Keywords><TimeCreated SystemTime='2020-11-11T07:48:47.973768300Z'/><EventRecordID>29307</EventRecordID><Correlation/><Execution ProcessID='8424' ThreadID='8456'/><Channel>Microsoft-Windows-Sysmon/Operational</Channel><Computer>DESKTOP-4GL3MO2</Computer><Security UserID='S-1-5-18'/></System><EventData><Data Name='RuleName'>-</Data><Data Name='EventType'>SetValue</Data><Data Name='UtcTime'>2020-11-11 07:48:47.958</Data><Data Name='ProcessGuid'>{a16191d0-e48e-5f8f-1d00-000000000300}</Data><Data Name='ProcessId'>1340</Data><Data Name='Image'>C:\Windows\System32\svchost.exe</Data><Data Name='TargetObject'>HKLM\System\CurrentControlSet\Control\WMI\Autologger\EventLog-Application\Start</Data><Data Name='Details'>DWORD (0x00000001)</Data></EventData></Event>
