<Event xmlns='http://schemas.microsoft.com/win/2004/08/events/event'><System><Provider Name='Microsoft-Windows-Sysmon' Guid='{5770385f-c22a-43e0-bf4c-06f5698ffbd9}'/><EventID>11</EventID><Version>2</Version><Level>4</Level><Task>11</Task><Opcode>0</Opcode><Keywords>0x8000000000000000</Keywords><TimeCreated SystemTime='2020-11-11T07:49:17.181677200Z'/><EventRecordID>29731</EventRecordID><Correlation/><Execution ProcessID='8424' ThreadID='8456'/><Channel>Microsoft-Windows-Sysmon/Operational</Channel><Computer>DESKTOP-4GL3MO2</Computer><Security UserID='S-1-5-18'/></System><EventData><Data Name='RuleName'>-</Data><Data Name='UtcTime'>2020-11-11 07:49:14.114</Data><Data Name='ProcessGuid'>{a16191d0-e494-5f8f-6b00-000000000300}</Data><Data Name='ProcessId'>4552</Data><Data Name='Image'>C:\Windows\Explorer.EXE</Data><Data Name='TargetFilename'>C:\Users\jiyoung\AppData\Local\Programs\Python\Python38-32\Tools\i18n\21838D-Readme.txt</Data><Data Name='CreationUtcTime'>2020-11-11 07:49:14.098</Data></EventData></Event>
<Event xmlns='http://schemas.microsoft.com/win/2004/08/events/event'><System><Provider Name='Microsoft-Windows-Sysmon' Guid='{5770385f-c22a-43e0-bf4c-06f5698ffbd9}'/><EventID>11</EventID><Version>2</Version><Level>4</Level><Task>11</Task><Opcode>0</Opcode><Keywords>0x8000000000000000</Keywords><TimeCreated SystemTime='2020-11-11T07:49:17.182874500Z'/><EventRecordID>29732</EventRecordID><Correlation/><Execution ProcessID='8424' ThreadID='8456'/><Channel>Microsoft-Windows-Sysmon/Operational</Channel><Computer>DESKTOP-4GL3MO2</Computer><Security UserID='S-1-5-18'/></System><EventData><Data Name='RuleName'>-</Data><Data Name='UtcTime'>2020-11-11 07:49:14.114</Data><Data Name='ProcessGuid'>{a16191d0-e494-5f8f-6b00-000000000300}</Data><Data Name='ProcessId'>4552</Data><Data Name='Image'>C:\Windows\Explorer.EXE</Data><Data Name='TargetFilename'>C:\Users\jiyoung\AppData\Local\Programs\Python\Python38-32\tcl\nmake\21838D-Readme.txt</Data><Data Name='CreationUtcTime'>2020-11-11 07:49:14.098</Data></EventData></Event>
<Event xmlns='http://schemas.microsoft.com/win/2004/08/events/event'><System><Provider Name='Microsoft-Windows-Sysmon' Guid='{5770385f-c22a-43e0-bf4c-06f5698ffbd9}'/><EventID>11</EventID><Version>2</Version><Level>4</Level><Task>11</Task><Opcode>0</Opcode><Keywords>0x8000000000000000</Keywords><TimeCreated SystemTime='2020-11-11T07:49:17.183003600Z'/><EventRecordID>29733</EventRecordID><Correlation/><Execution ProcessID='8424' ThreadID='8456'/><Channel>Microsoft-Windows-Sysmon/Operational</Channel><Computer>DESKTOP-4GL3MO2</Computer><Security UserID='S-1-5-18'/></System><EventData><Data Name='RuleName'>-</Data><Data Name='UtcTime'>2020-11-11 07:49:14.114</Data><Data Name='ProcessGuid'>{a16191d0-e494-5f8f-6b00-000000000300}</Data><Data Name='ProcessId'>4552</Data><Data Name='Image'>C:\Windows\Explorer.EXE</Data><Data Name='TargetFilename'>C:\Users\jiyoung\AppData\Local\Programs\Python\Python38-32\include\internal\21838D-Readme.txt</Data><Data Name='CreationUtcTime'>2020-11-11 07:49:14.114</Data></EventData></Event>
<Event xmlns='http://schemas.microsoft.com/win/2004/08/events/event'><System><Provider Name='Microsoft-Windows-Sysmon' Guid='{5770385f-c22a-43e0-bf4c-06f5698ffbd9}'/><EventID>11</EventID><Version>2</Version><Level>4</Level><Task>11</Task><Opcode>0</Opcode><Keywords>0x8000000000000000</Keywords><TimeCreated SystemTime='2020-11-11T07:49:17.184117900Z'/><EventRecordID>29734</EventRecordID><Correlation/><Execution ProcessID='8424' ThreadID='8456'/><Channel>Microsoft-Windows-Sysmon/Operational</Channel><Computer>DESKTOP-4GL3MO2</Computer><Security UserID='S-1-5-18'/></System><EventData><Data Name='RuleName'>-</Data><Data Name='UtcTime'>2020-11-11 07:49:14.145</Data><Data Name='ProcessGuid'>{a16191d0-e494-5f8f-6b00-000000000300}</Data><Data Name='ProcessId'>4552</Data><Data Name='Image'>C:\Windows\Explorer.EXE</Data><Data Name='TargetFilename'>C:\Users\jiyoung\AppData\Local\Programs\Python\Python38-32\include\cpython\21838D-Readme.txt</Data><Data Name='CreationUtcTime'>2020-11-11 07:49:14.129</Data></EventData></Event>
<Event xmlns='http://schemas.microsoft.com/win/2004/08/events/event'><System><Provider Name='Microsoft-Windows-Sysmon' Guid='{5770385f-c22a-43e0-bf4c-06f5698ffbd9}'/><EventID>11</EventID><Version>2</Version><Level>4</Level><Task>11</Task><Opcode>0</Opcode><Keywords>0x8000000000000000</Keywords><TimeCreated SystemTime='2020-11-11T07:49:17.184598800Z'/><EventRecordID>29735</EventRecordID><Correlation/><Execution ProcessID='8424' ThreadID='8456'/><Channel>Microsoft-Windows-Sysmon/Operational</Channel><Computer>DESKTOP-4GL3MO2</Computer><Security UserID='S-1-5-18'/></System><EventData><Data Name='RuleName'>-</Data><Data Name='UtcTime'>2020-11-11 07:49:14.145</Data><Data Name='ProcessGuid'>{a16191d0-e494-5f8f-6b00-000000000300}</Data><Data Name='ProcessId'>4552</Data><Data Name='Image'>C:\Windows\Explorer.EXE</Data><Data Name='TargetFilename'>C:\Users\jiyoung\AppData\Local\Programs\Python\Python38-32\include\cpython\21838D-Readme.txt</Data><Data Name='CreationUtcTime'>2020-11-11 07:49:14.129</Data></EventData></Event>
<Event xmlns='http://schemas.microsoft.com/win/2004/08/events/event'><System><Provider Name='Microsoft-Windows-Sysmon' Guid='{5770385f-c22a-43e0-bf4c-06f5698ffbd9}'/><EventID>11</EventID><Version>2</Version><Level>4</Level><Task>11</Task><Opcode>0</Opcode><Keywords>0x8000000000000000</Keywords><TimeCreated SystemTime='2020-11-11T07:49:17.188538600Z'/><EventRecordID>29736</EventRecordID><Correlation/><Execution ProcessID='8424' ThreadID='8456'/><Channel>Microsoft-Windows-Sysmon/Operational</Channel><Computer>DESKTOP-4GL3MO2</Computer><Security UserID='S-1-5-18'/></System><EventData><Data Name='RuleName'>-</Data><Data Name='UtcTime'>2020-11-11 07:49:16.973</Data><Data Name='ProcessGuid'>{a16191d0-e494-5f8f-6b00-000000000300}</Data><Data Name='ProcessId'>4552</Data><Data Name='Image'>C:\Windows\Explorer.EXE</Data><Data Name='TargetFilename'>C:\Users\jiyoung\AppData\Local\Programs\Python\Python38-32\tcl\tcl8\8.5\21838D-Readme.txt</Data><Data Name='CreationUtcTime'>2020-11-11 07:49:16.598</Data></EventData></Event>
<Event xmlns='http://schemas.microsoft.com/win/2004/08/events/event'><System><Provider Name='Microsoft-Windows-Sysmon' Guid='{5770385f-c22a-43e0-bf4c-06f5698ffbd9}'/><EventID>11</EventID><Version>2</Version><Level>4</Level><Task>11</Task><Opcode>0</Opcode><Keywords>0x8000000000000000</Keywords><TimeCreated SystemTime='2020-11-11T07:49:17.188916400Z'/><EventRecordID>29737</EventRecordID><Correlation/><Execution ProcessID='8424' ThreadID='8456'/><Channel>Microsoft-Windows-Sysmon/Operational</Channel><Computer>DESKTOP-4GL3MO2</Computer><Security UserID='S-1-5-18'/></System><EventData><Data Name='RuleName'>-</Data><Data Name='UtcTime'>2020-11-11 07:49:17.036</Data><Data Name='ProcessGuid'>{a16191d0-e494-5f8f-6b00-000000000300}</Data><Data Name='ProcessId'>4552</Data><Data Name='Image'>C:\Windows\Explorer.EXE</Data><Data Name='TargetFilename'>C:\Users\jiyoung\AppData\Local\Programs\Python\Python38-32\tcl\tcl8\8.6\21838D-Readme.txt</Data><Data Name='CreationUtcTime'>2020-11-11 07:49:16.973</Data></EventData></Event>
<Event xmlns='http://schemas.microsoft.com/win/2004/08/events/event'><System><Provider Name='Microsoft-Windows-Sysmon' Guid='{5770385f-c22a-43e0-bf4c-06f5698ffbd9}'/><EventID>11</EventID><Version>2</Version><Level>4</Level><Task>11</Task><Opcode>0</Opcode><Keywords>0x8000000000000000</Keywords><TimeCreated SystemTime='2020-11-11T07:49:17.189354400Z'/><EventRecordID>29738</EventRecordID><Correlation/><Execution ProcessID='8424' ThreadID='8456'/><Channel>Microsoft-Windows-Sysmon/Operational</Channel><Computer>DESKTOP-4GL3MO2</Computer><Security UserID='S-1-5-18'/></System><EventData><Data Name='RuleName'>-</Data><Data Name='UtcTime'>2020-11-11 07:49:17.036</Data><Data Name='ProcessGuid'>{a16191d0-e494-5f8f-6b00-000000000300}</Data><Data Name='ProcessId'>4552</Data><Data Name='Image'>C:\Windows\Explorer.EXE</Data><Data Name='TargetFilename'>C:\Users\jiyoung\AppData\Local\Programs\Python\Python38-32\tcl\tk8.6\ttk\21838D-Readme.txt</Data><Data Name='CreationUtcTime'>2020-11-11 07:49:16.458</Data></EventData></Event>
<Event xmlns='http://schemas.microsoft.com/win/2004/08/events/event'><System><Provider Name='Microsoft-Windows-Sysmon' Guid='{5770385f-c22a-43e0-bf4c-06f5698ffbd9}'/><EventID>11</EventID><Version>2</Version><Level>4</Level><Task>11</Task><Opcode>0</Opcode><Keywords>0x8000000000000000</Keywords><TimeCreated SystemTime='2020-11-11T07:49:17.645557300Z'/><EventRecordID>29739</EventRecordID><Correlation/><Execution ProcessID='8424' ThreadID='8456'/><Channel>Microsoft-Windows-Sysmon/Operational</Channel><Computer>DESKTOP-4GL3MO2</Computer><Security UserID='S-1-5-18'/></System><EventData><Data Name='RuleName'>-</Data><Data Name='UtcTime'>2020-11-11 07:49:17.286</Data><Data Name='ProcessGuid'>{a16191d0-e494-5f8f-6b00-000000000300}</Data><Data Name='ProcessId'>4552</Data><Data Name='Image'>C:\Windows\Explorer.EXE</Data><Data Name='TargetFilename'>C:\Users\jiyoung\AppData\Local\Programs\Python\Python38-32\tcl\tcl8.6\opt0.4\21838D-Readme.txt</Data><Data Name='CreationUtcTime'>2020-11-11 07:49:17.004</Data></EventData></Event>
<Event xmlns='http://schemas.microsoft.com/win/2004/08/events/event'><System><Provider Name='Microsoft-Windows-Sysmon' Guid='{5770385f-c22a-43e0-bf4c-06f5698ffbd9}'/><EventID>11</EventID><Version>2</Version><Level>4</Level><Task>11</Task><Opcode>0</Opcode><Keywords>0x8000000000000000</Keywords><TimeCreated SystemTime='2020-11-11T07:49:17.650572500Z'/><EventRecordID>29740</EventRecordID><Correlation/><Execution ProcessID='8424' ThreadID='8456'/><Channel>Microsoft-Windows-Sysmon/Operational</Channel><Computer>DESKTOP-4GL3MO2</Computer><Security UserID='S-1-5-18'/></System><EventData><Data Name='RuleName'>-</Data><Data Name='UtcTime'>2020-11-11 07:49:17.630</Data><Data Name='ProcessGuid'>{a16191d0-e494-5f8f-6b00-000000000300}</Data><Data Name='ProcessId'>4552</Data><Data Name='Image'>C:\Windows\Explorer.EXE</Data><Data Name='TargetFilename'>C:\Users\jiyoung\AppData\Local\Programs\Python\Python38-32\tcl\tk8.6\demos\21838D-Readme.txt</Data><Data Name='CreationUtcTime'>2020-11-11 07:49:16.833</Data></EventData></Event>
<Event xmlns='http://schemas.microsoft.com/win/2004/08/events/event'><System><Provider Name='Microsoft-Windows-Sysmon' Guid='{5770385f-c22a-43e0-bf4c-06f5698ffbd9}'/><EventID>11</EventID><Version>2</Version><Level>4</Level><Task>11</Task><Opcode>0</Opcode><Keywords>0x8000000000000000</Keywords><TimeCreated SystemTime='2020-11-11T07:49:17.651035200Z'/><EventRecordID>29741</EventRecordID><Correlation/><Execution ProcessID='8424' ThreadID='8456'/><Channel>Microsoft-Windows-Sysmon/Operational</Channel><Computer>DESKTOP-4GL3MO2</Computer><Security UserID='S-1-5-18'/></System><EventData><Data Name='RuleName'>-</Data><Data Name='UtcTime'>2020-11-11 07:49:17.630</Data><Data Name='ProcessGuid'>{a16191d0-e494-5f8f-6b00-000000000300}</Data><Data Name='ProcessId'>4552</Data><Data Name='Image'>C:\Windows\Explorer.EXE</Data><Data Name='TargetFilename'>C:\Users\jiyoung\AppData\Local\Programs\Python\Python38-32\Tools\demo\21838D-Readme.txt</Data><Data Name='CreationUtcTime'>2020-11-11 07:49:17.520</Data></EventData></Event>
<Event xmlns='http://schemas.microsoft.com/win/2004/08/events/event'><System><Provider Name='Microsoft-Windows-Sysmon' Guid='{5770385f-c22a-43e0-bf4c-06f5698ffbd9}'/><EventID>11</EventID><Version>2</Version><Level>4</Level><Task>11</Task><Opcode>0</Opcode><Keywords>0x8000000000000000</Keywords><TimeCreated SystemTime='2020-11-11T07:49:17.651343000Z'/><EventRecordID>29742</EventRecordID><Correlation/><Execution ProcessID='8424' ThreadID='8456'/><Channel>Microsoft-Windows-Sysmon/Operational</Channel><Computer>DESKTOP-4GL3MO2</Computer><Security UserID='S-1-5-18'/></System><EventData><Data Name='RuleName'>-</Data><Data Name='UtcTime'>2020-11-11 07:49:17.630</Data><Data Name='ProcessGuid'>{a16191d0-e494-5f8f-6b00-000000000300}</Data><Data Name='ProcessId'>4552</Data><Data Name='Image'>C:\Windows\Explorer.EXE</Data><Data Name='TargetFilename'>C:\Users\jiyoung\AppData\Local\Programs\Python\Python38-32\tcl\tk8.6\images\21838D-Readme.txt</Data><Data Name='CreationUtcTime'>2020-11-11 07:49:17.254</Data></EventData></Event>
<Event xmlns='http://schemas.microsoft.com/win/2004/08/events/event'><System><Provider Name='Microsoft-Windows-Sysmon' Guid='{5770385f-c22a-43e0-bf4c-06f5698ffbd9}'/><EventID>11</EventID><Version>2</Version><Level>4</Level><Task>11</Task><Opcode>0</Opcode><Keywords>0x8000000000000000</Keywords><TimeCreated SystemTime='2020-11-11T07:49:17.651660200Z'/><EventRecordID>29743</EventRecordID><Correlation/><Execution ProcessID='8424' ThreadID='8456'/><Channel>Microsoft-Windows-Sysmon/Operational</Channel><Computer>DESKTOP-4GL3MO2</Computer><Security UserID='S-1-5-18'/></System><EventData><Data Name='RuleName'>-</Data><Data Name='UtcTime'>2020-11-11 07:49:17.630</Data><Data Name='ProcessGuid'>{a16191d0-e494-5f8f-6b00-000000000300}</Data><Data Name='ProcessId'>4552</Data><Data Name='Image'>C:\Windows\Explorer.EXE</Data><Data Name='TargetFilename'>C:\Users\jiyoung\AppData\Local\Programs\Python\Python38-32\tcl\tix8.4.3\demos\21838D-Readme.txt</Data><Data Name='CreationUtcTime'>2020-11-11 07:49:17.083</Data></EventData></Event>
<Event xmlns='http://schemas.microsoft.com/win/2004/08/events/event'><System><Provider Name='Microsoft-Windows-Sysmon' Guid='{5770385f-c22a-43e0-bf4c-06f5698ffbd9}'/><EventID>11</EventID><Version>2</Version><Level>4</Level><Task>11</Task><Opcode>0</Opcode><Keywords>0x8000000000000000</Keywords><TimeCreated SystemTime='2020-11-11T07:49:17.851681800Z'/><EventRecordID>29744</EventRecordID><Correlation/><Execution ProcessID='8424' ThreadID='8456'/><Channel>Microsoft-Windows-Sysmon/Operational</Channel><Computer>DESKTOP-4GL3MO2</Computer><Security UserID='S-1-5-18'/></System><EventData><Data Name='RuleName'>-</Data><Data Name='UtcTime'>2020-11-11 07:49:17.786</Data><Data Name='ProcessGuid'>{a16191d0-e494-5f8f-6b00-000000000300}</Data><Data Name='ProcessId'>4552</Data><Data Name='Image'>C:\Windows\Explorer.EXE</Data><Data Name='TargetFilename'>C:\Users\jiyoung\AppData\Local\Programs\Python\Python38-32\tcl\tcl8\8.4\21838D-Readme.txt</Data><Data Name='CreationUtcTime'>2020-11-11 07:49:17.630</Data></EventData></Event>
<Event xmlns='http://schemas.microsoft.com/win/2004/08/events/event'><System><Provider Name='Microsoft-Windows-Sysmon' Guid='{5770385f-c22a-43e0-bf4c-06f5698ffbd9}'/><EventID>11</EventID><Version>2</Version><Level>4</Level><Task>11</Task><Opcode>0</Opcode><Keywords>0x8000000000000000</Keywords><TimeCreated SystemTime='2020-11-11T07:49:17.851812900Z'/><EventRecordID>29745</EventRecordID><Correlation/><Execution ProcessID='8424' ThreadID='8456'/><Channel>Microsoft-Windows-Sysmon/Operational</Channel><Computer>DESKTOP-4GL3MO2</Computer><Security UserID='S-1-5-18'/></System><EventData><Data Name='RuleName'>-</Data><Data Name='UtcTime'>2020-11-11 07:49:17.786</Data><Data Name='ProcessGuid'>{a16191d0-e494-5f8f-6b00-000000000300}</Data><Data Name='ProcessId'>4552</Data><Data Name='Image'>C:\Windows\Explorer.EXE</Data><Data Name='TargetFilename'>C:\Users\jiyoung\AppData\Local\Programs\Python\Python38-32\tcl\dde1.4\21838D-Readme.txt</Data><Data Name='CreationUtcTime'>2020-11-11 07:49:17.630</Data></EventData></Event>
<Event xmlns='http://schemas.microsoft.com/win/2004/08/events/event'><System><Provider Name='Microsoft-Windows-Sysmon' Guid='{5770385f-c22a-43e0-bf4c-06f5698ffbd9}'/><EventID>11</EventID><Version>2</Version><Level>4</Level><Task>11</Task><Opcode>0</Opcode><Keywords>0x8000000000000000</Keywords><TimeCreated SystemTime='2020-11-11T07:49:17.852065700Z'/><EventRecordID>29746</EventRecordID><Correlation/><Execution ProcessID='8424' ThreadID='8456'/><Channel>Microsoft-Windows-Sysmon/Operational</Channel><Computer>DESKTOP-4GL3MO2</Computer><Security UserID='S-1-5-18'/></System><EventData><Data Name='RuleName'>-</Data><Data Name='UtcTime'>2020-11-11 07:49:17.801</Data><Data Name='ProcessGuid'>{a16191d0-e494-5f8f-6b00-000000000300}</Data><Data Name='ProcessId'>4552</Data><Data Name='Image'>C:\Windows\Explorer.EXE</Data><Data Name='TargetFilename'>C:\Users\jiyoung\AppData\Local\Programs\Python\Python38-32\tcl\tcl8.6\tzdata\SystemV\21838D-Readme.txt</Data><Data Name='CreationUtcTime'>2020-11-11 07:49:17.614</Data></EventData></Event>
<Event xmlns='http://schemas.microsoft.com/win/2004/08/events/event'><System><Provider Name='Microsoft-Windows-Sysmon' Guid='{5770385f-c22a-43e0-bf4c-06f5698ffbd9}'/><EventID>11</EventID><Version>2</Version><Level>4</Level><Task>11</Task><Opcode>0</Opcode><Keywords>0x8000000000000000</Keywords><TimeCreated SystemTime='2020-11-11T07:49:17.852157300Z'/><EventRecordID>29747</EventRecordID><Correlation/><Execution ProcessID='8424' ThreadID='8456'/><Channel>Microsoft-Windows-Sysmon/Operational</Channel><Computer>DESKTOP-4GL3MO2</Computer><Security UserID='S-1-5-18'/></System><EventData><Data Name='RuleName'>-</Data><Data Name='UtcTime'>2020-11-11 07:49:17.801</Data><Data Name='ProcessGuid'>{a16191d0-e494-5f8f-6b00-000000000300}</Data><Data Name='ProcessId'>4552</Data><Data Name='Image'>C:\Windows\Explorer.EXE</Data><Data Name='TargetFilename'>C:\Users\jiyoung\AppData\Local\Programs\Python\Python38-32\tcl\tcl8.6\tzdata\Australia\21838D-Readme.txt</Data><Data Name='CreationUtcTime'>2020-11-11 07:49:17.614</Data></EventData></Event>
<Event xmlns='http://schemas.microsoft.com/win/2004/08/events/event'><System><Provider Name='Microsoft-Windows-Sysmon' Guid='{5770385f-c22a-43e0-bf4c-06f5698ffbd9}'/><EventID>11</EventID><Version>2</Version><Level>4</Level><Task>11</Task><Opcode>0</Opcode><Keywords>0x8000000000000000</Keywords><TimeCreated SystemTime='2020-11-11T07:49:17.852370200Z'/><EventRecordID>29748</EventRecordID><Correlation/><Execution ProcessID='8424' ThreadID='8456'/><Channel>Microsoft-Windows-Sysmon/Operational</Channel><Computer>DESKTOP-4GL3MO2</Computer><Security UserID='S-1-5-18'/></System><EventData><Data Name='RuleName'>-</Data><Data Name='UtcTime'>2020-11-11 07:49:17.833</Data><Data Name='ProcessGuid'>{a16191d0-e494-5f8f-6b00-000000000300}</Data><Data Name='ProcessId'>4552</Data><Data Name='Image'>C:\Windows\Explorer.EXE</Data><Data Name='TargetFilename'>C:\Users\jiyoung\AppData\Local\Programs\Python\Python38-32\Lib\21838D-Readme.txt</Data><Data Name='CreationUtcTime'>2020-11-11 07:49:17.645</Data></EventData></Event>
<Event xmlns='http://schemas.microsoft.com/win/2004/08/events/event'><System><Provider Name='Microsoft-Windows-Sysmon' Guid='{5770385f-c22a-43e0-bf4c-06f5698ffbd9}'/><EventID>11</EventID><Version>2</Version><Level>4</Level><Task>11</Task><Opcode>0</Opcode><Keywords>0x8000000000000000</Keywords><TimeCreated SystemTime='2020-11-11T07:49:17.978229300Z'/><EventRecordID>29749</EventRecordID><Correlation/><Execution ProcessID='8424' ThreadID='8456'/><Channel>Microsoft-Windows-Sysmon/Operational</Channel><Computer>DESKTOP-4GL3MO2</Computer><Security UserID='S-1-5-18'/></System><EventData><Data Name='RuleName'>-</Data><Data Name='UtcTime'>2020-11-11 07:49:17.848</Data><Data Name='ProcessGuid'>{a16191d0-e494-5f8f-6b00-000000000300}</Data><Data Name='ProcessId'>4552</Data><Data Name='Image'>C:\Windows\Explorer.EXE</Data><Data Name='TargetFilename'>C:\Users\jiyoung\AppData\Local\Programs\Python\Python38-32\tcl\tk8.6\msgs\21838D-Readme.txt</Data><Data Name='CreationUtcTime'>2020-11-11 07:49:17.505</Data></EventData></Event>
<Event xmlns='http://schemas.microsoft.com/win/2004/08/events/event'><System><Provider Name='Microsoft-Windows-Sysmon' Guid='{5770385f-c22a-43e0-bf4c-06f5698ffbd9}'/><EventID>11</EventID><Version>2</Version><Level>4</Level><Task>11</Task><Opcode>0</Opcode><Keywords>0x8000000000000000</Keywords><TimeCreated SystemTime='2020-11-11T07:49:17.978514000Z'/><EventRecordID>29750</EventRecordID><Correlation/><Execution ProcessID='8424' ThreadID='8456'/><Channel>Microsoft-Windows-Sysmon/Operational</Channel><Computer>DESKTOP-4GL3MO2</Computer><Security UserID='S-1-5-18'/></System><EventData><Data Name='RuleName'>-</Data><Data Name='UtcTime'>2020-11-11 07:49:17.895</Data><Data Name='ProcessGuid'>{a16191d0-e494-5f8f-6b00-000000000300}</Data><Data Name='ProcessId'>4552</Data><Data Name='Image'>C:\Windows\Explorer.EXE</Data><Data Name='TargetFilename'>C:\Users\jiyoung\AppData\Local\Programs\Python\Python38-32\tcl\tcl8.6\tzdata\Chile\21838D-Readme.txt</Data><Data Name='CreationUtcTime'>2020-11-11 07:49:17.614</Data></EventData></Event>
<Event xmlns='http://schemas.microsoft.com/win/2004/08/events/event'><System><Provider Name='Microsoft-Windows-Sysmon' Guid='{5770385f-c22a-43e0-bf4c-06f5698ffbd9}'/><EventID>11</EventID><Version>2</Version><Level>4</Level><Task>11</Task><Opcode>0</Opcode><Keywords>0x8000000000000000</Keywords><TimeCreated SystemTime='2020-11-11T07:49:17.978610900Z'/><EventRecordID>29751</EventRecordID><Correlation/><Execution ProcessID='8424' ThreadID='8456'/><Channel>Microsoft-Windows-Sysmon/Operational</Channel><Computer>DESKTOP-4GL3MO2</Computer><Security UserID='S-1-5-18'/></System><EventData><Data Name='RuleName'>-</Data><Data Name='UtcTime'>2020-11-11 07:49:17.895</Data><Data Name='ProcessGuid'>{a16191d0-e494-5f8f-6b00-000000000300}</Data><Data Name='ProcessId'>4552</Data><Data Name='Image'>C:\Windows\Explorer.EXE</Data><Data Name='TargetFilename'>C:\Users\jiyoung\AppData\Local\Programs\Python\Python38-32\tcl\tcl8.6\tzdata\Atlantic\21838D-Readme.txt</Data><Data Name='CreationUtcTime'>2020-11-11 07:49:17.614</Data></EventData></Event>
<Event xmlns='http://schemas.microsoft.com/win/2004/08/events/event'><System><Provider Name='Microsoft-Windows-Sysmon' Guid='{5770385f-c22a-43e0-bf4c-06f5698ffbd9}'/><EventID>11</EventID><Version>2</Version><Level>4</Level><Task>11</Task><Opcode>0</Opcode><Keywords>0x8000000000000000</Keywords><TimeCreated SystemTime='2020-11-11T07:49:17.978739000Z'/><EventRecordID>29752</EventRecordID><Correlation/><Execution ProcessID='8424' ThreadID='8456'/><Channel>Microsoft-Windows-Sysmon/Operational</Channel><Computer>DESKTOP-4GL3MO2</Computer><Security UserID='S-1-5-18'/></System><EventData><Data Name='RuleName'>-</Data><Data Name='UtcTime'>2020-11-11 07:49:17.911</Data><Data Name='ProcessGuid'>{a16191d0-e494-5f8f-6b00-000000000300}</Data><Data Name='ProcessId'>4552</Data><Data Name='Image'>C:\Windows\Explorer.EXE</Data><Data Name='TargetFilename'>C:\Users\jiyoung\AppData\Local\Programs\Python\Python38-32\Tools\pynche\X\21838D-Readme.txt</Data><Data Name='CreationUtcTime'>2020-11-11 07:49:17.864</Data></EventData></Event>
<Event xmlns='http://schemas.microsoft.com/win/2004/08/events/event'><System><Provider Name='Microsoft-Windows-Sysmon' Guid='{5770385f-c22a-43e0-bf4c-06f5698ffbd9}'/><EventID>11</EventID><Version>2</Version><Level>4</Level><Task>11</Task><Opcode>0</Opcode><Keywords>0x8000000000000000</Keywords><TimeCreated SystemTime='2020-11-11T07:49:17.979108200Z'/><EventRecordID>29753</EventRecordID><Correlation/><Execution ProcessID='8424' ThreadID='8456'/><Channel>Microsoft-Windows-Sysmon/Operational</Channel><Computer>DESKTOP-4GL3MO2</Computer><Security UserID='S-1-5-18'/></System><EventData><Data Name='RuleName'>-</Data><Data Name='UtcTime'>2020-11-11 07:49:17.926</Data><Data Name='ProcessGuid'>{a16191d0-e494-5f8f-6b00-000000000300}</Data><Data Name='ProcessId'>4552</Data><Data Name='Image'>C:\Windows\Explorer.EXE</Data><Data Name='TargetFilename'>C:\Users\jiyoung\AppData\Local\Programs\Python\Python38-32\tcl\tcl8.6\http1.0\21838D-Readme.txt</Data><Data Name='CreationUtcTime'>2020-11-11 07:49:17.004</Data></EventData></Event>
<Event xmlns='http://schemas.microsoft.com/win/2004/08/events/event'><System><Provider Name='Microsoft-Windows-Sysmon' Guid='{5770385f-c22a-43e0-bf4c-06f5698ffbd9}'/><EventID>11</EventID><Version>2</Version><Level>4</Level><Task>11</Task><Opcode>0</Opcode><Keywords>0x8000000000000000</Keywords><TimeCreated SystemTime='2020-11-11T07:49:17.979389700Z'/><EventRecordID>29754</EventRecordID><Correlation/><Execution ProcessID='8424' ThreadID='8456'/><Channel>Microsoft-Windows-Sysmon/Operational</Channel><Computer>DESKTOP-4GL3MO2</Computer><Security UserID='S-1-5-18'/></System><EventData><Data Name='RuleName'>-</Data><Data Name='UtcTime'>2020-11-11 07:49:17.958</Data><Data Name='ProcessGuid'>{a16191d0-e494-5f8f-6b00-000000000300}</Data><Data Name='ProcessId'>4552</Data><Data Name='Image'>C:\Windows\Explorer.EXE</Data><Data Name='TargetFilename'>C:\Users\jiyoung\MicrosoftEdgeBackups\backups\MicrosoftEdgeBackup20201026\21838D-Readme.txt</Data><Data Name='CreationUtcTime'>2020-11-11 07:49:17.848</Data></EventData></Event>
<Event xmlns='http://schemas.microsoft.com/win/2004/08/events/event'><System><Provider Name='Microsoft-Windows-Sysmon' Guid='{5770385f-c22a-43e0-bf4c-06f5698ffbd9}'/><EventID>11</EventID><Version>2</Version><Level>4</Level><Task>11</Task><Opcode>0</Opcode><Keywords>0x8000000000000000</Keywords><TimeCreated SystemTime='2020-11-11T07:49:19.036121700Z'/><EventRecordID>29755</EventRecordID><Correlation/><Execution ProcessID='8424' ThreadID='8456'/><Channel>Microsoft-Windows-Sysmon/Operational</Channel><Computer>DESKTOP-4GL3MO2</Computer><Security UserID='S-1-5-18'/></System><EventData><Data Name='RuleName'>-</Data><Data Name='UtcTime'>2020-11-11 07:49:18.598</Data><Data Name='ProcessGuid'>{a16191d0-e494-5f8f-6b00-000000000300}</Data><Data Name='ProcessId'>4552</Data><Data Name='Image'>C:\Windows\Explorer.EXE</Data><Data Name='TargetFilename'>C:\Users\jiyoung\MicrosoftEdgeBackups\backups\MicrosoftEdgeBackup20201026\Protected - It is a violation of Windows Policy to modify\21838D-Readme.txt</Data><Data Name='CreationUtcTime'>2020-11-11 07:49:18.443</Data></EventData></Event>
<Event xmlns='http://schemas.microsoft.com/win/2004/08/events/event'><System><Provider Name='Microsoft-Windows-Sysmon' Guid='{5770385f-c22a-43e0-bf4c-06f5698ffbd9}'/><EventID>11</EventID><Version>2</Version><Level>4</Level><Task>11</Task><Opcode>0</Opcode><Keywords>0x8000000000000000</Keywords><TimeCreated SystemTime='2020-11-11T07:49:19.047976200Z'/><EventRecordID>29756</EventRecordID><Correlation/><Execution ProcessID='8424' ThreadID='8456'/><Channel>Microsoft-Windows-Sysmon/Operational</Channel><Computer>DESKTOP-4GL3MO2</Computer><Security UserID='S-1-5-18'/></System><EventData><Data Name='RuleName'>-</Data><Data Name='UtcTime'>2020-11-11 07:49:18.880</Data><Data Name='ProcessGuid'>{a16191d0-974a-5fab-7109-000000000300}</Data><Data Name='ProcessId'>9068</Data><Data Name='Image'>C:\Windows\system32\msiexec.exe</Data><Data Name='TargetFilename'>C:\Windows\Temp\~DF7F7135057B3EF252.TMP</Data><Data Name='CreationUtcTime'>2020-11-11 07:49:18.723</Data></EventData></Event>
<Event xmlns='http://schemas.microsoft.com/win/2004/08/events/event'><System><Provider Name='Microsoft-Windows-Sysmon' Guid='{5770385f-c22a-43e0-bf4c-06f5698ffbd9}'/><EventID>11</EventID><Version>2</Version><Level>4</Level><Task>11</Task><Opcode>0</Opcode><Keywords>0x8000000000000000</Keywords><TimeCreated SystemTime='2020-11-11T07:49:19.278523300Z'/><EventRecordID>29757</EventRecordID><Correlation/><Execution ProcessID='8424' ThreadID='8456'/><Channel>Microsoft-Windows-Sysmon/Operational</Channel><Computer>DESKTOP-4GL3MO2</Computer><Security UserID='S-1-5-18'/></System><EventData><Data Name='RuleName'>-</Data><Data Name='UtcTime'>2020-11-11 07:49:19.176</Data><Data Name='ProcessGuid'>{a16191d0-974a-5fab-7109-000000000300}</Data><Data Name='ProcessId'>9068</Data><Data Name='Image'>C:\Windows\system32\msiexec.exe</Data><Data Name='TargetFilename'>C:\Windows\Temp\~DF72CBE90A84B0C810.TMP</Data><Data Name='CreationUtcTime'>2020-11-11 07:49:18.973</Data></EventData></Event>
<Event xmlns='http://schemas.microsoft.com/win/2004/08/events/event'><System><Provider Name='Microsoft-Windows-Sysmon' Guid='{5770385f-c22a-43e0-bf4c-06f5698ffbd9}'/><EventID>11</EventID><Version>2</Version><Level>4</Level><Task>11</Task><Opcode>0</Opcode><Keywords>0x8000000000000000</Keywords><TimeCreated SystemTime='2020-11-11T07:49:19.278762600Z'/><EventRecordID>29758</EventRecordID><Correlation/><Execution ProcessID='8424' ThreadID='8456'/><Channel>Microsoft-Windows-Sysmon/Operational</Channel><Computer>DESKTOP-4GL3MO2</Computer><Security UserID='S-1-5-18'/></System><EventData><Data Name='RuleName'>-</Data><Data Name='UtcTime'>2020-11-11 07:49:19.192</Data><Data Name='ProcessGuid'>{a16191d0-e494-5f8f-6b00-000000000300}</Data><Data Name='ProcessId'>4552</Data><Data Name='Image'>C:\Windows\Explorer.EXE</Data><Data Name='TargetFilename'>C:\Users\jiyoung\AppData\Local\Programs\Python\Python38-32\Lib\email\__pycache__\21838D-Readme.txt</Data><Data Name='CreationUtcTime'>2020-11-11 07:49:18.926</Data></EventData></Event>
<Event xmlns='http://schemas.microsoft.com/win/2004/08/events/event'><System><Provider Name='Microsoft-Windows-Sysmon' Guid='{5770385f-c22a-43e0-bf4c-06f5698ffbd9}'/><EventID>11</EventID><Version>2</Version><Level>4</Level><Task>11</Task><Opcode>0</Opcode><Keywords>0x8000000000000000</Keywords><TimeCreated SystemTime='2020-11-11T07:49:19.278832100Z'/><EventRecordID>29759</EventRecordID><Correlation/><Execution ProcessID='8424' ThreadID='8456'/><Channel>Microsoft-Windows-Sysmon/Operational</Channel><Computer>DESKTOP-4GL3MO2</Computer><Security UserID='S-1-5-18'/></System><EventData><Data Name='RuleName'>-</Data><Data Name='UtcTime'>2020-11-11 07:49:19.192</Data><Data Name='ProcessGuid'>{a16191d0-e494-5f8f-6b00-000000000300}</Data><Data Name='ProcessId'>4552</Data><Data Name='Image'>C:\Windows\Explorer.EXE</Data><Data Name='TargetFilename'>C:\Users\jiyoung\AppData\Local\Programs\Python\Python38-32\Lib\email\21838D-Readme.txt</Data><Data Name='CreationUtcTime'>2020-11-11 07:49:19.145</Data></EventData></Event>
<Event xmlns='http://schemas.microsoft.com/win/2004/08/events/event'><System><Provider Name='Microsoft-Windows-Sysmon' Guid='{5770385f-c22a-43e0-bf4c-06f5698ffbd9}'/><EventID>11</EventID><Version>2</Version><Level>4</Level><Task>11</Task><Opcode>0</Opcode><Keywords>0x8000000000000000</Keywords><TimeCreated SystemTime='2020-11-11T07:49:19.278899300Z'/><EventRecordID>29760</EventRecordID><Correlation/><Execution ProcessID='8424' ThreadID='8456'/><Channel>Microsoft-Windows-Sysmon/Operational</Channel><Computer>DESKTOP-4GL3MO2</Computer><Security UserID='S-1-5-18'/></System><EventData><Data Name='RuleName'>-</Data><Data Name='UtcTime'>2020-11-11 07:49:19.192</Data><Data Name='ProcessGuid'>{a16191d0-e494-5f8f-6b00-000000000300}</Data><Data Name='ProcessId'>4552</Data><Data Name='Image'>C:\Windows\Explorer.EXE</Data><Data Name='TargetFilename'>C:\Users\jiyoung\AppData\Local\Programs\Python\Python38-32\Lib\__pycache__\21838D-Readme.txt</Data><Data Name='CreationUtcTime'>2020-11-11 07:49:19.161</Data></EventData></Event>
<Event xmlns='http://schemas.microsoft.com/win/2004/08/events/event'><System><Provider Name='Microsoft-Windows-Sysmon' Guid='{5770385f-c22a-43e0-bf4c-06f5698ffbd9}'/><EventID>11</EventID><Version>2</Version><Level>4</Level><Task>11</Task><Opcode>0</Opcode><Keywords>0x8000000000000000</Keywords><TimeCreated SystemTime='2020-11-11T07:49:19.278967000Z'/><EventRecordID>29761</EventRecordID><Correlation/><Execution ProcessID='8424' ThreadID='8456'/><Channel>Microsoft-Windows-Sysmon/Operational</Channel><Computer>DESKTOP-4GL3MO2</Computer><Security UserID='S-1-5-18'/></System><EventData><Data Name='RuleName'>-</Data><Data Name='UtcTime'>2020-11-11 07:49:19.192</Data><Data Name='ProcessGuid'>{a16191d0-e494-5f8f-6b00-000000000300}</Data><Data Name='ProcessId'>4552</Data><Data Name='Image'>C:\Windows\Explorer.EXE</Data><Data Name='TargetFilename'>C:\Users\jiyoung\AppData\Local\Programs\Python\Python38-32\Lib\collections\__pycache__\21838D-Readme.txt</Data><Data Name='CreationUtcTime'>2020-11-11 07:49:18.895</Data></EventData></Event>
<Event xmlns='http://schemas.microsoft.com/win/2004/08/events/event'><System><Provider Name='Microsoft-Windows-Sysmon' Guid='{5770385f-c22a-43e0-bf4c-06f5698ffbd9}'/><EventID>11</EventID><Version>2</Version><Level>4</Level><Task>11</Task><Opcode>0</Opcode><Keywords>0x8000000000000000</Keywords><TimeCreated SystemTime='2020-11-11T07:49:19.279256500Z'/><EventRecordID>29762</EventRecordID><Correlation/><Execution ProcessID='8424' ThreadID='8456'/><Channel>Microsoft-Windows-Sysmon/Operational</Channel><Computer>DESKTOP-4GL3MO2</Computer><Security UserID='S-1-5-18'/></System><EventData><Data Name='RuleName'>-</Data><Data Name='UtcTime'>2020-11-11 07:49:19.192</Data><Data Name='ProcessGuid'>{a16191d0-e494-5f8f-6b00-000000000300}</Data><Data Name='ProcessId'>4552</Data><Data Name='Image'>C:\Windows\Explorer.EXE</Data><Data Name='TargetFilename'>C:\Users\jiyoung\Desktop\CVE-2020-0796-PoC-master\CVE-2020-0796-PoC-master\smbprotocol\__pycache__\21838D-Readme.txt</Data><Data Name='CreationUtcTime'>2020-11-11 07:49:19.176</Data></EventData></Event>
<Event xmlns='http://schemas.microsoft.com/win/2004/08/events/event'><System><Provider Name='Microsoft-Windows-Sysmon' Guid='{5770385f-c22a-43e0-bf4c-06f5698ffbd9}'/><EventID>11</EventID><Version>2</Version><Level>4</Level><Task>11</Task><Opcode>0</Opcode><Keywords>0x8000000000000000</Keywords><TimeCreated SystemTime='2020-11-11T07:49:19.279436100Z'/><EventRecordID>29763</EventRecordID><Correlation/><Execution ProcessID='8424' ThreadID='8456'/><Channel>Microsoft-Windows-Sysmon/Operational</Channel><Computer>DESKTOP-4GL3MO2</Computer><Security UserID='S-1-5-18'/></System><EventData><Data Name='RuleName'>-</Data><Data Name='UtcTime'>2020-11-11 07:49:19.208</Data><Data Name='ProcessGuid'>{a16191d0-e494-5f8f-6b00-000000000300}</Data><Data Name='ProcessId'>4552</Data><Data Name='Image'>C:\Windows\Explorer.EXE</Data><Data Name='TargetFilename'>C:\Users\jiyoung\Desktop\CVE-2020-0796-PoC-master\CVE-2020-0796-PoC-master\smbprotocol\__pycache__\21838D-Readme.txt</Data><Data Name='CreationUtcTime'>2020-11-11 07:49:19.176</Data></EventData></Event>
<Event xmlns='http://schemas.microsoft.com/win/2004/08/events/event'><System><Provider Name='Microsoft-Windows-Sysmon' Guid='{5770385f-c22a-43e0-bf4c-06f5698ffbd9}'/><EventID>11</EventID><Version>2</Version><Level>4</Level><Task>11</Task><Opcode>0</Opcode><Keywords>0x8000000000000000</Keywords><TimeCreated SystemTime='2020-11-11T07:49:19.279519000Z'/><EventRecordID>29764</EventRecordID><Correlation/><Execution ProcessID='8424' ThreadID='8456'/><Channel>Microsoft-Windows-Sysmon/Operational</Channel><Computer>DESKTOP-4GL3MO2</Computer><Security UserID='S-1-5-18'/></System><EventData><Data Name='RuleName'>-</Data><Data Name='UtcTime'>2020-11-11 07:49:19.208</Data><Data Name='ProcessGuid'>{a16191d0-e494-5f8f-6b00-000000000300}</Data><Data Name='ProcessId'>4552</Data><Data Name='Image'>C:\Windows\Explorer.EXE</Data><Data Name='TargetFilename'>C:\Users\jiyoung\AppData\Local\Programs\Python\Python38-32\Lib\collections\21838D-Readme.txt</Data><Data Name='CreationUtcTime'>2020-11-11 07:49:18.926</Data></EventData></Event>
<Event xmlns='http://schemas.microsoft.com/win/2004/08/events/event'><System><Provider Name='Microsoft-Windows-Sysmon' Guid='{5770385f-c22a-43e0-bf4c-06f5698ffbd9}'/><EventID>11</EventID><Version>2</Version><Level>4</Level><Task>11</Task><Opcode>0</Opcode><Keywords>0x8000000000000000</Keywords><TimeCreated SystemTime='2020-11-11T07:49:19.279583000Z'/><EventRecordID>29765</EventRecordID><Correlation/><Execution ProcessID='8424' ThreadID='8456'/><Channel>Microsoft-Windows-Sysmon/Operational</Channel><Computer>DESKTOP-4GL3MO2</Computer><Security UserID='S-1-5-18'/></System><EventData><Data Name='RuleName'>-</Data><Data Name='UtcTime'>2020-11-11 07:49:19.208</Data><Data Name='ProcessGuid'>{a16191d0-e494-5f8f-6b00-000000000300}</Data><Data Name='ProcessId'>4552</Data><Data Name='Image'>C:\Windows\Explorer.EXE</Data><Data Name='TargetFilename'>C:\Users\jiyoung\AppData\Local\Programs\Python\Python38-32\Lib\xml\sax\__pycache__\21838D-Readme.txt</Data><Data Name='CreationUtcTime'>2020-11-11 07:49:19.176</Data></EventData></Event>
<Event xmlns='http://schemas.microsoft.com/win/2004/08/events/event'><System><Provider Name='Microsoft-Windows-Sysmon' Guid='{5770385f-c22a-43e0-bf4c-06f5698ffbd9}'/><EventID>11</EventID><Version>2</Version><Level>4</Level><Task>11</Task><Opcode>0</Opcode><Keywords>0x8000000000000000</Keywords><TimeCreated SystemTime='2020-11-11T07:49:19.663227900Z'/><EventRecordID>29766</EventRecordID><Correlation/><Execution ProcessID='8424' ThreadID='8456'/><Channel>Microsoft-Windows-Sysmon/Operational</Channel><Computer>DESKTOP-4GL3MO2</Computer><Security UserID='S-1-5-18'/></System><EventData><Data Name='RuleName'>-</Data><Data Name='UtcTime'>2020-11-11 07:49:19.208</Data><Data Name='ProcessGuid'>{a16191d0-e494-5f8f-6b00-000000000300}</Data><Data Name='ProcessId'>4552</Data><Data Name='Image'>C:\Windows\Explorer.EXE</Data><Data Name='TargetFilename'>C:\Users\jiyoung\AppData\Local\Programs\Python\Python38-32\Lib\xml\sax\21838D-Readme.txt</Data><Data Name='CreationUtcTime'>2020-11-11 07:49:19.176</Data></EventData></Event>
<Event xmlns='http://schemas.microsoft.com/win/2004/08/events/event'><System><Provider Name='Microsoft-Windows-Sysmon' Guid='{5770385f-c22a-43e0-bf4c-06f5698ffbd9}'/><EventID>11</EventID><Version>2</Version><Level>4</Level><Task>11</Task><Opcode>0</Opcode><Keywords>0x8000000000000000</Keywords><TimeCreated SystemTime='2020-11-11T07:49:19.663878800Z'/><EventRecordID>29767</EventRecordID><Correlation/><Execution ProcessID='8424' ThreadID='8456'/><Channel>Microsoft-Windows-Sysmon/Operational</Channel><Computer>DESKTOP-4GL3MO2</Computer><Security UserID='S-1-5-18'/></System><EventData><Data Name='RuleName'>-</Data><Data Name='UtcTime'>2020-11-11 07:49:19.223</Data><Data Name='ProcessGuid'>{a16191d0-e494-5f8f-6b00-000000000300}</Data><Data Name='ProcessId'>4552</Data><Data Name='Image'>C:\Windows\Explorer.EXE</Data><Data Name='TargetFilename'>C:\Users\jiyoung\AppData\Local\Programs\Python\Python38-32\tcl\tix8.4.3\demos\bitmaps\21838D-Readme.txt</Data><Data Name='CreationUtcTime'>2020-11-11 07:49:18.848</Data></EventData></Event>
<Event xmlns='http://schemas.microsoft.com/win/2004/08/events/event'><System><Provider Name='Microsoft-Windows-Sysmon' Guid='{5770385f-c22a-43e0-bf4c-06f5698ffbd9}'/><EventID>11</EventID><Version>2</Version><Level>4</Level><Task>11</Task><Opcode>0</Opcode><Keywords>0x8000000000000000</Keywords><TimeCreated SystemTime='2020-11-11T07:49:19.664155600Z'/><EventRecordID>29768</EventRecordID><Correlation/><Execution ProcessID='8424' ThreadID='8456'/><Channel>Microsoft-Windows-Sysmon/Operational</Channel><Computer>DESKTOP-4GL3MO2</Computer><Security UserID='S-1-5-18'/></System><EventData><Data Name='RuleName'>-</Data><Data Name='UtcTime'>2020-11-11 07:49:19.239</Data><Data Name='ProcessGuid'>{a16191d0-e494-5f8f-6b00-000000000300}</Data><Data Name='ProcessId'>4552</Data><Data Name='Image'>C:\Windows\Explorer.EXE</Data><Data Name='TargetFilename'>C:\Users\jiyoung\AppData\Local\Programs\Python\Python38-32\Lib\importlib\21838D-Readme.txt</Data><Data Name='CreationUtcTime'>2020-11-11 07:49:19.208</Data></EventData></Event>
<Event xmlns='http://schemas.microsoft.com/win/2004/08/events/event'><System><Provider Name='Microsoft-Windows-Sysmon' Guid='{5770385f-c22a-43e0-bf4c-06f5698ffbd9}'/><EventID>11</EventID><Version>2</Version><Level>4</Level><Task>11</Task><Opcode>0</Opcode><Keywords>0x8000000000000000</Keywords><TimeCreated SystemTime='2020-11-11T07:49:19.664247800Z'/><EventRecordID>29769</EventRecordID><Correlation/><Execution ProcessID='8424' ThreadID='8456'/><Channel>Microsoft-Windows-Sysmon/Operational</Channel><Computer>DESKTOP-4GL3MO2</Computer><Security UserID='S-1-5-18'/></System><EventData><Data Name='RuleName'>-</Data><Data Name='UtcTime'>2020-11-11 07:49:19.239</Data><Data Name='ProcessGuid'>{a16191d0-e494-5f8f-6b00-000000000300}</Data><Data Name='ProcessId'>4552</Data><Data Name='Image'>C:\Windows\Explorer.EXE</Data><Data Name='TargetFilename'>C:\Users\jiyoung\AppData\Local\Programs\Python\Python38-32\Lib\multiprocessing\21838D-Readme.txt</Data><Data Name='CreationUtcTime'>2020-11-11 07:49:19.208</Data></EventData></Event>
<Event xmlns='http://schemas.microsoft.com/win/2004/08/events/event'><System><Provider Name='Microsoft-Windows-Sysmon' Guid='{5770385f-c22a-43e0-bf4c-06f5698ffbd9}'/><EventID>11</EventID><Version>2</Version><Level>4</Level><Task>11</Task><Opcode>0</Opcode><Keywords>0x8000000000000000</Keywords><TimeCreated SystemTime='2020-11-11T07:49:19.664487400Z'/><EventRecordID>29770</EventRecordID><Correlation/><Execution ProcessID='8424' ThreadID='8456'/><Channel>Microsoft-Windows-Sysmon/Operational</Channel><Computer>DESKTOP-4GL3MO2</Computer><Security UserID='S-1-5-18'/></System><EventData><Data Name='RuleName'>-</Data><Data Name='UtcTime'>2020-11-11 07:49:19.239</Data><Data Name='ProcessGuid'>{a16191d0-e494-5f8f-6b00-000000000300}</Data><Data Name='ProcessId'>4552</Data><Data Name='Image'>C:\Windows\Explorer.EXE</Data><Data Name='TargetFilename'>C:\Users\jiyoung\AppData\Local\Programs\Python\Python38-32\Lib\ensurepip\_bundled\21838D-Readme.txt</Data><Data Name='CreationUtcTime'>2020-11-11 07:49:19.208</Data></EventData></Event>
<Event xmlns='http://schemas.microsoft.com/win/2004/08/events/event'><System><Provider Name='Microsoft-Windows-Sysmon' Guid='{5770385f-c22a-43e0-bf4c-06f5698ffbd9}'/><EventID>11</EventID><Version>2</Version><Level>4</Level><Task>11</Task><Opcode>0</Opcode><Keywords>0x8000000000000000</Keywords><TimeCreated SystemTime='2020-11-11T07:49:19.664736600Z'/><EventRecordID>29771</EventRecordID><Correlation/><Execution ProcessID='8424' ThreadID='8456'/><Channel>Microsoft-Windows-Sysmon/Operational</Channel><Computer>DESKTOP-4GL3MO2</Computer><Security UserID='S-1-5-18'/></System><EventData><Data Name='RuleName'>-</Data><Data Name='UtcTime'>2020-11-11 07:49:19.239</Data><Data Name='ProcessGuid'>{a16191d0-e494-5f8f-6b00-000000000300}</Data><Data Name='ProcessId'>4552</Data><Data Name='Image'>C:\Windows\Explorer.EXE</Data><Data Name='TargetFilename'>C:\Users\jiyoung\AppData\Local\Programs\Python\Python38-32\Lib\turtledemo\21838D-Readme.txt</Data><Data Name='CreationUtcTime'>2020-11-11 07:49:19.223</Data></EventData></Event>
<Event xmlns='http://schemas.microsoft.com/win/2004/08/events/event'><System><Provider Name='Microsoft-Windows-Sysmon' Guid='{5770385f-c22a-43e0-bf4c-06f5698ffbd9}'/><EventID>11</EventID><Version>2</Version><Level>4</Level><Task>11</Task><Opcode>0</Opcode><Keywords>0x8000000000000000</Keywords><TimeCreated SystemTime='2020-11-11T07:49:19.664818300Z'/><EventRecordID>29772</EventRecordID><Correlation/><Execution ProcessID='8424' ThreadID='8456'/><Channel>Microsoft-Windows-Sysmon/Operational</Channel><Computer>DESKTOP-4GL3MO2</Computer><Security UserID='S-1-5-18'/></System><EventData><Data Name='RuleName'>-</Data><Data Name='UtcTime'>2020-11-11 07:49:19.239</Data><Data Name='ProcessGuid'>{a16191d0-e494-5f8f-6b00-000000000300}</Data><Data Name='ProcessId'>4552</Data><Data Name='Image'>C:\Windows\Explorer.EXE</Data><Data Name='TargetFilename'>C:\Users\jiyoung\AppData\Local\Programs\Python\Python38-32\Lib\pydoc_data\21838D-Readme.txt</Data><Data Name='CreationUtcTime'>2020-11-11 07:49:19.223</Data></EventData></Event>
<Event xmlns='http://schemas.microsoft.com/win/2004/08/events/event'><System><Provider Name='Microsoft-Windows-Sysmon' Guid='{5770385f-c22a-43e0-bf4c-06f5698ffbd9}'/><EventID>11</EventID><Version>2</Version><Level>4</Level><Task>11</Task><Opcode>0</Opcode><Keywords>0x8000000000000000</Keywords><TimeCreated SystemTime='2020-11-11T07:49:19.664875300Z'/><EventRecordID>29773</EventRecordID><Correlation/><Execution ProcessID='8424' ThreadID='8456'/><Channel>Microsoft-Windows-Sysmon/Operational</Channel><Computer>DESKTOP-4GL3MO2</Computer><Security UserID='S-1-5-18'/></System><EventData><Data Name='RuleName'>-</Data><Data Name='UtcTime'>2020-11-11 07:49:19.239</Data><Data Name='ProcessGuid'>{a16191d0-e494-5f8f-6b00-000000000300}</Data><Data Name='ProcessId'>4552</Data><Data Name='Image'>C:\Windows\Explorer.EXE</Data><Data Name='TargetFilename'>C:\Users\jiyoung\AppData\Local\Programs\Python\Python38-32\Lib\concurrent\21838D-Readme.txt</Data><Data Name='CreationUtcTime'>2020-11-11 07:49:19.223</Data></EventData></Event>
<Event xmlns='http://schemas.microsoft.com/win/2004/08/events/event'><System><Provider Name='Microsoft-Windows-Sysmon' Guid='{5770385f-c22a-43e0-bf4c-06f5698ffbd9}'/><EventID>11</EventID><Version>2</Version><Level>4</Level><Task>11</Task><Opcode>0</Opcode><Keywords>0x8000000000000000</Keywords><TimeCreated SystemTime='2020-11-11T07:49:19.665121400Z'/><EventRecordID>29774</EventRecordID><Correlation/><Execution ProcessID='8424' ThreadID='8456'/><Channel>Microsoft-Windows-Sysmon/Operational</Channel><Computer>DESKTOP-4GL3MO2</Computer><Security UserID='S-1-5-18'/></System><EventData><Data Name='RuleName'>-</Data><Data Name='UtcTime'>2020-11-11 07:49:19.239</Data><Data Name='ProcessGuid'>{a16191d0-e494-5f8f-6b00-000000000300}</Data><Data Name='ProcessId'>4552</Data><Data Name='Image'>C:\Windows\Explorer.EXE</Data><Data Name='TargetFilename'>C:\Users\jiyoung\AppData\Local\Programs\Python\Python38-32\Lib\concurrent\futures\21838D-Readme.txt</Data><Data Name='CreationUtcTime'>2020-11-11 07:49:19.223</Data></EventData></Event>
<Event xmlns='http://schemas.microsoft.com/win/2004/08/events/event'><System><Provider Name='Microsoft-Windows-Sysmon' Guid='{5770385f-c22a-43e0-bf4c-06f5698ffbd9}'/><EventID>11</EventID><Version>2</Version><Level>4</Level><Task>11</Task><Opcode>0</Opcode><Keywords>0x8000000000000000</Keywords><TimeCreated SystemTime='2020-11-11T07:49:19.665195500Z'/><EventRecordID>29775</EventRecordID><Correlation/><Execution ProcessID='8424' ThreadID='8456'/><Channel>Microsoft-Windows-Sysmon/Operational</Channel><Computer>DESKTOP-4GL3MO2</Computer><Security UserID='S-1-5-18'/></System><EventData><Data Name='RuleName'>-</Data><Data Name='UtcTime'>2020-11-11 07:49:19.239</Data><Data Name='ProcessGuid'>{a16191d0-e494-5f8f-6b00-000000000300}</Data><Data Name='ProcessId'>4552</Data><Data Name='Image'>C:\Windows\Explorer.EXE</Data><Data Name='TargetFilename'>C:\Users\jiyoung\AppData\Local\Programs\Python\Python38-32\Lib\distutils\command\21838D-Readme.txt</Data><Data Name='CreationUtcTime'>2020-11-11 07:49:19.208</Data></EventData></Event>
<Event xmlns='http://schemas.microsoft.com/win/2004/08/events/event'><System><Provider Name='Microsoft-Windows-Sysmon' Guid='{5770385f-c22a-43e0-bf4c-06f5698ffbd9}'/><EventID>11</EventID><Version>2</Version><Level>4</Level><Task>11</Task><Opcode>0</Opcode><Keywords>0x8000000000000000</Keywords><TimeCreated SystemTime='2020-11-11T07:49:19.665498600Z'/><EventRecordID>29776</EventRecordID><Correlation/><Execution ProcessID='8424' ThreadID='8456'/><Channel>Microsoft-Windows-Sysmon/Operational</Channel><Computer>DESKTOP-4GL3MO2</Computer><Security UserID='S-1-5-18'/></System><EventData><Data Name='RuleName'>-</Data><Data Name='UtcTime'>2020-11-11 07:49:19.239</Data><Data Name='ProcessGuid'>{a16191d0-e494-5f8f-6b00-000000000300}</Data><Data Name='ProcessId'>4552</Data><Data Name='Image'>C:\Windows\Explorer.EXE</Data><Data Name='TargetFilename'>C:\Users\jiyoung\AppData\Local\Programs\Python\Python38-32\Lib\distutils\__pycache__\21838D-Readme.txt</Data><Data Name='CreationUtcTime'>2020-11-11 07:49:19.223</Data></EventData></Event>
<Event xmlns='http://schemas.microsoft.com/win/2004/08/events/event'><System><Provider Name='Microsoft-Windows-Sysmon' Guid='{5770385f-c22a-43e0-bf4c-06f5698ffbd9}'/><EventID>11</EventID><Version>2</Version><Level>4</Level><Task>11</Task><Opcode>0</Opcode><Keywords>0x8000000000000000</Keywords><TimeCreated SystemTime='2020-11-11T07:49:19.666594400Z'/><EventRecordID>29777</EventRecordID><Correlation/><Execution ProcessID='8424' ThreadID='8456'/><Channel>Microsoft-Windows-Sysmon/Operational</Channel><Computer>DESKTOP-4GL3MO2</Computer><Security UserID='S-1-5-18'/></System><EventData><Data Name='RuleName'>-</Data><Data Name='UtcTime'>2020-11-11 07:49:19.286</Data><Data Name='ProcessGuid'>{a16191d0-e494-5f8f-6b00-000000000300}</Data><Data Name='ProcessId'>4552</Data><Data Name='Image'>C:\Windows\Explorer.EXE</Data><Data Name='TargetFilename'>C:\Users\jiyoung\AppData\Local\Programs\Python\Python38-32\tcl\tix8.4.3\bitmaps\21838D-Readme.txt</Data><Data Name='CreationUtcTime'>2020-11-11 07:49:19.223</Data></EventData></Event>
<Event xmlns='http://schemas.microsoft.com/win/2004/08/events/event'><System><Provider Name='Microsoft-Windows-Sysmon' Guid='{5770385f-c22a-43e0-bf4c-06f5698ffbd9}'/><EventID>11</EventID><Version>2</Version><Level>4</Level><Task>11</Task><Opcode>0</Opcode><Keywords>0x8000000000000000</Keywords><TimeCreated SystemTime='2020-11-11T07:49:19.666828400Z'/><EventRecordID>29778</EventRecordID><Correlation/><Execution ProcessID='8424' ThreadID='8456'/><Channel>Microsoft-Windows-Sysmon/Operational</Channel><Computer>DESKTOP-4GL3MO2</Computer><Security UserID='S-1-5-18'/></System><EventData><Data Name='RuleName'>-</Data><Data Name='UtcTime'>2020-11-11 07:49:19.301</Data><Data Name='ProcessGuid'>{a16191d0-e494-5f8f-6b00-000000000300}</Data><Data Name='ProcessId'>4552</Data><Data Name='Image'>C:\Windows\Explorer.EXE</Data><Data Name='TargetFilename'>C:\Users\jiyoung\AppData\Local\Programs\Python\Python38-32\tcl\tix8.4.3\pref\21838D-Readme.txt</Data><Data Name='CreationUtcTime'>2020-11-11 07:49:19.286</Data></EventData></Event>
