<Event xmlns='http://schemas.microsoft.com/win/2004/08/events/event'><System><Provider Name='Microsoft-Windows-Sysmon' Guid='{5770385f-c22a-43e0-bf4c-06f5698ffbd9}'/><EventID>11</EventID><Version>2</Version><Level>4</Level><Task>11</Task><Opcode>0</Opcode><Keywords>0x8000000000000000</Keywords><TimeCreated SystemTime='2020-11-11T07:49:25.198370400Z'/><EventRecordID>29923</EventRecordID><Correlation/><Execution ProcessID='8424' ThreadID='8456'/><Channel>Microsoft-Windows-Sysmon/Operational</Channel><Computer>DESKTOP-4GL3MO2</Computer><Security UserID='S-1-5-18'/></System><EventData><Data Name='RuleName'>-</Data><Data Name='UtcTime'>2020-11-11 07:49:22.301</Data><Data Name='ProcessGuid'>{a16191d0-e494-5f8f-6b00-000000000300}</Data><Data Name='ProcessId'>4552</Data><Data Name='Image'>C:\Windows\Explorer.EXE</Data><Data Name='TargetFilename'>C:\Users\jiyoung\AppData\Local\Programs\Python\Python38-32\tcl\tcl8.6\tzdata\Asia\21838D-Readme.txt</Data><Data Name='CreationUtcTime'>2020-11-11 07:49:20.426</Data></EventData></Event>
<Event xmlns='http://schemas.microsoft.com/win/2004/08/events/event'><System><Provider Name='Microsoft-Windows-Sysmon' Guid='{5770385f-c22a-43e0-bf4c-06f5698ffbd9}'/><EventID>11</EventID><Version>2</Version><Level>4</Level><Task>11</Task><Opcode>0</Opcode><Keywords>0x8000000000000000</Keywords><TimeCreated SystemTime='2020-11-11T07:49:25.198441200Z'/><EventRecordID>29924</EventRecordID><Correlation/><Execution ProcessID='8424' ThreadID='8456'/><Channel>Microsoft-Windows-Sysmon/Operational</Channel><Computer>DESKTOP-4GL3MO2</Computer><Security UserID='S-1-5-18'/></System><EventData><Data Name='RuleName'>-</Data><Data Name='UtcTime'>2020-11-11 07:49:22.301</Data><Data Name='ProcessGuid'>{a16191d0-e494-5f8f-6b00-000000000300}</Data><Data Name='ProcessId'>4552</Data><Data Name='Image'>C:\Windows\Explorer.EXE</Data><Data Name='TargetFilename'>C:\Users\jiyoung\AppData\Local\Programs\Python\Python38-32\tcl\tix8.4.3\bitmaps\21838D-Readme.txt</Data><Data Name='CreationUtcTime'>2020-11-11 07:49:19.223</Data></EventData></Event>
<Event xmlns='http://schemas.microsoft.com/win/2004/08/events/event'><System><Provider Name='Microsoft-Windows-Sysmon' Guid='{5770385f-c22a-43e0-bf4c-06f5698ffbd9}'/><EventID>11</EventID><Version>2</Version><Level>4</Level><Task>11</Task><Opcode>0</Opcode><Keywords>0x8000000000000000</Keywords><TimeCreated SystemTime='2020-11-11T07:49:25.198531100Z'/><EventRecordID>29925</EventRecordID><Correlation/><Execution ProcessID='8424' ThreadID='8456'/><Channel>Microsoft-Windows-Sysmon/Operational</Channel><Computer>DESKTOP-4GL3MO2</Computer><Security UserID='S-1-5-18'/></System><EventData><Data Name='RuleName'>-</Data><Data Name='UtcTime'>2020-11-11 07:49:22.301</Data><Data Name='ProcessGuid'>{a16191d0-e494-5f8f-6b00-000000000300}</Data><Data Name='ProcessId'>4552</Data><Data Name='Image'>C:\Windows\Explorer.EXE</Data><Data Name='TargetFilename'>C:\Users\jiyoung\AppData\Local\Programs\Python\Python38-32\tcl\tix8.4.3\bitmaps\21838D-Readme.txt</Data><Data Name='CreationUtcTime'>2020-11-11 07:49:19.223</Data></EventData></Event>
<Event xmlns='http://schemas.microsoft.com/win/2004/08/events/event'><System><Provider Name='Microsoft-Windows-Sysmon' Guid='{5770385f-c22a-43e0-bf4c-06f5698ffbd9}'/><EventID>11</EventID><Version>2</Version><Level>4</Level><Task>11</Task><Opcode>0</Opcode><Keywords>0x8000000000000000</Keywords><TimeCreated SystemTime='2020-11-11T07:49:25.198683000Z'/><EventRecordID>29926</EventRecordID><Correlation/><Execution ProcessID='8424' ThreadID='8456'/><Channel>Microsoft-Windows-Sysmon/Operational</Channel><Computer>DESKTOP-4GL3MO2</Computer><Security UserID='S-1-5-18'/></System><EventData><Data Name='RuleName'>-</Data><Data Name='UtcTime'>2020-11-11 07:49:22.301</Data><Data Name='ProcessGuid'>{a16191d0-e494-5f8f-6b00-000000000300}</Data><Data Name='ProcessId'>4552</Data><Data Name='Image'>C:\Windows\Explorer.EXE</Data><Data Name='TargetFilename'>C:\Users\jiyoung\AppData\Local\Programs\Python\Python38-32\tcl\tix8.4.3\bitmaps\21838D-Readme.txt</Data><Data Name='CreationUtcTime'>2020-11-11 07:49:19.223</Data></EventData></Event>
<Event xmlns='http://schemas.microsoft.com/win/2004/08/events/event'><System><Provider Name='Microsoft-Windows-Sysmon' Guid='{5770385f-c22a-43e0-bf4c-06f5698ffbd9}'/><EventID>11</EventID><Version>2</Version><Level>4</Level><Task>11</Task><Opcode>0</Opcode><Keywords>0x8000000000000000</Keywords><TimeCreated SystemTime='2020-11-11T07:49:25.206484800Z'/><EventRecordID>29927</EventRecordID><Correlation/><Execution ProcessID='8424' ThreadID='8456'/><Channel>Microsoft-Windows-Sysmon/Operational</Channel><Computer>DESKTOP-4GL3MO2</Computer><Security UserID='S-1-5-18'/></System><EventData><Data Name='RuleName'>-</Data><Data Name='UtcTime'>2020-11-11 07:49:22.380</Data><Data Name='ProcessGuid'>{a16191d0-e494-5f8f-6b00-000000000300}</Data><Data Name='ProcessId'>4552</Data><Data Name='Image'>C:\Windows\Explorer.EXE</Data><Data Name='TargetFilename'>C:\Users\jiyoung\AppData\Local\Programs\Python\Python38-32\tcl\tix8.4.3\demos\samples\21838D-Readme.txt</Data><Data Name='CreationUtcTime'>2020-11-11 07:49:21.426</Data></EventData></Event>
<Event xmlns='http://schemas.microsoft.com/win/2004/08/events/event'><System><Provider Name='Microsoft-Windows-Sysmon' Guid='{5770385f-c22a-43e0-bf4c-06f5698ffbd9}'/><EventID>11</EventID><Version>2</Version><Level>4</Level><Task>11</Task><Opcode>0</Opcode><Keywords>0x8000000000000000</Keywords><TimeCreated SystemTime='2020-11-11T07:49:25.206912100Z'/><EventRecordID>29928</EventRecordID><Correlation/><Execution ProcessID='8424' ThreadID='8456'/><Channel>Microsoft-Windows-Sysmon/Operational</Channel><Computer>DESKTOP-4GL3MO2</Computer><Security UserID='S-1-5-18'/></System><EventData><Data Name='RuleName'>-</Data><Data Name='UtcTime'>2020-11-11 07:49:22.395</Data><Data Name='ProcessGuid'>{a16191d0-e494-5f8f-6b00-000000000300}</Data><Data Name='ProcessId'>4552</Data><Data Name='Image'>C:\Windows\Explorer.EXE</Data><Data Name='TargetFilename'>C:\Users\jiyoung\AppData\Local\Programs\Python\Python38-32\tcl\tix8.4.3\demos\samples\21838D-Readme.txt</Data><Data Name='CreationUtcTime'>2020-11-11 07:49:21.426</Data></EventData></Event>
<Event xmlns='http://schemas.microsoft.com/win/2004/08/events/event'><System><Provider Name='Microsoft-Windows-Sysmon' Guid='{5770385f-c22a-43e0-bf4c-06f5698ffbd9}'/><EventID>11</EventID><Version>2</Version><Level>4</Level><Task>11</Task><Opcode>0</Opcode><Keywords>0x8000000000000000</Keywords><TimeCreated SystemTime='2020-11-11T07:49:25.207243300Z'/><EventRecordID>29929</EventRecordID><Correlation/><Execution ProcessID='8424' ThreadID='8456'/><Channel>Microsoft-Windows-Sysmon/Operational</Channel><Computer>DESKTOP-4GL3MO2</Computer><Security UserID='S-1-5-18'/></System><EventData><Data Name='RuleName'>-</Data><Data Name='UtcTime'>2020-11-11 07:49:22.395</Data><Data Name='ProcessGuid'>{a16191d0-e494-5f8f-6b00-000000000300}</Data><Data Name='ProcessId'>4552</Data><Data Name='Image'>C:\Windows\Explorer.EXE</Data><Data Name='TargetFilename'>C:\Users\jiyoung\AppData\Local\Programs\Python\Python38-32\tcl\tix8.4.3\demos\samples\21838D-Readme.txt</Data><Data Name='CreationUtcTime'>2020-11-11 07:49:21.426</Data></EventData></Event>
<Event xmlns='http://schemas.microsoft.com/win/2004/08/events/event'><System><Provider Name='Microsoft-Windows-Sysmon' Guid='{5770385f-c22a-43e0-bf4c-06f5698ffbd9}'/><EventID>11</EventID><Version>2</Version><Level>4</Level><Task>11</Task><Opcode>0</Opcode><Keywords>0x8000000000000000</Keywords><TimeCreated SystemTime='2020-11-11T07:49:25.207346100Z'/><EventRecordID>29930</EventRecordID><Correlation/><Execution ProcessID='8424' ThreadID='8456'/><Channel>Microsoft-Windows-Sysmon/Operational</Channel><Computer>DESKTOP-4GL3MO2</Computer><Security UserID='S-1-5-18'/></System><EventData><Data Name='RuleName'>-</Data><Data Name='UtcTime'>2020-11-11 07:49:22.411</Data><Data Name='ProcessGuid'>{a16191d0-e494-5f8f-6b00-000000000300}</Data><Data Name='ProcessId'>4552</Data><Data Name='Image'>C:\Windows\Explorer.EXE</Data><Data Name='TargetFilename'>C:\Users\jiyoung\AppData\Local\Programs\Python\Python38-32\tcl\tcl8.6\tzdata\Asia\21838D-Readme.txt</Data><Data Name='CreationUtcTime'>2020-11-11 07:49:20.426</Data></EventData></Event>
<Event xmlns='http://schemas.microsoft.com/win/2004/08/events/event'><System><Provider Name='Microsoft-Windows-Sysmon' Guid='{5770385f-c22a-43e0-bf4c-06f5698ffbd9}'/><EventID>11</EventID><Version>2</Version><Level>4</Level><Task>11</Task><Opcode>0</Opcode><Keywords>0x8000000000000000</Keywords><TimeCreated SystemTime='2020-11-11T07:49:25.207413500Z'/><EventRecordID>29931</EventRecordID><Correlation/><Execution ProcessID='8424' ThreadID='8456'/><Channel>Microsoft-Windows-Sysmon/Operational</Channel><Computer>DESKTOP-4GL3MO2</Computer><Security UserID='S-1-5-18'/></System><EventData><Data Name='RuleName'>-</Data><Data Name='UtcTime'>2020-11-11 07:49:22.411</Data><Data Name='ProcessGuid'>{a16191d0-e494-5f8f-6b00-000000000300}</Data><Data Name='ProcessId'>4552</Data><Data Name='Image'>C:\Windows\Explorer.EXE</Data><Data Name='TargetFilename'>C:\Users\jiyoung\AppData\Local\Programs\Python\Python38-32\tcl\tcl8.6\tzdata\Asia\21838D-Readme.txt</Data><Data Name='CreationUtcTime'>2020-11-11 07:49:20.426</Data></EventData></Event>
<Event xmlns='http://schemas.microsoft.com/win/2004/08/events/event'><System><Provider Name='Microsoft-Windows-Sysmon' Guid='{5770385f-c22a-43e0-bf4c-06f5698ffbd9}'/><EventID>11</EventID><Version>2</Version><Level>4</Level><Task>11</Task><Opcode>0</Opcode><Keywords>0x8000000000000000</Keywords><TimeCreated SystemTime='2020-11-11T07:49:25.207613900Z'/><EventRecordID>29932</EventRecordID><Correlation/><Execution ProcessID='8424' ThreadID='8456'/><Channel>Microsoft-Windows-Sysmon/Operational</Channel><Computer>DESKTOP-4GL3MO2</Computer><Security UserID='S-1-5-18'/></System><EventData><Data Name='RuleName'>-</Data><Data Name='UtcTime'>2020-11-11 07:49:22.458</Data><Data Name='ProcessGuid'>{a16191d0-e494-5f8f-6b00-000000000300}</Data><Data Name='ProcessId'>4552</Data><Data Name='Image'>C:\Windows\Explorer.EXE</Data><Data Name='TargetFilename'>C:\Users\jiyoung\AppData\Local\Programs\Python\Python38-32\Lib\msilib\21838D-Readme.txt</Data><Data Name='CreationUtcTime'>2020-11-11 07:49:22.380</Data></EventData></Event>
<Event xmlns='http://schemas.microsoft.com/win/2004/08/events/event'><System><Provider Name='Microsoft-Windows-Sysmon' Guid='{5770385f-c22a-43e0-bf4c-06f5698ffbd9}'/><EventID>11</EventID><Version>2</Version><Level>4</Level><Task>11</Task><Opcode>0</Opcode><Keywords>0x8000000000000000</Keywords><TimeCreated SystemTime='2020-11-11T07:49:25.207682800Z'/><EventRecordID>29933</EventRecordID><Correlation/><Execution ProcessID='8424' ThreadID='8456'/><Channel>Microsoft-Windows-Sysmon/Operational</Channel><Computer>DESKTOP-4GL3MO2</Computer><Security UserID='S-1-5-18'/></System><EventData><Data Name='RuleName'>-</Data><Data Name='UtcTime'>2020-11-11 07:49:22.458</Data><Data Name='ProcessGuid'>{a16191d0-e494-5f8f-6b00-000000000300}</Data><Data Name='ProcessId'>4552</Data><Data Name='Image'>C:\Windows\Explorer.EXE</Data><Data Name='TargetFilename'>C:\Users\jiyoung\AppData\Local\Programs\Python\Python38-32\Lib\xmlrpc\21838D-Readme.txt</Data><Data Name='CreationUtcTime'>2020-11-11 07:49:22.380</Data></EventData></Event>
<Event xmlns='http://schemas.microsoft.com/win/2004/08/events/event'><System><Provider Name='Microsoft-Windows-Sysmon' Guid='{5770385f-c22a-43e0-bf4c-06f5698ffbd9}'/><EventID>11</EventID><Version>2</Version><Level>4</Level><Task>11</Task><Opcode>0</Opcode><Keywords>0x8000000000000000</Keywords><TimeCreated SystemTime='2020-11-11T07:49:25.207748200Z'/><EventRecordID>29934</EventRecordID><Correlation/><Execution ProcessID='8424' ThreadID='8456'/><Channel>Microsoft-Windows-Sysmon/Operational</Channel><Computer>DESKTOP-4GL3MO2</Computer><Security UserID='S-1-5-18'/></System><EventData><Data Name='RuleName'>-</Data><Data Name='UtcTime'>2020-11-11 07:49:22.458</Data><Data Name='ProcessGuid'>{a16191d0-e494-5f8f-6b00-000000000300}</Data><Data Name='ProcessId'>4552</Data><Data Name='Image'>C:\Windows\Explorer.EXE</Data><Data Name='TargetFilename'>C:\Users\jiyoung\AppData\Local\Programs\Python\Python38-32\Lib\sqlite3\21838D-Readme.txt</Data><Data Name='CreationUtcTime'>2020-11-11 07:49:22.380</Data></EventData></Event>
<Event xmlns='http://schemas.microsoft.com/win/2004/08/events/event'><System><Provider Name='Microsoft-Windows-Sysmon' Guid='{5770385f-c22a-43e0-bf4c-06f5698ffbd9}'/><EventID>11</EventID><Version>2</Version><Level>4</Level><Task>11</Task><Opcode>0</Opcode><Keywords>0x8000000000000000</Keywords><TimeCreated SystemTime='2020-11-11T07:49:25.207812200Z'/><EventRecordID>29935</EventRecordID><Correlation/><Execution ProcessID='8424' ThreadID='8456'/><Channel>Microsoft-Windows-Sysmon/Operational</Channel><Computer>DESKTOP-4GL3MO2</Computer><Security UserID='S-1-5-18'/></System><EventData><Data Name='RuleName'>-</Data><Data Name='UtcTime'>2020-11-11 07:49:22.458</Data><Data Name='ProcessGuid'>{a16191d0-e494-5f8f-6b00-000000000300}</Data><Data Name='ProcessId'>4552</Data><Data Name='Image'>C:\Windows\Explorer.EXE</Data><Data Name='TargetFilename'>C:\Users\jiyoung\AppData\Local\Programs\Python\Python38-32\Lib\html\21838D-Readme.txt</Data><Data Name='CreationUtcTime'>2020-11-11 07:49:22.411</Data></EventData></Event>
<Event xmlns='http://schemas.microsoft.com/win/2004/08/events/event'><System><Provider Name='Microsoft-Windows-Sysmon' Guid='{5770385f-c22a-43e0-bf4c-06f5698ffbd9}'/><EventID>11</EventID><Version>2</Version><Level>4</Level><Task>11</Task><Opcode>0</Opcode><Keywords>0x8000000000000000</Keywords><TimeCreated SystemTime='2020-11-11T07:49:25.207873800Z'/><EventRecordID>29936</EventRecordID><Correlation/><Execution ProcessID='8424' ThreadID='8456'/><Channel>Microsoft-Windows-Sysmon/Operational</Channel><Computer>DESKTOP-4GL3MO2</Computer><Security UserID='S-1-5-18'/></System><EventData><Data Name='RuleName'>-</Data><Data Name='UtcTime'>2020-11-11 07:49:22.473</Data><Data Name='ProcessGuid'>{a16191d0-e494-5f8f-6b00-000000000300}</Data><Data Name='ProcessId'>4552</Data><Data Name='Image'>C:\Windows\Explorer.EXE</Data><Data Name='TargetFilename'>C:\Users\jiyoung\AppData\Local\Programs\Python\Python38-32\Lib\json\21838D-Readme.txt</Data><Data Name='CreationUtcTime'>2020-11-11 07:49:22.411</Data></EventData></Event>
<Event xmlns='http://schemas.microsoft.com/win/2004/08/events/event'><System><Provider Name='Microsoft-Windows-Sysmon' Guid='{5770385f-c22a-43e0-bf4c-06f5698ffbd9}'/><EventID>11</EventID><Version>2</Version><Level>4</Level><Task>11</Task><Opcode>0</Opcode><Keywords>0x8000000000000000</Keywords><TimeCreated SystemTime='2020-11-11T07:49:25.207937800Z'/><EventRecordID>29937</EventRecordID><Correlation/><Execution ProcessID='8424' ThreadID='8456'/><Channel>Microsoft-Windows-Sysmon/Operational</Channel><Computer>DESKTOP-4GL3MO2</Computer><Security UserID='S-1-5-18'/></System><EventData><Data Name='RuleName'>-</Data><Data Name='UtcTime'>2020-11-11 07:49:22.473</Data><Data Name='ProcessGuid'>{a16191d0-e494-5f8f-6b00-000000000300}</Data><Data Name='ProcessId'>4552</Data><Data Name='Image'>C:\Windows\Explorer.EXE</Data><Data Name='TargetFilename'>C:\Users\jiyoung\AppData\Local\Programs\Python\Python38-32\Lib\lib2to3\21838D-Readme.txt</Data><Data Name='CreationUtcTime'>2020-11-11 07:49:22.411</Data></EventData></Event>
<Event xmlns='http://schemas.microsoft.com/win/2004/08/events/event'><System><Provider Name='Microsoft-Windows-Sysmon' Guid='{5770385f-c22a-43e0-bf4c-06f5698ffbd9}'/><EventID>11</EventID><Version>2</Version><Level>4</Level><Task>11</Task><Opcode>0</Opcode><Keywords>0x8000000000000000</Keywords><TimeCreated SystemTime='2020-11-11T07:49:25.208001800Z'/><EventRecordID>29938</EventRecordID><Correlation/><Execution ProcessID='8424' ThreadID='8456'/><Channel>Microsoft-Windows-Sysmon/Operational</Channel><Computer>DESKTOP-4GL3MO2</Computer><Security UserID='S-1-5-18'/></System><EventData><Data Name='RuleName'>-</Data><Data Name='UtcTime'>2020-11-11 07:49:22.473</Data><Data Name='ProcessGuid'>{a16191d0-e494-5f8f-6b00-000000000300}</Data><Data Name='ProcessId'>4552</Data><Data Name='Image'>C:\Windows\Explorer.EXE</Data><Data Name='TargetFilename'>C:\Users\jiyoung\AppData\Local\Programs\Python\Python38-32\Lib\test\21838D-Readme.txt</Data><Data Name='CreationUtcTime'>2020-11-11 07:49:22.380</Data></EventData></Event>
<Event xmlns='http://schemas.microsoft.com/win/2004/08/events/event'><System><Provider Name='Microsoft-Windows-Sysmon' Guid='{5770385f-c22a-43e0-bf4c-06f5698ffbd9}'/><EventID>11</EventID><Version>2</Version><Level>4</Level><Task>11</Task><Opcode>0</Opcode><Keywords>0x8000000000000000</Keywords><TimeCreated SystemTime='2020-11-11T07:49:25.208065700Z'/><EventRecordID>29939</EventRecordID><Correlation/><Execution ProcessID='8424' ThreadID='8456'/><Channel>Microsoft-Windows-Sysmon/Operational</Channel><Computer>DESKTOP-4GL3MO2</Computer><Security UserID='S-1-5-18'/></System><EventData><Data Name='RuleName'>-</Data><Data Name='UtcTime'>2020-11-11 07:49:22.489</Data><Data Name='ProcessGuid'>{a16191d0-e494-5f8f-6b00-000000000300}</Data><Data Name='ProcessId'>4552</Data><Data Name='Image'>C:\Windows\Explorer.EXE</Data><Data Name='TargetFilename'>C:\Users\jiyoung\AppData\Local\Programs\Python\Python38-32\Lib\urllib\21838D-Readme.txt</Data><Data Name='CreationUtcTime'>2020-11-11 07:49:22.442</Data></EventData></Event>
<Event xmlns='http://schemas.microsoft.com/win/2004/08/events/event'><System><Provider Name='Microsoft-Windows-Sysmon' Guid='{5770385f-c22a-43e0-bf4c-06f5698ffbd9}'/><EventID>11</EventID><Version>2</Version><Level>4</Level><Task>11</Task><Opcode>0</Opcode><Keywords>0x8000000000000000</Keywords><TimeCreated SystemTime='2020-11-11T07:49:25.208129600Z'/><EventRecordID>29940</EventRecordID><Correlation/><Execution ProcessID='8424' ThreadID='8456'/><Channel>Microsoft-Windows-Sysmon/Operational</Channel><Computer>DESKTOP-4GL3MO2</Computer><Security UserID='S-1-5-18'/></System><EventData><Data Name='RuleName'>-</Data><Data Name='UtcTime'>2020-11-11 07:49:22.489</Data><Data Name='ProcessGuid'>{a16191d0-e494-5f8f-6b00-000000000300}</Data><Data Name='ProcessId'>4552</Data><Data Name='Image'>C:\Windows\Explorer.EXE</Data><Data Name='TargetFilename'>C:\Users\jiyoung\AppData\Local\Programs\Python\Python38-32\Lib\ctypes\test\21838D-Readme.txt</Data><Data Name='CreationUtcTime'>2020-11-11 07:49:22.426</Data></EventData></Event>
<Event xmlns='http://schemas.microsoft.com/win/2004/08/events/event'><System><Provider Name='Microsoft-Windows-Sysmon' Guid='{5770385f-c22a-43e0-bf4c-06f5698ffbd9}'/><EventID>11</EventID><Version>2</Version><Level>4</Level><Task>11</Task><Opcode>0</Opcode><Keywords>0x8000000000000000</Keywords><TimeCreated SystemTime='2020-11-11T07:49:25.208263800Z'/><EventRecordID>29941</EventRecordID><Correlation/><Execution ProcessID='8424' ThreadID='8456'/><Channel>Microsoft-Windows-Sysmon/Operational</Channel><Computer>DESKTOP-4GL3MO2</Computer><Security UserID='S-1-5-18'/></System><EventData><Data Name='RuleName'>-</Data><Data Name='UtcTime'>2020-11-11 07:49:22.520</Data><Data Name='ProcessGuid'>{a16191d0-e494-5f8f-6b00-000000000300}</Data><Data Name='ProcessId'>4552</Data><Data Name='Image'>C:\Windows\Explorer.EXE</Data><Data Name='TargetFilename'>C:\Users\jiyoung\AppData\Local\Programs\Python\Python38-32\Lib\idlelib\21838D-Readme.txt</Data><Data Name='CreationUtcTime'>2020-11-11 07:49:22.442</Data></EventData></Event>
<Event xmlns='http://schemas.microsoft.com/win/2004/08/events/event'><System><Provider Name='Microsoft-Windows-Sysmon' Guid='{5770385f-c22a-43e0-bf4c-06f5698ffbd9}'/><EventID>11</EventID><Version>2</Version><Level>4</Level><Task>11</Task><Opcode>0</Opcode><Keywords>0x8000000000000000</Keywords><TimeCreated SystemTime='2020-11-11T07:49:25.208330500Z'/><EventRecordID>29942</EventRecordID><Correlation/><Execution ProcessID='8424' ThreadID='8456'/><Channel>Microsoft-Windows-Sysmon/Operational</Channel><Computer>DESKTOP-4GL3MO2</Computer><Security UserID='S-1-5-18'/></System><EventData><Data Name='RuleName'>-</Data><Data Name='UtcTime'>2020-11-11 07:49:22.520</Data><Data Name='ProcessGuid'>{a16191d0-e494-5f8f-6b00-000000000300}</Data><Data Name='ProcessId'>4552</Data><Data Name='Image'>C:\Windows\Explorer.EXE</Data><Data Name='TargetFilename'>C:\Users\jiyoung\AppData\Local\Programs\Python\Python38-32\Lib\wsgiref\21838D-Readme.txt</Data><Data Name='CreationUtcTime'>2020-11-11 07:49:22.380</Data></EventData></Event>
<Event xmlns='http://schemas.microsoft.com/win/2004/08/events/event'><System><Provider Name='Microsoft-Windows-Sysmon' Guid='{5770385f-c22a-43e0-bf4c-06f5698ffbd9}'/><EventID>11</EventID><Version>2</Version><Level>4</Level><Task>11</Task><Opcode>0</Opcode><Keywords>0x8000000000000000</Keywords><TimeCreated SystemTime='2020-11-11T07:49:25.208398800Z'/><EventRecordID>29943</EventRecordID><Correlation/><Execution ProcessID='8424' ThreadID='8456'/><Channel>Microsoft-Windows-Sysmon/Operational</Channel><Computer>DESKTOP-4GL3MO2</Computer><Security UserID='S-1-5-18'/></System><EventData><Data Name='RuleName'>-</Data><Data Name='UtcTime'>2020-11-11 07:49:22.520</Data><Data Name='ProcessGuid'>{a16191d0-e494-5f8f-6b00-000000000300}</Data><Data Name='ProcessId'>4552</Data><Data Name='Image'>C:\Windows\Explorer.EXE</Data><Data Name='TargetFilename'>C:\Users\jiyoung\AppData\Local\Programs\Python\Python38-32\Lib\xml\parsers\21838D-Readme.txt</Data><Data Name='CreationUtcTime'>2020-11-11 07:49:22.473</Data></EventData></Event>
<Event xmlns='http://schemas.microsoft.com/win/2004/08/events/event'><System><Provider Name='Microsoft-Windows-Sysmon' Guid='{5770385f-c22a-43e0-bf4c-06f5698ffbd9}'/><EventID>11</EventID><Version>2</Version><Level>4</Level><Task>11</Task><Opcode>0</Opcode><Keywords>0x8000000000000000</Keywords><TimeCreated SystemTime='2020-11-11T07:49:25.209008700Z'/><EventRecordID>29944</EventRecordID><Correlation/><Execution ProcessID='8424' ThreadID='8456'/><Channel>Microsoft-Windows-Sysmon/Operational</Channel><Computer>DESKTOP-4GL3MO2</Computer><Security UserID='S-1-5-18'/></System><EventData><Data Name='RuleName'>-</Data><Data Name='UtcTime'>2020-11-11 07:49:22.536</Data><Data Name='ProcessGuid'>{a16191d0-e494-5f8f-6b00-000000000300}</Data><Data Name='ProcessId'>4552</Data><Data Name='Image'>C:\Windows\Explorer.EXE</Data><Data Name='TargetFilename'>C:\Users\jiyoung\AppData\Local\Programs\Python\Python38-32\Lib\ctypes\macholib\21838D-Readme.txt</Data><Data Name='CreationUtcTime'>2020-11-11 07:49:22.426</Data></EventData></Event>
<Event xmlns='http://schemas.microsoft.com/win/2004/08/events/event'><System><Provider Name='Microsoft-Windows-Sysmon' Guid='{5770385f-c22a-43e0-bf4c-06f5698ffbd9}'/><EventID>11</EventID><Version>2</Version><Level>4</Level><Task>11</Task><Opcode>0</Opcode><Keywords>0x8000000000000000</Keywords><TimeCreated SystemTime='2020-11-11T07:49:25.209080100Z'/><EventRecordID>29945</EventRecordID><Correlation/><Execution ProcessID='8424' ThreadID='8456'/><Channel>Microsoft-Windows-Sysmon/Operational</Channel><Computer>DESKTOP-4GL3MO2</Computer><Security UserID='S-1-5-18'/></System><EventData><Data Name='RuleName'>-</Data><Data Name='UtcTime'>2020-11-11 07:49:22.536</Data><Data Name='ProcessGuid'>{a16191d0-e494-5f8f-6b00-000000000300}</Data><Data Name='ProcessId'>4552</Data><Data Name='Image'>C:\Windows\Explorer.EXE</Data><Data Name='TargetFilename'>C:\Users\jiyoung\AppData\Local\Programs\Python\Python38-32\Lib\venv\scripts\common\21838D-Readme.txt</Data><Data Name='CreationUtcTime'>2020-11-11 07:49:22.395</Data></EventData></Event>
<Event xmlns='http://schemas.microsoft.com/win/2004/08/events/event'><System><Provider Name='Microsoft-Windows-Sysmon' Guid='{5770385f-c22a-43e0-bf4c-06f5698ffbd9}'/><EventID>11</EventID><Version>2</Version><Level>4</Level><Task>11</Task><Opcode>0</Opcode><Keywords>0x8000000000000000</Keywords><TimeCreated SystemTime='2020-11-11T07:49:25.209324700Z'/><EventRecordID>29946</EventRecordID><Correlation/><Execution ProcessID='8424' ThreadID='8456'/><Channel>Microsoft-Windows-Sysmon/Operational</Channel><Computer>DESKTOP-4GL3MO2</Computer><Security UserID='S-1-5-18'/></System><EventData><Data Name='RuleName'>-</Data><Data Name='UtcTime'>2020-11-11 07:49:22.551</Data><Data Name='ProcessGuid'>{a16191d0-e494-5f8f-6b00-000000000300}</Data><Data Name='ProcessId'>4552</Data><Data Name='Image'>C:\Windows\Explorer.EXE</Data><Data Name='TargetFilename'>C:\Users\jiyoung\AppData\Local\Programs\Python\Python38-32\Lib\multiprocessing\dummy\21838D-Readme.txt</Data><Data Name='CreationUtcTime'>2020-11-11 07:49:22.458</Data></EventData></Event>
<Event xmlns='http://schemas.microsoft.com/win/2004/08/events/event'><System><Provider Name='Microsoft-Windows-Sysmon' Guid='{5770385f-c22a-43e0-bf4c-06f5698ffbd9}'/><EventID>11</EventID><Version>2</Version><Level>4</Level><Task>11</Task><Opcode>0</Opcode><Keywords>0x8000000000000000</Keywords><TimeCreated SystemTime='2020-11-11T07:49:25.209658400Z'/><EventRecordID>29947</EventRecordID><Correlation/><Execution ProcessID='8424' ThreadID='8456'/><Channel>Microsoft-Windows-Sysmon/Operational</Channel><Computer>DESKTOP-4GL3MO2</Computer><Security UserID='S-1-5-18'/></System><EventData><Data Name='RuleName'>-</Data><Data Name='UtcTime'>2020-11-11 07:49:22.551</Data><Data Name='ProcessGuid'>{a16191d0-e494-5f8f-6b00-000000000300}</Data><Data Name='ProcessId'>4552</Data><Data Name='Image'>C:\Windows\Explorer.EXE</Data><Data Name='TargetFilename'>C:\Users\jiyoung\AppData\Local\Programs\Python\Python38-32\Lib\unittest\test\21838D-Readme.txt</Data><Data Name='CreationUtcTime'>2020-11-11 07:49:22.536</Data></EventData></Event>
<Event xmlns='http://schemas.microsoft.com/win/2004/08/events/event'><System><Provider Name='Microsoft-Windows-Sysmon' Guid='{5770385f-c22a-43e0-bf4c-06f5698ffbd9}'/><EventID>11</EventID><Version>2</Version><Level>4</Level><Task>11</Task><Opcode>0</Opcode><Keywords>0x8000000000000000</Keywords><TimeCreated SystemTime='2020-11-11T07:49:25.213960800Z'/><EventRecordID>29948</EventRecordID><Correlation/><Execution ProcessID='8424' ThreadID='8456'/><Channel>Microsoft-Windows-Sysmon/Operational</Channel><Computer>DESKTOP-4GL3MO2</Computer><Security UserID='S-1-5-18'/></System><EventData><Data Name='RuleName'>-</Data><Data Name='UtcTime'>2020-11-11 07:49:22.551</Data><Data Name='ProcessGuid'>{a16191d0-e494-5f8f-6b00-000000000300}</Data><Data Name='ProcessId'>4552</Data><Data Name='Image'>C:\Windows\Explorer.EXE</Data><Data Name='TargetFilename'>C:\Users\jiyoung\AppData\Local\Programs\Python\Python38-32\Lib\encodings\__pycache__\21838D-Readme.txt</Data><Data Name='CreationUtcTime'>2020-11-11 07:49:22.489</Data></EventData></Event>
<Event xmlns='http://schemas.microsoft.com/win/2004/08/events/event'><System><Provider Name='Microsoft-Windows-Sysmon' Guid='{5770385f-c22a-43e0-bf4c-06f5698ffbd9}'/><EventID>11</EventID><Version>2</Version><Level>4</Level><Task>11</Task><Opcode>0</Opcode><Keywords>0x8000000000000000</Keywords><TimeCreated SystemTime='2020-11-11T07:49:25.214077500Z'/><EventRecordID>29949</EventRecordID><Correlation/><Execution ProcessID='8424' ThreadID='8456'/><Channel>Microsoft-Windows-Sysmon/Operational</Channel><Computer>DESKTOP-4GL3MO2</Computer><Security UserID='S-1-5-18'/></System><EventData><Data Name='RuleName'>-</Data><Data Name='UtcTime'>2020-11-11 07:49:22.551</Data><Data Name='ProcessGuid'>{a16191d0-e494-5f8f-6b00-000000000300}</Data><Data Name='ProcessId'>4552</Data><Data Name='Image'>C:\Windows\Explorer.EXE</Data><Data Name='TargetFilename'>C:\Users\jiyoung\AppData\Local\Programs\Python\Python38-32\Lib\importlib\__pycache__\21838D-Readme.txt</Data><Data Name='CreationUtcTime'>2020-11-11 07:49:22.551</Data></EventData></Event>
<Event xmlns='http://schemas.microsoft.com/win/2004/08/events/event'><System><Provider Name='Microsoft-Windows-Sysmon' Guid='{5770385f-c22a-43e0-bf4c-06f5698ffbd9}'/><EventID>11</EventID><Version>2</Version><Level>4</Level><Task>11</Task><Opcode>0</Opcode><Keywords>0x8000000000000000</Keywords><TimeCreated SystemTime='2020-11-11T07:49:25.214752700Z'/><EventRecordID>29950</EventRecordID><Correlation/><Execution ProcessID='8424' ThreadID='8456'/><Channel>Microsoft-Windows-Sysmon/Operational</Channel><Computer>DESKTOP-4GL3MO2</Computer><Security UserID='S-1-5-18'/></System><EventData><Data Name='RuleName'>-</Data><Data Name='UtcTime'>2020-11-11 07:49:22.551</Data><Data Name='ProcessGuid'>{a16191d0-e494-5f8f-6b00-000000000300}</Data><Data Name='ProcessId'>4552</Data><Data Name='Image'>C:\Windows\Explorer.EXE</Data><Data Name='TargetFilename'>C:\Users\jiyoung\AppData\Local\Programs\Python\Python38-32\Lib\encodings\__pycache__\21838D-Readme.txt</Data><Data Name='CreationUtcTime'>2020-11-11 07:49:22.489</Data></EventData></Event>
<Event xmlns='http://schemas.microsoft.com/win/2004/08/events/event'><System><Provider Name='Microsoft-Windows-Sysmon' Guid='{5770385f-c22a-43e0-bf4c-06f5698ffbd9}'/><EventID>11</EventID><Version>2</Version><Level>4</Level><Task>11</Task><Opcode>0</Opcode><Keywords>0x8000000000000000</Keywords><TimeCreated SystemTime='2020-11-11T07:49:25.215022600Z'/><EventRecordID>29951</EventRecordID><Correlation/><Execution ProcessID='8424' ThreadID='8456'/><Channel>Microsoft-Windows-Sysmon/Operational</Channel><Computer>DESKTOP-4GL3MO2</Computer><Security UserID='S-1-5-18'/></System><EventData><Data Name='RuleName'>-</Data><Data Name='UtcTime'>2020-11-11 07:49:22.551</Data><Data Name='ProcessGuid'>{a16191d0-e494-5f8f-6b00-000000000300}</Data><Data Name='ProcessId'>4552</Data><Data Name='Image'>C:\Windows\Explorer.EXE</Data><Data Name='TargetFilename'>C:\Users\jiyoung\AppData\Local\Programs\Python\Python38-32\Lib\encodings\__pycache__\21838D-Readme.txt</Data><Data Name='CreationUtcTime'>2020-11-11 07:49:22.489</Data></EventData></Event>
<Event xmlns='http://schemas.microsoft.com/win/2004/08/events/event'><System><Provider Name='Microsoft-Windows-Sysmon' Guid='{5770385f-c22a-43e0-bf4c-06f5698ffbd9}'/><EventID>11</EventID><Version>2</Version><Level>4</Level><Task>11</Task><Opcode>0</Opcode><Keywords>0x8000000000000000</Keywords><TimeCreated SystemTime='2020-11-11T07:49:25.215126300Z'/><EventRecordID>29952</EventRecordID><Correlation/><Execution ProcessID='8424' ThreadID='8456'/><Channel>Microsoft-Windows-Sysmon/Operational</Channel><Computer>DESKTOP-4GL3MO2</Computer><Security UserID='S-1-5-18'/></System><EventData><Data Name='RuleName'>-</Data><Data Name='UtcTime'>2020-11-11 07:49:22.567</Data><Data Name='ProcessGuid'>{a16191d0-e494-5f8f-6b00-000000000300}</Data><Data Name='ProcessId'>4552</Data><Data Name='Image'>C:\Windows\Explorer.EXE</Data><Data Name='TargetFilename'>C:\Users\jiyoung\AppData\Local\Programs\Python\Python38-32\Lib\encodings\__pycache__\21838D-Readme.txt</Data><Data Name='CreationUtcTime'>2020-11-11 07:49:22.489</Data></EventData></Event>
<Event xmlns='http://schemas.microsoft.com/win/2004/08/events/event'><System><Provider Name='Microsoft-Windows-Sysmon' Guid='{5770385f-c22a-43e0-bf4c-06f5698ffbd9}'/><EventID>11</EventID><Version>2</Version><Level>4</Level><Task>11</Task><Opcode>0</Opcode><Keywords>0x8000000000000000</Keywords><TimeCreated SystemTime='2020-11-11T07:49:25.215402500Z'/><EventRecordID>29953</EventRecordID><Correlation/><Execution ProcessID='8424' ThreadID='8456'/><Channel>Microsoft-Windows-Sysmon/Operational</Channel><Computer>DESKTOP-4GL3MO2</Computer><Security UserID='S-1-5-18'/></System><EventData><Data Name='RuleName'>-</Data><Data Name='UtcTime'>2020-11-11 07:49:22.567</Data><Data Name='ProcessGuid'>{a16191d0-e494-5f8f-6b00-000000000300}</Data><Data Name='ProcessId'>4552</Data><Data Name='Image'>C:\Windows\Explorer.EXE</Data><Data Name='TargetFilename'>C:\Users\jiyoung\AppData\Local\Programs\Python\Python38-32\Lib\encodings\__pycache__\21838D-Readme.txt</Data><Data Name='CreationUtcTime'>2020-11-11 07:49:22.489</Data></EventData></Event>
<Event xmlns='http://schemas.microsoft.com/win/2004/08/events/event'><System><Provider Name='Microsoft-Windows-Sysmon' Guid='{5770385f-c22a-43e0-bf4c-06f5698ffbd9}'/><EventID>11</EventID><Version>2</Version><Level>4</Level><Task>11</Task><Opcode>0</Opcode><Keywords>0x8000000000000000</Keywords><TimeCreated SystemTime='2020-11-11T07:49:25.215835500Z'/><EventRecordID>29954</EventRecordID><Correlation/><Execution ProcessID='8424' ThreadID='8456'/><Channel>Microsoft-Windows-Sysmon/Operational</Channel><Computer>DESKTOP-4GL3MO2</Computer><Security UserID='S-1-5-18'/></System><EventData><Data Name='RuleName'>-</Data><Data Name='UtcTime'>2020-11-11 07:49:22.567</Data><Data Name='ProcessGuid'>{a16191d0-e494-5f8f-6b00-000000000300}</Data><Data Name='ProcessId'>4552</Data><Data Name='Image'>C:\Windows\Explorer.EXE</Data><Data Name='TargetFilename'>C:\Users\jiyoung\AppData\Local\Programs\Python\Python38-32\Lib\encodings\__pycache__\21838D-Readme.txt</Data><Data Name='CreationUtcTime'>2020-11-11 07:49:22.489</Data></EventData></Event>
<Event xmlns='http://schemas.microsoft.com/win/2004/08/events/event'><System><Provider Name='Microsoft-Windows-Sysmon' Guid='{5770385f-c22a-43e0-bf4c-06f5698ffbd9}'/><EventID>11</EventID><Version>2</Version><Level>4</Level><Task>11</Task><Opcode>0</Opcode><Keywords>0x8000000000000000</Keywords><TimeCreated SystemTime='2020-11-11T07:49:25.216164600Z'/><EventRecordID>29955</EventRecordID><Correlation/><Execution ProcessID='8424' ThreadID='8456'/><Channel>Microsoft-Windows-Sysmon/Operational</Channel><Computer>DESKTOP-4GL3MO2</Computer><Security UserID='S-1-5-18'/></System><EventData><Data Name='RuleName'>-</Data><Data Name='UtcTime'>2020-11-11 07:49:22.395</Data><Data Name='ProcessGuid'>{a16191d0-e494-5f8f-6b00-000000000300}</Data><Data Name='ProcessId'>4552</Data><Data Name='Image'>C:\Windows\Explorer.EXE</Data><Data Name='TargetFilename'>C:\Users\jiyoung\AppData\Local\Programs\Python\Python38-32\tcl\tix8.4.3\demos\samples\21838D-Readme.txt</Data><Data Name='CreationUtcTime'>2020-11-11 07:49:21.426</Data></EventData></Event>
<Event xmlns='http://schemas.microsoft.com/win/2004/08/events/event'><System><Provider Name='Microsoft-Windows-Sysmon' Guid='{5770385f-c22a-43e0-bf4c-06f5698ffbd9}'/><EventID>11</EventID><Version>2</Version><Level>4</Level><Task>11</Task><Opcode>0</Opcode><Keywords>0x8000000000000000</Keywords><TimeCreated SystemTime='2020-11-11T07:49:25.216437100Z'/><EventRecordID>29956</EventRecordID><Correlation/><Execution ProcessID='8424' ThreadID='8456'/><Channel>Microsoft-Windows-Sysmon/Operational</Channel><Computer>DESKTOP-4GL3MO2</Computer><Security UserID='S-1-5-18'/></System><EventData><Data Name='RuleName'>-</Data><Data Name='UtcTime'>2020-11-11 07:49:22.395</Data><Data Name='ProcessGuid'>{a16191d0-e494-5f8f-6b00-000000000300}</Data><Data Name='ProcessId'>4552</Data><Data Name='Image'>C:\Windows\Explorer.EXE</Data><Data Name='TargetFilename'>C:\Users\jiyoung\AppData\Local\Programs\Python\Python38-32\tcl\tix8.4.3\demos\samples\21838D-Readme.txt</Data><Data Name='CreationUtcTime'>2020-11-11 07:49:21.426</Data></EventData></Event>
<Event xmlns='http://schemas.microsoft.com/win/2004/08/events/event'><System><Provider Name='Microsoft-Windows-Sysmon' Guid='{5770385f-c22a-43e0-bf4c-06f5698ffbd9}'/><EventID>11</EventID><Version>2</Version><Level>4</Level><Task>11</Task><Opcode>0</Opcode><Keywords>0x8000000000000000</Keywords><TimeCreated SystemTime='2020-11-11T07:49:25.218910600Z'/><EventRecordID>29957</EventRecordID><Correlation/><Execution ProcessID='8424' ThreadID='8456'/><Channel>Microsoft-Windows-Sysmon/Operational</Channel><Computer>DESKTOP-4GL3MO2</Computer><Security UserID='S-1-5-18'/></System><EventData><Data Name='RuleName'>-</Data><Data Name='UtcTime'>2020-11-11 07:49:22.833</Data><Data Name='ProcessGuid'>{a16191d0-e494-5f8f-6b00-000000000300}</Data><Data Name='ProcessId'>4552</Data><Data Name='Image'>C:\Windows\Explorer.EXE</Data><Data Name='TargetFilename'>C:\Users\jiyoung\AppData\Local\Programs\Python\Python38-32\Lib\distutils\command\__pycache__\21838D-Readme.txt</Data><Data Name='CreationUtcTime'>2020-11-11 07:49:22.583</Data></EventData></Event>
<Event xmlns='http://schemas.microsoft.com/win/2004/08/events/event'><System><Provider Name='Microsoft-Windows-Sysmon' Guid='{5770385f-c22a-43e0-bf4c-06f5698ffbd9}'/><EventID>11</EventID><Version>2</Version><Level>4</Level><Task>11</Task><Opcode>0</Opcode><Keywords>0x8000000000000000</Keywords><TimeCreated SystemTime='2020-11-11T07:49:25.221732100Z'/><EventRecordID>29958</EventRecordID><Correlation/><Execution ProcessID='8424' ThreadID='8456'/><Channel>Microsoft-Windows-Sysmon/Operational</Channel><Computer>DESKTOP-4GL3MO2</Computer><Security UserID='S-1-5-18'/></System><EventData><Data Name='RuleName'>-</Data><Data Name='UtcTime'>2020-11-11 07:49:23.973</Data><Data Name='ProcessGuid'>{a16191d0-e494-5f8f-6b00-000000000300}</Data><Data Name='ProcessId'>4552</Data><Data Name='Image'>C:\Windows\Explorer.EXE</Data><Data Name='TargetFilename'>C:\Users\jiyoung\AppData\Local\Programs\Python\Python38-32\tcl\tix8.4.3\demos\samples\21838D-Readme.txt</Data><Data Name='CreationUtcTime'>2020-11-11 07:49:21.426</Data></EventData></Event>
<Event xmlns='http://schemas.microsoft.com/win/2004/08/events/event'><System><Provider Name='Microsoft-Windows-Sysmon' Guid='{5770385f-c22a-43e0-bf4c-06f5698ffbd9}'/><EventID>11</EventID><Version>2</Version><Level>4</Level><Task>11</Task><Opcode>0</Opcode><Keywords>0x8000000000000000</Keywords><TimeCreated SystemTime='2020-11-11T07:49:25.222209800Z'/><EventRecordID>29959</EventRecordID><Correlation/><Execution ProcessID='8424' ThreadID='8456'/><Channel>Microsoft-Windows-Sysmon/Operational</Channel><Computer>DESKTOP-4GL3MO2</Computer><Security UserID='S-1-5-18'/></System><EventData><Data Name='RuleName'>-</Data><Data Name='UtcTime'>2020-11-11 07:49:24.051</Data><Data Name='ProcessGuid'>{a16191d0-e494-5f8f-6b00-000000000300}</Data><Data Name='ProcessId'>4552</Data><Data Name='Image'>C:\Windows\Explorer.EXE</Data><Data Name='TargetFilename'>C:\Users\jiyoung\AppData\Local\Programs\Python\Python38-32\Lib\distutils\command\__pycache__\21838D-Readme.txt</Data><Data Name='CreationUtcTime'>2020-11-11 07:49:22.583</Data></EventData></Event>
<Event xmlns='http://schemas.microsoft.com/win/2004/08/events/event'><System><Provider Name='Microsoft-Windows-Sysmon' Guid='{5770385f-c22a-43e0-bf4c-06f5698ffbd9}'/><EventID>11</EventID><Version>2</Version><Level>4</Level><Task>11</Task><Opcode>0</Opcode><Keywords>0x8000000000000000</Keywords><TimeCreated SystemTime='2020-11-11T07:49:25.222462400Z'/><EventRecordID>29960</EventRecordID><Correlation/><Execution ProcessID='8424' ThreadID='8456'/><Channel>Microsoft-Windows-Sysmon/Operational</Channel><Computer>DESKTOP-4GL3MO2</Computer><Security UserID='S-1-5-18'/></System><EventData><Data Name='RuleName'>-</Data><Data Name='UtcTime'>2020-11-11 07:49:24.051</Data><Data Name='ProcessGuid'>{a16191d0-e494-5f8f-6b00-000000000300}</Data><Data Name='ProcessId'>4552</Data><Data Name='Image'>C:\Windows\Explorer.EXE</Data><Data Name='TargetFilename'>C:\Users\jiyoung\AppData\Local\Programs\Python\Python38-32\Lib\distutils\command\__pycache__\21838D-Readme.txt</Data><Data Name='CreationUtcTime'>2020-11-11 07:49:22.583</Data></EventData></Event>
<Event xmlns='http://schemas.microsoft.com/win/2004/08/events/event'><System><Provider Name='Microsoft-Windows-Sysmon' Guid='{5770385f-c22a-43e0-bf4c-06f5698ffbd9}'/><EventID>11</EventID><Version>2</Version><Level>4</Level><Task>11</Task><Opcode>0</Opcode><Keywords>0x8000000000000000</Keywords><TimeCreated SystemTime='2020-11-11T07:49:25.225141600Z'/><EventRecordID>29961</EventRecordID><Correlation/><Execution ProcessID='8424' ThreadID='8456'/><Channel>Microsoft-Windows-Sysmon/Operational</Channel><Computer>DESKTOP-4GL3MO2</Computer><Security UserID='S-1-5-18'/></System><EventData><Data Name='RuleName'>-</Data><Data Name='UtcTime'>2020-11-11 07:49:24.833</Data><Data Name='ProcessGuid'>{a16191d0-e494-5f8f-6b00-000000000300}</Data><Data Name='ProcessId'>4552</Data><Data Name='Image'>C:\Windows\Explorer.EXE</Data><Data Name='TargetFilename'>C:\Users\jiyoung\AppData\Local\Programs\Python\Python38-32\Lib\venv\21838D-Readme.txt</Data><Data Name='CreationUtcTime'>2020-11-11 07:49:24.473</Data></EventData></Event>
<Event xmlns='http://schemas.microsoft.com/win/2004/08/events/event'><System><Provider Name='Microsoft-Windows-Sysmon' Guid='{5770385f-c22a-43e0-bf4c-06f5698ffbd9}'/><EventID>11</EventID><Version>2</Version><Level>4</Level><Task>11</Task><Opcode>0</Opcode><Keywords>0x8000000000000000</Keywords><TimeCreated SystemTime='2020-11-11T07:49:25.227936000Z'/><EventRecordID>29962</EventRecordID><Correlation/><Execution ProcessID='8424' ThreadID='8456'/><Channel>Microsoft-Windows-Sysmon/Operational</Channel><Computer>DESKTOP-4GL3MO2</Computer><Security UserID='S-1-5-18'/></System><EventData><Data Name='RuleName'>-</Data><Data Name='UtcTime'>2020-11-11 07:49:25.130</Data><Data Name='ProcessGuid'>{a16191d0-e494-5f8f-6b00-000000000300}</Data><Data Name='ProcessId'>4552</Data><Data Name='Image'>C:\Windows\Explorer.EXE</Data><Data Name='TargetFilename'>C:\Users\jiyoung\AppData\Local\Programs\Python\Python38-32\Lib\http\21838D-Readme.txt</Data><Data Name='CreationUtcTime'>2020-11-11 07:49:25.114</Data></EventData></Event>
<Event xmlns='http://schemas.microsoft.com/win/2004/08/events/event'><System><Provider Name='Microsoft-Windows-Sysmon' Guid='{5770385f-c22a-43e0-bf4c-06f5698ffbd9}'/><EventID>11</EventID><Version>2</Version><Level>4</Level><Task>11</Task><Opcode>0</Opcode><Keywords>0x8000000000000000</Keywords><TimeCreated SystemTime='2020-11-11T07:49:25.228019600Z'/><EventRecordID>29963</EventRecordID><Correlation/><Execution ProcessID='8424' ThreadID='8456'/><Channel>Microsoft-Windows-Sysmon/Operational</Channel><Computer>DESKTOP-4GL3MO2</Computer><Security UserID='S-1-5-18'/></System><EventData><Data Name='RuleName'>-</Data><Data Name='UtcTime'>2020-11-11 07:49:25.130</Data><Data Name='ProcessGuid'>{a16191d0-e494-5f8f-6b00-000000000300}</Data><Data Name='ProcessId'>4552</Data><Data Name='Image'>C:\Windows\Explorer.EXE</Data><Data Name='TargetFilename'>C:\Users\jiyoung\AppData\Local\Programs\Python\Python38-32\Lib\logging\21838D-Readme.txt</Data><Data Name='CreationUtcTime'>2020-11-11 07:49:22.380</Data></EventData></Event>
<Event xmlns='http://schemas.microsoft.com/win/2004/08/events/event'><System><Provider Name='Microsoft-Windows-Sysmon' Guid='{5770385f-c22a-43e0-bf4c-06f5698ffbd9}'/><EventID>11</EventID><Version>2</Version><Level>4</Level><Task>11</Task><Opcode>0</Opcode><Keywords>0x8000000000000000</Keywords><TimeCreated SystemTime='2020-11-11T07:49:25.233639900Z'/><EventRecordID>29964</EventRecordID><Correlation/><Execution ProcessID='8424' ThreadID='8456'/><Channel>Microsoft-Windows-Sysmon/Operational</Channel><Computer>DESKTOP-4GL3MO2</Computer><Security UserID='S-1-5-18'/></System><EventData><Data Name='RuleName'>-</Data><Data Name='UtcTime'>2020-11-11 07:49:25.192</Data><Data Name='ProcessGuid'>{a16191d0-e494-5f8f-6b00-000000000300}</Data><Data Name='ProcessId'>4552</Data><Data Name='Image'>C:\Windows\Explorer.EXE</Data><Data Name='TargetFilename'>C:\Users\jiyoung\AppData\Local\Programs\Python\Python38-32\Lib\xml\parsers\__pycache__\21838D-Readme.txt</Data><Data Name='CreationUtcTime'>2020-11-11 07:49:25.192</Data></EventData></Event>
<Event xmlns='http://schemas.microsoft.com/win/2004/08/events/event'><System><Provider Name='Microsoft-Windows-Sysmon' Guid='{5770385f-c22a-43e0-bf4c-06f5698ffbd9}'/><EventID>11</EventID><Version>2</Version><Level>4</Level><Task>11</Task><Opcode>0</Opcode><Keywords>0x8000000000000000</Keywords><TimeCreated SystemTime='2020-11-11T07:49:25.931011200Z'/><EventRecordID>29965</EventRecordID><Correlation/><Execution ProcessID='8424' ThreadID='8456'/><Channel>Microsoft-Windows-Sysmon/Operational</Channel><Computer>DESKTOP-4GL3MO2</Computer><Security UserID='S-1-5-18'/></System><EventData><Data Name='RuleName'>-</Data><Data Name='UtcTime'>2020-11-11 07:49:25.614</Data><Data Name='ProcessGuid'>{a16191d0-e494-5f8f-6b00-000000000300}</Data><Data Name='ProcessId'>4552</Data><Data Name='Image'>C:\Windows\Explorer.EXE</Data><Data Name='TargetFilename'>C:\Users\jiyoung\AppData\Local\Microsoft\Windows\Caches\{3DA71D5A-20CC-432F-A115-DFE92379E91F}.3.ver0x0000000000000012.db</Data><Data Name='CreationUtcTime'>2020-11-11 07:49:25.473</Data></EventData></Event>
<Event xmlns='http://schemas.microsoft.com/win/2004/08/events/event'><System><Provider Name='Microsoft-Windows-Sysmon' Guid='{5770385f-c22a-43e0-bf4c-06f5698ffbd9}'/><EventID>11</EventID><Version>2</Version><Level>4</Level><Task>11</Task><Opcode>0</Opcode><Keywords>0x8000000000000000</Keywords><TimeCreated SystemTime='2020-11-11T07:49:25.931442500Z'/><EventRecordID>29966</EventRecordID><Correlation/><Execution ProcessID='8424' ThreadID='8456'/><Channel>Microsoft-Windows-Sysmon/Operational</Channel><Computer>DESKTOP-4GL3MO2</Computer><Security UserID='S-1-5-18'/></System><EventData><Data Name='RuleName'>-</Data><Data Name='UtcTime'>2020-11-11 07:49:25.755</Data><Data Name='ProcessGuid'>{a16191d0-974a-5fab-7109-000000000300}</Data><Data Name='ProcessId'>9068</Data><Data Name='Image'>C:\Windows\system32\msiexec.exe</Data><Data Name='TargetFilename'>C:\Config.Msi\MSI69D8.tmp</Data><Data Name='CreationUtcTime'>2020-11-11 07:49:25.505</Data></EventData></Event>
<Event xmlns='http://schemas.microsoft.com/win/2004/08/events/event'><System><Provider Name='Microsoft-Windows-Sysmon' Guid='{5770385f-c22a-43e0-bf4c-06f5698ffbd9}'/><EventID>11</EventID><Version>2</Version><Level>4</Level><Task>11</Task><Opcode>0</Opcode><Keywords>0x8000000000000000</Keywords><TimeCreated SystemTime='2020-11-11T07:49:25.931689800Z'/><EventRecordID>29967</EventRecordID><Correlation/><Execution ProcessID='8424' ThreadID='8456'/><Channel>Microsoft-Windows-Sysmon/Operational</Channel><Computer>DESKTOP-4GL3MO2</Computer><Security UserID='S-1-5-18'/></System><EventData><Data Name='RuleName'>-</Data><Data Name='UtcTime'>2020-11-11 07:49:25.786</Data><Data Name='ProcessGuid'>{a16191d0-e494-5f8f-6b00-000000000300}</Data><Data Name='ProcessId'>4552</Data><Data Name='Image'>C:\Windows\Explorer.EXE</Data><Data Name='TargetFilename'>C:\Users\jiyoung\AppData\Local\Programs\Python\Python38-32\Lib\xmlrpc\__pycache__\21838D-Readme.txt</Data><Data Name='CreationUtcTime'>2020-11-11 07:49:25.551</Data></EventData></Event>
<Event xmlns='http://schemas.microsoft.com/win/2004/08/events/event'><System><Provider Name='Microsoft-Windows-Sysmon' Guid='{5770385f-c22a-43e0-bf4c-06f5698ffbd9}'/><EventID>11</EventID><Version>2</Version><Level>4</Level><Task>11</Task><Opcode>0</Opcode><Keywords>0x8000000000000000</Keywords><TimeCreated SystemTime='2020-11-11T07:49:25.931788900Z'/><EventRecordID>29968</EventRecordID><Correlation/><Execution ProcessID='8424' ThreadID='8456'/><Channel>Microsoft-Windows-Sysmon/Operational</Channel><Computer>DESKTOP-4GL3MO2</Computer><Security UserID='S-1-5-18'/></System><EventData><Data Name='RuleName'>-</Data><Data Name='UtcTime'>2020-11-11 07:49:25.801</Data><Data Name='ProcessGuid'>{a16191d0-e494-5f8f-6b00-000000000300}</Data><Data Name='ProcessId'>4552</Data><Data Name='Image'>C:\Windows\Explorer.EXE</Data><Data Name='TargetFilename'>C:\Users\jiyoung\AppData\Local\Programs\Python\Python38-32\Lib\tkinter\21838D-Readme.txt</Data><Data Name='CreationUtcTime'>2020-11-11 07:49:25.661</Data></EventData></Event>
<Event xmlns='http://schemas.microsoft.com/win/2004/08/events/event'><System><Provider Name='Microsoft-Windows-Sysmon' Guid='{5770385f-c22a-43e0-bf4c-06f5698ffbd9}'/><EventID>11</EventID><Version>2</Version><Level>4</Level><Task>11</Task><Opcode>0</Opcode><Keywords>0x8000000000000000</Keywords><TimeCreated SystemTime='2020-11-11T07:49:25.931853600Z'/><EventRecordID>29969</EventRecordID><Correlation/><Execution ProcessID='8424' ThreadID='8456'/><Channel>Microsoft-Windows-Sysmon/Operational</Channel><Computer>DESKTOP-4GL3MO2</Computer><Security UserID='S-1-5-18'/></System><EventData><Data Name='RuleName'>-</Data><Data Name='UtcTime'>2020-11-11 07:49:25.801</Data><Data Name='ProcessGuid'>{a16191d0-e494-5f8f-6b00-000000000300}</Data><Data Name='ProcessId'>4552</Data><Data Name='Image'>C:\Windows\Explorer.EXE</Data><Data Name='TargetFilename'>C:\Users\jiyoung\AppData\Local\Programs\Python\Python38-32\Lib\html\__pycache__\21838D-Readme.txt</Data><Data Name='CreationUtcTime'>2020-11-11 07:49:25.630</Data></EventData></Event>
<Event xmlns='http://schemas.microsoft.com/win/2004/08/events/event'><System><Provider Name='Microsoft-Windows-Sysmon' Guid='{5770385f-c22a-43e0-bf4c-06f5698ffbd9}'/><EventID>11</EventID><Version>2</Version><Level>4</Level><Task>11</Task><Opcode>0</Opcode><Keywords>0x8000000000000000</Keywords><TimeCreated SystemTime='2020-11-11T07:49:25.931950700Z'/><EventRecordID>29970</EventRecordID><Correlation/><Execution ProcessID='8424' ThreadID='8456'/><Channel>Microsoft-Windows-Sysmon/Operational</Channel><Computer>DESKTOP-4GL3MO2</Computer><Security UserID='S-1-5-18'/></System><EventData><Data Name='RuleName'>-</Data><Data Name='UtcTime'>2020-11-11 07:49:25.801</Data><Data Name='ProcessGuid'>{a16191d0-e494-5f8f-6b00-000000000300}</Data><Data Name='ProcessId'>4552</Data><Data Name='Image'>C:\Windows\Explorer.EXE</Data><Data Name='TargetFilename'>C:\Users\jiyoung\AppData\Local\Programs\Python\Python38-32\Lib\sqlite3\test\21838D-Readme.txt</Data><Data Name='CreationUtcTime'>2020-11-11 07:49:25.770</Data></EventData></Event>
