<Event xmlns='http://schemas.microsoft.com/win/2004/08/events/event'><System><Provider Name='Microsoft-Windows-Sysmon' Guid='{5770385f-c22a-43e0-bf4c-06f5698ffbd9}'/><EventID>11</EventID><Version>2</Version><Level>4</Level><Task>11</Task><Opcode>0</Opcode><Keywords>0x8000000000000000</Keywords><TimeCreated SystemTime='2020-11-11T07:48:53.970777500Z'/><EventRecordID>29353</EventRecordID><Correlation/><Execution ProcessID='8424' ThreadID='8456'/><Channel>Microsoft-Windows-Sysmon/Operational</Channel><Computer>DESKTOP-4GL3MO2</Computer><Security UserID='S-1-5-18'/></System><EventData><Data Name='RuleName'>-</Data><Data Name='UtcTime'>2020-11-11 07:48:53.958</Data><Data Name='ProcessGuid'>{a16191d0-9765-5fab-8309-000000000300}</Data><Data Name='ProcessId'>11412</Data><Data Name='Image'>c:\Windows\Microsoft.NET\Framework64\v4.0.30319\ngen.exe</Data><Data Name='TargetFilename'>C:\Windows\Microsoft.NET\Framework64\v4.0.30319\ngenrootstorelock.dat</Data><Data Name='CreationUtcTime'>2020-11-11 07:48:53.770</Data></EventData></Event>
<Event xmlns='http://schemas.microsoft.com/win/2004/08/events/event'><System><Provider Name='Microsoft-Windows-Sysmon' Guid='{5770385f-c22a-43e0-bf4c-06f5698ffbd9}'/><EventID>5</EventID><Version>3</Version><Level>4</Level><Task>5</Task><Opcode>0</Opcode><Keywords>0x8000000000000000</Keywords><TimeCreated SystemTime='2020-11-11T07:48:53.976516100Z'/><EventRecordID>29354</EventRecordID><Correlation/><Execution ProcessID='8424' ThreadID='8456'/><Channel>Microsoft-Windows-Sysmon/Operational</Channel><Computer>DESKTOP-4GL3MO2</Computer><Security UserID='S-1-5-18'/></System><EventData><Data Name='RuleName'>-</Data><Data Name='UtcTime'>2020-11-11 07:48:53.973</Data><Data Name='ProcessGuid'>{a16191d0-9765-5fab-8309-000000000300}</Data><Data Name='ProcessId'>11412</Data><Data Name='Image'>C:\Windows\Microsoft.NET\Framework64\v4.0.30319\ngen.exe</Data></EventData></Event>
<Event xmlns='http://schemas.microsoft.com/win/2004/08/events/event'><System><Provider Name='Microsoft-Windows-Sysmon' Guid='{5770385f-c22a-43e0-bf4c-06f5698ffbd9}'/><EventID>5</EventID><Version>3</Version><Level>4</Level><Task>5</Task><Opcode>0</Opcode><Keywords>0x8000000000000000</Keywords><TimeCreated SystemTime='2020-11-11T07:48:53.983736900Z'/><EventRecordID>29355</EventRecordID><Correlation/><Execution ProcessID='8424' ThreadID='8456'/><Channel>Microsoft-Windows-Sysmon/Operational</Channel><Computer>DESKTOP-4GL3MO2</Computer><Security UserID='S-1-5-18'/></System><EventData><Data Name='RuleName'>-</Data><Data Name='UtcTime'>2020-11-11 07:48:53.973</Data><Data Name='ProcessGuid'>{a16191d0-9765-5fab-8409-000000000300}</Data><Data Name='ProcessId'>11452</Data><Data Name='Image'>C:\Windows\System32\conhost.exe</Data></EventData></Event>
<Event xmlns='http://schemas.microsoft.com/win/2004/08/events/event'><System><Provider Name='Microsoft-Windows-Sysmon' Guid='{5770385f-c22a-43e0-bf4c-06f5698ffbd9}'/><EventID>11</EventID><Version>2</Version><Level>4</Level><Task>11</Task><Opcode>0</Opcode><Keywords>0x8000000000000000</Keywords><TimeCreated SystemTime='2020-11-11T07:48:54.101440200Z'/><EventRecordID>29356</EventRecordID><Correlation/><Execution ProcessID='8424' ThreadID='8456'/><Channel>Microsoft-Windows-Sysmon/Operational</Channel><Computer>DESKTOP-4GL3MO2</Computer><Security UserID='S-1-5-18'/></System><EventData><Data Name='RuleName'>-</Data><Data Name='UtcTime'>2020-11-11 07:48:54.083</Data><Data Name='ProcessGuid'>{a16191d0-9765-5fab-8509-000000000300}</Data><Data Name='ProcessId'>2028</Data><Data Name='Image'>c:\Windows\Microsoft.NET\Framework\v4.0.30319\ngen.exe</Data><Data Name='TargetFilename'>C:\Windows\Microsoft.NET\ngenserviceclientlock.dat</Data><Data Name='CreationUtcTime'>2020-11-11 07:48:53.692</Data></EventData></Event>
<Event xmlns='http://schemas.microsoft.com/win/2004/08/events/event'><System><Provider Name='Microsoft-Windows-Sysmon' Guid='{5770385f-c22a-43e0-bf4c-06f5698ffbd9}'/><EventID>11</EventID><Version>2</Version><Level>4</Level><Task>11</Task><Opcode>0</Opcode><Keywords>0x8000000000000000</Keywords><TimeCreated SystemTime='2020-11-11T07:48:54.101581100Z'/><EventRecordID>29357</EventRecordID><Correlation/><Execution ProcessID='8424' ThreadID='8456'/><Channel>Microsoft-Windows-Sysmon/Operational</Channel><Computer>DESKTOP-4GL3MO2</Computer><Security UserID='S-1-5-18'/></System><EventData><Data Name='RuleName'>-</Data><Data Name='UtcTime'>2020-11-11 07:48:54.083</Data><Data Name='ProcessGuid'>{a16191d0-9765-5fab-8509-000000000300}</Data><Data Name='ProcessId'>2028</Data><Data Name='Image'>c:\Windows\Microsoft.NET\Framework\v4.0.30319\ngen.exe</Data><Data Name='TargetFilename'>C:\Windows\Microsoft.NET\Framework\v4.0.30319\ngenrootstorelock.dat</Data><Data Name='CreationUtcTime'>2020-11-11 07:48:53.692</Data></EventData></Event>
<Event xmlns='http://schemas.microsoft.com/win/2004/08/events/event'><System><Provider Name='Microsoft-Windows-Sysmon' Guid='{5770385f-c22a-43e0-bf4c-06f5698ffbd9}'/><EventID>5</EventID><Version>3</Version><Level>4</Level><Task>5</Task><Opcode>0</Opcode><Keywords>0x8000000000000000</Keywords><TimeCreated SystemTime='2020-11-11T07:48:54.114372100Z'/><EventRecordID>29358</EventRecordID><Correlation/><Execution ProcessID='8424' ThreadID='8456'/><Channel>Microsoft-Windows-Sysmon/Operational</Channel><Computer>DESKTOP-4GL3MO2</Computer><Security UserID='S-1-5-18'/></System><EventData><Data Name='RuleName'>-</Data><Data Name='UtcTime'>2020-11-11 07:48:54.099</Data><Data Name='ProcessGuid'>{a16191d0-9765-5fab-8509-000000000300}</Data><Data Name='ProcessId'>2028</Data><Data Name='Image'>C:\Windows\Microsoft.NET\Framework\v4.0.30319\ngen.exe</Data></EventData></Event>
<Event xmlns='http://schemas.microsoft.com/win/2004/08/events/event'><System><Provider Name='Microsoft-Windows-Sysmon' Guid='{5770385f-c22a-43e0-bf4c-06f5698ffbd9}'/><EventID>5</EventID><Version>3</Version><Level>4</Level><Task>5</Task><Opcode>0</Opcode><Keywords>0x8000000000000000</Keywords><TimeCreated SystemTime='2020-11-11T07:48:54.121785800Z'/><EventRecordID>29359</EventRecordID><Correlation/><Execution ProcessID='8424' ThreadID='8456'/><Channel>Microsoft-Windows-Sysmon/Operational</Channel><Computer>DESKTOP-4GL3MO2</Computer><Security UserID='S-1-5-18'/></System><EventData><Data Name='RuleName'>-</Data><Data Name='UtcTime'>2020-11-11 07:48:54.114</Data><Data Name='ProcessGuid'>{a16191d0-9765-5fab-8609-000000000300}</Data><Data Name='ProcessId'>9932</Data><Data Name='Image'>C:\Windows\System32\conhost.exe</Data></EventData></Event>
<Event xmlns='http://schemas.microsoft.com/win/2004/08/events/event'><System><Provider Name='Microsoft-Windows-Sysmon' Guid='{5770385f-c22a-43e0-bf4c-06f5698ffbd9}'/><EventID>1</EventID><Version>5</Version><Level>4</Level><Task>1</Task><Opcode>0</Opcode><Keywords>0x8000000000000000</Keywords><TimeCreated SystemTime='2020-11-11T07:48:54.123815700Z'/><EventRecordID>29360</EventRecordID><Correlation/><Execution ProcessID='8424' ThreadID='8456'/><Channel>Microsoft-Windows-Sysmon/Operational</Channel><Computer>DESKTOP-4GL3MO2</Computer><Security UserID='S-1-5-18'/></System><EventData><Data Name='RuleName'>-</Data><Data Name='UtcTime'>2020-11-11 07:48:54.119</Data><Data Name='ProcessGuid'>{a16191d0-9766-5fab-8709-000000000300}</Data><Data Name='ProcessId'>9348</Data><Data Name='Image'>C:\Windows\Microsoft.NET\Framework64\v4.0.30319\ngen.exe</Data><Data Name='FileVersion'>4.8.3752.0 built by: NET48REL1</Data><Data Name='Description'>Microsoft Common Language Runtime native compiler</Data><Data Name='Product'>Microsoft .NET Framework</Data><Data Name='Company'>Microsoft Corporation</Data><Data Name='OriginalFileName'>ngen.exe</Data><Data Name='CommandLine'>c:\Windows\Microsoft.NET\Framework64\v4.0.30319\ngen.exe install "c:\Program Files (x86)\Common Files\Microsoft Shared\VSTA\Pipeline.v10.0\HostSideAdapters\Microsoft.VisualStudio.Tools.Applications.HostAdapter.v10.0.dll" /queue:3 /NoDependencies</Data><Data Name='CurrentDirectory'>C:\Windows\SysWOW64\</Data><Data Name='User'>NT AUTHORITY\SYSTEM</Data><Data Name='LogonGuid'>{a16191d0-e48d-5f8f-e703-000000000000}</Data><Data Name='LogonId'>0x3e7</Data><Data Name='TerminalSessionId'>0</Data><Data Name='IntegrityLevel'>System</Data><Data Name='Hashes'>SHA1=2EC8E5600FFC2FD04D3FDA3646E870C5FA54F7F2,MD5=660254C8228B83705C80374D47F570F1,SHA256=0EB067650F90E1AF3B660C229A58D5E4C505A928847349E06DADB5E88DF713F4,IMPHASH=5ABC114B8FD18C7E03AD3244A6DA0BC3</Data><Data Name='ParentProcessGuid'>{a16191d0-974b-5fab-7209-000000000300}</Data><Data Name='ParentProcessId'>4304</Data><Data Name='ParentImage'>C:\Windows\SysWOW64\msiexec.exe</Data><Data Name='ParentCommandLine'>c:\Windows\syswow64\MsiExec.exe -Embedding 2B9CF3039A49DDBC322E1EFC81B8DB60 E Global\MSI0000</Data></EventData></Event>
<Event xmlns='http://schemas.microsoft.com/win/2004/08/events/event'><System><Provider Name='Microsoft-Windows-Sysmon' Guid='{5770385f-c22a-43e0-bf4c-06f5698ffbd9}'/><EventID>11</EventID><Version>2</Version><Level>4</Level><Task>11</Task><Opcode>0</Opcode><Keywords>0x8000000000000000</Keywords><TimeCreated SystemTime='2020-11-11T07:48:54.190338200Z'/><EventRecordID>29361</EventRecordID><Correlation/><Execution ProcessID='8424' ThreadID='8456'/><Channel>Microsoft-Windows-Sysmon/Operational</Channel><Computer>DESKTOP-4GL3MO2</Computer><Security UserID='S-1-5-18'/></System><EventData><Data Name='RuleName'>-</Data><Data Name='UtcTime'>2020-11-11 07:48:54.177</Data><Data Name='ProcessGuid'>{a16191d0-9766-5fab-8709-000000000300}</Data><Data Name='ProcessId'>9348</Data><Data Name='Image'>c:\Windows\Microsoft.NET\Framework64\v4.0.30319\ngen.exe</Data><Data Name='TargetFilename'>C:\Windows\Microsoft.NET\ngenserviceclientlock.dat</Data><Data Name='CreationUtcTime'>2020-11-11 07:48:53.692</Data></EventData></Event>
<Event xmlns='http://schemas.microsoft.com/win/2004/08/events/event'><System><Provider Name='Microsoft-Windows-Sysmon' Guid='{5770385f-c22a-43e0-bf4c-06f5698ffbd9}'/><EventID>11</EventID><Version>2</Version><Level>4</Level><Task>11</Task><Opcode>0</Opcode><Keywords>0x8000000000000000</Keywords><TimeCreated SystemTime='2020-11-11T07:48:54.190454400Z'/><EventRecordID>29362</EventRecordID><Correlation/><Execution ProcessID='8424' ThreadID='8456'/><Channel>Microsoft-Windows-Sysmon/Operational</Channel><Computer>DESKTOP-4GL3MO2</Computer><Security UserID='S-1-5-18'/></System><EventData><Data Name='RuleName'>-</Data><Data Name='UtcTime'>2020-11-11 07:48:54.177</Data><Data Name='ProcessGuid'>{a16191d0-9766-5fab-8709-000000000300}</Data><Data Name='ProcessId'>9348</Data><Data Name='Image'>c:\Windows\Microsoft.NET\Framework64\v4.0.30319\ngen.exe</Data><Data Name='TargetFilename'>C:\Windows\Microsoft.NET\Framework64\v4.0.30319\ngenrootstorelock.dat</Data><Data Name='CreationUtcTime'>2020-11-11 07:48:53.770</Data></EventData></Event>
<Event xmlns='http://schemas.microsoft.com/win/2004/08/events/event'><System><Provider Name='Microsoft-Windows-Sysmon' Guid='{5770385f-c22a-43e0-bf4c-06f5698ffbd9}'/><EventID>5</EventID><Version>3</Version><Level>4</Level><Task>5</Task><Opcode>0</Opcode><Keywords>0x8000000000000000</Keywords><TimeCreated SystemTime='2020-11-11T07:48:54.198994300Z'/><EventRecordID>29363</EventRecordID><Correlation/><Execution ProcessID='8424' ThreadID='8456'/><Channel>Microsoft-Windows-Sysmon/Operational</Channel><Computer>DESKTOP-4GL3MO2</Computer><Security UserID='S-1-5-18'/></System><EventData><Data Name='RuleName'>-</Data><Data Name='UtcTime'>2020-11-11 07:48:54.192</Data><Data Name='ProcessGuid'>{a16191d0-9766-5fab-8709-000000000300}</Data><Data Name='ProcessId'>9348</Data><Data Name='Image'>C:\Windows\Microsoft.NET\Framework64\v4.0.30319\ngen.exe</Data></EventData></Event>
<Event xmlns='http://schemas.microsoft.com/win/2004/08/events/event'><System><Provider Name='Microsoft-Windows-Sysmon' Guid='{5770385f-c22a-43e0-bf4c-06f5698ffbd9}'/><EventID>5</EventID><Version>3</Version><Level>4</Level><Task>5</Task><Opcode>0</Opcode><Keywords>0x8000000000000000</Keywords><TimeCreated SystemTime='2020-11-11T07:48:54.203110300Z'/><EventRecordID>29364</EventRecordID><Correlation/><Execution ProcessID='8424' ThreadID='8456'/><Channel>Microsoft-Windows-Sysmon/Operational</Channel><Computer>DESKTOP-4GL3MO2</Computer><Security UserID='S-1-5-18'/></System><EventData><Data Name='RuleName'>-</Data><Data Name='UtcTime'>2020-11-11 07:48:54.192</Data><Data Name='ProcessGuid'>{a16191d0-9766-5fab-8809-000000000300}</Data><Data Name='ProcessId'>1996</Data><Data Name='Image'>C:\Windows\System32\conhost.exe</Data></EventData></Event>
<Event xmlns='http://schemas.microsoft.com/win/2004/08/events/event'><System><Provider Name='Microsoft-Windows-Sysmon' Guid='{5770385f-c22a-43e0-bf4c-06f5698ffbd9}'/><EventID>11</EventID><Version>2</Version><Level>4</Level><Task>11</Task><Opcode>0</Opcode><Keywords>0x8000000000000000</Keywords><TimeCreated SystemTime='2020-11-11T07:48:54.282587200Z'/><EventRecordID>29365</EventRecordID><Correlation/><Execution ProcessID='8424' ThreadID='8456'/><Channel>Microsoft-Windows-Sysmon/Operational</Channel><Computer>DESKTOP-4GL3MO2</Computer><Security UserID='S-1-5-18'/></System><EventData><Data Name='RuleName'>-</Data><Data Name='UtcTime'>2020-11-11 07:48:54.270</Data><Data Name='ProcessGuid'>{a16191d0-9766-5fab-8909-000000000300}</Data><Data Name='ProcessId'>9264</Data><Data Name='Image'>c:\Windows\Microsoft.NET\Framework\v4.0.30319\ngen.exe</Data><Data Name='TargetFilename'>C:\Windows\Microsoft.NET\ngenserviceclientlock.dat</Data><Data Name='CreationUtcTime'>2020-11-11 07:48:53.692</Data></EventData></Event>
<Event xmlns='http://schemas.microsoft.com/win/2004/08/events/event'><System><Provider Name='Microsoft-Windows-Sysmon' Guid='{5770385f-c22a-43e0-bf4c-06f5698ffbd9}'/><EventID>11</EventID><Version>2</Version><Level>4</Level><Task>11</Task><Opcode>0</Opcode><Keywords>0x8000000000000000</Keywords><TimeCreated SystemTime='2020-11-11T07:48:54.282690400Z'/><EventRecordID>29366</EventRecordID><Correlation/><Execution ProcessID='8424' ThreadID='8456'/><Channel>Microsoft-Windows-Sysmon/Operational</Channel><Computer>DESKTOP-4GL3MO2</Computer><Security UserID='S-1-5-18'/></System><EventData><Data Name='RuleName'>-</Data><Data Name='UtcTime'>2020-11-11 07:48:54.270</Data><Data Name='ProcessGuid'>{a16191d0-9766-5fab-8909-000000000300}</Data><Data Name='ProcessId'>9264</Data><Data Name='Image'>c:\Windows\Microsoft.NET\Framework\v4.0.30319\ngen.exe</Data><Data Name='TargetFilename'>C:\Windows\Microsoft.NET\Framework\v4.0.30319\ngenrootstorelock.dat</Data><Data Name='CreationUtcTime'>2020-11-11 07:48:53.692</Data></EventData></Event>
<Event xmlns='http://schemas.microsoft.com/win/2004/08/events/event'><System><Provider Name='Microsoft-Windows-Sysmon' Guid='{5770385f-c22a-43e0-bf4c-06f5698ffbd9}'/><EventID>5</EventID><Version>3</Version><Level>4</Level><Task>5</Task><Opcode>0</Opcode><Keywords>0x8000000000000000</Keywords><TimeCreated SystemTime='2020-11-11T07:48:54.289606100Z'/><EventRecordID>29367</EventRecordID><Correlation/><Execution ProcessID='8424' ThreadID='8456'/><Channel>Microsoft-Windows-Sysmon/Operational</Channel><Computer>DESKTOP-4GL3MO2</Computer><Security UserID='S-1-5-18'/></System><EventData><Data Name='RuleName'>-</Data><Data Name='UtcTime'>2020-11-11 07:48:54.286</Data><Data Name='ProcessGuid'>{a16191d0-9766-5fab-8909-000000000300}</Data><Data Name='ProcessId'>9264</Data><Data Name='Image'>C:\Windows\Microsoft.NET\Framework\v4.0.30319\ngen.exe</Data></EventData></Event>
<Event xmlns='http://schemas.microsoft.com/win/2004/08/events/event'><System><Provider Name='Microsoft-Windows-Sysmon' Guid='{5770385f-c22a-43e0-bf4c-06f5698ffbd9}'/><EventID>5</EventID><Version>3</Version><Level>4</Level><Task>5</Task><Opcode>0</Opcode><Keywords>0x8000000000000000</Keywords><TimeCreated SystemTime='2020-11-11T07:48:54.296556400Z'/><EventRecordID>29368</EventRecordID><Correlation/><Execution ProcessID='8424' ThreadID='8456'/><Channel>Microsoft-Windows-Sysmon/Operational</Channel><Computer>DESKTOP-4GL3MO2</Computer><Security UserID='S-1-5-18'/></System><EventData><Data Name='RuleName'>-</Data><Data Name='UtcTime'>2020-11-11 07:48:54.286</Data><Data Name='ProcessGuid'>{a16191d0-9766-5fab-8a09-000000000300}</Data><Data Name='ProcessId'>4616</Data><Data Name='Image'>C:\Windows\System32\conhost.exe</Data></EventData></Event>
<Event xmlns='http://schemas.microsoft.com/win/2004/08/events/event'><System><Provider Name='Microsoft-Windows-Sysmon' Guid='{5770385f-c22a-43e0-bf4c-06f5698ffbd9}'/><EventID>1</EventID><Version>5</Version><Level>4</Level><Task>1</Task><Opcode>0</Opcode><Keywords>0x8000000000000000</Keywords><TimeCreated SystemTime='2020-11-11T07:48:54.297836800Z'/><EventRecordID>29369</EventRecordID><Correlation/><Execution ProcessID='8424' ThreadID='8456'/><Channel>Microsoft-Windows-Sysmon/Operational</Channel><Computer>DESKTOP-4GL3MO2</Computer><Security UserID='S-1-5-18'/></System><EventData><Data Name='RuleName'>-</Data><Data Name='UtcTime'>2020-11-11 07:48:54.295</Data><Data Name='ProcessGuid'>{a16191d0-9766-5fab-8b09-000000000300}</Data><Data Name='ProcessId'>9780</Data><Data Name='Image'>C:\Windows\Microsoft.NET\Framework64\v4.0.30319\ngen.exe</Data><Data Name='FileVersion'>4.8.3752.0 built by: NET48REL1</Data><Data Name='Description'>Microsoft Common Language Runtime native compiler</Data><Data Name='Product'>Microsoft .NET Framework</Data><Data Name='Company'>Microsoft Corporation</Data><Data Name='OriginalFileName'>ngen.exe</Data><Data Name='CommandLine'>c:\Windows\Microsoft.NET\Framework64\v4.0.30319\ngen.exe install "c:\Program Files (x86)\Common Files\Microsoft Shared\VSTA\Pipeline.v10.0\AddInViews\Microsoft.VisualStudio.Tools.Applications.Runtime.v10.0.dll" /queue:3 /NoDependencies</Data><Data Name='CurrentDirectory'>C:\Windows\SysWOW64\</Data><Data Name='User'>NT AUTHORITY\SYSTEM</Data><Data Name='LogonGuid'>{a16191d0-e48d-5f8f-e703-000000000000}</Data><Data Name='LogonId'>0x3e7</Data><Data Name='TerminalSessionId'>0</Data><Data Name='IntegrityLevel'>System</Data><Data Name='Hashes'>SHA1=2EC8E5600FFC2FD04D3FDA3646E870C5FA54F7F2,MD5=660254C8228B83705C80374D47F570F1,SHA256=0EB067650F90E1AF3B660C229A58D5E4C505A928847349E06DADB5E88DF713F4,IMPHASH=5ABC114B8FD18C7E03AD3244A6DA0BC3</Data><Data Name='ParentProcessGuid'>{a16191d0-974b-5fab-7209-000000000300}</Data><Data Name='ParentProcessId'>4304</Data><Data Name='ParentImage'>C:\Windows\SysWOW64\msiexec.exe</Data><Data Name='ParentCommandLine'>c:\Windows\syswow64\MsiExec.exe -Embedding 2B9CF3039A49DDBC322E1EFC81B8DB60 E Global\MSI0000</Data></EventData></Event>
<Event xmlns='http://schemas.microsoft.com/win/2004/08/events/event'><System><Provider Name='Microsoft-Windows-Sysmon' Guid='{5770385f-c22a-43e0-bf4c-06f5698ffbd9}'/><EventID>11</EventID><Version>2</Version><Level>4</Level><Task>11</Task><Opcode>0</Opcode><Keywords>0x8000000000000000</Keywords><TimeCreated SystemTime='2020-11-11T07:48:54.366750700Z'/><EventRecordID>29370</EventRecordID><Correlation/><Execution ProcessID='8424' ThreadID='8456'/><Channel>Microsoft-Windows-Sysmon/Operational</Channel><Computer>DESKTOP-4GL3MO2</Computer><Security UserID='S-1-5-18'/></System><EventData><Data Name='RuleName'>-</Data><Data Name='UtcTime'>2020-11-11 07:48:54.349</Data><Data Name='ProcessGuid'>{a16191d0-9766-5fab-8b09-000000000300}</Data><Data Name='ProcessId'>9780</Data><Data Name='Image'>c:\Windows\Microsoft.NET\Framework64\v4.0.30319\ngen.exe</Data><Data Name='TargetFilename'>C:\Windows\Microsoft.NET\ngenserviceclientlock.dat</Data><Data Name='CreationUtcTime'>2020-11-11 07:48:53.692</Data></EventData></Event>
<Event xmlns='http://schemas.microsoft.com/win/2004/08/events/event'><System><Provider Name='Microsoft-Windows-Sysmon' Guid='{5770385f-c22a-43e0-bf4c-06f5698ffbd9}'/><EventID>11</EventID><Version>2</Version><Level>4</Level><Task>11</Task><Opcode>0</Opcode><Keywords>0x8000000000000000</Keywords><TimeCreated SystemTime='2020-11-11T07:48:54.366887400Z'/><EventRecordID>29371</EventRecordID><Correlation/><Execution ProcessID='8424' ThreadID='8456'/><Channel>Microsoft-Windows-Sysmon/Operational</Channel><Computer>DESKTOP-4GL3MO2</Computer><Security UserID='S-1-5-18'/></System><EventData><Data Name='RuleName'>-</Data><Data Name='UtcTime'>2020-11-11 07:48:54.349</Data><Data Name='ProcessGuid'>{a16191d0-9766-5fab-8b09-000000000300}</Data><Data Name='ProcessId'>9780</Data><Data Name='Image'>c:\Windows\Microsoft.NET\Framework64\v4.0.30319\ngen.exe</Data><Data Name='TargetFilename'>C:\Windows\Microsoft.NET\Framework64\v4.0.30319\ngenrootstorelock.dat</Data><Data Name='CreationUtcTime'>2020-11-11 07:48:53.770</Data></EventData></Event>
<Event xmlns='http://schemas.microsoft.com/win/2004/08/events/event'><System><Provider Name='Microsoft-Windows-Sysmon' Guid='{5770385f-c22a-43e0-bf4c-06f5698ffbd9}'/><EventID>5</EventID><Version>3</Version><Level>4</Level><Task>5</Task><Opcode>0</Opcode><Keywords>0x8000000000000000</Keywords><TimeCreated SystemTime='2020-11-11T07:48:54.373110900Z'/><EventRecordID>29372</EventRecordID><Correlation/><Execution ProcessID='8424' ThreadID='8456'/><Channel>Microsoft-Windows-Sysmon/Operational</Channel><Computer>DESKTOP-4GL3MO2</Computer><Security UserID='S-1-5-18'/></System><EventData><Data Name='RuleName'>-</Data><Data Name='UtcTime'>2020-11-11 07:48:54.364</Data><Data Name='ProcessGuid'>{a16191d0-9766-5fab-8b09-000000000300}</Data><Data Name='ProcessId'>9780</Data><Data Name='Image'>C:\Windows\Microsoft.NET\Framework64\v4.0.30319\ngen.exe</Data></EventData></Event>
<Event xmlns='http://schemas.microsoft.com/win/2004/08/events/event'><System><Provider Name='Microsoft-Windows-Sysmon' Guid='{5770385f-c22a-43e0-bf4c-06f5698ffbd9}'/><EventID>5</EventID><Version>3</Version><Level>4</Level><Task>5</Task><Opcode>0</Opcode><Keywords>0x8000000000000000</Keywords><TimeCreated SystemTime='2020-11-11T07:48:54.379888100Z'/><EventRecordID>29373</EventRecordID><Correlation/><Execution ProcessID='8424' ThreadID='8456'/><Channel>Microsoft-Windows-Sysmon/Operational</Channel><Computer>DESKTOP-4GL3MO2</Computer><Security UserID='S-1-5-18'/></System><EventData><Data Name='RuleName'>-</Data><Data Name='UtcTime'>2020-11-11 07:48:54.364</Data><Data Name='ProcessGuid'>{a16191d0-9766-5fab-8c09-000000000300}</Data><Data Name='ProcessId'>9444</Data><Data Name='Image'>C:\Windows\System32\conhost.exe</Data></EventData></Event>
<Event xmlns='http://schemas.microsoft.com/win/2004/08/events/event'><System><Provider Name='Microsoft-Windows-Sysmon' Guid='{5770385f-c22a-43e0-bf4c-06f5698ffbd9}'/><EventID>11</EventID><Version>2</Version><Level>4</Level><Task>11</Task><Opcode>0</Opcode><Keywords>0x8000000000000000</Keywords><TimeCreated SystemTime='2020-11-11T07:48:54.444581800Z'/><EventRecordID>29374</EventRecordID><Correlation/><Execution ProcessID='8424' ThreadID='8456'/><Channel>Microsoft-Windows-Sysmon/Operational</Channel><Computer>DESKTOP-4GL3MO2</Computer><Security UserID='S-1-5-18'/></System><EventData><Data Name='RuleName'>-</Data><Data Name='UtcTime'>2020-11-11 07:48:54.427</Data><Data Name='ProcessGuid'>{a16191d0-9766-5fab-8d09-000000000300}</Data><Data Name='ProcessId'>60</Data><Data Name='Image'>c:\Windows\Microsoft.NET\Framework\v4.0.30319\ngen.exe</Data><Data Name='TargetFilename'>C:\Windows\Microsoft.NET\ngenserviceclientlock.dat</Data><Data Name='CreationUtcTime'>2020-11-11 07:48:53.692</Data></EventData></Event>
<Event xmlns='http://schemas.microsoft.com/win/2004/08/events/event'><System><Provider Name='Microsoft-Windows-Sysmon' Guid='{5770385f-c22a-43e0-bf4c-06f5698ffbd9}'/><EventID>11</EventID><Version>2</Version><Level>4</Level><Task>11</Task><Opcode>0</Opcode><Keywords>0x8000000000000000</Keywords><TimeCreated SystemTime='2020-11-11T07:48:54.444685700Z'/><EventRecordID>29375</EventRecordID><Correlation/><Execution ProcessID='8424' ThreadID='8456'/><Channel>Microsoft-Windows-Sysmon/Operational</Channel><Computer>DESKTOP-4GL3MO2</Computer><Security UserID='S-1-5-18'/></System><EventData><Data Name='RuleName'>-</Data><Data Name='UtcTime'>2020-11-11 07:48:54.427</Data><Data Name='ProcessGuid'>{a16191d0-9766-5fab-8d09-000000000300}</Data><Data Name='ProcessId'>60</Data><Data Name='Image'>c:\Windows\Microsoft.NET\Framework\v4.0.30319\ngen.exe</Data><Data Name='TargetFilename'>C:\Windows\Microsoft.NET\Framework\v4.0.30319\ngenrootstorelock.dat</Data><Data Name='CreationUtcTime'>2020-11-11 07:48:53.692</Data></EventData></Event>
<Event xmlns='http://schemas.microsoft.com/win/2004/08/events/event'><System><Provider Name='Microsoft-Windows-Sysmon' Guid='{5770385f-c22a-43e0-bf4c-06f5698ffbd9}'/><EventID>5</EventID><Version>3</Version><Level>4</Level><Task>5</Task><Opcode>0</Opcode><Keywords>0x8000000000000000</Keywords><TimeCreated SystemTime='2020-11-11T07:48:54.453346700Z'/><EventRecordID>29376</EventRecordID><Correlation/><Execution ProcessID='8424' ThreadID='8456'/><Channel>Microsoft-Windows-Sysmon/Operational</Channel><Computer>DESKTOP-4GL3MO2</Computer><Security UserID='S-1-5-18'/></System><EventData><Data Name='RuleName'>-</Data><Data Name='UtcTime'>2020-11-11 07:48:54.443</Data><Data Name='ProcessGuid'>{a16191d0-9766-5fab-8d09-000000000300}</Data><Data Name='ProcessId'>60</Data><Data Name='Image'>C:\Windows\Microsoft.NET\Framework\v4.0.30319\ngen.exe</Data></EventData></Event>
<Event xmlns='http://schemas.microsoft.com/win/2004/08/events/event'><System><Provider Name='Microsoft-Windows-Sysmon' Guid='{5770385f-c22a-43e0-bf4c-06f5698ffbd9}'/><EventID>5</EventID><Version>3</Version><Level>4</Level><Task>5</Task><Opcode>0</Opcode><Keywords>0x8000000000000000</Keywords><TimeCreated SystemTime='2020-11-11T07:48:54.460439200Z'/><EventRecordID>29377</EventRecordID><Correlation/><Execution ProcessID='8424' ThreadID='8456'/><Channel>Microsoft-Windows-Sysmon/Operational</Channel><Computer>DESKTOP-4GL3MO2</Computer><Security UserID='S-1-5-18'/></System><EventData><Data Name='RuleName'>-</Data><Data Name='UtcTime'>2020-11-11 07:48:54.443</Data><Data Name='ProcessGuid'>{a16191d0-9766-5fab-8e09-000000000300}</Data><Data Name='ProcessId'>7708</Data><Data Name='Image'>C:\Windows\System32\conhost.exe</Data></EventData></Event>
<Event xmlns='http://schemas.microsoft.com/win/2004/08/events/event'><System><Provider Name='Microsoft-Windows-Sysmon' Guid='{5770385f-c22a-43e0-bf4c-06f5698ffbd9}'/><EventID>1</EventID><Version>5</Version><Level>4</Level><Task>1</Task><Opcode>0</Opcode><Keywords>0x8000000000000000</Keywords><TimeCreated SystemTime='2020-11-11T07:48:54.462195500Z'/><EventRecordID>29378</EventRecordID><Correlation/><Execution ProcessID='8424' ThreadID='8456'/><Channel>Microsoft-Windows-Sysmon/Operational</Channel><Computer>DESKTOP-4GL3MO2</Computer><Security UserID='S-1-5-18'/></System><EventData><Data Name='RuleName'>-</Data><Data Name='UtcTime'>2020-11-11 07:48:54.458</Data><Data Name='ProcessGuid'>{a16191d0-9766-5fab-8f09-000000000300}</Data><Data Name='ProcessId'>11928</Data><Data Name='Image'>C:\Windows\Microsoft.NET\Framework64\v4.0.30319\ngen.exe</Data><Data Name='FileVersion'>4.8.3752.0 built by: NET48REL1</Data><Data Name='Description'>Microsoft Common Language Runtime native compiler</Data><Data Name='Product'>Microsoft .NET Framework</Data><Data Name='Company'>Microsoft Corporation</Data><Data Name='OriginalFileName'>ngen.exe</Data><Data Name='CommandLine'>c:\Windows\Microsoft.NET\Framework64\v4.0.30319\ngen.exe install "c:\Program Files (x86)\Common Files\Microsoft Shared\VSTA\Pipeline.v10.0\Contracts\Microsoft.VisualStudio.Tools.Applications.Contract.v9.0.dll" /queue:3 /NoDependencies</Data><Data Name='CurrentDirectory'>C:\Windows\SysWOW64\</Data><Data Name='User'>NT AUTHORITY\SYSTEM</Data><Data Name='LogonGuid'>{a16191d0-e48d-5f8f-e703-000000000000}</Data><Data Name='LogonId'>0x3e7</Data><Data Name='TerminalSessionId'>0</Data><Data Name='IntegrityLevel'>System</Data><Data Name='Hashes'>SHA1=2EC8E5600FFC2FD04D3FDA3646E870C5FA54F7F2,MD5=660254C8228B83705C80374D47F570F1,SHA256=0EB067650F90E1AF3B660C229A58D5E4C505A928847349E06DADB5E88DF713F4,IMPHASH=5ABC114B8FD18C7E03AD3244A6DA0BC3</Data><Data Name='ParentProcessGuid'>{a16191d0-974b-5fab-7209-000000000300}</Data><Data Name='ParentProcessId'>4304</Data><Data Name='ParentImage'>C:\Windows\SysWOW64\msiexec.exe</Data><Data Name='ParentCommandLine'>c:\Windows\syswow64\MsiExec.exe -Embedding 2B9CF3039A49DDBC322E1EFC81B8DB60 E Global\MSI0000</Data></EventData></Event>
<Event xmlns='http://schemas.microsoft.com/win/2004/08/events/event'><System><Provider Name='Microsoft-Windows-Sysmon' Guid='{5770385f-c22a-43e0-bf4c-06f5698ffbd9}'/><EventID>11</EventID><Version>2</Version><Level>4</Level><Task>11</Task><Opcode>0</Opcode><Keywords>0x8000000000000000</Keywords><TimeCreated SystemTime='2020-11-11T07:48:54.516388000Z'/><EventRecordID>29379</EventRecordID><Correlation/><Execution ProcessID='8424' ThreadID='8456'/><Channel>Microsoft-Windows-Sysmon/Operational</Channel><Computer>DESKTOP-4GL3MO2</Computer><Security UserID='S-1-5-18'/></System><EventData><Data Name='RuleName'>-</Data><Data Name='UtcTime'>2020-11-11 07:48:54.505</Data><Data Name='ProcessGuid'>{a16191d0-9766-5fab-8f09-000000000300}</Data><Data Name='ProcessId'>11928</Data><Data Name='Image'>c:\Windows\Microsoft.NET\Framework64\v4.0.30319\ngen.exe</Data><Data Name='TargetFilename'>C:\Windows\Microsoft.NET\ngenserviceclientlock.dat</Data><Data Name='CreationUtcTime'>2020-11-11 07:48:53.692</Data></EventData></Event>
<Event xmlns='http://schemas.microsoft.com/win/2004/08/events/event'><System><Provider Name='Microsoft-Windows-Sysmon' Guid='{5770385f-c22a-43e0-bf4c-06f5698ffbd9}'/><EventID>11</EventID><Version>2</Version><Level>4</Level><Task>11</Task><Opcode>0</Opcode><Keywords>0x8000000000000000</Keywords><TimeCreated SystemTime='2020-11-11T07:48:54.516471400Z'/><EventRecordID>29380</EventRecordID><Correlation/><Execution ProcessID='8424' ThreadID='8456'/><Channel>Microsoft-Windows-Sysmon/Operational</Channel><Computer>DESKTOP-4GL3MO2</Computer><Security UserID='S-1-5-18'/></System><EventData><Data Name='RuleName'>-</Data><Data Name='UtcTime'>2020-11-11 07:48:54.505</Data><Data Name='ProcessGuid'>{a16191d0-9766-5fab-8f09-000000000300}</Data><Data Name='ProcessId'>11928</Data><Data Name='Image'>c:\Windows\Microsoft.NET\Framework64\v4.0.30319\ngen.exe</Data><Data Name='TargetFilename'>C:\Windows\Microsoft.NET\Framework64\v4.0.30319\ngenrootstorelock.dat</Data><Data Name='CreationUtcTime'>2020-11-11 07:48:53.770</Data></EventData></Event>
<Event xmlns='http://schemas.microsoft.com/win/2004/08/events/event'><System><Provider Name='Microsoft-Windows-Sysmon' Guid='{5770385f-c22a-43e0-bf4c-06f5698ffbd9}'/><EventID>5</EventID><Version>3</Version><Level>4</Level><Task>5</Task><Opcode>0</Opcode><Keywords>0x8000000000000000</Keywords><TimeCreated SystemTime='2020-11-11T07:48:54.523173200Z'/><EventRecordID>29381</EventRecordID><Correlation/><Execution ProcessID='8424' ThreadID='8456'/><Channel>Microsoft-Windows-Sysmon/Operational</Channel><Computer>DESKTOP-4GL3MO2</Computer><Security UserID='S-1-5-18'/></System><EventData><Data Name='RuleName'>-</Data><Data Name='UtcTime'>2020-11-11 07:48:54.520</Data><Data Name='ProcessGuid'>{a16191d0-9766-5fab-8f09-000000000300}</Data><Data Name='ProcessId'>11928</Data><Data Name='Image'>C:\Windows\Microsoft.NET\Framework64\v4.0.30319\ngen.exe</Data></EventData></Event>
<Event xmlns='http://schemas.microsoft.com/win/2004/08/events/event'><System><Provider Name='Microsoft-Windows-Sysmon' Guid='{5770385f-c22a-43e0-bf4c-06f5698ffbd9}'/><EventID>5</EventID><Version>3</Version><Level>4</Level><Task>5</Task><Opcode>0</Opcode><Keywords>0x8000000000000000</Keywords><TimeCreated SystemTime='2020-11-11T07:48:54.531412100Z'/><EventRecordID>29382</EventRecordID><Correlation/><Execution ProcessID='8424' ThreadID='8456'/><Channel>Microsoft-Windows-Sysmon/Operational</Channel><Computer>DESKTOP-4GL3MO2</Computer><Security UserID='S-1-5-18'/></System><EventData><Data Name='RuleName'>-</Data><Data Name='UtcTime'>2020-11-11 07:48:54.520</Data><Data Name='ProcessGuid'>{a16191d0-9766-5fab-9009-000000000300}</Data><Data Name='ProcessId'>7576</Data><Data Name='Image'>C:\Windows\System32\conhost.exe</Data></EventData></Event>
<Event xmlns='http://schemas.microsoft.com/win/2004/08/events/event'><System><Provider Name='Microsoft-Windows-Sysmon' Guid='{5770385f-c22a-43e0-bf4c-06f5698ffbd9}'/><EventID>11</EventID><Version>2</Version><Level>4</Level><Task>11</Task><Opcode>0</Opcode><Keywords>0x8000000000000000</Keywords><TimeCreated SystemTime='2020-11-11T07:48:54.593696000Z'/><EventRecordID>29383</EventRecordID><Correlation/><Execution ProcessID='8424' ThreadID='8456'/><Channel>Microsoft-Windows-Sysmon/Operational</Channel><Computer>DESKTOP-4GL3MO2</Computer><Security UserID='S-1-5-18'/></System><EventData><Data Name='RuleName'>-</Data><Data Name='UtcTime'>2020-11-11 07:48:54.583</Data><Data Name='ProcessGuid'>{a16191d0-9766-5fab-9109-000000000300}</Data><Data Name='ProcessId'>10360</Data><Data Name='Image'>c:\Windows\Microsoft.NET\Framework\v4.0.30319\ngen.exe</Data><Data Name='TargetFilename'>C:\Windows\Microsoft.NET\ngenserviceclientlock.dat</Data><Data Name='CreationUtcTime'>2020-11-11 07:48:53.692</Data></EventData></Event>
<Event xmlns='http://schemas.microsoft.com/win/2004/08/events/event'><System><Provider Name='Microsoft-Windows-Sysmon' Guid='{5770385f-c22a-43e0-bf4c-06f5698ffbd9}'/><EventID>11</EventID><Version>2</Version><Level>4</Level><Task>11</Task><Opcode>0</Opcode><Keywords>0x8000000000000000</Keywords><TimeCreated SystemTime='2020-11-11T07:48:54.593840300Z'/><EventRecordID>29384</EventRecordID><Correlation/><Execution ProcessID='8424' ThreadID='8456'/><Channel>Microsoft-Windows-Sysmon/Operational</Channel><Computer>DESKTOP-4GL3MO2</Computer><Security UserID='S-1-5-18'/></System><EventData><Data Name='RuleName'>-</Data><Data Name='UtcTime'>2020-11-11 07:48:54.583</Data><Data Name='ProcessGuid'>{a16191d0-9766-5fab-9109-000000000300}</Data><Data Name='ProcessId'>10360</Data><Data Name='Image'>c:\Windows\Microsoft.NET\Framework\v4.0.30319\ngen.exe</Data><Data Name='TargetFilename'>C:\Windows\Microsoft.NET\Framework\v4.0.30319\ngenrootstorelock.dat</Data><Data Name='CreationUtcTime'>2020-11-11 07:48:53.692</Data></EventData></Event>
<Event xmlns='http://schemas.microsoft.com/win/2004/08/events/event'><System><Provider Name='Microsoft-Windows-Sysmon' Guid='{5770385f-c22a-43e0-bf4c-06f5698ffbd9}'/><EventID>5</EventID><Version>3</Version><Level>4</Level><Task>5</Task><Opcode>0</Opcode><Keywords>0x8000000000000000</Keywords><TimeCreated SystemTime='2020-11-11T07:48:54.600009200Z'/><EventRecordID>29385</EventRecordID><Correlation/><Execution ProcessID='8424' ThreadID='8456'/><Channel>Microsoft-Windows-Sysmon/Operational</Channel><Computer>DESKTOP-4GL3MO2</Computer><Security UserID='S-1-5-18'/></System><EventData><Data Name='RuleName'>-</Data><Data Name='UtcTime'>2020-11-11 07:48:54.598</Data><Data Name='ProcessGuid'>{a16191d0-9766-5fab-9109-000000000300}</Data><Data Name='ProcessId'>10360</Data><Data Name='Image'>C:\Windows\Microsoft.NET\Framework\v4.0.30319\ngen.exe</Data></EventData></Event>
<Event xmlns='http://schemas.microsoft.com/win/2004/08/events/event'><System><Provider Name='Microsoft-Windows-Sysmon' Guid='{5770385f-c22a-43e0-bf4c-06f5698ffbd9}'/><EventID>1</EventID><Version>5</Version><Level>4</Level><Task>1</Task><Opcode>0</Opcode><Keywords>0x8000000000000000</Keywords><TimeCreated SystemTime='2020-11-11T07:48:54.608658900Z'/><EventRecordID>29386</EventRecordID><Correlation/><Execution ProcessID='8424' ThreadID='8456'/><Channel>Microsoft-Windows-Sysmon/Operational</Channel><Computer>DESKTOP-4GL3MO2</Computer><Security UserID='S-1-5-18'/></System><EventData><Data Name='RuleName'>-</Data><Data Name='UtcTime'>2020-11-11 07:48:54.604</Data><Data Name='ProcessGuid'>{a16191d0-9766-5fab-9309-000000000300}</Data><Data Name='ProcessId'>10012</Data><Data Name='Image'>C:\Windows\Microsoft.NET\Framework64\v4.0.30319\ngen.exe</Data><Data Name='FileVersion'>4.8.3752.0 built by: NET48REL1</Data><Data Name='Description'>Microsoft Common Language Runtime native compiler</Data><Data Name='Product'>Microsoft .NET Framework</Data><Data Name='Company'>Microsoft Corporation</Data><Data Name='OriginalFileName'>ngen.exe</Data><Data Name='CommandLine'>c:\Windows\Microsoft.NET\Framework64\v4.0.30319\ngen.exe install "c:\Program Files (x86)\Common Files\Microsoft Shared\VSTA\Pipeline.v10.0\Contracts\Microsoft.VisualStudio.Tools.Applications.Contract.v10.0.dll" /queue:3 /NoDependencies</Data><Data Name='CurrentDirectory'>C:\Windows\SysWOW64\</Data><Data Name='User'>NT AUTHORITY\SYSTEM</Data><Data Name='LogonGuid'>{a16191d0-e48d-5f8f-e703-000000000000}</Data><Data Name='LogonId'>0x3e7</Data><Data Name='TerminalSessionId'>0</Data><Data Name='IntegrityLevel'>System</Data><Data Name='Hashes'>SHA1=2EC8E5600FFC2FD04D3FDA3646E870C5FA54F7F2,MD5=660254C8228B83705C80374D47F570F1,SHA256=0EB067650F90E1AF3B660C229A58D5E4C505A928847349E06DADB5E88DF713F4,IMPHASH=5ABC114B8FD18C7E03AD3244A6DA0BC3</Data><Data Name='ParentProcessGuid'>{a16191d0-974b-5fab-7209-000000000300}</Data><Data Name='ParentProcessId'>4304</Data><Data Name='ParentImage'>C:\Windows\SysWOW64\msiexec.exe</Data><Data Name='ParentCommandLine'>c:\Windows\syswow64\MsiExec.exe -Embedding 2B9CF3039A49DDBC322E1EFC81B8DB60 E Global\MSI0000</Data></EventData></Event>
<Event xmlns='http://schemas.microsoft.com/win/2004/08/events/event'><System><Provider Name='Microsoft-Windows-Sysmon' Guid='{5770385f-c22a-43e0-bf4c-06f5698ffbd9}'/><EventID>5</EventID><Version>3</Version><Level>4</Level><Task>5</Task><Opcode>0</Opcode><Keywords>0x8000000000000000</Keywords><TimeCreated SystemTime='2020-11-11T07:48:54.608812200Z'/><EventRecordID>29387</EventRecordID><Correlation/><Execution ProcessID='8424' ThreadID='8456'/><Channel>Microsoft-Windows-Sysmon/Operational</Channel><Computer>DESKTOP-4GL3MO2</Computer><Security UserID='S-1-5-18'/></System><EventData><Data Name='RuleName'>-</Data><Data Name='UtcTime'>2020-11-11 07:48:54.598</Data><Data Name='ProcessGuid'>{a16191d0-9766-5fab-9209-000000000300}</Data><Data Name='ProcessId'>4524</Data><Data Name='Image'>C:\Windows\System32\conhost.exe</Data></EventData></Event>
<Event xmlns='http://schemas.microsoft.com/win/2004/08/events/event'><System><Provider Name='Microsoft-Windows-Sysmon' Guid='{5770385f-c22a-43e0-bf4c-06f5698ffbd9}'/><EventID>11</EventID><Version>2</Version><Level>4</Level><Task>11</Task><Opcode>0</Opcode><Keywords>0x8000000000000000</Keywords><TimeCreated SystemTime='2020-11-11T07:48:54.669340100Z'/><EventRecordID>29388</EventRecordID><Correlation/><Execution ProcessID='8424' ThreadID='8456'/><Channel>Microsoft-Windows-Sysmon/Operational</Channel><Computer>DESKTOP-4GL3MO2</Computer><Security UserID='S-1-5-18'/></System><EventData><Data Name='RuleName'>-</Data><Data Name='UtcTime'>2020-11-11 07:48:54.661</Data><Data Name='ProcessGuid'>{a16191d0-9766-5fab-9309-000000000300}</Data><Data Name='ProcessId'>10012</Data><Data Name='Image'>c:\Windows\Microsoft.NET\Framework64\v4.0.30319\ngen.exe</Data><Data Name='TargetFilename'>C:\Windows\Microsoft.NET\ngenserviceclientlock.dat</Data><Data Name='CreationUtcTime'>2020-11-11 07:48:53.692</Data></EventData></Event>
<Event xmlns='http://schemas.microsoft.com/win/2004/08/events/event'><System><Provider Name='Microsoft-Windows-Sysmon' Guid='{5770385f-c22a-43e0-bf4c-06f5698ffbd9}'/><EventID>11</EventID><Version>2</Version><Level>4</Level><Task>11</Task><Opcode>0</Opcode><Keywords>0x8000000000000000</Keywords><TimeCreated SystemTime='2020-11-11T07:48:54.669455500Z'/><EventRecordID>29389</EventRecordID><Correlation/><Execution ProcessID='8424' ThreadID='8456'/><Channel>Microsoft-Windows-Sysmon/Operational</Channel><Computer>DESKTOP-4GL3MO2</Computer><Security UserID='S-1-5-18'/></System><EventData><Data Name='RuleName'>-</Data><Data Name='UtcTime'>2020-11-11 07:48:54.661</Data><Data Name='ProcessGuid'>{a16191d0-9766-5fab-9309-000000000300}</Data><Data Name='ProcessId'>10012</Data><Data Name='Image'>c:\Windows\Microsoft.NET\Framework64\v4.0.30319\ngen.exe</Data><Data Name='TargetFilename'>C:\Windows\Microsoft.NET\Framework64\v4.0.30319\ngenrootstorelock.dat</Data><Data Name='CreationUtcTime'>2020-11-11 07:48:53.770</Data></EventData></Event>
<Event xmlns='http://schemas.microsoft.com/win/2004/08/events/event'><System><Provider Name='Microsoft-Windows-Sysmon' Guid='{5770385f-c22a-43e0-bf4c-06f5698ffbd9}'/><EventID>5</EventID><Version>3</Version><Level>4</Level><Task>5</Task><Opcode>0</Opcode><Keywords>0x8000000000000000</Keywords><TimeCreated SystemTime='2020-11-11T07:48:54.675457500Z'/><EventRecordID>29390</EventRecordID><Correlation/><Execution ProcessID='8424' ThreadID='8456'/><Channel>Microsoft-Windows-Sysmon/Operational</Channel><Computer>DESKTOP-4GL3MO2</Computer><Security UserID='S-1-5-18'/></System><EventData><Data Name='RuleName'>-</Data><Data Name='UtcTime'>2020-11-11 07:48:54.661</Data><Data Name='ProcessGuid'>{a16191d0-9766-5fab-9309-000000000300}</Data><Data Name='ProcessId'>10012</Data><Data Name='Image'>C:\Windows\Microsoft.NET\Framework64\v4.0.30319\ngen.exe</Data></EventData></Event>
<Event xmlns='http://schemas.microsoft.com/win/2004/08/events/event'><System><Provider Name='Microsoft-Windows-Sysmon' Guid='{5770385f-c22a-43e0-bf4c-06f5698ffbd9}'/><EventID>5</EventID><Version>3</Version><Level>4</Level><Task>5</Task><Opcode>0</Opcode><Keywords>0x8000000000000000</Keywords><TimeCreated SystemTime='2020-11-11T07:48:54.680164900Z'/><EventRecordID>29391</EventRecordID><Correlation/><Execution ProcessID='8424' ThreadID='8456'/><Channel>Microsoft-Windows-Sysmon/Operational</Channel><Computer>DESKTOP-4GL3MO2</Computer><Security UserID='S-1-5-18'/></System><EventData><Data Name='RuleName'>-</Data><Data Name='UtcTime'>2020-11-11 07:48:54.661</Data><Data Name='ProcessGuid'>{a16191d0-9766-5fab-9409-000000000300}</Data><Data Name='ProcessId'>7028</Data><Data Name='Image'>C:\Windows\System32\conhost.exe</Data></EventData></Event>
<Event xmlns='http://schemas.microsoft.com/win/2004/08/events/event'><System><Provider Name='Microsoft-Windows-Sysmon' Guid='{5770385f-c22a-43e0-bf4c-06f5698ffbd9}'/><EventID>11</EventID><Version>2</Version><Level>4</Level><Task>11</Task><Opcode>0</Opcode><Keywords>0x8000000000000000</Keywords><TimeCreated SystemTime='2020-11-11T07:48:54.759490700Z'/><EventRecordID>29392</EventRecordID><Correlation/><Execution ProcessID='8424' ThreadID='8456'/><Channel>Microsoft-Windows-Sysmon/Operational</Channel><Computer>DESKTOP-4GL3MO2</Computer><Security UserID='S-1-5-18'/></System><EventData><Data Name='RuleName'>-</Data><Data Name='UtcTime'>2020-11-11 07:48:54.739</Data><Data Name='ProcessGuid'>{a16191d0-9766-5fab-9509-000000000300}</Data><Data Name='ProcessId'>1216</Data><Data Name='Image'>c:\Windows\Microsoft.NET\Framework\v4.0.30319\ngen.exe</Data><Data Name='TargetFilename'>C:\Windows\Microsoft.NET\ngenserviceclientlock.dat</Data><Data Name='CreationUtcTime'>2020-11-11 07:48:53.692</Data></EventData></Event>
<Event xmlns='http://schemas.microsoft.com/win/2004/08/events/event'><System><Provider Name='Microsoft-Windows-Sysmon' Guid='{5770385f-c22a-43e0-bf4c-06f5698ffbd9}'/><EventID>11</EventID><Version>2</Version><Level>4</Level><Task>11</Task><Opcode>0</Opcode><Keywords>0x8000000000000000</Keywords><TimeCreated SystemTime='2020-11-11T07:48:54.759642500Z'/><EventRecordID>29393</EventRecordID><Correlation/><Execution ProcessID='8424' ThreadID='8456'/><Channel>Microsoft-Windows-Sysmon/Operational</Channel><Computer>DESKTOP-4GL3MO2</Computer><Security UserID='S-1-5-18'/></System><EventData><Data Name='RuleName'>-</Data><Data Name='UtcTime'>2020-11-11 07:48:54.739</Data><Data Name='ProcessGuid'>{a16191d0-9766-5fab-9509-000000000300}</Data><Data Name='ProcessId'>1216</Data><Data Name='Image'>c:\Windows\Microsoft.NET\Framework\v4.0.30319\ngen.exe</Data><Data Name='TargetFilename'>C:\Windows\Microsoft.NET\Framework\v4.0.30319\ngenrootstorelock.dat</Data><Data Name='CreationUtcTime'>2020-11-11 07:48:53.692</Data></EventData></Event>
<Event xmlns='http://schemas.microsoft.com/win/2004/08/events/event'><System><Provider Name='Microsoft-Windows-Sysmon' Guid='{5770385f-c22a-43e0-bf4c-06f5698ffbd9}'/><EventID>5</EventID><Version>3</Version><Level>4</Level><Task>5</Task><Opcode>0</Opcode><Keywords>0x8000000000000000</Keywords><TimeCreated SystemTime='2020-11-11T07:48:54.766430300Z'/><EventRecordID>29394</EventRecordID><Correlation/><Execution ProcessID='8424' ThreadID='8456'/><Channel>Microsoft-Windows-Sysmon/Operational</Channel><Computer>DESKTOP-4GL3MO2</Computer><Security UserID='S-1-5-18'/></System><EventData><Data Name='RuleName'>-</Data><Data Name='UtcTime'>2020-11-11 07:48:54.755</Data><Data Name='ProcessGuid'>{a16191d0-9766-5fab-9509-000000000300}</Data><Data Name='ProcessId'>1216</Data><Data Name='Image'>C:\Windows\Microsoft.NET\Framework\v4.0.30319\ngen.exe</Data></EventData></Event>
<Event xmlns='http://schemas.microsoft.com/win/2004/08/events/event'><System><Provider Name='Microsoft-Windows-Sysmon' Guid='{5770385f-c22a-43e0-bf4c-06f5698ffbd9}'/><EventID>5</EventID><Version>3</Version><Level>4</Level><Task>5</Task><Opcode>0</Opcode><Keywords>0x8000000000000000</Keywords><TimeCreated SystemTime='2020-11-11T07:48:54.773854500Z'/><EventRecordID>29395</EventRecordID><Correlation/><Execution ProcessID='8424' ThreadID='8456'/><Channel>Microsoft-Windows-Sysmon/Operational</Channel><Computer>DESKTOP-4GL3MO2</Computer><Security UserID='S-1-5-18'/></System><EventData><Data Name='RuleName'>-</Data><Data Name='UtcTime'>2020-11-11 07:48:54.755</Data><Data Name='ProcessGuid'>{a16191d0-9766-5fab-9609-000000000300}</Data><Data Name='ProcessId'>12060</Data><Data Name='Image'>C:\Windows\System32\conhost.exe</Data></EventData></Event>
<Event xmlns='http://schemas.microsoft.com/win/2004/08/events/event'><System><Provider Name='Microsoft-Windows-Sysmon' Guid='{5770385f-c22a-43e0-bf4c-06f5698ffbd9}'/><EventID>1</EventID><Version>5</Version><Level>4</Level><Task>1</Task><Opcode>0</Opcode><Keywords>0x8000000000000000</Keywords><TimeCreated SystemTime='2020-11-11T07:48:54.775617200Z'/><EventRecordID>29396</EventRecordID><Correlation/><Execution ProcessID='8424' ThreadID='8456'/><Channel>Microsoft-Windows-Sysmon/Operational</Channel><Computer>DESKTOP-4GL3MO2</Computer><Security UserID='S-1-5-18'/></System><EventData><Data Name='RuleName'>-</Data><Data Name='UtcTime'>2020-11-11 07:48:54.772</Data><Data Name='ProcessGuid'>{a16191d0-9766-5fab-9709-000000000300}</Data><Data Name='ProcessId'>7400</Data><Data Name='Image'>C:\Windows\Microsoft.NET\Framework64\v4.0.30319\ngen.exe</Data><Data Name='FileVersion'>4.8.3752.0 built by: NET48REL1</Data><Data Name='Description'>Microsoft Common Language Runtime native compiler</Data><Data Name='Product'>Microsoft .NET Framework</Data><Data Name='Company'>Microsoft Corporation</Data><Data Name='OriginalFileName'>ngen.exe</Data><Data Name='CommandLine'>c:\Windows\Microsoft.NET\Framework64\v4.0.30319\ngen.exe install "c:\Program Files (x86)\Common Files\Microsoft Shared\VSTA\Pipeline.v10.0\AddInSideAdapters\Microsoft.VisualStudio.Tools.Office.AddInAdapter.v9.0.dll" /queue:3 /NoDependencies</Data><Data Name='CurrentDirectory'>C:\Windows\SysWOW64\</Data><Data Name='User'>NT AUTHORITY\SYSTEM</Data><Data Name='LogonGuid'>{a16191d0-e48d-5f8f-e703-000000000000}</Data><Data Name='LogonId'>0x3e7</Data><Data Name='TerminalSessionId'>0</Data><Data Name='IntegrityLevel'>System</Data><Data Name='Hashes'>SHA1=2EC8E5600FFC2FD04D3FDA3646E870C5FA54F7F2,MD5=660254C8228B83705C80374D47F570F1,SHA256=0EB067650F90E1AF3B660C229A58D5E4C505A928847349E06DADB5E88DF713F4,IMPHASH=5ABC114B8FD18C7E03AD3244A6DA0BC3</Data><Data Name='ParentProcessGuid'>{a16191d0-974b-5fab-7209-000000000300}</Data><Data Name='ParentProcessId'>4304</Data><Data Name='ParentImage'>C:\Windows\SysWOW64\msiexec.exe</Data><Data Name='ParentCommandLine'>c:\Windows\syswow64\MsiExec.exe -Embedding 2B9CF3039A49DDBC322E1EFC81B8DB60 E Global\MSI0000</Data></EventData></Event>
<Event xmlns='http://schemas.microsoft.com/win/2004/08/events/event'><System><Provider Name='Microsoft-Windows-Sysmon' Guid='{5770385f-c22a-43e0-bf4c-06f5698ffbd9}'/><EventID>11</EventID><Version>2</Version><Level>4</Level><Task>11</Task><Opcode>0</Opcode><Keywords>0x8000000000000000</Keywords><TimeCreated SystemTime='2020-11-11T07:48:54.838658100Z'/><EventRecordID>29397</EventRecordID><Correlation/><Execution ProcessID='8424' ThreadID='8456'/><Channel>Microsoft-Windows-Sysmon/Operational</Channel><Computer>DESKTOP-4GL3MO2</Computer><Security UserID='S-1-5-18'/></System><EventData><Data Name='RuleName'>-</Data><Data Name='UtcTime'>2020-11-11 07:48:54.833</Data><Data Name='ProcessGuid'>{a16191d0-9766-5fab-9709-000000000300}</Data><Data Name='ProcessId'>7400</Data><Data Name='Image'>c:\Windows\Microsoft.NET\Framework64\v4.0.30319\ngen.exe</Data><Data Name='TargetFilename'>C:\Windows\Microsoft.NET\ngenserviceclientlock.dat</Data><Data Name='CreationUtcTime'>2020-11-11 07:48:53.692</Data></EventData></Event>
