<Event xmlns='http://schemas.microsoft.com/win/2004/08/events/event'><System><Provider Name='Microsoft-Windows-Sysmon' Guid='{5770385f-c22a-43e0-bf4c-06f5698ffbd9}'/><EventID>11</EventID><Version>2</Version><Level>4</Level><Task>11</Task><Opcode>0</Opcode><Keywords>0x8000000000000000</Keywords><TimeCreated SystemTime='2020-11-11T07:49:25.932032000Z'/><EventRecordID>29971</EventRecordID><Correlation/><Execution ProcessID='8424' ThreadID='8456'/><Channel>Microsoft-Windows-Sysmon/Operational</Channel><Computer>DESKTOP-4GL3MO2</Computer><Security UserID='S-1-5-18'/></System><EventData><Data Name='RuleName'>-</Data><Data Name='UtcTime'>2020-11-11 07:49:25.817</Data><Data Name='ProcessGuid'>{a16191d0-e494-5f8f-6b00-000000000300}</Data><Data Name='ProcessId'>4552</Data><Data Name='Image'>C:\Windows\Explorer.EXE</Data><Data Name='TargetFilename'>C:\Users\jiyoung\AppData\Local\Programs\Python\Python38-32\Lib\venv\scripts\posix\21838D-Readme.txt</Data><Data Name='CreationUtcTime'>2020-11-11 07:49:25.801</Data></EventData></Event>
<Event xmlns='http://schemas.microsoft.com/win/2004/08/events/event'><System><Provider Name='Microsoft-Windows-Sysmon' Guid='{5770385f-c22a-43e0-bf4c-06f5698ffbd9}'/><EventID>11</EventID><Version>2</Version><Level>4</Level><Task>11</Task><Opcode>0</Opcode><Keywords>0x8000000000000000</Keywords><TimeCreated SystemTime='2020-11-11T07:49:25.932113100Z'/><EventRecordID>29972</EventRecordID><Correlation/><Execution ProcessID='8424' ThreadID='8456'/><Channel>Microsoft-Windows-Sysmon/Operational</Channel><Computer>DESKTOP-4GL3MO2</Computer><Security UserID='S-1-5-18'/></System><EventData><Data Name='RuleName'>-</Data><Data Name='UtcTime'>2020-11-11 07:49:25.833</Data><Data Name='ProcessGuid'>{a16191d0-e494-5f8f-6b00-000000000300}</Data><Data Name='ProcessId'>4552</Data><Data Name='Image'>C:\Windows\Explorer.EXE</Data><Data Name='TargetFilename'>C:\Users\jiyoung\AppData\Local\Programs\Python\Python38-32\Lib\xml\etree\__pycache__\21838D-Readme.txt</Data><Data Name='CreationUtcTime'>2020-11-11 07:49:25.770</Data></EventData></Event>
<Event xmlns='http://schemas.microsoft.com/win/2004/08/events/event'><System><Provider Name='Microsoft-Windows-Sysmon' Guid='{5770385f-c22a-43e0-bf4c-06f5698ffbd9}'/><EventID>11</EventID><Version>2</Version><Level>4</Level><Task>11</Task><Opcode>0</Opcode><Keywords>0x8000000000000000</Keywords><TimeCreated SystemTime='2020-11-11T07:49:25.932234000Z'/><EventRecordID>29973</EventRecordID><Correlation/><Execution ProcessID='8424' ThreadID='8456'/><Channel>Microsoft-Windows-Sysmon/Operational</Channel><Computer>DESKTOP-4GL3MO2</Computer><Security UserID='S-1-5-18'/></System><EventData><Data Name='RuleName'>-</Data><Data Name='UtcTime'>2020-11-11 07:49:25.849</Data><Data Name='ProcessGuid'>{a16191d0-e494-5f8f-6b00-000000000300}</Data><Data Name='ProcessId'>4552</Data><Data Name='Image'>C:\Windows\Explorer.EXE</Data><Data Name='TargetFilename'>C:\Users\jiyoung\AppData\Local\Programs\Python\Python38-32\Lib\unittest\test\testmock\21838D-Readme.txt</Data><Data Name='CreationUtcTime'>2020-11-11 07:49:25.801</Data></EventData></Event>
<Event xmlns='http://schemas.microsoft.com/win/2004/08/events/event'><System><Provider Name='Microsoft-Windows-Sysmon' Guid='{5770385f-c22a-43e0-bf4c-06f5698ffbd9}'/><EventID>11</EventID><Version>2</Version><Level>4</Level><Task>11</Task><Opcode>0</Opcode><Keywords>0x8000000000000000</Keywords><TimeCreated SystemTime='2020-11-11T07:49:25.932621400Z'/><EventRecordID>29974</EventRecordID><Correlation/><Execution ProcessID='8424' ThreadID='8456'/><Channel>Microsoft-Windows-Sysmon/Operational</Channel><Computer>DESKTOP-4GL3MO2</Computer><Security UserID='S-1-5-18'/></System><EventData><Data Name='RuleName'>-</Data><Data Name='UtcTime'>2020-11-11 07:49:25.849</Data><Data Name='ProcessGuid'>{a16191d0-e494-5f8f-6b00-000000000300}</Data><Data Name='ProcessId'>4552</Data><Data Name='Image'>C:\Windows\Explorer.EXE</Data><Data Name='TargetFilename'>C:\Users\jiyoung\AppData\Local\Programs\Python\Python38-32\Lib\urllib\__pycache__\21838D-Readme.txt</Data><Data Name='CreationUtcTime'>2020-11-11 07:49:25.833</Data></EventData></Event>
<Event xmlns='http://schemas.microsoft.com/win/2004/08/events/event'><System><Provider Name='Microsoft-Windows-Sysmon' Guid='{5770385f-c22a-43e0-bf4c-06f5698ffbd9}'/><EventID>11</EventID><Version>2</Version><Level>4</Level><Task>11</Task><Opcode>0</Opcode><Keywords>0x8000000000000000</Keywords><TimeCreated SystemTime='2020-11-11T07:49:26.090635700Z'/><EventRecordID>29975</EventRecordID><Correlation/><Execution ProcessID='8424' ThreadID='8456'/><Channel>Microsoft-Windows-Sysmon/Operational</Channel><Computer>DESKTOP-4GL3MO2</Computer><Security UserID='S-1-5-18'/></System><EventData><Data Name='RuleName'>-</Data><Data Name='UtcTime'>2020-11-11 07:49:25.989</Data><Data Name='ProcessGuid'>{a16191d0-e494-5f8f-6b00-000000000300}</Data><Data Name='ProcessId'>4552</Data><Data Name='Image'>C:\Windows\Explorer.EXE</Data><Data Name='TargetFilename'>C:\Users\jiyoung\AppData\Local\Programs\Python\Python38-32\Lib\test\test_json\21838D-Readme.txt</Data><Data Name='CreationUtcTime'>2020-11-11 07:49:25.817</Data></EventData></Event>
<Event xmlns='http://schemas.microsoft.com/win/2004/08/events/event'><System><Provider Name='Microsoft-Windows-Sysmon' Guid='{5770385f-c22a-43e0-bf4c-06f5698ffbd9}'/><EventID>11</EventID><Version>2</Version><Level>4</Level><Task>11</Task><Opcode>0</Opcode><Keywords>0x8000000000000000</Keywords><TimeCreated SystemTime='2020-11-11T07:49:26.090781100Z'/><EventRecordID>29976</EventRecordID><Correlation/><Execution ProcessID='8424' ThreadID='8456'/><Channel>Microsoft-Windows-Sysmon/Operational</Channel><Computer>DESKTOP-4GL3MO2</Computer><Security UserID='S-1-5-18'/></System><EventData><Data Name='RuleName'>-</Data><Data Name='UtcTime'>2020-11-11 07:49:25.989</Data><Data Name='ProcessGuid'>{a16191d0-e494-5f8f-6b00-000000000300}</Data><Data Name='ProcessId'>4552</Data><Data Name='Image'>C:\Windows\Explorer.EXE</Data><Data Name='TargetFilename'>C:\Users\jiyoung\AppData\Local\Programs\Python\Python38-32\Lib\test\test_asyncio\21838D-Readme.txt</Data><Data Name='CreationUtcTime'>2020-11-11 07:49:25.864</Data></EventData></Event>
<Event xmlns='http://schemas.microsoft.com/win/2004/08/events/event'><System><Provider Name='Microsoft-Windows-Sysmon' Guid='{5770385f-c22a-43e0-bf4c-06f5698ffbd9}'/><EventID>11</EventID><Version>2</Version><Level>4</Level><Task>11</Task><Opcode>0</Opcode><Keywords>0x8000000000000000</Keywords><TimeCreated SystemTime='2020-11-11T07:49:26.090890400Z'/><EventRecordID>29977</EventRecordID><Correlation/><Execution ProcessID='8424' ThreadID='8456'/><Channel>Microsoft-Windows-Sysmon/Operational</Channel><Computer>DESKTOP-4GL3MO2</Computer><Security UserID='S-1-5-18'/></System><EventData><Data Name='RuleName'>-</Data><Data Name='UtcTime'>2020-11-11 07:49:25.989</Data><Data Name='ProcessGuid'>{a16191d0-e494-5f8f-6b00-000000000300}</Data><Data Name='ProcessId'>4552</Data><Data Name='Image'>C:\Windows\Explorer.EXE</Data><Data Name='TargetFilename'>C:\Users\jiyoung\AppData\Local\Programs\Python\Python38-32\Lib\test\libregrtest\21838D-Readme.txt</Data><Data Name='CreationUtcTime'>2020-11-11 07:49:25.864</Data></EventData></Event>
<Event xmlns='http://schemas.microsoft.com/win/2004/08/events/event'><System><Provider Name='Microsoft-Windows-Sysmon' Guid='{5770385f-c22a-43e0-bf4c-06f5698ffbd9}'/><EventID>11</EventID><Version>2</Version><Level>4</Level><Task>11</Task><Opcode>0</Opcode><Keywords>0x8000000000000000</Keywords><TimeCreated SystemTime='2020-11-11T07:49:26.090960400Z'/><EventRecordID>29978</EventRecordID><Correlation/><Execution ProcessID='8424' ThreadID='8456'/><Channel>Microsoft-Windows-Sysmon/Operational</Channel><Computer>DESKTOP-4GL3MO2</Computer><Security UserID='S-1-5-18'/></System><EventData><Data Name='RuleName'>-</Data><Data Name='UtcTime'>2020-11-11 07:49:25.989</Data><Data Name='ProcessGuid'>{a16191d0-e494-5f8f-6b00-000000000300}</Data><Data Name='ProcessId'>4552</Data><Data Name='Image'>C:\Windows\Explorer.EXE</Data><Data Name='TargetFilename'>C:\Users\jiyoung\AppData\Local\Programs\Python\Python38-32\Lib\test\encoded_modules\21838D-Readme.txt</Data><Data Name='CreationUtcTime'>2020-11-11 07:49:25.864</Data></EventData></Event>
<Event xmlns='http://schemas.microsoft.com/win/2004/08/events/event'><System><Provider Name='Microsoft-Windows-Sysmon' Guid='{5770385f-c22a-43e0-bf4c-06f5698ffbd9}'/><EventID>11</EventID><Version>2</Version><Level>4</Level><Task>11</Task><Opcode>0</Opcode><Keywords>0x8000000000000000</Keywords><TimeCreated SystemTime='2020-11-11T07:49:26.091382000Z'/><EventRecordID>29979</EventRecordID><Correlation/><Execution ProcessID='8424' ThreadID='8456'/><Channel>Microsoft-Windows-Sysmon/Operational</Channel><Computer>DESKTOP-4GL3MO2</Computer><Security UserID='S-1-5-18'/></System><EventData><Data Name='RuleName'>-</Data><Data Name='UtcTime'>2020-11-11 07:49:26.020</Data><Data Name='ProcessGuid'>{a16191d0-e494-5f8f-6b00-000000000300}</Data><Data Name='ProcessId'>4552</Data><Data Name='Image'>C:\Windows\Explorer.EXE</Data><Data Name='TargetFilename'>C:\Users\jiyoung\AppData\Local\Programs\Python\Python38-32\Lib\json\__pycache__\21838D-Readme.txt</Data><Data Name='CreationUtcTime'>2020-11-11 07:49:26.005</Data></EventData></Event>
<Event xmlns='http://schemas.microsoft.com/win/2004/08/events/event'><System><Provider Name='Microsoft-Windows-Sysmon' Guid='{5770385f-c22a-43e0-bf4c-06f5698ffbd9}'/><EventID>11</EventID><Version>2</Version><Level>4</Level><Task>11</Task><Opcode>0</Opcode><Keywords>0x8000000000000000</Keywords><TimeCreated SystemTime='2020-11-11T07:49:26.091459100Z'/><EventRecordID>29980</EventRecordID><Correlation/><Execution ProcessID='8424' ThreadID='8456'/><Channel>Microsoft-Windows-Sysmon/Operational</Channel><Computer>DESKTOP-4GL3MO2</Computer><Security UserID='S-1-5-18'/></System><EventData><Data Name='RuleName'>-</Data><Data Name='UtcTime'>2020-11-11 07:49:26.020</Data><Data Name='ProcessGuid'>{a16191d0-e494-5f8f-6b00-000000000300}</Data><Data Name='ProcessId'>4552</Data><Data Name='Image'>C:\Windows\Explorer.EXE</Data><Data Name='TargetFilename'>C:\Users\jiyoung\AppData\Local\Programs\Python\Python38-32\Lib\sqlite3\test\21838D-Readme.txt</Data><Data Name='CreationUtcTime'>2020-11-11 07:49:25.770</Data></EventData></Event>
<Event xmlns='http://schemas.microsoft.com/win/2004/08/events/event'><System><Provider Name='Microsoft-Windows-Sysmon' Guid='{5770385f-c22a-43e0-bf4c-06f5698ffbd9}'/><EventID>11</EventID><Version>2</Version><Level>4</Level><Task>11</Task><Opcode>0</Opcode><Keywords>0x8000000000000000</Keywords><TimeCreated SystemTime='2020-11-11T07:49:26.091552800Z'/><EventRecordID>29981</EventRecordID><Correlation/><Execution ProcessID='8424' ThreadID='8456'/><Channel>Microsoft-Windows-Sysmon/Operational</Channel><Computer>DESKTOP-4GL3MO2</Computer><Security UserID='S-1-5-18'/></System><EventData><Data Name='RuleName'>-</Data><Data Name='UtcTime'>2020-11-11 07:49:26.020</Data><Data Name='ProcessGuid'>{a16191d0-e494-5f8f-6b00-000000000300}</Data><Data Name='ProcessId'>4552</Data><Data Name='Image'>C:\Windows\Explorer.EXE</Data><Data Name='TargetFilename'>C:\Users\jiyoung\AppData\Local\Programs\Python\Python38-32\Lib\logging\__pycache__\21838D-Readme.txt</Data><Data Name='CreationUtcTime'>2020-11-11 07:49:25.942</Data></EventData></Event>
<Event xmlns='http://schemas.microsoft.com/win/2004/08/events/event'><System><Provider Name='Microsoft-Windows-Sysmon' Guid='{5770385f-c22a-43e0-bf4c-06f5698ffbd9}'/><EventID>11</EventID><Version>2</Version><Level>4</Level><Task>11</Task><Opcode>0</Opcode><Keywords>0x8000000000000000</Keywords><TimeCreated SystemTime='2020-11-11T07:49:26.091641800Z'/><EventRecordID>29982</EventRecordID><Correlation/><Execution ProcessID='8424' ThreadID='8456'/><Channel>Microsoft-Windows-Sysmon/Operational</Channel><Computer>DESKTOP-4GL3MO2</Computer><Security UserID='S-1-5-18'/></System><EventData><Data Name='RuleName'>-</Data><Data Name='UtcTime'>2020-11-11 07:49:26.036</Data><Data Name='ProcessGuid'>{a16191d0-e494-5f8f-6b00-000000000300}</Data><Data Name='ProcessId'>4552</Data><Data Name='Image'>C:\Windows\Explorer.EXE</Data><Data Name='TargetFilename'>C:\Users\jiyoung\AppData\Local\Programs\Python\Python38-32\Lib\http\__pycache__\21838D-Readme.txt</Data><Data Name='CreationUtcTime'>2020-11-11 07:49:26.020</Data></EventData></Event>
<Event xmlns='http://schemas.microsoft.com/win/2004/08/events/event'><System><Provider Name='Microsoft-Windows-Sysmon' Guid='{5770385f-c22a-43e0-bf4c-06f5698ffbd9}'/><EventID>11</EventID><Version>2</Version><Level>4</Level><Task>11</Task><Opcode>0</Opcode><Keywords>0x8000000000000000</Keywords><TimeCreated SystemTime='2020-11-11T07:49:26.091753100Z'/><EventRecordID>29983</EventRecordID><Correlation/><Execution ProcessID='8424' ThreadID='8456'/><Channel>Microsoft-Windows-Sysmon/Operational</Channel><Computer>DESKTOP-4GL3MO2</Computer><Security UserID='S-1-5-18'/></System><EventData><Data Name='RuleName'>-</Data><Data Name='UtcTime'>2020-11-11 07:49:26.036</Data><Data Name='ProcessGuid'>{a16191d0-e494-5f8f-6b00-000000000300}</Data><Data Name='ProcessId'>4552</Data><Data Name='Image'>C:\Windows\Explorer.EXE</Data><Data Name='TargetFilename'>C:\Users\jiyoung\AppData\Local\Programs\Python\Python38-32\Lib\lib2to3\pgen2\21838D-Readme.txt</Data><Data Name='CreationUtcTime'>2020-11-11 07:49:25.942</Data></EventData></Event>
<Event xmlns='http://schemas.microsoft.com/win/2004/08/events/event'><System><Provider Name='Microsoft-Windows-Sysmon' Guid='{5770385f-c22a-43e0-bf4c-06f5698ffbd9}'/><EventID>11</EventID><Version>2</Version><Level>4</Level><Task>11</Task><Opcode>0</Opcode><Keywords>0x8000000000000000</Keywords><TimeCreated SystemTime='2020-11-11T07:49:26.091869500Z'/><EventRecordID>29984</EventRecordID><Correlation/><Execution ProcessID='8424' ThreadID='8456'/><Channel>Microsoft-Windows-Sysmon/Operational</Channel><Computer>DESKTOP-4GL3MO2</Computer><Security UserID='S-1-5-18'/></System><EventData><Data Name='RuleName'>-</Data><Data Name='UtcTime'>2020-11-11 07:49:26.036</Data><Data Name='ProcessGuid'>{a16191d0-e494-5f8f-6b00-000000000300}</Data><Data Name='ProcessId'>4552</Data><Data Name='Image'>C:\Windows\Explorer.EXE</Data><Data Name='TargetFilename'>C:\Users\jiyoung\AppData\Local\Programs\Python\Python38-32\Lib\logging\__pycache__\21838D-Readme.txt</Data><Data Name='CreationUtcTime'>2020-11-11 07:49:25.942</Data></EventData></Event>
<Event xmlns='http://schemas.microsoft.com/win/2004/08/events/event'><System><Provider Name='Microsoft-Windows-Sysmon' Guid='{5770385f-c22a-43e0-bf4c-06f5698ffbd9}'/><EventID>11</EventID><Version>2</Version><Level>4</Level><Task>11</Task><Opcode>0</Opcode><Keywords>0x8000000000000000</Keywords><TimeCreated SystemTime='2020-11-11T07:49:26.092014700Z'/><EventRecordID>29985</EventRecordID><Correlation/><Execution ProcessID='8424' ThreadID='8456'/><Channel>Microsoft-Windows-Sysmon/Operational</Channel><Computer>DESKTOP-4GL3MO2</Computer><Security UserID='S-1-5-18'/></System><EventData><Data Name='RuleName'>-</Data><Data Name='UtcTime'>2020-11-11 07:49:26.051</Data><Data Name='ProcessGuid'>{a16191d0-e494-5f8f-6b00-000000000300}</Data><Data Name='ProcessId'>4552</Data><Data Name='Image'>C:\Windows\Explorer.EXE</Data><Data Name='TargetFilename'>C:\Users\jiyoung\AppData\Local\Programs\Python\Python38-32\Lib\json\__pycache__\21838D-Readme.txt</Data><Data Name='CreationUtcTime'>2020-11-11 07:49:26.005</Data></EventData></Event>
<Event xmlns='http://schemas.microsoft.com/win/2004/08/events/event'><System><Provider Name='Microsoft-Windows-Sysmon' Guid='{5770385f-c22a-43e0-bf4c-06f5698ffbd9}'/><EventID>11</EventID><Version>2</Version><Level>4</Level><Task>11</Task><Opcode>0</Opcode><Keywords>0x8000000000000000</Keywords><TimeCreated SystemTime='2020-11-11T07:49:26.290159600Z'/><EventRecordID>29986</EventRecordID><Correlation/><Execution ProcessID='8424' ThreadID='8456'/><Channel>Microsoft-Windows-Sysmon/Operational</Channel><Computer>DESKTOP-4GL3MO2</Computer><Security UserID='S-1-5-18'/></System><EventData><Data Name='RuleName'>-</Data><Data Name='UtcTime'>2020-11-11 07:49:26.098</Data><Data Name='ProcessGuid'>{a16191d0-e494-5f8f-6b00-000000000300}</Data><Data Name='ProcessId'>4552</Data><Data Name='Image'>C:\Windows\Explorer.EXE</Data><Data Name='TargetFilename'>C:\Users\jiyoung\AppData\Local\Programs\Python\Python38-32\Lib\lib2to3\pgen2\21838D-Readme.txt</Data><Data Name='CreationUtcTime'>2020-11-11 07:49:25.942</Data></EventData></Event>
<Event xmlns='http://schemas.microsoft.com/win/2004/08/events/event'><System><Provider Name='Microsoft-Windows-Sysmon' Guid='{5770385f-c22a-43e0-bf4c-06f5698ffbd9}'/><EventID>11</EventID><Version>2</Version><Level>4</Level><Task>11</Task><Opcode>0</Opcode><Keywords>0x8000000000000000</Keywords><TimeCreated SystemTime='2020-11-11T07:49:26.290526600Z'/><EventRecordID>29987</EventRecordID><Correlation/><Execution ProcessID='8424' ThreadID='8456'/><Channel>Microsoft-Windows-Sysmon/Operational</Channel><Computer>DESKTOP-4GL3MO2</Computer><Security UserID='S-1-5-18'/></System><EventData><Data Name='RuleName'>-</Data><Data Name='UtcTime'>2020-11-11 07:49:26.114</Data><Data Name='ProcessGuid'>{a16191d0-e494-5f8f-6b00-000000000300}</Data><Data Name='ProcessId'>4552</Data><Data Name='Image'>C:\Windows\Explorer.EXE</Data><Data Name='TargetFilename'>C:\Users\jiyoung\AppData\Local\Programs\Python\Python38-32\Lib\test\eintrdata\21838D-Readme.txt</Data><Data Name='CreationUtcTime'>2020-11-11 07:49:25.958</Data></EventData></Event>
<Event xmlns='http://schemas.microsoft.com/win/2004/08/events/event'><System><Provider Name='Microsoft-Windows-Sysmon' Guid='{5770385f-c22a-43e0-bf4c-06f5698ffbd9}'/><EventID>11</EventID><Version>2</Version><Level>4</Level><Task>11</Task><Opcode>0</Opcode><Keywords>0x8000000000000000</Keywords><TimeCreated SystemTime='2020-11-11T07:49:26.290697700Z'/><EventRecordID>29988</EventRecordID><Correlation/><Execution ProcessID='8424' ThreadID='8456'/><Channel>Microsoft-Windows-Sysmon/Operational</Channel><Computer>DESKTOP-4GL3MO2</Computer><Security UserID='S-1-5-18'/></System><EventData><Data Name='RuleName'>-</Data><Data Name='UtcTime'>2020-11-11 07:49:26.098</Data><Data Name='ProcessGuid'>{a16191d0-e494-5f8f-6b00-000000000300}</Data><Data Name='ProcessId'>4552</Data><Data Name='Image'>C:\Windows\Explorer.EXE</Data><Data Name='TargetFilename'>C:\Users\jiyoung\AppData\Local\Programs\Python\Python38-32\Lib\lib2to3\pgen2\21838D-Readme.txt</Data><Data Name='CreationUtcTime'>2020-11-11 07:49:25.942</Data></EventData></Event>
<Event xmlns='http://schemas.microsoft.com/win/2004/08/events/event'><System><Provider Name='Microsoft-Windows-Sysmon' Guid='{5770385f-c22a-43e0-bf4c-06f5698ffbd9}'/><EventID>11</EventID><Version>2</Version><Level>4</Level><Task>11</Task><Opcode>0</Opcode><Keywords>0x8000000000000000</Keywords><TimeCreated SystemTime='2020-11-11T07:49:26.290949300Z'/><EventRecordID>29989</EventRecordID><Correlation/><Execution ProcessID='8424' ThreadID='8456'/><Channel>Microsoft-Windows-Sysmon/Operational</Channel><Computer>DESKTOP-4GL3MO2</Computer><Security UserID='S-1-5-18'/></System><EventData><Data Name='RuleName'>-</Data><Data Name='UtcTime'>2020-11-11 07:49:26.129</Data><Data Name='ProcessGuid'>{a16191d0-e494-5f8f-6b00-000000000300}</Data><Data Name='ProcessId'>4552</Data><Data Name='Image'>C:\Windows\Explorer.EXE</Data><Data Name='TargetFilename'>C:\Users\jiyoung\AppData\Local\Programs\Python\Python38-32\Lib\lib2to3\tests\21838D-Readme.txt</Data><Data Name='CreationUtcTime'>2020-11-11 07:49:26.114</Data></EventData></Event>
<Event xmlns='http://schemas.microsoft.com/win/2004/08/events/event'><System><Provider Name='Microsoft-Windows-Sysmon' Guid='{5770385f-c22a-43e0-bf4c-06f5698ffbd9}'/><EventID>11</EventID><Version>2</Version><Level>4</Level><Task>11</Task><Opcode>0</Opcode><Keywords>0x8000000000000000</Keywords><TimeCreated SystemTime='2020-11-11T07:49:26.291036300Z'/><EventRecordID>29990</EventRecordID><Correlation/><Execution ProcessID='8424' ThreadID='8456'/><Channel>Microsoft-Windows-Sysmon/Operational</Channel><Computer>DESKTOP-4GL3MO2</Computer><Security UserID='S-1-5-18'/></System><EventData><Data Name='RuleName'>-</Data><Data Name='UtcTime'>2020-11-11 07:49:26.129</Data><Data Name='ProcessGuid'>{a16191d0-e494-5f8f-6b00-000000000300}</Data><Data Name='ProcessId'>4552</Data><Data Name='Image'>C:\Windows\Explorer.EXE</Data><Data Name='TargetFilename'>C:\Users\jiyoung\AppData\Local\Programs\Python\Python38-32\Lib\test\subprocessdata\21838D-Readme.txt</Data><Data Name='CreationUtcTime'>2020-11-11 07:49:25.973</Data></EventData></Event>
<Event xmlns='http://schemas.microsoft.com/win/2004/08/events/event'><System><Provider Name='Microsoft-Windows-Sysmon' Guid='{5770385f-c22a-43e0-bf4c-06f5698ffbd9}'/><EventID>11</EventID><Version>2</Version><Level>4</Level><Task>11</Task><Opcode>0</Opcode><Keywords>0x8000000000000000</Keywords><TimeCreated SystemTime='2020-11-11T07:49:26.291558200Z'/><EventRecordID>29991</EventRecordID><Correlation/><Execution ProcessID='8424' ThreadID='8456'/><Channel>Microsoft-Windows-Sysmon/Operational</Channel><Computer>DESKTOP-4GL3MO2</Computer><Security UserID='S-1-5-18'/></System><EventData><Data Name='RuleName'>-</Data><Data Name='UtcTime'>2020-11-11 07:49:26.208</Data><Data Name='ProcessGuid'>{a16191d0-e494-5f8f-6b00-000000000300}</Data><Data Name='ProcessId'>4552</Data><Data Name='Image'>C:\Windows\Explorer.EXE</Data><Data Name='TargetFilename'>C:\Users\jiyoung\AppData\Local\Programs\Python\Python38-32\Lib\tkinter\test\test_ttk\21838D-Readme.txt</Data><Data Name='CreationUtcTime'>2020-11-11 07:49:26.192</Data></EventData></Event>
<Event xmlns='http://schemas.microsoft.com/win/2004/08/events/event'><System><Provider Name='Microsoft-Windows-Sysmon' Guid='{5770385f-c22a-43e0-bf4c-06f5698ffbd9}'/><EventID>11</EventID><Version>2</Version><Level>4</Level><Task>11</Task><Opcode>0</Opcode><Keywords>0x8000000000000000</Keywords><TimeCreated SystemTime='2020-11-11T07:49:26.291640700Z'/><EventRecordID>29992</EventRecordID><Correlation/><Execution ProcessID='8424' ThreadID='8456'/><Channel>Microsoft-Windows-Sysmon/Operational</Channel><Computer>DESKTOP-4GL3MO2</Computer><Security UserID='S-1-5-18'/></System><EventData><Data Name='RuleName'>-</Data><Data Name='UtcTime'>2020-11-11 07:49:26.239</Data><Data Name='ProcessGuid'>{a16191d0-e494-5f8f-6b00-000000000300}</Data><Data Name='ProcessId'>4552</Data><Data Name='Image'>C:\Windows\Explorer.EXE</Data><Data Name='TargetFilename'>C:\Users\jiyoung\AppData\Local\Programs\Python\Python38-32\Lib\test\cjkencodings\21838D-Readme.txt</Data><Data Name='CreationUtcTime'>2020-11-11 07:49:26.161</Data></EventData></Event>
<Event xmlns='http://schemas.microsoft.com/win/2004/08/events/event'><System><Provider Name='Microsoft-Windows-Sysmon' Guid='{5770385f-c22a-43e0-bf4c-06f5698ffbd9}'/><EventID>11</EventID><Version>2</Version><Level>4</Level><Task>11</Task><Opcode>0</Opcode><Keywords>0x8000000000000000</Keywords><TimeCreated SystemTime='2020-11-11T07:49:26.291910500Z'/><EventRecordID>29993</EventRecordID><Correlation/><Execution ProcessID='8424' ThreadID='8456'/><Channel>Microsoft-Windows-Sysmon/Operational</Channel><Computer>DESKTOP-4GL3MO2</Computer><Security UserID='S-1-5-18'/></System><EventData><Data Name='RuleName'>-</Data><Data Name='UtcTime'>2020-11-11 07:49:26.239</Data><Data Name='ProcessGuid'>{a16191d0-e494-5f8f-6b00-000000000300}</Data><Data Name='ProcessId'>4552</Data><Data Name='Image'>C:\Windows\Explorer.EXE</Data><Data Name='TargetFilename'>C:\Users\jiyoung\AppData\Local\Programs\Python\Python38-32\Lib\tkinter\test\21838D-Readme.txt</Data><Data Name='CreationUtcTime'>2020-11-11 07:49:26.192</Data></EventData></Event>
<Event xmlns='http://schemas.microsoft.com/win/2004/08/events/event'><System><Provider Name='Microsoft-Windows-Sysmon' Guid='{5770385f-c22a-43e0-bf4c-06f5698ffbd9}'/><EventID>11</EventID><Version>2</Version><Level>4</Level><Task>11</Task><Opcode>0</Opcode><Keywords>0x8000000000000000</Keywords><TimeCreated SystemTime='2020-11-11T07:49:26.292294500Z'/><EventRecordID>29994</EventRecordID><Correlation/><Execution ProcessID='8424' ThreadID='8456'/><Channel>Microsoft-Windows-Sysmon/Operational</Channel><Computer>DESKTOP-4GL3MO2</Computer><Security UserID='S-1-5-18'/></System><EventData><Data Name='RuleName'>-</Data><Data Name='UtcTime'>2020-11-11 07:49:26.239</Data><Data Name='ProcessGuid'>{a16191d0-e494-5f8f-6b00-000000000300}</Data><Data Name='ProcessId'>4552</Data><Data Name='Image'>C:\Windows\Explorer.EXE</Data><Data Name='TargetFilename'>C:\Users\jiyoung\AppData\Local\Programs\Python\Python38-32\Lib\tkinter\test\21838D-Readme.txt</Data><Data Name='CreationUtcTime'>2020-11-11 07:49:26.192</Data></EventData></Event>
<Event xmlns='http://schemas.microsoft.com/win/2004/08/events/event'><System><Provider Name='Microsoft-Windows-Sysmon' Guid='{5770385f-c22a-43e0-bf4c-06f5698ffbd9}'/><EventID>11</EventID><Version>2</Version><Level>4</Level><Task>11</Task><Opcode>0</Opcode><Keywords>0x8000000000000000</Keywords><TimeCreated SystemTime='2020-11-11T07:49:26.292454200Z'/><EventRecordID>29995</EventRecordID><Correlation/><Execution ProcessID='8424' ThreadID='8456'/><Channel>Microsoft-Windows-Sysmon/Operational</Channel><Computer>DESKTOP-4GL3MO2</Computer><Security UserID='S-1-5-18'/></System><EventData><Data Name='RuleName'>-</Data><Data Name='UtcTime'>2020-11-11 07:49:26.255</Data><Data Name='ProcessGuid'>{a16191d0-e494-5f8f-6b00-000000000300}</Data><Data Name='ProcessId'>4552</Data><Data Name='Image'>C:\Windows\Explorer.EXE</Data><Data Name='TargetFilename'>C:\Users\jiyoung\AppData\Local\Programs\Python\Python38-32\Lib\lib2to3\fixes\21838D-Readme.txt</Data><Data Name='CreationUtcTime'>2020-11-11 07:49:26.239</Data></EventData></Event>
<Event xmlns='http://schemas.microsoft.com/win/2004/08/events/event'><System><Provider Name='Microsoft-Windows-Sysmon' Guid='{5770385f-c22a-43e0-bf4c-06f5698ffbd9}'/><EventID>11</EventID><Version>2</Version><Level>4</Level><Task>11</Task><Opcode>0</Opcode><Keywords>0x8000000000000000</Keywords><TimeCreated SystemTime='2020-11-11T07:49:26.292626800Z'/><EventRecordID>29996</EventRecordID><Correlation/><Execution ProcessID='8424' ThreadID='8456'/><Channel>Microsoft-Windows-Sysmon/Operational</Channel><Computer>DESKTOP-4GL3MO2</Computer><Security UserID='S-1-5-18'/></System><EventData><Data Name='RuleName'>-</Data><Data Name='UtcTime'>2020-11-11 07:49:26.255</Data><Data Name='ProcessGuid'>{a16191d0-e494-5f8f-6b00-000000000300}</Data><Data Name='ProcessId'>4552</Data><Data Name='Image'>C:\Windows\Explorer.EXE</Data><Data Name='TargetFilename'>C:\Users\jiyoung\AppData\Local\Programs\Python\Python38-32\Lib\tkinter\test\21838D-Readme.txt</Data><Data Name='CreationUtcTime'>2020-11-11 07:49:26.192</Data></EventData></Event>
<Event xmlns='http://schemas.microsoft.com/win/2004/08/events/event'><System><Provider Name='Microsoft-Windows-Sysmon' Guid='{5770385f-c22a-43e0-bf4c-06f5698ffbd9}'/><EventID>11</EventID><Version>2</Version><Level>4</Level><Task>11</Task><Opcode>0</Opcode><Keywords>0x8000000000000000</Keywords><TimeCreated SystemTime='2020-11-11T07:49:26.292704300Z'/><EventRecordID>29997</EventRecordID><Correlation/><Execution ProcessID='8424' ThreadID='8456'/><Channel>Microsoft-Windows-Sysmon/Operational</Channel><Computer>DESKTOP-4GL3MO2</Computer><Security UserID='S-1-5-18'/></System><EventData><Data Name='RuleName'>-</Data><Data Name='UtcTime'>2020-11-11 07:49:26.255</Data><Data Name='ProcessGuid'>{a16191d0-e494-5f8f-6b00-000000000300}</Data><Data Name='ProcessId'>4552</Data><Data Name='Image'>C:\Windows\Explorer.EXE</Data><Data Name='TargetFilename'>C:\Users\jiyoung\AppData\Local\Programs\Python\Python38-32\Lib\test\audiodata\21838D-Readme.txt</Data><Data Name='CreationUtcTime'>2020-11-11 07:49:26.239</Data></EventData></Event>
<Event xmlns='http://schemas.microsoft.com/win/2004/08/events/event'><System><Provider Name='Microsoft-Windows-Sysmon' Guid='{5770385f-c22a-43e0-bf4c-06f5698ffbd9}'/><EventID>11</EventID><Version>2</Version><Level>4</Level><Task>11</Task><Opcode>0</Opcode><Keywords>0x8000000000000000</Keywords><TimeCreated SystemTime='2020-11-11T07:49:26.292793100Z'/><EventRecordID>29998</EventRecordID><Correlation/><Execution ProcessID='8424' ThreadID='8456'/><Channel>Microsoft-Windows-Sysmon/Operational</Channel><Computer>DESKTOP-4GL3MO2</Computer><Security UserID='S-1-5-18'/></System><EventData><Data Name='RuleName'>-</Data><Data Name='UtcTime'>2020-11-11 07:49:26.255</Data><Data Name='ProcessGuid'>{a16191d0-e494-5f8f-6b00-000000000300}</Data><Data Name='ProcessId'>4552</Data><Data Name='Image'>C:\Windows\Explorer.EXE</Data><Data Name='TargetFilename'>C:\Users\jiyoung\AppData\Local\Programs\Python\Python38-32\Lib\test\decimaltestdata\21838D-Readme.txt</Data><Data Name='CreationUtcTime'>2020-11-11 07:49:26.161</Data></EventData></Event>
<Event xmlns='http://schemas.microsoft.com/win/2004/08/events/event'><System><Provider Name='Microsoft-Windows-Sysmon' Guid='{5770385f-c22a-43e0-bf4c-06f5698ffbd9}'/><EventID>11</EventID><Version>2</Version><Level>4</Level><Task>11</Task><Opcode>0</Opcode><Keywords>0x8000000000000000</Keywords><TimeCreated SystemTime='2020-11-11T07:49:26.292874900Z'/><EventRecordID>29999</EventRecordID><Correlation/><Execution ProcessID='8424' ThreadID='8456'/><Channel>Microsoft-Windows-Sysmon/Operational</Channel><Computer>DESKTOP-4GL3MO2</Computer><Security UserID='S-1-5-18'/></System><EventData><Data Name='RuleName'>-</Data><Data Name='UtcTime'>2020-11-11 07:49:26.270</Data><Data Name='ProcessGuid'>{a16191d0-e494-5f8f-6b00-000000000300}</Data><Data Name='ProcessId'>4552</Data><Data Name='Image'>C:\Windows\Explorer.EXE</Data><Data Name='TargetFilename'>C:\Users\jiyoung\AppData\Local\Programs\Python\Python38-32\Lib\lib2to3\tests\data\21838D-Readme.txt</Data><Data Name='CreationUtcTime'>2020-11-11 07:49:26.239</Data></EventData></Event>
<Event xmlns='http://schemas.microsoft.com/win/2004/08/events/event'><System><Provider Name='Microsoft-Windows-Sysmon' Guid='{5770385f-c22a-43e0-bf4c-06f5698ffbd9}'/><EventID>11</EventID><Version>2</Version><Level>4</Level><Task>11</Task><Opcode>0</Opcode><Keywords>0x8000000000000000</Keywords><TimeCreated SystemTime='2020-11-11T07:49:26.292956500Z'/><EventRecordID>30000</EventRecordID><Correlation/><Execution ProcessID='8424' ThreadID='8456'/><Channel>Microsoft-Windows-Sysmon/Operational</Channel><Computer>DESKTOP-4GL3MO2</Computer><Security UserID='S-1-5-18'/></System><EventData><Data Name='RuleName'>-</Data><Data Name='UtcTime'>2020-11-11 07:49:26.270</Data><Data Name='ProcessGuid'>{a16191d0-e494-5f8f-6b00-000000000300}</Data><Data Name='ProcessId'>4552</Data><Data Name='Image'>C:\Windows\Explorer.EXE</Data><Data Name='TargetFilename'>C:\Users\jiyoung\AppData\Local\Programs\Python\Python38-32\Lib\tkinter\test\test_ttk\21838D-Readme.txt</Data><Data Name='CreationUtcTime'>2020-11-11 07:49:26.192</Data></EventData></Event>
<Event xmlns='http://schemas.microsoft.com/win/2004/08/events/event'><System><Provider Name='Microsoft-Windows-Sysmon' Guid='{5770385f-c22a-43e0-bf4c-06f5698ffbd9}'/><EventID>11</EventID><Version>2</Version><Level>4</Level><Task>11</Task><Opcode>0</Opcode><Keywords>0x8000000000000000</Keywords><TimeCreated SystemTime='2020-11-11T07:49:26.387485900Z'/><EventRecordID>30001</EventRecordID><Correlation/><Execution ProcessID='8424' ThreadID='8456'/><Channel>Microsoft-Windows-Sysmon/Operational</Channel><Computer>DESKTOP-4GL3MO2</Computer><Security UserID='S-1-5-18'/></System><EventData><Data Name='RuleName'>-</Data><Data Name='UtcTime'>2020-11-11 07:49:26.270</Data><Data Name='ProcessGuid'>{a16191d0-e494-5f8f-6b00-000000000300}</Data><Data Name='ProcessId'>4552</Data><Data Name='Image'>C:\Windows\Explorer.EXE</Data><Data Name='TargetFilename'>C:\Users\jiyoung\AppData\Local\Programs\Python\Python38-32\Lib\tkinter\test\test_ttk\21838D-Readme.txt</Data><Data Name='CreationUtcTime'>2020-11-11 07:49:26.192</Data></EventData></Event>
<Event xmlns='http://schemas.microsoft.com/win/2004/08/events/event'><System><Provider Name='Microsoft-Windows-Sysmon' Guid='{5770385f-c22a-43e0-bf4c-06f5698ffbd9}'/><EventID>11</EventID><Version>2</Version><Level>4</Level><Task>11</Task><Opcode>0</Opcode><Keywords>0x8000000000000000</Keywords><TimeCreated SystemTime='2020-11-11T07:49:26.388018600Z'/><EventRecordID>30002</EventRecordID><Correlation/><Execution ProcessID='8424' ThreadID='8456'/><Channel>Microsoft-Windows-Sysmon/Operational</Channel><Computer>DESKTOP-4GL3MO2</Computer><Security UserID='S-1-5-18'/></System><EventData><Data Name='RuleName'>-</Data><Data Name='UtcTime'>2020-11-11 07:49:26.301</Data><Data Name='ProcessGuid'>{a16191d0-e494-5f8f-6b00-000000000300}</Data><Data Name='ProcessId'>4552</Data><Data Name='Image'>C:\Windows\Explorer.EXE</Data><Data Name='TargetFilename'>C:\Users\jiyoung\AppData\Local\Programs\Python\Python38-32\Lib\test\cjkencodings\21838D-Readme.txt</Data><Data Name='CreationUtcTime'>2020-11-11 07:49:26.161</Data></EventData></Event>
<Event xmlns='http://schemas.microsoft.com/win/2004/08/events/event'><System><Provider Name='Microsoft-Windows-Sysmon' Guid='{5770385f-c22a-43e0-bf4c-06f5698ffbd9}'/><EventID>11</EventID><Version>2</Version><Level>4</Level><Task>11</Task><Opcode>0</Opcode><Keywords>0x8000000000000000</Keywords><TimeCreated SystemTime='2020-11-11T07:49:26.388211400Z'/><EventRecordID>30003</EventRecordID><Correlation/><Execution ProcessID='8424' ThreadID='8456'/><Channel>Microsoft-Windows-Sysmon/Operational</Channel><Computer>DESKTOP-4GL3MO2</Computer><Security UserID='S-1-5-18'/></System><EventData><Data Name='RuleName'>-</Data><Data Name='UtcTime'>2020-11-11 07:49:26.301</Data><Data Name='ProcessGuid'>{a16191d0-e494-5f8f-6b00-000000000300}</Data><Data Name='ProcessId'>4552</Data><Data Name='Image'>C:\Windows\Explorer.EXE</Data><Data Name='TargetFilename'>C:\Users\jiyoung\AppData\Local\Programs\Python\Python38-32\Lib\tkinter\test\test_tkinter\21838D-Readme.txt</Data><Data Name='CreationUtcTime'>2020-11-11 07:49:26.208</Data></EventData></Event>
<Event xmlns='http://schemas.microsoft.com/win/2004/08/events/event'><System><Provider Name='Microsoft-Windows-Sysmon' Guid='{5770385f-c22a-43e0-bf4c-06f5698ffbd9}'/><EventID>11</EventID><Version>2</Version><Level>4</Level><Task>11</Task><Opcode>0</Opcode><Keywords>0x8000000000000000</Keywords><TimeCreated SystemTime='2020-11-11T07:49:26.388950500Z'/><EventRecordID>30004</EventRecordID><Correlation/><Execution ProcessID='8424' ThreadID='8456'/><Channel>Microsoft-Windows-Sysmon/Operational</Channel><Computer>DESKTOP-4GL3MO2</Computer><Security UserID='S-1-5-18'/></System><EventData><Data Name='RuleName'>-</Data><Data Name='UtcTime'>2020-11-11 07:49:26.348</Data><Data Name='ProcessGuid'>{a16191d0-e494-5f8f-6b00-000000000300}</Data><Data Name='ProcessId'>4552</Data><Data Name='Image'>C:\Windows\Explorer.EXE</Data><Data Name='TargetFilename'>C:\Users\jiyoung\AppData\Local\Programs\Python\Python38-32\Lib\idlelib\Icons\21838D-Readme.txt</Data><Data Name='CreationUtcTime'>2020-11-11 07:49:26.255</Data></EventData></Event>
<Event xmlns='http://schemas.microsoft.com/win/2004/08/events/event'><System><Provider Name='Microsoft-Windows-Sysmon' Guid='{5770385f-c22a-43e0-bf4c-06f5698ffbd9}'/><EventID>11</EventID><Version>2</Version><Level>4</Level><Task>11</Task><Opcode>0</Opcode><Keywords>0x8000000000000000</Keywords><TimeCreated SystemTime='2020-11-11T07:49:26.539491600Z'/><EventRecordID>30005</EventRecordID><Correlation/><Execution ProcessID='8424' ThreadID='8456'/><Channel>Microsoft-Windows-Sysmon/Operational</Channel><Computer>DESKTOP-4GL3MO2</Computer><Security UserID='S-1-5-18'/></System><EventData><Data Name='RuleName'>-</Data><Data Name='UtcTime'>2020-11-11 07:49:26.395</Data><Data Name='ProcessGuid'>{a16191d0-e494-5f8f-6b00-000000000300}</Data><Data Name='ProcessId'>4552</Data><Data Name='Image'>C:\Windows\Explorer.EXE</Data><Data Name='TargetFilename'>C:\Users\jiyoung\AppData\Local\Programs\Python\Python38-32\Lib\idlelib\Icons\21838D-Readme.txt</Data><Data Name='CreationUtcTime'>2020-11-11 07:49:26.255</Data></EventData></Event>
<Event xmlns='http://schemas.microsoft.com/win/2004/08/events/event'><System><Provider Name='Microsoft-Windows-Sysmon' Guid='{5770385f-c22a-43e0-bf4c-06f5698ffbd9}'/><EventID>11</EventID><Version>2</Version><Level>4</Level><Task>11</Task><Opcode>0</Opcode><Keywords>0x8000000000000000</Keywords><TimeCreated SystemTime='2020-11-11T07:49:26.539822100Z'/><EventRecordID>30006</EventRecordID><Correlation/><Execution ProcessID='8424' ThreadID='8456'/><Channel>Microsoft-Windows-Sysmon/Operational</Channel><Computer>DESKTOP-4GL3MO2</Computer><Security UserID='S-1-5-18'/></System><EventData><Data Name='RuleName'>-</Data><Data Name='UtcTime'>2020-11-11 07:49:26.426</Data><Data Name='ProcessGuid'>{a16191d0-e494-5f8f-6b00-000000000300}</Data><Data Name='ProcessId'>4552</Data><Data Name='Image'>C:\Windows\Explorer.EXE</Data><Data Name='TargetFilename'>C:\Users\jiyoung\AppData\Local\Programs\Python\Python38-32\Lib\idlelib\Icons\21838D-Readme.txt</Data><Data Name='CreationUtcTime'>2020-11-11 07:49:26.255</Data></EventData></Event>
<Event xmlns='http://schemas.microsoft.com/win/2004/08/events/event'><System><Provider Name='Microsoft-Windows-Sysmon' Guid='{5770385f-c22a-43e0-bf4c-06f5698ffbd9}'/><EventID>11</EventID><Version>2</Version><Level>4</Level><Task>11</Task><Opcode>0</Opcode><Keywords>0x8000000000000000</Keywords><TimeCreated SystemTime='2020-11-11T07:49:26.539900800Z'/><EventRecordID>30007</EventRecordID><Correlation/><Execution ProcessID='8424' ThreadID='8456'/><Channel>Microsoft-Windows-Sysmon/Operational</Channel><Computer>DESKTOP-4GL3MO2</Computer><Security UserID='S-1-5-18'/></System><EventData><Data Name='RuleName'>-</Data><Data Name='UtcTime'>2020-11-11 07:49:26.489</Data><Data Name='ProcessGuid'>{a16191d0-e494-5f8f-6b00-000000000300}</Data><Data Name='ProcessId'>4552</Data><Data Name='Image'>C:\Windows\Explorer.EXE</Data><Data Name='TargetFilename'>C:\Users\jiyoung\AppData\Local\Programs\Python\Python38-32\Lib\lib2to3\tests\data\fixers\21838D-Readme.txt</Data><Data Name='CreationUtcTime'>2020-11-11 07:49:26.489</Data></EventData></Event>
<Event xmlns='http://schemas.microsoft.com/win/2004/08/events/event'><System><Provider Name='Microsoft-Windows-Sysmon' Guid='{5770385f-c22a-43e0-bf4c-06f5698ffbd9}'/><EventID>11</EventID><Version>2</Version><Level>4</Level><Task>11</Task><Opcode>0</Opcode><Keywords>0x8000000000000000</Keywords><TimeCreated SystemTime='2020-11-11T07:49:26.843716400Z'/><EventRecordID>30008</EventRecordID><Correlation/><Execution ProcessID='8424' ThreadID='8456'/><Channel>Microsoft-Windows-Sysmon/Operational</Channel><Computer>DESKTOP-4GL3MO2</Computer><Security UserID='S-1-5-18'/></System><EventData><Data Name='RuleName'>-</Data><Data Name='UtcTime'>2020-11-11 07:49:26.551</Data><Data Name='ProcessGuid'>{a16191d0-e494-5f8f-6b00-000000000300}</Data><Data Name='ProcessId'>4552</Data><Data Name='Image'>C:\Windows\Explorer.EXE</Data><Data Name='TargetFilename'>C:\Users\jiyoung\AppData\Local\Programs\Python\Python38-32\Lib\lib2to3\tests\data\fixers\myfixes\21838D-Readme.txt</Data><Data Name='CreationUtcTime'>2020-11-11 07:49:26.551</Data></EventData></Event>
<Event xmlns='http://schemas.microsoft.com/win/2004/08/events/event'><System><Provider Name='Microsoft-Windows-Sysmon' Guid='{5770385f-c22a-43e0-bf4c-06f5698ffbd9}'/><EventID>11</EventID><Version>2</Version><Level>4</Level><Task>11</Task><Opcode>0</Opcode><Keywords>0x8000000000000000</Keywords><TimeCreated SystemTime='2020-11-11T07:49:26.843919400Z'/><EventRecordID>30009</EventRecordID><Correlation/><Execution ProcessID='8424' ThreadID='8456'/><Channel>Microsoft-Windows-Sysmon/Operational</Channel><Computer>DESKTOP-4GL3MO2</Computer><Security UserID='S-1-5-18'/></System><EventData><Data Name='RuleName'>-</Data><Data Name='UtcTime'>2020-11-11 07:49:26.551</Data><Data Name='ProcessGuid'>{a16191d0-e494-5f8f-6b00-000000000300}</Data><Data Name='ProcessId'>4552</Data><Data Name='Image'>C:\Windows\Explorer.EXE</Data><Data Name='TargetFilename'>C:\Users\jiyoung\AppData\Local\Programs\Python\Python38-32\Lib\lib2to3\tests\data\fixers\myfixes\21838D-Readme.txt</Data><Data Name='CreationUtcTime'>2020-11-11 07:49:26.551</Data></EventData></Event>
<Event xmlns='http://schemas.microsoft.com/win/2004/08/events/event'><System><Provider Name='Microsoft-Windows-Sysmon' Guid='{5770385f-c22a-43e0-bf4c-06f5698ffbd9}'/><EventID>11</EventID><Version>2</Version><Level>4</Level><Task>11</Task><Opcode>0</Opcode><Keywords>0x8000000000000000</Keywords><TimeCreated SystemTime='2020-11-11T07:49:26.984693000Z'/><EventRecordID>30010</EventRecordID><Correlation/><Execution ProcessID='8424' ThreadID='8456'/><Channel>Microsoft-Windows-Sysmon/Operational</Channel><Computer>DESKTOP-4GL3MO2</Computer><Security UserID='S-1-5-18'/></System><EventData><Data Name='RuleName'>-</Data><Data Name='UtcTime'>2020-11-11 07:49:26.723</Data><Data Name='ProcessGuid'>{a16191d0-e494-5f8f-6b00-000000000300}</Data><Data Name='ProcessId'>4552</Data><Data Name='Image'>C:\Windows\Explorer.EXE</Data><Data Name='TargetFilename'>C:\Users\jiyoung\AppData\Local\Programs\Python\Python38-32\Lib\idlelib\idle_test\21838D-Readme.txt</Data><Data Name='CreationUtcTime'>2020-11-11 07:49:26.708</Data></EventData></Event>
<Event xmlns='http://schemas.microsoft.com/win/2004/08/events/event'><System><Provider Name='Microsoft-Windows-Sysmon' Guid='{5770385f-c22a-43e0-bf4c-06f5698ffbd9}'/><EventID>11</EventID><Version>2</Version><Level>4</Level><Task>11</Task><Opcode>0</Opcode><Keywords>0x8000000000000000</Keywords><TimeCreated SystemTime='2020-11-11T07:49:26.986626400Z'/><EventRecordID>30011</EventRecordID><Correlation/><Execution ProcessID='8424' ThreadID='8456'/><Channel>Microsoft-Windows-Sysmon/Operational</Channel><Computer>DESKTOP-4GL3MO2</Computer><Security UserID='S-1-5-18'/></System><EventData><Data Name='RuleName'>-</Data><Data Name='UtcTime'>2020-11-11 07:49:26.739</Data><Data Name='ProcessGuid'>{a16191d0-e494-5f8f-6b00-000000000300}</Data><Data Name='ProcessId'>4552</Data><Data Name='Image'>C:\Windows\Explorer.EXE</Data><Data Name='TargetFilename'>C:\Users\jiyoung\AppData\Local\Programs\Python\Python38-32\Lib\idlelib\idle_test\21838D-Readme.txt</Data><Data Name='CreationUtcTime'>2020-11-11 07:49:26.708</Data></EventData></Event>
<Event xmlns='http://schemas.microsoft.com/win/2004/08/events/event'><System><Provider Name='Microsoft-Windows-Sysmon' Guid='{5770385f-c22a-43e0-bf4c-06f5698ffbd9}'/><EventID>11</EventID><Version>2</Version><Level>4</Level><Task>11</Task><Opcode>0</Opcode><Keywords>0x8000000000000000</Keywords><TimeCreated SystemTime='2020-11-11T07:49:26.987630500Z'/><EventRecordID>30012</EventRecordID><Correlation/><Execution ProcessID='8424' ThreadID='8456'/><Channel>Microsoft-Windows-Sysmon/Operational</Channel><Computer>DESKTOP-4GL3MO2</Computer><Security UserID='S-1-5-18'/></System><EventData><Data Name='RuleName'>-</Data><Data Name='UtcTime'>2020-11-11 07:49:26.739</Data><Data Name='ProcessGuid'>{a16191d0-e494-5f8f-6b00-000000000300}</Data><Data Name='ProcessId'>4552</Data><Data Name='Image'>C:\Windows\Explorer.EXE</Data><Data Name='TargetFilename'>C:\Users\jiyoung\AppData\Local\Programs\Python\Python38-32\Lib\idlelib\idle_test\21838D-Readme.txt</Data><Data Name='CreationUtcTime'>2020-11-11 07:49:26.708</Data></EventData></Event>
<Event xmlns='http://schemas.microsoft.com/win/2004/08/events/event'><System><Provider Name='Microsoft-Windows-Sysmon' Guid='{5770385f-c22a-43e0-bf4c-06f5698ffbd9}'/><EventID>11</EventID><Version>2</Version><Level>4</Level><Task>11</Task><Opcode>0</Opcode><Keywords>0x8000000000000000</Keywords><TimeCreated SystemTime='2020-11-11T07:49:26.993466400Z'/><EventRecordID>30013</EventRecordID><Correlation/><Execution ProcessID='8424' ThreadID='8456'/><Channel>Microsoft-Windows-Sysmon/Operational</Channel><Computer>DESKTOP-4GL3MO2</Computer><Security UserID='S-1-5-18'/></System><EventData><Data Name='RuleName'>-</Data><Data Name='UtcTime'>2020-11-11 07:49:26.739</Data><Data Name='ProcessGuid'>{a16191d0-e494-5f8f-6b00-000000000300}</Data><Data Name='ProcessId'>4552</Data><Data Name='Image'>C:\Windows\Explorer.EXE</Data><Data Name='TargetFilename'>C:\Users\jiyoung\AppData\Local\Programs\Python\Python38-32\Lib\idlelib\idle_test\21838D-Readme.txt</Data><Data Name='CreationUtcTime'>2020-11-11 07:49:26.708</Data></EventData></Event>
<Event xmlns='http://schemas.microsoft.com/win/2004/08/events/event'><System><Provider Name='Microsoft-Windows-Sysmon' Guid='{5770385f-c22a-43e0-bf4c-06f5698ffbd9}'/><EventID>11</EventID><Version>2</Version><Level>4</Level><Task>11</Task><Opcode>0</Opcode><Keywords>0x8000000000000000</Keywords><TimeCreated SystemTime='2020-11-11T07:49:27.000455800Z'/><EventRecordID>30014</EventRecordID><Correlation/><Execution ProcessID='8424' ThreadID='8456'/><Channel>Microsoft-Windows-Sysmon/Operational</Channel><Computer>DESKTOP-4GL3MO2</Computer><Security UserID='S-1-5-18'/></System><EventData><Data Name='RuleName'>-</Data><Data Name='UtcTime'>2020-11-11 07:49:26.801</Data><Data Name='ProcessGuid'>{a16191d0-e494-5f8f-6b00-000000000300}</Data><Data Name='ProcessId'>4552</Data><Data Name='Image'>C:\Windows\Explorer.EXE</Data><Data Name='TargetFilename'>C:\Users\jiyoung\AppData\Local\Programs\Python\Python38-32\Lib\test\imghdrdata\21838D-Readme.txt</Data><Data Name='CreationUtcTime'>2020-11-11 07:49:26.786</Data></EventData></Event>
<Event xmlns='http://schemas.microsoft.com/win/2004/08/events/event'><System><Provider Name='Microsoft-Windows-Sysmon' Guid='{5770385f-c22a-43e0-bf4c-06f5698ffbd9}'/><EventID>11</EventID><Version>2</Version><Level>4</Level><Task>11</Task><Opcode>0</Opcode><Keywords>0x8000000000000000</Keywords><TimeCreated SystemTime='2020-11-11T07:49:27.000882900Z'/><EventRecordID>30015</EventRecordID><Correlation/><Execution ProcessID='8424' ThreadID='8456'/><Channel>Microsoft-Windows-Sysmon/Operational</Channel><Computer>DESKTOP-4GL3MO2</Computer><Security UserID='S-1-5-18'/></System><EventData><Data Name='RuleName'>-</Data><Data Name='UtcTime'>2020-11-11 07:49:26.801</Data><Data Name='ProcessGuid'>{a16191d0-e494-5f8f-6b00-000000000300}</Data><Data Name='ProcessId'>4552</Data><Data Name='Image'>C:\Windows\Explorer.EXE</Data><Data Name='TargetFilename'>C:\Users\jiyoung\AppData\Local\Programs\Python\Python38-32\Lib\test\sndhdrdata\21838D-Readme.txt</Data><Data Name='CreationUtcTime'>2020-11-11 07:49:26.786</Data></EventData></Event>
<Event xmlns='http://schemas.microsoft.com/win/2004/08/events/event'><System><Provider Name='Microsoft-Windows-Sysmon' Guid='{5770385f-c22a-43e0-bf4c-06f5698ffbd9}'/><EventID>11</EventID><Version>2</Version><Level>4</Level><Task>11</Task><Opcode>0</Opcode><Keywords>0x8000000000000000</Keywords><TimeCreated SystemTime='2020-11-11T07:49:27.170626200Z'/><EventRecordID>30016</EventRecordID><Correlation/><Execution ProcessID='8424' ThreadID='8456'/><Channel>Microsoft-Windows-Sysmon/Operational</Channel><Computer>DESKTOP-4GL3MO2</Computer><Security UserID='S-1-5-18'/></System><EventData><Data Name='RuleName'>-</Data><Data Name='UtcTime'>2020-11-11 07:49:26.848</Data><Data Name='ProcessGuid'>{a16191d0-e494-5f8f-6b00-000000000300}</Data><Data Name='ProcessId'>4552</Data><Data Name='Image'>C:\Windows\Explorer.EXE</Data><Data Name='TargetFilename'>C:\Users\jiyoung\AppData\Local\Programs\Python\Python38-32\Lib\idlelib\idle_test\21838D-Readme.txt</Data><Data Name='CreationUtcTime'>2020-11-11 07:49:26.708</Data></EventData></Event>
<Event xmlns='http://schemas.microsoft.com/win/2004/08/events/event'><System><Provider Name='Microsoft-Windows-Sysmon' Guid='{5770385f-c22a-43e0-bf4c-06f5698ffbd9}'/><EventID>11</EventID><Version>2</Version><Level>4</Level><Task>11</Task><Opcode>0</Opcode><Keywords>0x8000000000000000</Keywords><TimeCreated SystemTime='2020-11-11T07:49:27.171466300Z'/><EventRecordID>30017</EventRecordID><Correlation/><Execution ProcessID='8424' ThreadID='8456'/><Channel>Microsoft-Windows-Sysmon/Operational</Channel><Computer>DESKTOP-4GL3MO2</Computer><Security UserID='S-1-5-18'/></System><EventData><Data Name='RuleName'>-</Data><Data Name='UtcTime'>2020-11-11 07:49:26.911</Data><Data Name='ProcessGuid'>{a16191d0-e494-5f8f-6b00-000000000300}</Data><Data Name='ProcessId'>4552</Data><Data Name='Image'>C:\Windows\Explorer.EXE</Data><Data Name='TargetFilename'>C:\Users\jiyoung\AppData\Local\Programs\Python\Python38-32\Lib\test\test_importlib\21838D-Readme.txt</Data><Data Name='CreationUtcTime'>2020-11-11 07:49:26.786</Data></EventData></Event>
<Event xmlns='http://schemas.microsoft.com/win/2004/08/events/event'><System><Provider Name='Microsoft-Windows-Sysmon' Guid='{5770385f-c22a-43e0-bf4c-06f5698ffbd9}'/><EventID>11</EventID><Version>2</Version><Level>4</Level><Task>11</Task><Opcode>0</Opcode><Keywords>0x8000000000000000</Keywords><TimeCreated SystemTime='2020-11-11T07:49:27.171544300Z'/><EventRecordID>30018</EventRecordID><Correlation/><Execution ProcessID='8424' ThreadID='8456'/><Channel>Microsoft-Windows-Sysmon/Operational</Channel><Computer>DESKTOP-4GL3MO2</Computer><Security UserID='S-1-5-18'/></System><EventData><Data Name='RuleName'>-</Data><Data Name='UtcTime'>2020-11-11 07:49:26.911</Data><Data Name='ProcessGuid'>{a16191d0-e494-5f8f-6b00-000000000300}</Data><Data Name='ProcessId'>4552</Data><Data Name='Image'>C:\Windows\Explorer.EXE</Data><Data Name='TargetFilename'>C:\Users\jiyoung\AppData\Local\Programs\Python\Python38-32\Lib\test\dtracedata\21838D-Readme.txt</Data><Data Name='CreationUtcTime'>2020-11-11 07:49:26.786</Data></EventData></Event>
