<Event xmlns='http://schemas.microsoft.com/win/2004/08/events/event'><System><Provider Name='Microsoft-Windows-Sysmon' Guid='{5770385f-c22a-43e0-bf4c-06f5698ffbd9}'/><EventID>11</EventID><Version>2</Version><Level>4</Level><Task>11</Task><Opcode>0</Opcode><Keywords>0x8000000000000000</Keywords><TimeCreated SystemTime='2020-11-11T07:48:56.622939700Z'/><EventRecordID>29489</EventRecordID><Correlation/><Execution ProcessID='8424' ThreadID='8456'/><Channel>Microsoft-Windows-Sysmon/Operational</Channel><Computer>DESKTOP-4GL3MO2</Computer><Security UserID='S-1-5-18'/></System><EventData><Data Name='RuleName'>-</Data><Data Name='UtcTime'>2020-11-11 07:48:56.614</Data><Data Name='ProcessGuid'>{a16191d0-9768-5fab-bf09-000000000300}</Data><Data Name='ProcessId'>10296</Data><Data Name='Image'>c:\Windows\Microsoft.NET\Framework64\v4.0.30319\ngen.exe</Data><Data Name='TargetFilename'>C:\Windows\Microsoft.NET\ngenserviceclientlock.dat</Data><Data Name='CreationUtcTime'>2020-11-11 07:48:53.692</Data></EventData></Event>
<Event xmlns='http://schemas.microsoft.com/win/2004/08/events/event'><System><Provider Name='Microsoft-Windows-Sysmon' Guid='{5770385f-c22a-43e0-bf4c-06f5698ffbd9}'/><EventID>11</EventID><Version>2</Version><Level>4</Level><Task>11</Task><Opcode>0</Opcode><Keywords>0x8000000000000000</Keywords><TimeCreated SystemTime='2020-11-11T07:48:56.629372400Z'/><EventRecordID>29490</EventRecordID><Correlation/><Execution ProcessID='8424' ThreadID='8456'/><Channel>Microsoft-Windows-Sysmon/Operational</Channel><Computer>DESKTOP-4GL3MO2</Computer><Security UserID='S-1-5-18'/></System><EventData><Data Name='RuleName'>-</Data><Data Name='UtcTime'>2020-11-11 07:48:56.614</Data><Data Name='ProcessGuid'>{a16191d0-9768-5fab-bf09-000000000300}</Data><Data Name='ProcessId'>10296</Data><Data Name='Image'>c:\Windows\Microsoft.NET\Framework64\v4.0.30319\ngen.exe</Data><Data Name='TargetFilename'>C:\Windows\Microsoft.NET\Framework64\v4.0.30319\ngenrootstorelock.dat</Data><Data Name='CreationUtcTime'>2020-11-11 07:48:53.770</Data></EventData></Event>
<Event xmlns='http://schemas.microsoft.com/win/2004/08/events/event'><System><Provider Name='Microsoft-Windows-Sysmon' Guid='{5770385f-c22a-43e0-bf4c-06f5698ffbd9}'/><EventID>11</EventID><Version>2</Version><Level>4</Level><Task>11</Task><Opcode>0</Opcode><Keywords>0x8000000000000000</Keywords><TimeCreated SystemTime='2020-11-11T07:48:56.776255000Z'/><EventRecordID>29491</EventRecordID><Correlation/><Execution ProcessID='8424' ThreadID='8456'/><Channel>Microsoft-Windows-Sysmon/Operational</Channel><Computer>DESKTOP-4GL3MO2</Computer><Security UserID='S-1-5-18'/></System><EventData><Data Name='RuleName'>-</Data><Data Name='UtcTime'>2020-11-11 07:48:56.755</Data><Data Name='ProcessGuid'>{a16191d0-9768-5fab-bf09-000000000300}</Data><Data Name='ProcessId'>10296</Data><Data Name='Image'>c:\Windows\Microsoft.NET\Framework64\v4.0.30319\ngen.exe</Data><Data Name='TargetFilename'>C:\Windows\Microsoft.NET\Framework64\v4.0.30319\ngentasknewworklock.dat</Data><Data Name='CreationUtcTime'>2020-11-11 07:48:56.755</Data></EventData></Event>
<Event xmlns='http://schemas.microsoft.com/win/2004/08/events/event'><System><Provider Name='Microsoft-Windows-Sysmon' Guid='{5770385f-c22a-43e0-bf4c-06f5698ffbd9}'/><EventID>5</EventID><Version>3</Version><Level>4</Level><Task>5</Task><Opcode>0</Opcode><Keywords>0x8000000000000000</Keywords><TimeCreated SystemTime='2020-11-11T07:48:56.790552000Z'/><EventRecordID>29492</EventRecordID><Correlation/><Execution ProcessID='8424' ThreadID='8456'/><Channel>Microsoft-Windows-Sysmon/Operational</Channel><Computer>DESKTOP-4GL3MO2</Computer><Security UserID='S-1-5-18'/></System><EventData><Data Name='RuleName'>-</Data><Data Name='UtcTime'>2020-11-11 07:48:56.787</Data><Data Name='ProcessGuid'>{a16191d0-9768-5fab-bf09-000000000300}</Data><Data Name='ProcessId'>10296</Data><Data Name='Image'>C:\Windows\Microsoft.NET\Framework64\v4.0.30319\ngen.exe</Data></EventData></Event>
<Event xmlns='http://schemas.microsoft.com/win/2004/08/events/event'><System><Provider Name='Microsoft-Windows-Sysmon' Guid='{5770385f-c22a-43e0-bf4c-06f5698ffbd9}'/><EventID>5</EventID><Version>3</Version><Level>4</Level><Task>5</Task><Opcode>0</Opcode><Keywords>0x8000000000000000</Keywords><TimeCreated SystemTime='2020-11-11T07:48:56.796194400Z'/><EventRecordID>29493</EventRecordID><Correlation/><Execution ProcessID='8424' ThreadID='8456'/><Channel>Microsoft-Windows-Sysmon/Operational</Channel><Computer>DESKTOP-4GL3MO2</Computer><Security UserID='S-1-5-18'/></System><EventData><Data Name='RuleName'>-</Data><Data Name='UtcTime'>2020-11-11 07:48:56.787</Data><Data Name='ProcessGuid'>{a16191d0-9768-5fab-c009-000000000300}</Data><Data Name='ProcessId'>11536</Data><Data Name='Image'>C:\Windows\System32\conhost.exe</Data></EventData></Event>
<Event xmlns='http://schemas.microsoft.com/win/2004/08/events/event'><System><Provider Name='Microsoft-Windows-Sysmon' Guid='{5770385f-c22a-43e0-bf4c-06f5698ffbd9}'/><EventID>11</EventID><Version>2</Version><Level>4</Level><Task>11</Task><Opcode>0</Opcode><Keywords>0x8000000000000000</Keywords><TimeCreated SystemTime='2020-11-11T07:48:56.880755600Z'/><EventRecordID>29494</EventRecordID><Correlation/><Execution ProcessID='8424' ThreadID='8456'/><Channel>Microsoft-Windows-Sysmon/Operational</Channel><Computer>DESKTOP-4GL3MO2</Computer><Security UserID='S-1-5-18'/></System><EventData><Data Name='RuleName'>-</Data><Data Name='UtcTime'>2020-11-11 07:48:56.864</Data><Data Name='ProcessGuid'>{a16191d0-974a-5fab-7109-000000000300}</Data><Data Name='ProcessId'>9068</Data><Data Name='Image'>C:\Windows\system32\msiexec.exe</Data><Data Name='TargetFilename'>C:\Config.Msi\MSIFB1D.tmp</Data><Data Name='CreationUtcTime'>2020-11-11 07:48:56.864</Data></EventData></Event>
<Event xmlns='http://schemas.microsoft.com/win/2004/08/events/event'><System><Provider Name='Microsoft-Windows-Sysmon' Guid='{5770385f-c22a-43e0-bf4c-06f5698ffbd9}'/><EventID>5</EventID><Version>3</Version><Level>4</Level><Task>5</Task><Opcode>0</Opcode><Keywords>0x8000000000000000</Keywords><TimeCreated SystemTime='2020-11-11T07:48:57.030492400Z'/><EventRecordID>29495</EventRecordID><Correlation/><Execution ProcessID='8424' ThreadID='8456'/><Channel>Microsoft-Windows-Sysmon/Operational</Channel><Computer>DESKTOP-4GL3MO2</Computer><Security UserID='S-1-5-18'/></System><EventData><Data Name='RuleName'>-</Data><Data Name='UtcTime'>2020-11-11 07:48:57.020</Data><Data Name='ProcessGuid'>{a16191d0-9723-5fab-5309-000000000300}</Data><Data Name='ProcessId'>9684</Data><Data Name='Image'>C:\Windows\System32\backgroundTaskHost.exe</Data></EventData></Event>
<Event xmlns='http://schemas.microsoft.com/win/2004/08/events/event'><System><Provider Name='Microsoft-Windows-Sysmon' Guid='{5770385f-c22a-43e0-bf4c-06f5698ffbd9}'/><EventID>11</EventID><Version>2</Version><Level>4</Level><Task>11</Task><Opcode>0</Opcode><Keywords>0x8000000000000000</Keywords><TimeCreated SystemTime='2020-11-11T07:48:57.198888900Z'/><EventRecordID>29496</EventRecordID><Correlation/><Execution ProcessID='8424' ThreadID='8456'/><Channel>Microsoft-Windows-Sysmon/Operational</Channel><Computer>DESKTOP-4GL3MO2</Computer><Security UserID='S-1-5-18'/></System><EventData><Data Name='RuleName'>-</Data><Data Name='UtcTime'>2020-11-11 07:48:57.193</Data><Data Name='ProcessGuid'>{a16191d0-974a-5fab-7109-000000000300}</Data><Data Name='ProcessId'>9068</Data><Data Name='Image'>C:\Windows\system32\msiexec.exe</Data><Data Name='TargetFilename'>C:\Windows\Temp\~DF3AB9D802955F8841.TMP</Data><Data Name='CreationUtcTime'>2020-11-11 07:48:57.193</Data></EventData></Event>
<Event xmlns='http://schemas.microsoft.com/win/2004/08/events/event'><System><Provider Name='Microsoft-Windows-Sysmon' Guid='{5770385f-c22a-43e0-bf4c-06f5698ffbd9}'/><EventID>11</EventID><Version>2</Version><Level>4</Level><Task>11</Task><Opcode>0</Opcode><Keywords>0x8000000000000000</Keywords><TimeCreated SystemTime='2020-11-11T07:48:57.201462300Z'/><EventRecordID>29497</EventRecordID><Correlation/><Execution ProcessID='8424' ThreadID='8456'/><Channel>Microsoft-Windows-Sysmon/Operational</Channel><Computer>DESKTOP-4GL3MO2</Computer><Security UserID='S-1-5-18'/></System><EventData><Data Name='RuleName'>-</Data><Data Name='UtcTime'>2020-11-11 07:48:57.193</Data><Data Name='ProcessGuid'>{a16191d0-974a-5fab-7109-000000000300}</Data><Data Name='ProcessId'>9068</Data><Data Name='Image'>C:\Windows\system32\msiexec.exe</Data><Data Name='TargetFilename'>C:\Windows\Temp\~DF575E689164A00DCB.TMP</Data><Data Name='CreationUtcTime'>2020-11-11 07:48:57.193</Data></EventData></Event>
<Event xmlns='http://schemas.microsoft.com/win/2004/08/events/event'><System><Provider Name='Microsoft-Windows-Sysmon' Guid='{5770385f-c22a-43e0-bf4c-06f5698ffbd9}'/><EventID>11</EventID><Version>2</Version><Level>4</Level><Task>11</Task><Opcode>0</Opcode><Keywords>0x8000000000000000</Keywords><TimeCreated SystemTime='2020-11-11T07:48:57.203377800Z'/><EventRecordID>29498</EventRecordID><Correlation/><Execution ProcessID='8424' ThreadID='8456'/><Channel>Microsoft-Windows-Sysmon/Operational</Channel><Computer>DESKTOP-4GL3MO2</Computer><Security UserID='S-1-5-18'/></System><EventData><Data Name='RuleName'>-</Data><Data Name='UtcTime'>2020-11-11 07:48:57.193</Data><Data Name='ProcessGuid'>{a16191d0-974a-5fab-7109-000000000300}</Data><Data Name='ProcessId'>9068</Data><Data Name='Image'>C:\Windows\system32\msiexec.exe</Data><Data Name='TargetFilename'>C:\Windows\Temp\~DFAC83ECF5E8E16D35.TMP</Data><Data Name='CreationUtcTime'>2020-11-11 07:48:57.193</Data></EventData></Event>
<Event xmlns='http://schemas.microsoft.com/win/2004/08/events/event'><System><Provider Name='Microsoft-Windows-Sysmon' Guid='{5770385f-c22a-43e0-bf4c-06f5698ffbd9}'/><EventID>11</EventID><Version>2</Version><Level>4</Level><Task>11</Task><Opcode>0</Opcode><Keywords>0x8000000000000000</Keywords><TimeCreated SystemTime='2020-11-11T07:48:57.206178200Z'/><EventRecordID>29499</EventRecordID><Correlation/><Execution ProcessID='8424' ThreadID='8456'/><Channel>Microsoft-Windows-Sysmon/Operational</Channel><Computer>DESKTOP-4GL3MO2</Computer><Security UserID='S-1-5-18'/></System><EventData><Data Name='RuleName'>-</Data><Data Name='UtcTime'>2020-11-11 07:48:57.193</Data><Data Name='ProcessGuid'>{a16191d0-974a-5fab-7109-000000000300}</Data><Data Name='ProcessId'>9068</Data><Data Name='Image'>C:\Windows\system32\msiexec.exe</Data><Data Name='TargetFilename'>C:\Windows\Temp\~DFDEC95643B4F45ECF.TMP</Data><Data Name='CreationUtcTime'>2020-11-11 07:48:57.193</Data></EventData></Event>
<Event xmlns='http://schemas.microsoft.com/win/2004/08/events/event'><System><Provider Name='Microsoft-Windows-Sysmon' Guid='{5770385f-c22a-43e0-bf4c-06f5698ffbd9}'/><EventID>5</EventID><Version>3</Version><Level>4</Level><Task>5</Task><Opcode>0</Opcode><Keywords>0x8000000000000000</Keywords><TimeCreated SystemTime='2020-11-11T07:48:57.219181500Z'/><EventRecordID>29500</EventRecordID><Correlation/><Execution ProcessID='8424' ThreadID='8456'/><Channel>Microsoft-Windows-Sysmon/Operational</Channel><Computer>DESKTOP-4GL3MO2</Computer><Security UserID='S-1-5-18'/></System><EventData><Data Name='RuleName'>-</Data><Data Name='UtcTime'>2020-11-11 07:48:57.208</Data><Data Name='ProcessGuid'>{a16191d0-974b-5fab-7209-000000000300}</Data><Data Name='ProcessId'>4304</Data><Data Name='Image'>C:\Windows\SysWOW64\msiexec.exe</Data></EventData></Event>
<Event xmlns='http://schemas.microsoft.com/win/2004/08/events/event'><System><Provider Name='Microsoft-Windows-Sysmon' Guid='{5770385f-c22a-43e0-bf4c-06f5698ffbd9}'/><EventID>5</EventID><Version>3</Version><Level>4</Level><Task>5</Task><Opcode>0</Opcode><Keywords>0x8000000000000000</Keywords><TimeCreated SystemTime='2020-11-11T07:48:57.219476500Z'/><EventRecordID>29501</EventRecordID><Correlation/><Execution ProcessID='8424' ThreadID='8456'/><Channel>Microsoft-Windows-Sysmon/Operational</Channel><Computer>DESKTOP-4GL3MO2</Computer><Security UserID='S-1-5-18'/></System><EventData><Data Name='RuleName'>-</Data><Data Name='UtcTime'>2020-11-11 07:48:57.208</Data><Data Name='ProcessGuid'>{a16191d0-9765-5fab-7c09-000000000300}</Data><Data Name='ProcessId'>6992</Data><Data Name='Image'>C:\Windows\System32\msiexec.exe</Data></EventData></Event>
<Event xmlns='http://schemas.microsoft.com/win/2004/08/events/event'><System><Provider Name='Microsoft-Windows-Sysmon' Guid='{5770385f-c22a-43e0-bf4c-06f5698ffbd9}'/><EventID>5</EventID><Version>3</Version><Level>4</Level><Task>5</Task><Opcode>0</Opcode><Keywords>0x8000000000000000</Keywords><TimeCreated SystemTime='2020-11-11T07:48:57.300332100Z'/><EventRecordID>29502</EventRecordID><Correlation/><Execution ProcessID='8424' ThreadID='8456'/><Channel>Microsoft-Windows-Sysmon/Operational</Channel><Computer>DESKTOP-4GL3MO2</Computer><Security UserID='S-1-5-18'/></System><EventData><Data Name='RuleName'>-</Data><Data Name='UtcTime'>2020-11-11 07:48:57.286</Data><Data Name='ProcessGuid'>{a16191d0-9722-5fab-4f09-000000000300}</Data><Data Name='ProcessId'>11356</Data><Data Name='Image'>C:\Windows\System32\backgroundTaskHost.exe</Data></EventData></Event>
<Event xmlns='http://schemas.microsoft.com/win/2004/08/events/event'><System><Provider Name='Microsoft-Windows-Sysmon' Guid='{5770385f-c22a-43e0-bf4c-06f5698ffbd9}'/><EventID>5</EventID><Version>3</Version><Level>4</Level><Task>5</Task><Opcode>0</Opcode><Keywords>0x8000000000000000</Keywords><TimeCreated SystemTime='2020-11-11T07:48:57.327027600Z'/><EventRecordID>29503</EventRecordID><Correlation/><Execution ProcessID='8424' ThreadID='8456'/><Channel>Microsoft-Windows-Sysmon/Operational</Channel><Computer>DESKTOP-4GL3MO2</Computer><Security UserID='S-1-5-18'/></System><EventData><Data Name='RuleName'>-</Data><Data Name='UtcTime'>2020-11-11 07:48:57.317</Data><Data Name='ProcessGuid'>{a16191d0-9745-5fab-6109-000000000300}</Data><Data Name='ProcessId'>9436</Data><Data Name='Image'>C:\Windows\System32\SearchFilterHost.exe</Data></EventData></Event>
<Event xmlns='http://schemas.microsoft.com/win/2004/08/events/event'><System><Provider Name='Microsoft-Windows-Sysmon' Guid='{5770385f-c22a-43e0-bf4c-06f5698ffbd9}'/><EventID>5</EventID><Version>3</Version><Level>4</Level><Task>5</Task><Opcode>0</Opcode><Keywords>0x8000000000000000</Keywords><TimeCreated SystemTime='2020-11-11T07:48:57.340428800Z'/><EventRecordID>29504</EventRecordID><Correlation/><Execution ProcessID='8424' ThreadID='8456'/><Channel>Microsoft-Windows-Sysmon/Operational</Channel><Computer>DESKTOP-4GL3MO2</Computer><Security UserID='S-1-5-18'/></System><EventData><Data Name='RuleName'>-</Data><Data Name='UtcTime'>2020-11-11 07:48:57.333</Data><Data Name='ProcessGuid'>{a16191d0-9745-5fab-6009-000000000300}</Data><Data Name='ProcessId'>7704</Data><Data Name='Image'>C:\Windows\System32\SearchProtocolHost.exe</Data></EventData></Event>
<Event xmlns='http://schemas.microsoft.com/win/2004/08/events/event'><System><Provider Name='Microsoft-Windows-Sysmon' Guid='{5770385f-c22a-43e0-bf4c-06f5698ffbd9}'/><EventID>5</EventID><Version>3</Version><Level>4</Level><Task>5</Task><Opcode>0</Opcode><Keywords>0x8000000000000000</Keywords><TimeCreated SystemTime='2020-11-11T07:48:57.353468300Z'/><EventRecordID>29505</EventRecordID><Correlation/><Execution ProcessID='8424' ThreadID='8456'/><Channel>Microsoft-Windows-Sysmon/Operational</Channel><Computer>DESKTOP-4GL3MO2</Computer><Security UserID='S-1-5-18'/></System><EventData><Data Name='RuleName'>-</Data><Data Name='UtcTime'>2020-11-11 07:48:57.349</Data><Data Name='ProcessGuid'>{a16191d0-974d-5fab-7409-000000000300}</Data><Data Name='ProcessId'>5312</Data><Data Name='Image'>C:\Windows\System32\SearchProtocolHost.exe</Data></EventData></Event>
<Event xmlns='http://schemas.microsoft.com/win/2004/08/events/event'><System><Provider Name='Microsoft-Windows-Sysmon' Guid='{5770385f-c22a-43e0-bf4c-06f5698ffbd9}'/><EventID>5</EventID><Version>3</Version><Level>4</Level><Task>5</Task><Opcode>0</Opcode><Keywords>0x8000000000000000</Keywords><TimeCreated SystemTime='2020-11-11T07:48:57.424069100Z'/><EventRecordID>29506</EventRecordID><Correlation/><Execution ProcessID='8424' ThreadID='8456'/><Channel>Microsoft-Windows-Sysmon/Operational</Channel><Computer>DESKTOP-4GL3MO2</Computer><Security UserID='S-1-5-18'/></System><EventData><Data Name='RuleName'>-</Data><Data Name='UtcTime'>2020-11-11 07:48:57.411</Data><Data Name='ProcessGuid'>{a16191d0-972a-5fab-5d09-000000000300}</Data><Data Name='ProcessId'>7284</Data><Data Name='Image'>C:\Windows\System32\SearchIndexer.exe</Data></EventData></Event>
<Event xmlns='http://schemas.microsoft.com/win/2004/08/events/event'><System><Provider Name='Microsoft-Windows-Sysmon' Guid='{5770385f-c22a-43e0-bf4c-06f5698ffbd9}'/><EventID>3</EventID><Version>5</Version><Level>4</Level><Task>3</Task><Opcode>0</Opcode><Keywords>0x8000000000000000</Keywords><TimeCreated SystemTime='2020-11-11T07:48:57.435011500Z'/><EventRecordID>29507</EventRecordID><Correlation/><Execution ProcessID='8424' ThreadID='7580'/><Channel>Microsoft-Windows-Sysmon/Operational</Channel><Computer>DESKTOP-4GL3MO2</Computer><Security UserID='S-1-5-18'/></System><EventData><Data Name='RuleName'>-</Data><Data Name='UtcTime'>2020-10-26 02:05:54.296</Data><Data Name='ProcessGuid'>{a16191d0-f8d2-5f8f-a904-000000000300}</Data><Data Name='ProcessId'>8396</Data><Data Name='Image'>C:\Windows\System32\svchost.exe</Data><Data Name='User'>NT AUTHORITY\NETWORK SERVICE</Data><Data Name='Protocol'>tcp</Data><Data Name='Initiated'>true</Data><Data Name='SourceIsIpv6'>false</Data><Data Name='SourceIp'>192.168.2.132</Data><Data Name='SourceHostname'>-</Data><Data Name='SourcePort'>53450</Data><Data Name='SourcePortName'>-</Data><Data Name='DestinationIsIpv6'>false</Data><Data Name='DestinationIp'>192.168.0.30</Data><Data Name='DestinationHostname'>-</Data><Data Name='DestinationPort'>7680</Data><Data Name='DestinationPortName'>-</Data></EventData></Event>
<Event xmlns='http://schemas.microsoft.com/win/2004/08/events/event'><System><Provider Name='Microsoft-Windows-Sysmon' Guid='{5770385f-c22a-43e0-bf4c-06f5698ffbd9}'/><EventID>11</EventID><Version>2</Version><Level>4</Level><Task>11</Task><Opcode>0</Opcode><Keywords>0x8000000000000000</Keywords><TimeCreated SystemTime='2020-11-11T07:49:00.096124700Z'/><EventRecordID>29508</EventRecordID><Correlation/><Execution ProcessID='8424' ThreadID='8456'/><Channel>Microsoft-Windows-Sysmon/Operational</Channel><Computer>DESKTOP-4GL3MO2</Computer><Security UserID='S-1-5-18'/></System><EventData><Data Name='RuleName'>-</Data><Data Name='UtcTime'>2020-11-11 07:49:00.083</Data><Data Name='ProcessGuid'>{a16191d0-9758-5fab-7809-000000000300}</Data><Data Name='ProcessId'>10732</Data><Data Name='Image'>C:\Windows\System32\WindowsPowerShell\v1.0\powershell.exe</Data><Data Name='TargetFilename'>C:\Users\jiyoung\AppData\Local\Temp\uv2l0skx.tmp</Data><Data Name='CreationUtcTime'>2020-11-11 07:49:00.083</Data></EventData></Event>
<Event xmlns='http://schemas.microsoft.com/win/2004/08/events/event'><System><Provider Name='Microsoft-Windows-Sysmon' Guid='{5770385f-c22a-43e0-bf4c-06f5698ffbd9}'/><EventID>11</EventID><Version>2</Version><Level>4</Level><Task>11</Task><Opcode>0</Opcode><Keywords>0x8000000000000000</Keywords><TimeCreated SystemTime='2020-11-11T07:49:00.096873600Z'/><EventRecordID>29509</EventRecordID><Correlation/><Execution ProcessID='8424' ThreadID='8456'/><Channel>Microsoft-Windows-Sysmon/Operational</Channel><Computer>DESKTOP-4GL3MO2</Computer><Security UserID='S-1-5-18'/></System><EventData><Data Name='RuleName'>-</Data><Data Name='UtcTime'>2020-11-11 07:49:00.083</Data><Data Name='ProcessGuid'>{a16191d0-9758-5fab-7809-000000000300}</Data><Data Name='ProcessId'>10732</Data><Data Name='Image'>C:\Windows\System32\WindowsPowerShell\v1.0\powershell.exe</Data><Data Name='TargetFilename'>C:\Users\jiyoung\AppData\Local\Temp\uv2l0skx.0.cs</Data><Data Name='CreationUtcTime'>2020-11-11 07:49:00.083</Data></EventData></Event>
<Event xmlns='http://schemas.microsoft.com/win/2004/08/events/event'><System><Provider Name='Microsoft-Windows-Sysmon' Guid='{5770385f-c22a-43e0-bf4c-06f5698ffbd9}'/><EventID>11</EventID><Version>2</Version><Level>4</Level><Task>11</Task><Opcode>0</Opcode><Keywords>0x8000000000000000</Keywords><TimeCreated SystemTime='2020-11-11T07:49:00.098165800Z'/><EventRecordID>29510</EventRecordID><Correlation/><Execution ProcessID='8424' ThreadID='8456'/><Channel>Microsoft-Windows-Sysmon/Operational</Channel><Computer>DESKTOP-4GL3MO2</Computer><Security UserID='S-1-5-18'/></System><EventData><Data Name='RuleName'>-</Data><Data Name='UtcTime'>2020-11-11 07:49:00.083</Data><Data Name='ProcessGuid'>{a16191d0-9758-5fab-7809-000000000300}</Data><Data Name='ProcessId'>10732</Data><Data Name='Image'>C:\Windows\System32\WindowsPowerShell\v1.0\powershell.exe</Data><Data Name='TargetFilename'>C:\Users\jiyoung\AppData\Local\Temp\uv2l0skx.dll</Data><Data Name='CreationUtcTime'>2020-11-11 07:49:00.083</Data></EventData></Event>
<Event xmlns='http://schemas.microsoft.com/win/2004/08/events/event'><System><Provider Name='Microsoft-Windows-Sysmon' Guid='{5770385f-c22a-43e0-bf4c-06f5698ffbd9}'/><EventID>11</EventID><Version>2</Version><Level>4</Level><Task>11</Task><Opcode>0</Opcode><Keywords>0x8000000000000000</Keywords><TimeCreated SystemTime='2020-11-11T07:49:00.099205000Z'/><EventRecordID>29511</EventRecordID><Correlation/><Execution ProcessID='8424' ThreadID='8456'/><Channel>Microsoft-Windows-Sysmon/Operational</Channel><Computer>DESKTOP-4GL3MO2</Computer><Security UserID='S-1-5-18'/></System><EventData><Data Name='RuleName'>-</Data><Data Name='UtcTime'>2020-11-11 07:49:00.098</Data><Data Name='ProcessGuid'>{a16191d0-9758-5fab-7809-000000000300}</Data><Data Name='ProcessId'>10732</Data><Data Name='Image'>C:\Windows\System32\WindowsPowerShell\v1.0\powershell.exe</Data><Data Name='TargetFilename'>C:\Users\jiyoung\AppData\Local\Temp\uv2l0skx.cmdline</Data><Data Name='CreationUtcTime'>2020-11-11 07:49:00.083</Data></EventData></Event>
<Event xmlns='http://schemas.microsoft.com/win/2004/08/events/event'><System><Provider Name='Microsoft-Windows-Sysmon' Guid='{5770385f-c22a-43e0-bf4c-06f5698ffbd9}'/><EventID>11</EventID><Version>2</Version><Level>4</Level><Task>11</Task><Opcode>0</Opcode><Keywords>0x8000000000000000</Keywords><TimeCreated SystemTime='2020-11-11T07:49:00.100450300Z'/><EventRecordID>29512</EventRecordID><Correlation/><Execution ProcessID='8424' ThreadID='8456'/><Channel>Microsoft-Windows-Sysmon/Operational</Channel><Computer>DESKTOP-4GL3MO2</Computer><Security UserID='S-1-5-18'/></System><EventData><Data Name='RuleName'>-</Data><Data Name='UtcTime'>2020-11-11 07:49:00.098</Data><Data Name='ProcessGuid'>{a16191d0-9758-5fab-7809-000000000300}</Data><Data Name='ProcessId'>10732</Data><Data Name='Image'>C:\Windows\System32\WindowsPowerShell\v1.0\powershell.exe</Data><Data Name='TargetFilename'>C:\Users\jiyoung\AppData\Local\Temp\uv2l0skx.out</Data><Data Name='CreationUtcTime'>2020-11-11 07:49:00.098</Data></EventData></Event>
<Event xmlns='http://schemas.microsoft.com/win/2004/08/events/event'><System><Provider Name='Microsoft-Windows-Sysmon' Guid='{5770385f-c22a-43e0-bf4c-06f5698ffbd9}'/><EventID>11</EventID><Version>2</Version><Level>4</Level><Task>11</Task><Opcode>0</Opcode><Keywords>0x8000000000000000</Keywords><TimeCreated SystemTime='2020-11-11T07:49:00.100993400Z'/><EventRecordID>29513</EventRecordID><Correlation/><Execution ProcessID='8424' ThreadID='8456'/><Channel>Microsoft-Windows-Sysmon/Operational</Channel><Computer>DESKTOP-4GL3MO2</Computer><Security UserID='S-1-5-18'/></System><EventData><Data Name='RuleName'>-</Data><Data Name='UtcTime'>2020-11-11 07:49:00.098</Data><Data Name='ProcessGuid'>{a16191d0-9758-5fab-7809-000000000300}</Data><Data Name='ProcessId'>10732</Data><Data Name='Image'>C:\Windows\System32\WindowsPowerShell\v1.0\powershell.exe</Data><Data Name='TargetFilename'>C:\Users\jiyoung\AppData\Local\Temp\uv2l0skx.err</Data><Data Name='CreationUtcTime'>2020-11-11 07:49:00.098</Data></EventData></Event>
<Event xmlns='http://schemas.microsoft.com/win/2004/08/events/event'><System><Provider Name='Microsoft-Windows-Sysmon' Guid='{5770385f-c22a-43e0-bf4c-06f5698ffbd9}'/><EventID>1</EventID><Version>5</Version><Level>4</Level><Task>1</Task><Opcode>0</Opcode><Keywords>0x8000000000000000</Keywords><TimeCreated SystemTime='2020-11-11T07:49:00.146439300Z'/><EventRecordID>29514</EventRecordID><Correlation/><Execution ProcessID='8424' ThreadID='8456'/><Channel>Microsoft-Windows-Sysmon/Operational</Channel><Computer>DESKTOP-4GL3MO2</Computer><Security UserID='S-1-5-18'/></System><EventData><Data Name='RuleName'>-</Data><Data Name='UtcTime'>2020-11-11 07:49:00.105</Data><Data Name='ProcessGuid'>{a16191d0-976c-5fab-c109-000000000300}</Data><Data Name='ProcessId'>10676</Data><Data Name='Image'>C:\Windows\Microsoft.NET\Framework64\v4.0.30319\csc.exe</Data><Data Name='FileVersion'>4.8.3752.0 built by: NET48REL1</Data><Data Name='Description'>Visual C# Command Line Compiler</Data><Data Name='Product'>Microsoft .NET Framework</Data><Data Name='Company'>Microsoft Corporation</Data><Data Name='OriginalFileName'>csc.exe</Data><Data Name='CommandLine'>"C:\Windows\Microsoft.NET\Framework64\v4.0.30319\csc.exe" /noconfig /fullpaths @"C:\Users\jiyoung\AppData\Local\Temp\uv2l0skx.cmdline"</Data><Data Name='CurrentDirectory'>C:\Users\jiyoung\Desktop\</Data><Data Name='User'>DESKTOP-4GL3MO2\jiyoung</Data><Data Name='LogonGuid'>{a16191d0-e492-5f8f-c692-030000000000}</Data><Data Name='LogonId'>0x392c6</Data><Data Name='TerminalSessionId'>1</Data><Data Name='IntegrityLevel'>Medium</Data><Data Name='Hashes'>SHA1=22A72E39D307BC628093B043EF058DB1310BBF4B,MD5=28D96A80131C05E552066C798C0D8ACB,SHA256=C5270C0D8718C66382240DB538F9BACDED8DB55424768C2D942A6210B96B2720,IMPHASH=EE1E569AD02AA1F7AECA80AC0601D80D</Data><Data Name='ParentProcessGuid'>{a16191d0-9758-5fab-7809-000000000300}</Data><Data Name='ParentProcessId'>10732</Data><Data Name='ParentImage'>C:\Windows\System32\WindowsPowerShell\v1.0\powershell.exe</Data><Data Name='ParentCommandLine'>"C:\Windows\System32\WindowsPowerShell\v1.0\powershell.exe" "-Command" "if((Get-ExecutionPolicy ) -ne 'AllSigned') { Set-ExecutionPolicy -Scope Process Bypass }; &amp; 'C:\Users\jiyoung\Desktop\netwalker.ps1'"</Data></EventData></Event>
<Event xmlns='http://schemas.microsoft.com/win/2004/08/events/event'><System><Provider Name='Microsoft-Windows-Sysmon' Guid='{5770385f-c22a-43e0-bf4c-06f5698ffbd9}'/><EventID>11</EventID><Version>2</Version><Level>4</Level><Task>11</Task><Opcode>0</Opcode><Keywords>0x8000000000000000</Keywords><TimeCreated SystemTime='2020-11-11T07:49:00.305303500Z'/><EventRecordID>29515</EventRecordID><Correlation/><Execution ProcessID='8424' ThreadID='8456'/><Channel>Microsoft-Windows-Sysmon/Operational</Channel><Computer>DESKTOP-4GL3MO2</Computer><Security UserID='S-1-5-18'/></System><EventData><Data Name='RuleName'>-</Data><Data Name='UtcTime'>2020-11-11 07:49:00.302</Data><Data Name='ProcessGuid'>{a16191d0-976c-5fab-c109-000000000300}</Data><Data Name='ProcessId'>10676</Data><Data Name='Image'>C:\Windows\Microsoft.NET\Framework64\v4.0.30319\csc.exe</Data><Data Name='TargetFilename'>C:\Users\jiyoung\AppData\Local\Temp\CSC3BD06FF628484EDCBB7B311CADFAD978.TMP</Data><Data Name='CreationUtcTime'>2020-11-11 07:49:00.302</Data></EventData></Event>
<Event xmlns='http://schemas.microsoft.com/win/2004/08/events/event'><System><Provider Name='Microsoft-Windows-Sysmon' Guid='{5770385f-c22a-43e0-bf4c-06f5698ffbd9}'/><EventID>11</EventID><Version>2</Version><Level>4</Level><Task>11</Task><Opcode>0</Opcode><Keywords>0x8000000000000000</Keywords><TimeCreated SystemTime='2020-11-11T07:49:00.306393500Z'/><EventRecordID>29516</EventRecordID><Correlation/><Execution ProcessID='8424' ThreadID='8456'/><Channel>Microsoft-Windows-Sysmon/Operational</Channel><Computer>DESKTOP-4GL3MO2</Computer><Security UserID='S-1-5-18'/></System><EventData><Data Name='RuleName'>-</Data><Data Name='UtcTime'>2020-11-11 07:49:00.302</Data><Data Name='ProcessGuid'>{a16191d0-976c-5fab-c109-000000000300}</Data><Data Name='ProcessId'>10676</Data><Data Name='Image'>C:\Windows\Microsoft.NET\Framework64\v4.0.30319\csc.exe</Data><Data Name='TargetFilename'>C:\Users\jiyoung\AppData\Local\Temp\RES884.tmp</Data><Data Name='CreationUtcTime'>2020-11-11 07:49:00.302</Data></EventData></Event>
<Event xmlns='http://schemas.microsoft.com/win/2004/08/events/event'><System><Provider Name='Microsoft-Windows-Sysmon' Guid='{5770385f-c22a-43e0-bf4c-06f5698ffbd9}'/><EventID>1</EventID><Version>5</Version><Level>4</Level><Task>1</Task><Opcode>0</Opcode><Keywords>0x8000000000000000</Keywords><TimeCreated SystemTime='2020-11-11T07:49:00.310954600Z'/><EventRecordID>29517</EventRecordID><Correlation/><Execution ProcessID='8424' ThreadID='8456'/><Channel>Microsoft-Windows-Sysmon/Operational</Channel><Computer>DESKTOP-4GL3MO2</Computer><Security UserID='S-1-5-18'/></System><EventData><Data Name='RuleName'>-</Data><Data Name='UtcTime'>2020-11-11 07:49:00.307</Data><Data Name='ProcessGuid'>{a16191d0-976c-5fab-c209-000000000300}</Data><Data Name='ProcessId'>10976</Data><Data Name='Image'>C:\Windows\Microsoft.NET\Framework64\v4.0.30319\cvtres.exe</Data><Data Name='FileVersion'>14.10.25028.0 built by: VCTOOLSD15RTM</Data><Data Name='Description'>Microsoft Resource File To COFF Object Conversion Utility</Data><Data Name='Product'>Microsoft .NET Framework</Data><Data Name='Company'>Microsoft Corporation</Data><Data Name='OriginalFileName'>CVTRES.EXE</Data><Data Name='CommandLine'>C:\Windows\Microsoft.NET\Framework64\v4.0.30319\cvtres.exe /NOLOGO /READONLY /MACHINE:IX86 "/OUT:C:\Users\jiyoung\AppData\Local\Temp\RES884.tmp" "c:\Users\jiyoung\AppData\Local\Temp\CSC3BD06FF628484EDCBB7B311CADFAD978.TMP"</Data><Data Name='CurrentDirectory'>C:\Users\jiyoung\Desktop\</Data><Data Name='User'>DESKTOP-4GL3MO2\jiyoung</Data><Data Name='LogonGuid'>{a16191d0-e492-5f8f-c692-030000000000}</Data><Data Name='LogonId'>0x392c6</Data><Data Name='TerminalSessionId'>1</Data><Data Name='IntegrityLevel'>Medium</Data><Data Name='Hashes'>SHA1=2A3249732F5AA4588A4A9895FFE217355041D663,MD5=C877CBB966EA5939AA2A17B6A5160950,SHA256=1FE531EAC592B480AA4BD16052B909C3431434F17E7AE163D248355558CE43A6,IMPHASH=55D76ADE7FFEA0F41FF2B55505C2B362</Data><Data Name='ParentProcessGuid'>{a16191d0-976c-5fab-c109-000000000300}</Data><Data Name='ParentProcessId'>10676</Data><Data Name='ParentImage'>C:\Windows\Microsoft.NET\Framework64\v4.0.30319\csc.exe</Data><Data Name='ParentCommandLine'>"C:\Windows\Microsoft.NET\Framework64\v4.0.30319\csc.exe" /noconfig /fullpaths @"C:\Users\jiyoung\AppData\Local\Temp\uv2l0skx.cmdline"</Data></EventData></Event>
<Event xmlns='http://schemas.microsoft.com/win/2004/08/events/event'><System><Provider Name='Microsoft-Windows-Sysmon' Guid='{5770385f-c22a-43e0-bf4c-06f5698ffbd9}'/><EventID>11</EventID><Version>2</Version><Level>4</Level><Task>11</Task><Opcode>0</Opcode><Keywords>0x8000000000000000</Keywords><TimeCreated SystemTime='2020-11-11T07:49:00.329482300Z'/><EventRecordID>29518</EventRecordID><Correlation/><Execution ProcessID='8424' ThreadID='8456'/><Channel>Microsoft-Windows-Sysmon/Operational</Channel><Computer>DESKTOP-4GL3MO2</Computer><Security UserID='S-1-5-18'/></System><EventData><Data Name='RuleName'>-</Data><Data Name='UtcTime'>2020-11-11 07:49:00.317</Data><Data Name='ProcessGuid'>{a16191d0-976c-5fab-c209-000000000300}</Data><Data Name='ProcessId'>10976</Data><Data Name='Image'>C:\Windows\Microsoft.NET\Framework64\v4.0.30319\cvtres.exe</Data><Data Name='TargetFilename'>C:\Users\jiyoung\AppData\Local\Temp\RES884.tmp</Data><Data Name='CreationUtcTime'>2020-11-11 07:49:00.302</Data></EventData></Event>
<Event xmlns='http://schemas.microsoft.com/win/2004/08/events/event'><System><Provider Name='Microsoft-Windows-Sysmon' Guid='{5770385f-c22a-43e0-bf4c-06f5698ffbd9}'/><EventID>5</EventID><Version>3</Version><Level>4</Level><Task>5</Task><Opcode>0</Opcode><Keywords>0x8000000000000000</Keywords><TimeCreated SystemTime='2020-11-11T07:49:00.331084700Z'/><EventRecordID>29519</EventRecordID><Correlation/><Execution ProcessID='8424' ThreadID='8456'/><Channel>Microsoft-Windows-Sysmon/Operational</Channel><Computer>DESKTOP-4GL3MO2</Computer><Security UserID='S-1-5-18'/></System><EventData><Data Name='RuleName'>-</Data><Data Name='UtcTime'>2020-11-11 07:49:00.317</Data><Data Name='ProcessGuid'>{a16191d0-976c-5fab-c209-000000000300}</Data><Data Name='ProcessId'>10976</Data><Data Name='Image'>C:\Windows\Microsoft.NET\Framework64\v4.0.30319\cvtres.exe</Data></EventData></Event>
<Event xmlns='http://schemas.microsoft.com/win/2004/08/events/event'><System><Provider Name='Microsoft-Windows-Sysmon' Guid='{5770385f-c22a-43e0-bf4c-06f5698ffbd9}'/><EventID>11</EventID><Version>2</Version><Level>4</Level><Task>11</Task><Opcode>0</Opcode><Keywords>0x8000000000000000</Keywords><TimeCreated SystemTime='2020-11-11T07:49:00.333453900Z'/><EventRecordID>29520</EventRecordID><Correlation/><Execution ProcessID='8424' ThreadID='8456'/><Channel>Microsoft-Windows-Sysmon/Operational</Channel><Computer>DESKTOP-4GL3MO2</Computer><Security UserID='S-1-5-18'/></System><EventData><Data Name='RuleName'>-</Data><Data Name='UtcTime'>2020-11-11 07:49:00.333</Data><Data Name='ProcessGuid'>{a16191d0-976c-5fab-c109-000000000300}</Data><Data Name='ProcessId'>10676</Data><Data Name='Image'>C:\Windows\Microsoft.NET\Framework64\v4.0.30319\csc.exe</Data><Data Name='TargetFilename'>C:\Users\jiyoung\AppData\Local\Temp\uv2l0skx.dll</Data><Data Name='CreationUtcTime'>2020-11-11 07:49:00.083</Data></EventData></Event>
<Event xmlns='http://schemas.microsoft.com/win/2004/08/events/event'><System><Provider Name='Microsoft-Windows-Sysmon' Guid='{5770385f-c22a-43e0-bf4c-06f5698ffbd9}'/><EventID>5</EventID><Version>3</Version><Level>4</Level><Task>5</Task><Opcode>0</Opcode><Keywords>0x8000000000000000</Keywords><TimeCreated SystemTime='2020-11-11T07:49:00.338415400Z'/><EventRecordID>29521</EventRecordID><Correlation/><Execution ProcessID='8424' ThreadID='8456'/><Channel>Microsoft-Windows-Sysmon/Operational</Channel><Computer>DESKTOP-4GL3MO2</Computer><Security UserID='S-1-5-18'/></System><EventData><Data Name='RuleName'>-</Data><Data Name='UtcTime'>2020-11-11 07:49:00.333</Data><Data Name='ProcessGuid'>{a16191d0-976c-5fab-c109-000000000300}</Data><Data Name='ProcessId'>10676</Data><Data Name='Image'>C:\Windows\Microsoft.NET\Framework64\v4.0.30319\csc.exe</Data></EventData></Event>
<Event xmlns='http://schemas.microsoft.com/win/2004/08/events/event'><System><Provider Name='Microsoft-Windows-Sysmon' Guid='{5770385f-c22a-43e0-bf4c-06f5698ffbd9}'/><EventID>11</EventID><Version>2</Version><Level>4</Level><Task>11</Task><Opcode>0</Opcode><Keywords>0x8000000000000000</Keywords><TimeCreated SystemTime='2020-11-11T07:49:00.352204500Z'/><EventRecordID>29522</EventRecordID><Correlation/><Execution ProcessID='8424' ThreadID='8456'/><Channel>Microsoft-Windows-Sysmon/Operational</Channel><Computer>DESKTOP-4GL3MO2</Computer><Security UserID='S-1-5-18'/></System><EventData><Data Name='RuleName'>-</Data><Data Name='UtcTime'>2020-11-11 07:49:00.348</Data><Data Name='ProcessGuid'>{a16191d0-9758-5fab-7809-000000000300}</Data><Data Name='ProcessId'>10732</Data><Data Name='Image'>C:\Windows\System32\WindowsPowerShell\v1.0\powershell.exe</Data><Data Name='TargetFilename'>C:\Users\jiyoung\AppData\Local\Temp\wz53rk33.tmp</Data><Data Name='CreationUtcTime'>2020-11-11 07:49:00.348</Data></EventData></Event>
<Event xmlns='http://schemas.microsoft.com/win/2004/08/events/event'><System><Provider Name='Microsoft-Windows-Sysmon' Guid='{5770385f-c22a-43e0-bf4c-06f5698ffbd9}'/><EventID>11</EventID><Version>2</Version><Level>4</Level><Task>11</Task><Opcode>0</Opcode><Keywords>0x8000000000000000</Keywords><TimeCreated SystemTime='2020-11-11T07:49:00.352751200Z'/><EventRecordID>29523</EventRecordID><Correlation/><Execution ProcessID='8424' ThreadID='8456'/><Channel>Microsoft-Windows-Sysmon/Operational</Channel><Computer>DESKTOP-4GL3MO2</Computer><Security UserID='S-1-5-18'/></System><EventData><Data Name='RuleName'>-</Data><Data Name='UtcTime'>2020-11-11 07:49:00.348</Data><Data Name='ProcessGuid'>{a16191d0-9758-5fab-7809-000000000300}</Data><Data Name='ProcessId'>10732</Data><Data Name='Image'>C:\Windows\System32\WindowsPowerShell\v1.0\powershell.exe</Data><Data Name='TargetFilename'>C:\Users\jiyoung\AppData\Local\Temp\wz53rk33.0.cs</Data><Data Name='CreationUtcTime'>2020-11-11 07:49:00.348</Data></EventData></Event>
<Event xmlns='http://schemas.microsoft.com/win/2004/08/events/event'><System><Provider Name='Microsoft-Windows-Sysmon' Guid='{5770385f-c22a-43e0-bf4c-06f5698ffbd9}'/><EventID>11</EventID><Version>2</Version><Level>4</Level><Task>11</Task><Opcode>0</Opcode><Keywords>0x8000000000000000</Keywords><TimeCreated SystemTime='2020-11-11T07:49:00.353405700Z'/><EventRecordID>29524</EventRecordID><Correlation/><Execution ProcessID='8424' ThreadID='8456'/><Channel>Microsoft-Windows-Sysmon/Operational</Channel><Computer>DESKTOP-4GL3MO2</Computer><Security UserID='S-1-5-18'/></System><EventData><Data Name='RuleName'>-</Data><Data Name='UtcTime'>2020-11-11 07:49:00.348</Data><Data Name='ProcessGuid'>{a16191d0-9758-5fab-7809-000000000300}</Data><Data Name='ProcessId'>10732</Data><Data Name='Image'>C:\Windows\System32\WindowsPowerShell\v1.0\powershell.exe</Data><Data Name='TargetFilename'>C:\Users\jiyoung\AppData\Local\Temp\wz53rk33.dll</Data><Data Name='CreationUtcTime'>2020-11-11 07:49:00.348</Data></EventData></Event>
<Event xmlns='http://schemas.microsoft.com/win/2004/08/events/event'><System><Provider Name='Microsoft-Windows-Sysmon' Guid='{5770385f-c22a-43e0-bf4c-06f5698ffbd9}'/><EventID>11</EventID><Version>2</Version><Level>4</Level><Task>11</Task><Opcode>0</Opcode><Keywords>0x8000000000000000</Keywords><TimeCreated SystemTime='2020-11-11T07:49:00.353854700Z'/><EventRecordID>29525</EventRecordID><Correlation/><Execution ProcessID='8424' ThreadID='8456'/><Channel>Microsoft-Windows-Sysmon/Operational</Channel><Computer>DESKTOP-4GL3MO2</Computer><Security UserID='S-1-5-18'/></System><EventData><Data Name='RuleName'>-</Data><Data Name='UtcTime'>2020-11-11 07:49:00.348</Data><Data Name='ProcessGuid'>{a16191d0-9758-5fab-7809-000000000300}</Data><Data Name='ProcessId'>10732</Data><Data Name='Image'>C:\Windows\System32\WindowsPowerShell\v1.0\powershell.exe</Data><Data Name='TargetFilename'>C:\Users\jiyoung\AppData\Local\Temp\wz53rk33.cmdline</Data><Data Name='CreationUtcTime'>2020-11-11 07:49:00.348</Data></EventData></Event>
<Event xmlns='http://schemas.microsoft.com/win/2004/08/events/event'><System><Provider Name='Microsoft-Windows-Sysmon' Guid='{5770385f-c22a-43e0-bf4c-06f5698ffbd9}'/><EventID>11</EventID><Version>2</Version><Level>4</Level><Task>11</Task><Opcode>0</Opcode><Keywords>0x8000000000000000</Keywords><TimeCreated SystemTime='2020-11-11T07:49:00.354488600Z'/><EventRecordID>29526</EventRecordID><Correlation/><Execution ProcessID='8424' ThreadID='8456'/><Channel>Microsoft-Windows-Sysmon/Operational</Channel><Computer>DESKTOP-4GL3MO2</Computer><Security UserID='S-1-5-18'/></System><EventData><Data Name='RuleName'>-</Data><Data Name='UtcTime'>2020-11-11 07:49:00.348</Data><Data Name='ProcessGuid'>{a16191d0-9758-5fab-7809-000000000300}</Data><Data Name='ProcessId'>10732</Data><Data Name='Image'>C:\Windows\System32\WindowsPowerShell\v1.0\powershell.exe</Data><Data Name='TargetFilename'>C:\Users\jiyoung\AppData\Local\Temp\wz53rk33.out</Data><Data Name='CreationUtcTime'>2020-11-11 07:49:00.348</Data></EventData></Event>
<Event xmlns='http://schemas.microsoft.com/win/2004/08/events/event'><System><Provider Name='Microsoft-Windows-Sysmon' Guid='{5770385f-c22a-43e0-bf4c-06f5698ffbd9}'/><EventID>11</EventID><Version>2</Version><Level>4</Level><Task>11</Task><Opcode>0</Opcode><Keywords>0x8000000000000000</Keywords><TimeCreated SystemTime='2020-11-11T07:49:00.354858400Z'/><EventRecordID>29527</EventRecordID><Correlation/><Execution ProcessID='8424' ThreadID='8456'/><Channel>Microsoft-Windows-Sysmon/Operational</Channel><Computer>DESKTOP-4GL3MO2</Computer><Security UserID='S-1-5-18'/></System><EventData><Data Name='RuleName'>-</Data><Data Name='UtcTime'>2020-11-11 07:49:00.348</Data><Data Name='ProcessGuid'>{a16191d0-9758-5fab-7809-000000000300}</Data><Data Name='ProcessId'>10732</Data><Data Name='Image'>C:\Windows\System32\WindowsPowerShell\v1.0\powershell.exe</Data><Data Name='TargetFilename'>C:\Users\jiyoung\AppData\Local\Temp\wz53rk33.err</Data><Data Name='CreationUtcTime'>2020-11-11 07:49:00.348</Data></EventData></Event>
<Event xmlns='http://schemas.microsoft.com/win/2004/08/events/event'><System><Provider Name='Microsoft-Windows-Sysmon' Guid='{5770385f-c22a-43e0-bf4c-06f5698ffbd9}'/><EventID>1</EventID><Version>5</Version><Level>4</Level><Task>1</Task><Opcode>0</Opcode><Keywords>0x8000000000000000</Keywords><TimeCreated SystemTime='2020-11-11T07:49:00.358052400Z'/><EventRecordID>29528</EventRecordID><Correlation/><Execution ProcessID='8424' ThreadID='8456'/><Channel>Microsoft-Windows-Sysmon/Operational</Channel><Computer>DESKTOP-4GL3MO2</Computer><Security UserID='S-1-5-18'/></System><EventData><Data Name='RuleName'>-</Data><Data Name='UtcTime'>2020-11-11 07:49:00.355</Data><Data Name='ProcessGuid'>{a16191d0-976c-5fab-c309-000000000300}</Data><Data Name='ProcessId'>8948</Data><Data Name='Image'>C:\Windows\Microsoft.NET\Framework64\v4.0.30319\csc.exe</Data><Data Name='FileVersion'>4.8.3752.0 built by: NET48REL1</Data><Data Name='Description'>Visual C# Command Line Compiler</Data><Data Name='Product'>Microsoft .NET Framework</Data><Data Name='Company'>Microsoft Corporation</Data><Data Name='OriginalFileName'>csc.exe</Data><Data Name='CommandLine'>"C:\Windows\Microsoft.NET\Framework64\v4.0.30319\csc.exe" /noconfig /fullpaths @"C:\Users\jiyoung\AppData\Local\Temp\wz53rk33.cmdline"</Data><Data Name='CurrentDirectory'>C:\Users\jiyoung\Desktop\</Data><Data Name='User'>DESKTOP-4GL3MO2\jiyoung</Data><Data Name='LogonGuid'>{a16191d0-e492-5f8f-c692-030000000000}</Data><Data Name='LogonId'>0x392c6</Data><Data Name='TerminalSessionId'>1</Data><Data Name='IntegrityLevel'>Medium</Data><Data Name='Hashes'>SHA1=22A72E39D307BC628093B043EF058DB1310BBF4B,MD5=28D96A80131C05E552066C798C0D8ACB,SHA256=C5270C0D8718C66382240DB538F9BACDED8DB55424768C2D942A6210B96B2720,IMPHASH=EE1E569AD02AA1F7AECA80AC0601D80D</Data><Data Name='ParentProcessGuid'>{a16191d0-9758-5fab-7809-000000000300}</Data><Data Name='ParentProcessId'>10732</Data><Data Name='ParentImage'>C:\Windows\System32\WindowsPowerShell\v1.0\powershell.exe</Data><Data Name='ParentCommandLine'>"C:\Windows\System32\WindowsPowerShell\v1.0\powershell.exe" "-Command" "if((Get-ExecutionPolicy ) -ne 'AllSigned') { Set-ExecutionPolicy -Scope Process Bypass }; &amp; 'C:\Users\jiyoung\Desktop\netwalker.ps1'"</Data></EventData></Event>
<Event xmlns='http://schemas.microsoft.com/win/2004/08/events/event'><System><Provider Name='Microsoft-Windows-Sysmon' Guid='{5770385f-c22a-43e0-bf4c-06f5698ffbd9}'/><EventID>11</EventID><Version>2</Version><Level>4</Level><Task>11</Task><Opcode>0</Opcode><Keywords>0x8000000000000000</Keywords><TimeCreated SystemTime='2020-11-11T07:49:00.444393300Z'/><EventRecordID>29529</EventRecordID><Correlation/><Execution ProcessID='8424' ThreadID='8456'/><Channel>Microsoft-Windows-Sysmon/Operational</Channel><Computer>DESKTOP-4GL3MO2</Computer><Security UserID='S-1-5-18'/></System><EventData><Data Name='RuleName'>-</Data><Data Name='UtcTime'>2020-11-11 07:49:00.443</Data><Data Name='ProcessGuid'>{a16191d0-976c-5fab-c309-000000000300}</Data><Data Name='ProcessId'>8948</Data><Data Name='Image'>C:\Windows\Microsoft.NET\Framework64\v4.0.30319\csc.exe</Data><Data Name='TargetFilename'>C:\Users\jiyoung\AppData\Local\Temp\CSCA9CB68403D90411CAF826A42C9591593.TMP</Data><Data Name='CreationUtcTime'>2020-11-11 07:49:00.428</Data></EventData></Event>
<Event xmlns='http://schemas.microsoft.com/win/2004/08/events/event'><System><Provider Name='Microsoft-Windows-Sysmon' Guid='{5770385f-c22a-43e0-bf4c-06f5698ffbd9}'/><EventID>11</EventID><Version>2</Version><Level>4</Level><Task>11</Task><Opcode>0</Opcode><Keywords>0x8000000000000000</Keywords><TimeCreated SystemTime='2020-11-11T07:49:00.445329800Z'/><EventRecordID>29530</EventRecordID><Correlation/><Execution ProcessID='8424' ThreadID='8456'/><Channel>Microsoft-Windows-Sysmon/Operational</Channel><Computer>DESKTOP-4GL3MO2</Computer><Security UserID='S-1-5-18'/></System><EventData><Data Name='RuleName'>-</Data><Data Name='UtcTime'>2020-11-11 07:49:00.443</Data><Data Name='ProcessGuid'>{a16191d0-976c-5fab-c309-000000000300}</Data><Data Name='ProcessId'>8948</Data><Data Name='Image'>C:\Windows\Microsoft.NET\Framework64\v4.0.30319\csc.exe</Data><Data Name='TargetFilename'>C:\Users\jiyoung\AppData\Local\Temp\RES910.tmp</Data><Data Name='CreationUtcTime'>2020-11-11 07:49:00.443</Data></EventData></Event>
<Event xmlns='http://schemas.microsoft.com/win/2004/08/events/event'><System><Provider Name='Microsoft-Windows-Sysmon' Guid='{5770385f-c22a-43e0-bf4c-06f5698ffbd9}'/><EventID>1</EventID><Version>5</Version><Level>4</Level><Task>1</Task><Opcode>0</Opcode><Keywords>0x8000000000000000</Keywords><TimeCreated SystemTime='2020-11-11T07:49:00.447569700Z'/><EventRecordID>29531</EventRecordID><Correlation/><Execution ProcessID='8424' ThreadID='8456'/><Channel>Microsoft-Windows-Sysmon/Operational</Channel><Computer>DESKTOP-4GL3MO2</Computer><Security UserID='S-1-5-18'/></System><EventData><Data Name='RuleName'>-</Data><Data Name='UtcTime'>2020-11-11 07:49:00.445</Data><Data Name='ProcessGuid'>{a16191d0-976c-5fab-c409-000000000300}</Data><Data Name='ProcessId'>4168</Data><Data Name='Image'>C:\Windows\Microsoft.NET\Framework64\v4.0.30319\cvtres.exe</Data><Data Name='FileVersion'>14.10.25028.0 built by: VCTOOLSD15RTM</Data><Data Name='Description'>Microsoft Resource File To COFF Object Conversion Utility</Data><Data Name='Product'>Microsoft .NET Framework</Data><Data Name='Company'>Microsoft Corporation</Data><Data Name='OriginalFileName'>CVTRES.EXE</Data><Data Name='CommandLine'>C:\Windows\Microsoft.NET\Framework64\v4.0.30319\cvtres.exe /NOLOGO /READONLY /MACHINE:IX86 "/OUT:C:\Users\jiyoung\AppData\Local\Temp\RES910.tmp" "c:\Users\jiyoung\AppData\Local\Temp\CSCA9CB68403D90411CAF826A42C9591593.TMP"</Data><Data Name='CurrentDirectory'>C:\Users\jiyoung\Desktop\</Data><Data Name='User'>DESKTOP-4GL3MO2\jiyoung</Data><Data Name='LogonGuid'>{a16191d0-e492-5f8f-c692-030000000000}</Data><Data Name='LogonId'>0x392c6</Data><Data Name='TerminalSessionId'>1</Data><Data Name='IntegrityLevel'>Medium</Data><Data Name='Hashes'>SHA1=2A3249732F5AA4588A4A9895FFE217355041D663,MD5=C877CBB966EA5939AA2A17B6A5160950,SHA256=1FE531EAC592B480AA4BD16052B909C3431434F17E7AE163D248355558CE43A6,IMPHASH=55D76ADE7FFEA0F41FF2B55505C2B362</Data><Data Name='ParentProcessGuid'>{a16191d0-976c-5fab-c309-000000000300}</Data><Data Name='ParentProcessId'>8948</Data><Data Name='ParentImage'>C:\Windows\Microsoft.NET\Framework64\v4.0.30319\csc.exe</Data><Data Name='ParentCommandLine'>"C:\Windows\Microsoft.NET\Framework64\v4.0.30319\csc.exe" /noconfig /fullpaths @"C:\Users\jiyoung\AppData\Local\Temp\wz53rk33.cmdline"</Data></EventData></Event>
<Event xmlns='http://schemas.microsoft.com/win/2004/08/events/event'><System><Provider Name='Microsoft-Windows-Sysmon' Guid='{5770385f-c22a-43e0-bf4c-06f5698ffbd9}'/><EventID>11</EventID><Version>2</Version><Level>4</Level><Task>11</Task><Opcode>0</Opcode><Keywords>0x8000000000000000</Keywords><TimeCreated SystemTime='2020-11-11T07:49:00.458473500Z'/><EventRecordID>29532</EventRecordID><Correlation/><Execution ProcessID='8424' ThreadID='8456'/><Channel>Microsoft-Windows-Sysmon/Operational</Channel><Computer>DESKTOP-4GL3MO2</Computer><Security UserID='S-1-5-18'/></System><EventData><Data Name='RuleName'>-</Data><Data Name='UtcTime'>2020-11-11 07:49:00.443</Data><Data Name='ProcessGuid'>{a16191d0-976c-5fab-c409-000000000300}</Data><Data Name='ProcessId'>4168</Data><Data Name='Image'>C:\Windows\Microsoft.NET\Framework64\v4.0.30319\cvtres.exe</Data><Data Name='TargetFilename'>C:\Users\jiyoung\AppData\Local\Temp\RES910.tmp</Data><Data Name='CreationUtcTime'>2020-11-11 07:49:00.443</Data></EventData></Event>
<Event xmlns='http://schemas.microsoft.com/win/2004/08/events/event'><System><Provider Name='Microsoft-Windows-Sysmon' Guid='{5770385f-c22a-43e0-bf4c-06f5698ffbd9}'/><EventID>5</EventID><Version>3</Version><Level>4</Level><Task>5</Task><Opcode>0</Opcode><Keywords>0x8000000000000000</Keywords><TimeCreated SystemTime='2020-11-11T07:49:00.460151100Z'/><EventRecordID>29533</EventRecordID><Correlation/><Execution ProcessID='8424' ThreadID='8456'/><Channel>Microsoft-Windows-Sysmon/Operational</Channel><Computer>DESKTOP-4GL3MO2</Computer><Security UserID='S-1-5-18'/></System><EventData><Data Name='RuleName'>-</Data><Data Name='UtcTime'>2020-11-11 07:49:00.458</Data><Data Name='ProcessGuid'>{a16191d0-976c-5fab-c409-000000000300}</Data><Data Name='ProcessId'>4168</Data><Data Name='Image'>C:\Windows\Microsoft.NET\Framework64\v4.0.30319\cvtres.exe</Data></EventData></Event>
